INFO: [Timing 38-91] UpdateTimingParams: Speed grade: -3, Delay Type: max.
INFO: [Timing 38-191] Multithreading enabled for timing update using a maximum of 8 CPUs
WARNING: [Timing 38-242] The property HD.CLK_SRC of clock port "clk" is not set. In out-of-context mode, this prevents timing estimation for clock delay/skew
Resolution: Set the HD.CLK_SRC property of the out-of-context port to the location of the clock buffer instance in the top-level design
INFO: [Timing 38-78] ReportTimingParams: -max_paths 1 -nworst 1 -delay_type max -sort_by slack.
Copyright 1986-2022 Xilinx, Inc. All Rights Reserved. Copyright 2022-2024 Advanced Micro Devices, Inc. All Rights Reserved.
---------------------------------------------------------------------------------------------------------------------------------------------
| Tool Version : Vivado v.2024.2 (lin64) Build 5239630 Fri Nov 08 22:34:34 MST 2024
| Date         : Tue Dec 16 12:13:55 2025
| Host         : lap-inf133 running 64-bit Ubuntu 24.04.3 LTS
| Command      : report_timing
| Design       : histogram
| Device       : 7k160t-fbg484
| Speed File   : -3  PRODUCTION 1.12 2017-02-17
| Design State : Routed
---------------------------------------------------------------------------------------------------------------------------------------------

Timing Report

Slack (MET) :             0.223ns  (required time - arrival time)
  Source:                 load1/data_tehb/dataReg_reg[26]/C
                            (rising edge-triggered cell FDRE clocked by clk  {rise@0.000ns fall@1.920ns period=3.840ns})
  Destination:            addf0/operator/expDiff_c1_reg[5]/D
                            (rising edge-triggered cell FDRE clocked by clk  {rise@0.000ns fall@1.920ns period=3.840ns})
  Path Group:             clk
  Path Type:              Setup (Max at Slow Process Corner)
  Requirement:            3.840ns  (clk rise@3.840ns - clk rise@0.000ns)
  Data Path Delay:        3.632ns  (logic 1.547ns (42.593%)  route 2.085ns (57.407%))
  Logic Levels:           13  (CARRY4=6 LUT3=1 LUT4=1 LUT5=2 LUT6=3)
  Clock Path Skew:        -0.025ns (DCD - SCD + CPR)
    Destination Clock Delay (DCD):    0.483ns = ( 4.323 - 3.840 ) 
    Source Clock Delay      (SCD):    0.508ns
    Clock Pessimism Removal (CPR):    0.000ns
  Clock Uncertainty:      0.035ns  ((TSJ^2 + TIJ^2)^1/2 + DJ) / 2 + PE
    Total System Jitter     (TSJ):    0.071ns
    Total Input Jitter      (TIJ):    0.000ns
    Discrete Jitter          (DJ):    0.000ns
    Phase Error              (PE):    0.000ns

    Location             Delay type                Incr(ns)  Path(ns)    Netlist Resource(s)
  -------------------------------------------------------------------    -------------------
                         (clock clk rise edge)        0.000     0.000 r  
                                                      0.000     0.000 r  clk (IN)
                         net (fo=1001, unset)         0.508     0.508    load1/data_tehb/clk
    SLICE_X12Y108        FDRE                                         r  load1/data_tehb/dataReg_reg[26]/C
  -------------------------------------------------------------------    -------------------
    SLICE_X12Y108        FDRE (Prop_fdre_C_Q)         0.232     0.740 f  load1/data_tehb/dataReg_reg[26]/Q
                         net (fo=1, routed)           0.334     1.074    load1/data_tehb/control/signX_c1_reg[26]
    SLICE_X13Y108        LUT5 (Prop_lut5_I0_O)        0.126     1.200 f  load1/data_tehb/control/expX_c1[3]_i_2/O
                         net (fo=6, routed)           0.301     1.501    load1/data_tehb/control/dataReg_reg[26]
    SLICE_X15Y109        LUT4 (Prop_lut4_I1_O)        0.043     1.544 r  load1/data_tehb/control/newY_c1[22]_i_10/O
                         net (fo=1, routed)           0.090     1.634    load1/data_tehb/control/newY_c1[22]_i_10_n_0
    SLICE_X15Y109        LUT5 (Prop_lut5_I4_O)        0.043     1.677 r  load1/data_tehb/control/newY_c1[22]_i_7/O
                         net (fo=3, routed)           0.171     1.849    load1/data_tehb/control/newY_c1[22]_i_7_n_0
    SLICE_X14Y110        LUT6 (Prop_lut6_I0_O)        0.043     1.892 r  load1/data_tehb/control/newY_c1[21]_i_6/O
                         net (fo=22, routed)          0.208     2.100    load1/data_tehb/control/newY_c1[21]_i_6_n_0
    SLICE_X13Y111        LUT3 (Prop_lut3_I1_O)        0.043     2.143 r  load1/data_tehb/control/newY_c1[12]_i_3/O
                         net (fo=4, routed)           0.221     2.364    load5/data_tehb/control/newY_c1_reg[12]
    SLICE_X15Y110        LUT6 (Prop_lut6_I4_O)        0.043     2.407 r  load5/data_tehb/control/ltOp_carry__0_i_2/O
                         net (fo=1, routed)           0.377     2.784    addf0/operator/ltOp_carry__1_0[2]
    SLICE_X17Y111        CARRY4 (Prop_carry4_DI[2]_CO[3])
                                                      0.191     2.975 r  addf0/operator/ltOp_carry__0/CO[3]
                         net (fo=1, routed)           0.000     2.975    addf0/operator/ltOp_carry__0_n_0
    SLICE_X17Y112        CARRY4 (Prop_carry4_CI_CO[3])
                                                      0.049     3.024 r  addf0/operator/ltOp_carry__1/CO[3]
                         net (fo=1, routed)           0.000     3.024    addf0/operator/ltOp_carry__1_n_0
    SLICE_X17Y113        CARRY4 (Prop_carry4_CI_CO[3])
                                                      0.049     3.073 r  addf0/operator/ltOp_carry__2/CO[3]
                         net (fo=1, routed)           0.000     3.073    addf0/operator/ltOp_carry__2_n_0
    SLICE_X17Y114        CARRY4 (Prop_carry4_CI_CO[0])
                                                      0.127     3.200 r  addf0/operator/ltOp_carry__3/CO[0]
                         net (fo=67, routed)          0.285     3.485    mem_controller2/read_arbiter/data/CO[0]
    SLICE_X19Y112        LUT6 (Prop_lut6_I0_O)        0.130     3.615 r  mem_controller2/read_arbiter/data/i__carry_i_4/O
                         net (fo=1, routed)           0.097     3.712    addf0/operator/expDiff_c1_reg[3]_0[0]
    SLICE_X18Y112        CARRY4 (Prop_carry4_DI[0]_CO[3])
                                                      0.276     3.988 r  addf0/operator/_inferred__1/i__carry/CO[3]
                         net (fo=1, routed)           0.000     3.988    addf0/operator/_inferred__1/i__carry_n_0
    SLICE_X18Y113        CARRY4 (Prop_carry4_CI_O[1])
                                                      0.152     4.140 r  addf0/operator/_inferred__1/i__carry__0/O[1]
                         net (fo=1, routed)           0.000     4.140    addf0/operator/expDiff_c0[5]
    SLICE_X18Y113        FDRE                                         r  addf0/operator/expDiff_c1_reg[5]/D
  -------------------------------------------------------------------    -------------------

                         (clock clk rise edge)        3.840     3.840 r  
                                                      0.000     3.840 r  clk (IN)
                         net (fo=1001, unset)         0.483     4.323    addf0/operator/clk
    SLICE_X18Y113        FDRE                                         r  addf0/operator/expDiff_c1_reg[5]/C
                         clock pessimism              0.000     4.323    
                         clock uncertainty           -0.035     4.287    
    SLICE_X18Y113        FDRE (Setup_fdre_C_D)        0.076     4.363    addf0/operator/expDiff_c1_reg[5]
  -------------------------------------------------------------------
                         required time                          4.363    
                         arrival time                          -4.140    
  -------------------------------------------------------------------
                         slack                                  0.223    




