INFO: [Timing 38-91] UpdateTimingParams: Speed grade: -3, Delay Type: max.
INFO: [Timing 38-191] Multithreading enabled for timing update using a maximum of 8 CPUs
INFO: [Timing 38-35] Done setting XDC timing constraints.
WARNING: [Timing 38-242] The property HD.CLK_SRC of clock port "clk" is not set. In out-of-context mode, this prevents timing estimation for clock delay/skew
Resolution: Set the HD.CLK_SRC property of the out-of-context port to the location of the clock buffer instance in the top-level design
INFO: [Timing 38-78] ReportTimingParams: -max_paths 1 -nworst 1 -delay_type max -sort_by slack.
Copyright 1986-2022 Xilinx, Inc. All Rights Reserved. Copyright 2022-2024 Advanced Micro Devices, Inc. All Rights Reserved.
---------------------------------------------------------------------------------------------------------------------------------------------
| Tool Version : Vivado v.2024.2 (lin64) Build 5239630 Fri Nov 08 22:34:34 MST 2024
| Date         : Wed Dec 17 01:06:00 2025
| Host         : lap-inf133 running 64-bit Ubuntu 24.04.3 LTS
| Command      : report_timing
| Design       : jacobi_1d_imper
| Device       : 7k160t-fbg484
| Speed File   : -3  PRODUCTION 1.12 2017-02-17
| Design State : Synthesized
---------------------------------------------------------------------------------------------------------------------------------------------

Timing Report

Slack (MET) :             9.920ns  (required time - arrival time)
  Source:                 buffer27/outs_reg[0]/C
                            (rising edge-triggered cell FDRE clocked by clk  {rise@0.000ns fall@7.100ns period=14.200ns})
  Destination:            buffer27/outs_reg[0]/CE
                            (rising edge-triggered cell FDRE clocked by clk  {rise@0.000ns fall@7.100ns period=14.200ns})
  Path Group:             clk
  Path Type:              Setup (Max at Slow Process Corner)
  Requirement:            14.200ns  (clk rise@14.200ns - clk rise@0.000ns)
  Data Path Delay:        4.027ns  (logic 1.156ns (28.706%)  route 2.871ns (71.294%))
  Logic Levels:           10  (CARRY4=2 LUT2=2 LUT3=1 LUT4=1 LUT5=1 LUT6=3)
  Clock Path Skew:        -0.025ns (DCD - SCD + CPR)
    Destination Clock Delay (DCD):    0.483ns = ( 14.683 - 14.200 ) 
    Source Clock Delay      (SCD):    0.508ns
    Clock Pessimism Removal (CPR):    0.000ns
  Clock Uncertainty:      0.035ns  ((TSJ^2 + TIJ^2)^1/2 + DJ) / 2 + PE
    Total System Jitter     (TSJ):    0.071ns
    Total Input Jitter      (TIJ):    0.000ns
    Discrete Jitter          (DJ):    0.000ns
    Phase Error              (PE):    0.000ns

    Location             Delay type                Incr(ns)  Path(ns)    Netlist Resource(s)
  -------------------------------------------------------------------    -------------------
                         (clock clk rise edge)        0.000     0.000 r  
                                                      0.000     0.000 r  clk (IN)
                         net (fo=594, unset)          0.508     0.508    buffer27/clk
                         FDRE                                         r  buffer27/outs_reg[0]/C
  -------------------------------------------------------------------    -------------------
                         FDRE (Prop_fdre_C_Q)         0.226     0.734 f  buffer27/outs_reg[0]/Q
                         net (fo=5, unplaced)         0.267     1.001    buffer27/buffer27_outs[0]
                         LUT2 (Prop_lut2_I0_O)        0.126     1.127 r  buffer27/result0_carry_i_3__0/O
                         net (fo=1, unplaced)         0.000     1.127    cmpi1/DI[0]
                         CARRY4 (Prop_carry4_DI[0]_CO[3])
                                                      0.284     1.411 r  cmpi1/result0_carry/CO[3]
                         net (fo=1, unplaced)         0.007     1.418    cmpi1/result0_carry_n_0
                         CARRY4 (Prop_carry4_CI_CO[0])
                                                      0.135     1.553 r  cmpi1/result0_carry__0/CO[0]
                         net (fo=40, unplaced)        0.249     1.802    init16/control/CO[0]
                         LUT3 (Prop_lut3_I2_O)        0.127     1.929 r  init16/control/Memory[0][0]_i_2__6/O
                         net (fo=16, unplaced)        0.298     2.227    buffer46/fifo/init16_outs
                         LUT6 (Prop_lut6_I2_O)        0.043     2.270 f  buffer46/fifo/transmitValue_i_3__10/O
                         net (fo=2, unplaced)         0.255     2.525    buffer21/outputValid_reg_3
                         LUT2 (Prop_lut2_I1_O)        0.043     2.568 r  buffer21/transmitValue_i_2__23/O
                         net (fo=5, unplaced)         0.272     2.840    fork25/control/generateBlocks[2].regblock/transmitValue_i_6__1_0
                         LUT5 (Prop_lut5_I3_O)        0.043     2.883 f  fork25/control/generateBlocks[2].regblock/transmitValue_i_10__0/O
                         net (fo=1, unplaced)         0.705     3.588    fork25/control/generateBlocks[2].regblock/transmitValue_i_10__0_n_0
                         LUT6 (Prop_lut6_I1_O)        0.043     3.631 f  fork25/control/generateBlocks[2].regblock/transmitValue_i_6__1/O
                         net (fo=2, unplaced)         0.233     3.864    fork25/control/generateBlocks[2].regblock/transmitValue_reg_4
                         LUT6 (Prop_lut6_I2_O)        0.043     3.907 r  fork25/control/generateBlocks[2].regblock/transmitValue_i_3/O
                         net (fo=16, unplaced)        0.298     4.205    fork24/control/generateBlocks[0].regblock/outs_reg[7]
                         LUT4 (Prop_lut4_I1_O)        0.043     4.248 r  fork24/control/generateBlocks[0].regblock/outs[7]_i_1/O
                         net (fo=9, unplaced)         0.287     4.535    buffer27/E[0]
                         FDRE                                         r  buffer27/outs_reg[0]/CE
  -------------------------------------------------------------------    -------------------

                         (clock clk rise edge)       14.200    14.200 r  
                                                      0.000    14.200 r  clk (IN)
                         net (fo=594, unset)          0.483    14.683    buffer27/clk
                         FDRE                                         r  buffer27/outs_reg[0]/C
                         clock pessimism              0.000    14.683    
                         clock uncertainty           -0.035    14.647    
                         FDRE (Setup_fdre_C_CE)      -0.192    14.455    buffer27/outs_reg[0]
  -------------------------------------------------------------------
                         required time                         14.455    
                         arrival time                          -4.535    
  -------------------------------------------------------------------
                         slack                                  9.920    




