[INFO] Compiled source to affine
[INFO] Ran memory analysis
[INFO] Compiled affine to scf
[INFO] Compiled scf to cf
[INFO] Applied standard transformations to cf
[INFO] Applied Dynamatic transformations to cf
[INFO] Marked memory accesses with the corresponding interfaces in cf
[INFO] Compiled cf to handshake
[INFO] Applied transformations to handshake
[INFO] Built kernel for profiling
[INFO] Ran kernel for profiling
[INFO] Profiled cf-level
[INFO] Running smart buffer placement with CP = 15.000 and algorithm = 'cpbuf'
[INFO] Placed smart buffers
[INFO] Canonicalized handshake
[INFO] Created histogram DOT
[INFO] Converted histogram DOT to PNG
[INFO] Created histogram_CFG DOT
[INFO] Converted histogram_CFG DOT to PNG
Error: dot: can't open /beta/rouzbeh/clean/dynamatic/skip2/runs/run_2025-12-16_16-05-39/histogram-8-8/out/comp/histogram_DEP_G.dot
[INFO] Lowered to HW
[INFO] Compilation succeeded
{"addrWidth":10,"bufferDepth":0,"dataWidth":32,"fifoDepth":16,"fifoDepth_L":16,"fifoDepth_S":16,"groupMulti":0,"headLagEn":0,"indexWidth":4,"ldOrder":[[0]],"ldPortIdx":[[0]],"loadOffsets":[[0,0,0,0,0,0,0,0,0,0,0,0,0,0,0,0]],"loadPorts":[[0,0,0,0,0,0,0,0,0,0,0,0,0,0,0,0]],"master":true,"name":"handshake_lsq_lsq1","numBBs":1,"numLdChannels":1,"numLoadPorts":1,"numLoads":[1],"numStChannels":1,"numStorePorts":1,"numStores":[1],"pipe0En":0,"pipe1En":0,"pipeCompEn":0,"stPortIdx":[[0]],"stResp":0,"storeOffsets":[[1,0,0,0,0,0,0,0,0,0,0,0,0,0,0,0]],"storePorts":[[0,0,0,0,0,0,0,0,0,0,0,0,0,0,0,0]]}
{'addrWidth': 10, 'bufferDepth': 0, 'dataWidth': 32, 'fifoDepth': 16, 'fifoDepth_L': 8, 'fifoDepth_S': 8, 'groupMulti': 0, 'headLagEn': 0, 'indexWidth': 4, 'ldOrder': [[0]], 'ldPortIdx': [[0]], 'loadOffsets': [[0, 0, 0, 0, 0, 0, 0, 0, 0, 0, 0, 0, 0, 0, 0, 0]], 'loadPorts': [[0, 0, 0, 0, 0, 0, 0, 0, 0, 0, 0, 0, 0, 0, 0, 0]], 'master': True, 'name': 'handshake_lsq_lsq1', 'numBBs': 1, 'numLdChannels': 1, 'numLoadPorts': 1, 'numLoads': [1], 'numStChannels': 1, 'numStorePorts': 1, 'numStores': [1], 'pipe0En': 0, 'pipe1En': 0, 'pipeCompEn': 0, 'stPortIdx': [[0]], 'stResp': 0, 'storeOffsets': [[1, 0, 0, 0, 0, 0, 0, 0, 0, 0, 0, 0, 0, 0, 0, 0]], 'storePorts': [[0, 0, 0, 0, 0, 0, 0, 0, 0, 0, 0, 0, 0, 0, 0, 0]]}
[INFO] Exported RTL (vhdl)
[INFO] HDL generation succeeded
================================================================================
============== Dynamatic | Dynamic High-Level Synthesis Compiler ===============
======================== EPFL-LAP - v2.0.0 | March 2024 ========================
================================================================================


dynamatic> set-src skip2/runs/run_2025-12-16_16-05-39/histogram-8-8/histogram.c
dynamatic> set-clock-period 15   
dynamatic> compile --buffer-algorithm cpbuf --fork-fifo-size 15
dynamatic> write-hdl --rtl-config-name rtl-config-vhdl-histogram-8-8.json
dynamatic> exit

Goodbye!
{"addrWidth":10,"bufferDepth":0,"dataWidth":32,"fifoDepth":16,"fifoDepth_L":16,"fifoDepth_S":16,"groupMulti":0,"headLagEn":0,"indexWidth":4,"ldOrder":[[0]],"ldPortIdx":[[0]],"loadOffsets":[[0,0,0,0,0,0,0,0,0,0,0,0,0,0,0,0]],"loadPorts":[[0,0,0,0,0,0,0,0,0,0,0,0,0,0,0,0]],"master":true,"name":"handshake_lsq_lsq1","numBBs":1,"numLdChannels":1,"numLoadPorts":1,"numLoads":[1],"numStChannels":1,"numStorePorts":1,"numStores":[1],"pipe0En":0,"pipe1En":0,"pipeCompEn":0,"stPortIdx":[[0]],"stResp":0,"storeOffsets":[[1,0,0,0,0,0,0,0,0,0,0,0,0,0,0,0]],"storePorts":[[0,0,0,0,0,0,0,0,0,0,0,0,0,0,0,0]]}
{'addrWidth': 10, 'bufferDepth': 0, 'dataWidth': 32, 'fifoDepth': 16, 'fifoDepth_L': 8, 'fifoDepth_S': 8, 'groupMulti': 0, 'headLagEn': 0, 'indexWidth': 4, 'ldOrder': [[0]], 'ldPortIdx': [[0]], 'loadOffsets': [[0, 0, 0, 0, 0, 0, 0, 0, 0, 0, 0, 0, 0, 0, 0, 0]], 'loadPorts': [[0, 0, 0, 0, 0, 0, 0, 0, 0, 0, 0, 0, 0, 0, 0, 0]], 'master': True, 'name': 'handshake_lsq_lsq1', 'numBBs': 1, 'numLdChannels': 1, 'numLoadPorts': 1, 'numLoads': [1], 'numStChannels': 1, 'numStorePorts': 1, 'numStores': [1], 'pipe0En': 0, 'pipe1En': 0, 'pipeCompEn': 0, 'stPortIdx': [[0]], 'stResp': 0, 'storeOffsets': [[1, 0, 0, 0, 0, 0, 0, 0, 0, 0, 0, 0, 0, 0, 0, 0]], 'storePorts': [[0, 0, 0, 0, 0, 0, 0, 0, 0, 0, 0, 0, 0, 0, 0, 0]]}
[INFO] Exported RTL (vhdl)
[INFO] HDL generation succeeded
[INFO] Built kernel for IO gen.
[INFO] Ran kernel for IO gen.
[INFO] Launching Modelsim simulation
[INFO] Simulation succeeded
================================================================================
============== Dynamatic | Dynamic High-Level Synthesis Compiler ===============
======================== EPFL-LAP - v2.0.0 | March 2024 ========================
================================================================================


dynamatic> set-src skip2/runs/run_2025-12-16_16-05-39/histogram-8-8/histogram.c
dynamatic> write-hdl --rtl-config-name rtl-config-vhdl-histogram-8-8.json
dynamatic> simulate
dynamatic> exit

Goodbye!
Initial BASELINE Cycles: None
buffer0 ----> 0
buffer0      max_len = 0
buffer1 ----> 1
buffer1      max_len = 1
buffer2 ----> 0
buffer2      max_len = 0
buffer3 ----> 1
buffer3      max_len = 1
buffer4 ----> 0
buffer4      max_len = 0
buffer5 ----> 0
buffer5      max_len = 0
buffer6 ----> 0
buffer6      max_len = 0
buffer7 ----> 1
buffer7      max_len = 1
buffer8 ----> 6
buffer8      max_len = 6
buffer9 ----> 9
buffer9      max_len = 9
buffer10 ----> 0
buffer10     max_len = 0
buffer11 ----> 0
buffer11     max_len = 0
buffer12 ----> 0
buffer12     max_len = 0
buffer13 ----> 6
buffer13     max_len = 6

=== Applying MLIR modifications (remove) ===
[REMOVE] buffer0 (max_len=0)
[REMOVE] buffer10 (max_len=0)
[REMOVE] buffer11 (max_len=0)
[REMOVE] buffer12 (max_len=0)
[REMOVE] buffer2 (max_len=0)
[REMOVE] buffer4 (max_len=0)
[REMOVE] buffer5 (max_len=0)
[REMOVE] buffer6 (max_len=0)
Running Handshake canonicalization...
Canonicalized Handshake.
Lowering Handshake to HW...
Lowered Handshake to HW.

=== Running BASELINE simulation after initial resize ===
BASELINE Cycles: 1659

=== Applying Buffer Removal Optimization ===
MLIR file backed up to: skip2/runs/run_2025-12-16_16-05-39/histogram-8-8/out/comp/handshake_transformed.mlir.bak

=== Applying Buffer Resize Optimization to size 0 ===
Processed 0/6 until now
[TRY REMOVE] buffer1
[TRY REMOVE] buffer3
[TRY REMOVE] buffer7
[TRY REMOVE] buffer8
[TRY REMOVE] buffer9
[TRY REMOVE] buffer13
Running Handshake canonicalization...
Canonicalized Handshake.
Lowering Handshake to HW...
Lowered Handshake to HW.
[PERF FAIL] Cycles increased: 1659 -> 1786
[TRIAL FAILED] Performance hurt. Reverting and recursing on 6 buffers.
Processed 0/6 until now
[TRY REMOVE] buffer1
[TRY REMOVE] buffer3
[TRY REMOVE] buffer7
Running Handshake canonicalization...
Canonicalized Handshake.
Lowering Handshake to HW...
Lowered Handshake to HW.
[PERF OK] Cycles: 1659 (Baseline: 1659)
[OPTIMIZE] Success: Resized 3 buffers to 0: ['buffer1', 'buffer3', 'buffer7']
Processed 3/6 until now
[TRY REMOVE] buffer8
[TRY REMOVE] buffer9
[TRY REMOVE] buffer13
[TRIAL FAILED] Performance hurt. Reverting and recursing on 3 buffers.
Processed 3/6 until now
[TRY REMOVE] buffer8
Running Handshake canonicalization...
Canonicalized Handshake.
Lowering Handshake to HW...
Lowered Handshake to HW.
[PERF OK] Cycles: 1659 (Baseline: 1659)
[OPTIMIZE] Success: Resized 1 buffers to 0: ['buffer8']
Processed 4/6 until now
[TRY REMOVE] buffer9
[TRY REMOVE] buffer13
[TRIAL FAILED] Performance hurt. Reverting and recursing on 2 buffers.
Processed 4/6 until now
[TRY REMOVE] buffer9
Running Handshake canonicalization...
Canonicalized Handshake.
Lowering Handshake to HW...
Lowered Handshake to HW.
[PERF FAIL] Cycles increased: 1659 -> 2043
Processed 5/6 until now
[TRY REMOVE] buffer13
Running Handshake canonicalization...
Canonicalized Handshake.
Lowering Handshake to HW...
Lowered Handshake to HW.
[PERF FAIL] Cycles increased: 1659 -> 2033

Optimization complete. Successfully resized 4 buffers to 0

=== Applying Buffer Resize Optimization to size 1 ===
Processed 0/2 until now
[TRY RESZIZE] buffer9 to 1
[TRY RESZIZE] buffer13 to 1
Running Handshake canonicalization...
Canonicalized Handshake.
Lowering Handshake to HW...
Lowered Handshake to HW.
[PERF OK] Cycles: 1661 (Baseline: 1659)
[OPTIMIZE] Success: Resized 2 buffers to 1: ['buffer9', 'buffer13']

Optimization complete. Successfully resized 2 buffers to 1

=== Applying Buffer Resize Optimization to size 2 ===

Optimization complete. Successfully resized 0 buffers to 2

=== Applying Buffer Resize Optimization to size 3 ===

Optimization complete. Successfully resized 0 buffers to 3

=== Applying Buffer Resize Optimization to size 4 ===

Optimization complete. Successfully resized 0 buffers to 4

=== Applying Buffer Resize Optimization to size 5 ===

Optimization complete. Successfully resized 0 buffers to 5

=== Applying Buffer Resize Optimization to size 6 ===

Optimization complete. Successfully resized 0 buffers to 6

=== Applying Buffer Resize Optimization to size 7 ===

Optimization complete. Successfully resized 0 buffers to 7

=== Applying Buffer Resize Optimization to size 8 ===

Optimization complete. Successfully resized 0 buffers to 8

=== Applying Buffer Resize Optimization to size 9 ===

Optimization complete. Successfully resized 0 buffers to 9

=== Applying Buffer Resize Optimization to size 10 ===

Optimization complete. Successfully resized 0 buffers to 10

=== Applying Buffer Resize Optimization to size 11 ===

Optimization complete. Successfully resized 0 buffers to 11

=== Applying Buffer Resize Optimization to size 12 ===

Optimization complete. Successfully resized 0 buffers to 12

=== Applying Buffer Resize Optimization to size 13 ===

Optimization complete. Successfully resized 0 buffers to 13
Running Handshake canonicalization...
Canonicalized Handshake.
Lowering Handshake to HW...
Lowered Handshake to HW.

=== After buffering ===
BASELINE Cycles: 1661

===== Target CP tuning =====
{"addrWidth":10,"bufferDepth":0,"dataWidth":32,"fifoDepth":16,"fifoDepth_L":16,"fifoDepth_S":16,"groupMulti":0,"headLagEn":0,"indexWidth":4,"ldOrder":[[0]],"ldPortIdx":[[0]],"loadOffsets":[[0,0,0,0,0,0,0,0,0,0,0,0,0,0,0,0]],"loadPorts":[[0,0,0,0,0,0,0,0,0,0,0,0,0,0,0,0]],"master":true,"name":"handshake_lsq_lsq1","numBBs":1,"numLdChannels":1,"numLoadPorts":1,"numLoads":[1],"numStChannels":1,"numStorePorts":1,"numStores":[1],"pipe0En":0,"pipe1En":0,"pipeCompEn":0,"stPortIdx":[[0]],"stResp":0,"storeOffsets":[[1,0,0,0,0,0,0,0,0,0,0,0,0,0,0,0]],"storePorts":[[0,0,0,0,0,0,0,0,0,0,0,0,0,0,0,0]]}
{'addrWidth': 10, 'bufferDepth': 0, 'dataWidth': 32, 'fifoDepth': 16, 'fifoDepth_L': 8, 'fifoDepth_S': 8, 'groupMulti': 0, 'headLagEn': 0, 'indexWidth': 4, 'ldOrder': [[0]], 'ldPortIdx': [[0]], 'loadOffsets': [[0, 0, 0, 0, 0, 0, 0, 0, 0, 0, 0, 0, 0, 0, 0, 0]], 'loadPorts': [[0, 0, 0, 0, 0, 0, 0, 0, 0, 0, 0, 0, 0, 0, 0, 0]], 'master': True, 'name': 'handshake_lsq_lsq1', 'numBBs': 1, 'numLdChannels': 1, 'numLoadPorts': 1, 'numLoads': [1], 'numStChannels': 1, 'numStorePorts': 1, 'numStores': [1], 'pipe0En': 0, 'pipe1En': 0, 'pipeCompEn': 0, 'stPortIdx': [[0]], 'stResp': 0, 'storeOffsets': [[1, 0, 0, 0, 0, 0, 0, 0, 0, 0, 0, 0, 0, 0, 0, 0]], 'storePorts': [[0, 0, 0, 0, 0, 0, 0, 0, 0, 0, 0, 0, 0, 0, 0, 0]]}
[INFO] Exported RTL (vhdl)
[INFO] HDL generation succeeded
[INFO] Built kernel for IO gen.
[INFO] Ran kernel for IO gen.
[INFO] Launching Modelsim simulation
[INFO] Simulation succeeded
================================================================================
============== Dynamatic | Dynamic High-Level Synthesis Compiler ===============
======================== EPFL-LAP - v2.0.0 | March 2024 ========================
================================================================================


dynamatic> set-src skip2/runs/run_2025-12-16_16-05-39/histogram-8-8/histogram.c
dynamatic> write-hdl --rtl-config-name rtl-config-vhdl-histogram-8-8.json
dynamatic> simulate
dynamatic> exit

Goodbye!
Baseline latency = 1661 cycles at 10.0 ns

--- Trying CP = 14.5 ns ---
Running Handshake canonicalization...
Canonicalized Handshake.
Lowering Handshake to HW...
Lowered Handshake to HW.
{"addrWidth":10,"bufferDepth":0,"dataWidth":32,"fifoDepth":16,"fifoDepth_L":16,"fifoDepth_S":16,"groupMulti":0,"headLagEn":0,"indexWidth":4,"ldOrder":[[0]],"ldPortIdx":[[0]],"loadOffsets":[[0,0,0,0,0,0,0,0,0,0,0,0,0,0,0,0]],"loadPorts":[[0,0,0,0,0,0,0,0,0,0,0,0,0,0,0,0]],"master":true,"name":"handshake_lsq_lsq1","numBBs":1,"numLdChannels":1,"numLoadPorts":1,"numLoads":[1],"numStChannels":1,"numStorePorts":1,"numStores":[1],"pipe0En":0,"pipe1En":0,"pipeCompEn":0,"stPortIdx":[[0]],"stResp":0,"storeOffsets":[[1,0,0,0,0,0,0,0,0,0,0,0,0,0,0,0]],"storePorts":[[0,0,0,0,0,0,0,0,0,0,0,0,0,0,0,0]]}
{'addrWidth': 10, 'bufferDepth': 0, 'dataWidth': 32, 'fifoDepth': 16, 'fifoDepth_L': 8, 'fifoDepth_S': 8, 'groupMulti': 0, 'headLagEn': 0, 'indexWidth': 4, 'ldOrder': [[0]], 'ldPortIdx': [[0]], 'loadOffsets': [[0, 0, 0, 0, 0, 0, 0, 0, 0, 0, 0, 0, 0, 0, 0, 0]], 'loadPorts': [[0, 0, 0, 0, 0, 0, 0, 0, 0, 0, 0, 0, 0, 0, 0, 0]], 'master': True, 'name': 'handshake_lsq_lsq1', 'numBBs': 1, 'numLdChannels': 1, 'numLoadPorts': 1, 'numLoads': [1], 'numStChannels': 1, 'numStorePorts': 1, 'numStores': [1], 'pipe0En': 0, 'pipe1En': 0, 'pipeCompEn': 0, 'stPortIdx': [[0]], 'stResp': 0, 'storeOffsets': [[1, 0, 0, 0, 0, 0, 0, 0, 0, 0, 0, 0, 0, 0, 0, 0]], 'storePorts': [[0, 0, 0, 0, 0, 0, 0, 0, 0, 0, 0, 0, 0, 0, 0, 0]]}
[INFO] Exported RTL (vhdl)
[INFO] HDL generation succeeded
[INFO] Built kernel for IO gen.
[INFO] Ran kernel for IO gen.
[INFO] Launching Modelsim simulation
[INFO] Simulation succeeded
================================================================================
============== Dynamatic | Dynamic High-Level Synthesis Compiler ===============
======================== EPFL-LAP - v2.0.0 | March 2024 ========================
================================================================================


dynamatic> set-src skip2/runs/run_2025-12-16_16-05-39/histogram-8-8/histogram.c
dynamatic> write-hdl --rtl-config-name rtl-config-vhdl-histogram-8-8.json
dynamatic> simulate
dynamatic> exit

Goodbye!
→ Latency = 1661 cycles

--- Trying CP = 14.0 ns ---
Running Handshake canonicalization...
Canonicalized Handshake.
Lowering Handshake to HW...
Lowered Handshake to HW.
{"addrWidth":10,"bufferDepth":0,"dataWidth":32,"fifoDepth":16,"fifoDepth_L":16,"fifoDepth_S":16,"groupMulti":0,"headLagEn":0,"indexWidth":4,"ldOrder":[[0]],"ldPortIdx":[[0]],"loadOffsets":[[0,0,0,0,0,0,0,0,0,0,0,0,0,0,0,0]],"loadPorts":[[0,0,0,0,0,0,0,0,0,0,0,0,0,0,0,0]],"master":true,"name":"handshake_lsq_lsq1","numBBs":1,"numLdChannels":1,"numLoadPorts":1,"numLoads":[1],"numStChannels":1,"numStorePorts":1,"numStores":[1],"pipe0En":0,"pipe1En":0,"pipeCompEn":0,"stPortIdx":[[0]],"stResp":0,"storeOffsets":[[1,0,0,0,0,0,0,0,0,0,0,0,0,0,0,0]],"storePorts":[[0,0,0,0,0,0,0,0,0,0,0,0,0,0,0,0]]}
{'addrWidth': 10, 'bufferDepth': 0, 'dataWidth': 32, 'fifoDepth': 16, 'fifoDepth_L': 8, 'fifoDepth_S': 8, 'groupMulti': 0, 'headLagEn': 0, 'indexWidth': 4, 'ldOrder': [[0]], 'ldPortIdx': [[0]], 'loadOffsets': [[0, 0, 0, 0, 0, 0, 0, 0, 0, 0, 0, 0, 0, 0, 0, 0]], 'loadPorts': [[0, 0, 0, 0, 0, 0, 0, 0, 0, 0, 0, 0, 0, 0, 0, 0]], 'master': True, 'name': 'handshake_lsq_lsq1', 'numBBs': 1, 'numLdChannels': 1, 'numLoadPorts': 1, 'numLoads': [1], 'numStChannels': 1, 'numStorePorts': 1, 'numStores': [1], 'pipe0En': 0, 'pipe1En': 0, 'pipeCompEn': 0, 'stPortIdx': [[0]], 'stResp': 0, 'storeOffsets': [[1, 0, 0, 0, 0, 0, 0, 0, 0, 0, 0, 0, 0, 0, 0, 0]], 'storePorts': [[0, 0, 0, 0, 0, 0, 0, 0, 0, 0, 0, 0, 0, 0, 0, 0]]}
[INFO] Exported RTL (vhdl)
[INFO] HDL generation succeeded
[INFO] Built kernel for IO gen.
[INFO] Ran kernel for IO gen.
[INFO] Launching Modelsim simulation
[INFO] Simulation succeeded
================================================================================
============== Dynamatic | Dynamic High-Level Synthesis Compiler ===============
======================== EPFL-LAP - v2.0.0 | March 2024 ========================
================================================================================


dynamatic> set-src skip2/runs/run_2025-12-16_16-05-39/histogram-8-8/histogram.c
dynamatic> write-hdl --rtl-config-name rtl-config-vhdl-histogram-8-8.json
dynamatic> simulate
dynamatic> exit

Goodbye!
→ Latency = 1661 cycles

--- Trying CP = 13.5 ns ---
Running Handshake canonicalization...
Canonicalized Handshake.
Lowering Handshake to HW...
Lowered Handshake to HW.
{"addrWidth":10,"bufferDepth":0,"dataWidth":32,"fifoDepth":16,"fifoDepth_L":16,"fifoDepth_S":16,"groupMulti":0,"headLagEn":0,"indexWidth":4,"ldOrder":[[0]],"ldPortIdx":[[0]],"loadOffsets":[[0,0,0,0,0,0,0,0,0,0,0,0,0,0,0,0]],"loadPorts":[[0,0,0,0,0,0,0,0,0,0,0,0,0,0,0,0]],"master":true,"name":"handshake_lsq_lsq1","numBBs":1,"numLdChannels":1,"numLoadPorts":1,"numLoads":[1],"numStChannels":1,"numStorePorts":1,"numStores":[1],"pipe0En":0,"pipe1En":0,"pipeCompEn":0,"stPortIdx":[[0]],"stResp":0,"storeOffsets":[[1,0,0,0,0,0,0,0,0,0,0,0,0,0,0,0]],"storePorts":[[0,0,0,0,0,0,0,0,0,0,0,0,0,0,0,0]]}
{'addrWidth': 10, 'bufferDepth': 0, 'dataWidth': 32, 'fifoDepth': 16, 'fifoDepth_L': 8, 'fifoDepth_S': 8, 'groupMulti': 0, 'headLagEn': 0, 'indexWidth': 4, 'ldOrder': [[0]], 'ldPortIdx': [[0]], 'loadOffsets': [[0, 0, 0, 0, 0, 0, 0, 0, 0, 0, 0, 0, 0, 0, 0, 0]], 'loadPorts': [[0, 0, 0, 0, 0, 0, 0, 0, 0, 0, 0, 0, 0, 0, 0, 0]], 'master': True, 'name': 'handshake_lsq_lsq1', 'numBBs': 1, 'numLdChannels': 1, 'numLoadPorts': 1, 'numLoads': [1], 'numStChannels': 1, 'numStorePorts': 1, 'numStores': [1], 'pipe0En': 0, 'pipe1En': 0, 'pipeCompEn': 0, 'stPortIdx': [[0]], 'stResp': 0, 'storeOffsets': [[1, 0, 0, 0, 0, 0, 0, 0, 0, 0, 0, 0, 0, 0, 0, 0]], 'storePorts': [[0, 0, 0, 0, 0, 0, 0, 0, 0, 0, 0, 0, 0, 0, 0, 0]]}
[INFO] Exported RTL (vhdl)
[INFO] HDL generation succeeded
[INFO] Built kernel for IO gen.
[INFO] Ran kernel for IO gen.
[INFO] Launching Modelsim simulation
[INFO] Simulation succeeded
================================================================================
============== Dynamatic | Dynamic High-Level Synthesis Compiler ===============
======================== EPFL-LAP - v2.0.0 | March 2024 ========================
================================================================================


dynamatic> set-src skip2/runs/run_2025-12-16_16-05-39/histogram-8-8/histogram.c
dynamatic> write-hdl --rtl-config-name rtl-config-vhdl-histogram-8-8.json
dynamatic> simulate
dynamatic> exit

Goodbye!
→ Latency = 1661 cycles

--- Trying CP = 13.0 ns ---
Running Handshake canonicalization...
Canonicalized Handshake.
Lowering Handshake to HW...
Lowered Handshake to HW.
{"addrWidth":10,"bufferDepth":0,"dataWidth":32,"fifoDepth":16,"fifoDepth_L":16,"fifoDepth_S":16,"groupMulti":0,"headLagEn":0,"indexWidth":4,"ldOrder":[[0]],"ldPortIdx":[[0]],"loadOffsets":[[0,0,0,0,0,0,0,0,0,0,0,0,0,0,0,0]],"loadPorts":[[0,0,0,0,0,0,0,0,0,0,0,0,0,0,0,0]],"master":true,"name":"handshake_lsq_lsq1","numBBs":1,"numLdChannels":1,"numLoadPorts":1,"numLoads":[1],"numStChannels":1,"numStorePorts":1,"numStores":[1],"pipe0En":0,"pipe1En":0,"pipeCompEn":0,"stPortIdx":[[0]],"stResp":0,"storeOffsets":[[1,0,0,0,0,0,0,0,0,0,0,0,0,0,0,0]],"storePorts":[[0,0,0,0,0,0,0,0,0,0,0,0,0,0,0,0]]}
{'addrWidth': 10, 'bufferDepth': 0, 'dataWidth': 32, 'fifoDepth': 16, 'fifoDepth_L': 8, 'fifoDepth_S': 8, 'groupMulti': 0, 'headLagEn': 0, 'indexWidth': 4, 'ldOrder': [[0]], 'ldPortIdx': [[0]], 'loadOffsets': [[0, 0, 0, 0, 0, 0, 0, 0, 0, 0, 0, 0, 0, 0, 0, 0]], 'loadPorts': [[0, 0, 0, 0, 0, 0, 0, 0, 0, 0, 0, 0, 0, 0, 0, 0]], 'master': True, 'name': 'handshake_lsq_lsq1', 'numBBs': 1, 'numLdChannels': 1, 'numLoadPorts': 1, 'numLoads': [1], 'numStChannels': 1, 'numStorePorts': 1, 'numStores': [1], 'pipe0En': 0, 'pipe1En': 0, 'pipeCompEn': 0, 'stPortIdx': [[0]], 'stResp': 0, 'storeOffsets': [[1, 0, 0, 0, 0, 0, 0, 0, 0, 0, 0, 0, 0, 0, 0, 0]], 'storePorts': [[0, 0, 0, 0, 0, 0, 0, 0, 0, 0, 0, 0, 0, 0, 0, 0]]}
[INFO] Exported RTL (vhdl)
[INFO] HDL generation succeeded
[INFO] Built kernel for IO gen.
[INFO] Ran kernel for IO gen.
[INFO] Launching Modelsim simulation
[INFO] Simulation succeeded
================================================================================
============== Dynamatic | Dynamic High-Level Synthesis Compiler ===============
======================== EPFL-LAP - v2.0.0 | March 2024 ========================
================================================================================


dynamatic> set-src skip2/runs/run_2025-12-16_16-05-39/histogram-8-8/histogram.c
dynamatic> write-hdl --rtl-config-name rtl-config-vhdl-histogram-8-8.json
dynamatic> simulate
dynamatic> exit

Goodbye!
→ Latency = 1661 cycles

--- Trying CP = 12.5 ns ---
Running Handshake canonicalization...
Canonicalized Handshake.
Lowering Handshake to HW...
Lowered Handshake to HW.
{"addrWidth":10,"bufferDepth":0,"dataWidth":32,"fifoDepth":16,"fifoDepth_L":16,"fifoDepth_S":16,"groupMulti":0,"headLagEn":0,"indexWidth":4,"ldOrder":[[0]],"ldPortIdx":[[0]],"loadOffsets":[[0,0,0,0,0,0,0,0,0,0,0,0,0,0,0,0]],"loadPorts":[[0,0,0,0,0,0,0,0,0,0,0,0,0,0,0,0]],"master":true,"name":"handshake_lsq_lsq1","numBBs":1,"numLdChannels":1,"numLoadPorts":1,"numLoads":[1],"numStChannels":1,"numStorePorts":1,"numStores":[1],"pipe0En":0,"pipe1En":0,"pipeCompEn":0,"stPortIdx":[[0]],"stResp":0,"storeOffsets":[[1,0,0,0,0,0,0,0,0,0,0,0,0,0,0,0]],"storePorts":[[0,0,0,0,0,0,0,0,0,0,0,0,0,0,0,0]]}
{'addrWidth': 10, 'bufferDepth': 0, 'dataWidth': 32, 'fifoDepth': 16, 'fifoDepth_L': 8, 'fifoDepth_S': 8, 'groupMulti': 0, 'headLagEn': 0, 'indexWidth': 4, 'ldOrder': [[0]], 'ldPortIdx': [[0]], 'loadOffsets': [[0, 0, 0, 0, 0, 0, 0, 0, 0, 0, 0, 0, 0, 0, 0, 0]], 'loadPorts': [[0, 0, 0, 0, 0, 0, 0, 0, 0, 0, 0, 0, 0, 0, 0, 0]], 'master': True, 'name': 'handshake_lsq_lsq1', 'numBBs': 1, 'numLdChannels': 1, 'numLoadPorts': 1, 'numLoads': [1], 'numStChannels': 1, 'numStorePorts': 1, 'numStores': [1], 'pipe0En': 0, 'pipe1En': 0, 'pipeCompEn': 0, 'stPortIdx': [[0]], 'stResp': 0, 'storeOffsets': [[1, 0, 0, 0, 0, 0, 0, 0, 0, 0, 0, 0, 0, 0, 0, 0]], 'storePorts': [[0, 0, 0, 0, 0, 0, 0, 0, 0, 0, 0, 0, 0, 0, 0, 0]]}
[INFO] Exported RTL (vhdl)
[INFO] HDL generation succeeded
[INFO] Built kernel for IO gen.
[INFO] Ran kernel for IO gen.
[INFO] Launching Modelsim simulation
[INFO] Simulation succeeded
================================================================================
============== Dynamatic | Dynamic High-Level Synthesis Compiler ===============
======================== EPFL-LAP - v2.0.0 | March 2024 ========================
================================================================================


dynamatic> set-src skip2/runs/run_2025-12-16_16-05-39/histogram-8-8/histogram.c
dynamatic> write-hdl --rtl-config-name rtl-config-vhdl-histogram-8-8.json
dynamatic> simulate
dynamatic> exit

Goodbye!
→ Latency = 1661 cycles

--- Trying CP = 12.0 ns ---
Running Handshake canonicalization...
Canonicalized Handshake.
Lowering Handshake to HW...
Lowered Handshake to HW.
{"addrWidth":10,"bufferDepth":0,"dataWidth":32,"fifoDepth":16,"fifoDepth_L":16,"fifoDepth_S":16,"groupMulti":0,"headLagEn":0,"indexWidth":4,"ldOrder":[[0]],"ldPortIdx":[[0]],"loadOffsets":[[0,0,0,0,0,0,0,0,0,0,0,0,0,0,0,0]],"loadPorts":[[0,0,0,0,0,0,0,0,0,0,0,0,0,0,0,0]],"master":true,"name":"handshake_lsq_lsq1","numBBs":1,"numLdChannels":1,"numLoadPorts":1,"numLoads":[1],"numStChannels":1,"numStorePorts":1,"numStores":[1],"pipe0En":0,"pipe1En":0,"pipeCompEn":0,"stPortIdx":[[0]],"stResp":0,"storeOffsets":[[1,0,0,0,0,0,0,0,0,0,0,0,0,0,0,0]],"storePorts":[[0,0,0,0,0,0,0,0,0,0,0,0,0,0,0,0]]}
{'addrWidth': 10, 'bufferDepth': 0, 'dataWidth': 32, 'fifoDepth': 16, 'fifoDepth_L': 8, 'fifoDepth_S': 8, 'groupMulti': 0, 'headLagEn': 0, 'indexWidth': 4, 'ldOrder': [[0]], 'ldPortIdx': [[0]], 'loadOffsets': [[0, 0, 0, 0, 0, 0, 0, 0, 0, 0, 0, 0, 0, 0, 0, 0]], 'loadPorts': [[0, 0, 0, 0, 0, 0, 0, 0, 0, 0, 0, 0, 0, 0, 0, 0]], 'master': True, 'name': 'handshake_lsq_lsq1', 'numBBs': 1, 'numLdChannels': 1, 'numLoadPorts': 1, 'numLoads': [1], 'numStChannels': 1, 'numStorePorts': 1, 'numStores': [1], 'pipe0En': 0, 'pipe1En': 0, 'pipeCompEn': 0, 'stPortIdx': [[0]], 'stResp': 0, 'storeOffsets': [[1, 0, 0, 0, 0, 0, 0, 0, 0, 0, 0, 0, 0, 0, 0, 0]], 'storePorts': [[0, 0, 0, 0, 0, 0, 0, 0, 0, 0, 0, 0, 0, 0, 0, 0]]}
[INFO] Exported RTL (vhdl)
[INFO] HDL generation succeeded
[INFO] Built kernel for IO gen.
[INFO] Ran kernel for IO gen.
[INFO] Launching Modelsim simulation
[INFO] Simulation succeeded
================================================================================
============== Dynamatic | Dynamic High-Level Synthesis Compiler ===============
======================== EPFL-LAP - v2.0.0 | March 2024 ========================
================================================================================


dynamatic> set-src skip2/runs/run_2025-12-16_16-05-39/histogram-8-8/histogram.c
dynamatic> write-hdl --rtl-config-name rtl-config-vhdl-histogram-8-8.json
dynamatic> simulate
dynamatic> exit

Goodbye!
→ Latency = 1661 cycles

--- Trying CP = 11.5 ns ---
Running Handshake canonicalization...
Canonicalized Handshake.
Lowering Handshake to HW...
Lowered Handshake to HW.
{"addrWidth":10,"bufferDepth":0,"dataWidth":32,"fifoDepth":16,"fifoDepth_L":16,"fifoDepth_S":16,"groupMulti":0,"headLagEn":0,"indexWidth":4,"ldOrder":[[0]],"ldPortIdx":[[0]],"loadOffsets":[[0,0,0,0,0,0,0,0,0,0,0,0,0,0,0,0]],"loadPorts":[[0,0,0,0,0,0,0,0,0,0,0,0,0,0,0,0]],"master":true,"name":"handshake_lsq_lsq1","numBBs":1,"numLdChannels":1,"numLoadPorts":1,"numLoads":[1],"numStChannels":1,"numStorePorts":1,"numStores":[1],"pipe0En":0,"pipe1En":0,"pipeCompEn":0,"stPortIdx":[[0]],"stResp":0,"storeOffsets":[[1,0,0,0,0,0,0,0,0,0,0,0,0,0,0,0]],"storePorts":[[0,0,0,0,0,0,0,0,0,0,0,0,0,0,0,0]]}
{'addrWidth': 10, 'bufferDepth': 0, 'dataWidth': 32, 'fifoDepth': 16, 'fifoDepth_L': 8, 'fifoDepth_S': 8, 'groupMulti': 0, 'headLagEn': 0, 'indexWidth': 4, 'ldOrder': [[0]], 'ldPortIdx': [[0]], 'loadOffsets': [[0, 0, 0, 0, 0, 0, 0, 0, 0, 0, 0, 0, 0, 0, 0, 0]], 'loadPorts': [[0, 0, 0, 0, 0, 0, 0, 0, 0, 0, 0, 0, 0, 0, 0, 0]], 'master': True, 'name': 'handshake_lsq_lsq1', 'numBBs': 1, 'numLdChannels': 1, 'numLoadPorts': 1, 'numLoads': [1], 'numStChannels': 1, 'numStorePorts': 1, 'numStores': [1], 'pipe0En': 0, 'pipe1En': 0, 'pipeCompEn': 0, 'stPortIdx': [[0]], 'stResp': 0, 'storeOffsets': [[1, 0, 0, 0, 0, 0, 0, 0, 0, 0, 0, 0, 0, 0, 0, 0]], 'storePorts': [[0, 0, 0, 0, 0, 0, 0, 0, 0, 0, 0, 0, 0, 0, 0, 0]]}
[INFO] Exported RTL (vhdl)
[INFO] HDL generation succeeded
[INFO] Built kernel for IO gen.
[INFO] Ran kernel for IO gen.
[INFO] Launching Modelsim simulation
[INFO] Simulation succeeded
================================================================================
============== Dynamatic | Dynamic High-Level Synthesis Compiler ===============
======================== EPFL-LAP - v2.0.0 | March 2024 ========================
================================================================================


dynamatic> set-src skip2/runs/run_2025-12-16_16-05-39/histogram-8-8/histogram.c
dynamatic> write-hdl --rtl-config-name rtl-config-vhdl-histogram-8-8.json
dynamatic> simulate
dynamatic> exit

Goodbye!
→ Latency = 1661 cycles

--- Trying CP = 11.0 ns ---
Running Handshake canonicalization...
Canonicalized Handshake.
Lowering Handshake to HW...
Lowered Handshake to HW.
{"addrWidth":10,"bufferDepth":0,"dataWidth":32,"fifoDepth":16,"fifoDepth_L":16,"fifoDepth_S":16,"groupMulti":0,"headLagEn":0,"indexWidth":4,"ldOrder":[[0]],"ldPortIdx":[[0]],"loadOffsets":[[0,0,0,0,0,0,0,0,0,0,0,0,0,0,0,0]],"loadPorts":[[0,0,0,0,0,0,0,0,0,0,0,0,0,0,0,0]],"master":true,"name":"handshake_lsq_lsq1","numBBs":1,"numLdChannels":1,"numLoadPorts":1,"numLoads":[1],"numStChannels":1,"numStorePorts":1,"numStores":[1],"pipe0En":0,"pipe1En":0,"pipeCompEn":0,"stPortIdx":[[0]],"stResp":0,"storeOffsets":[[1,0,0,0,0,0,0,0,0,0,0,0,0,0,0,0]],"storePorts":[[0,0,0,0,0,0,0,0,0,0,0,0,0,0,0,0]]}
{'addrWidth': 10, 'bufferDepth': 0, 'dataWidth': 32, 'fifoDepth': 16, 'fifoDepth_L': 8, 'fifoDepth_S': 8, 'groupMulti': 0, 'headLagEn': 0, 'indexWidth': 4, 'ldOrder': [[0]], 'ldPortIdx': [[0]], 'loadOffsets': [[0, 0, 0, 0, 0, 0, 0, 0, 0, 0, 0, 0, 0, 0, 0, 0]], 'loadPorts': [[0, 0, 0, 0, 0, 0, 0, 0, 0, 0, 0, 0, 0, 0, 0, 0]], 'master': True, 'name': 'handshake_lsq_lsq1', 'numBBs': 1, 'numLdChannels': 1, 'numLoadPorts': 1, 'numLoads': [1], 'numStChannels': 1, 'numStorePorts': 1, 'numStores': [1], 'pipe0En': 0, 'pipe1En': 0, 'pipeCompEn': 0, 'stPortIdx': [[0]], 'stResp': 0, 'storeOffsets': [[1, 0, 0, 0, 0, 0, 0, 0, 0, 0, 0, 0, 0, 0, 0, 0]], 'storePorts': [[0, 0, 0, 0, 0, 0, 0, 0, 0, 0, 0, 0, 0, 0, 0, 0]]}
[INFO] Exported RTL (vhdl)
[INFO] HDL generation succeeded
[INFO] Built kernel for IO gen.
[INFO] Ran kernel for IO gen.
[INFO] Launching Modelsim simulation
[INFO] Simulation succeeded
================================================================================
============== Dynamatic | Dynamic High-Level Synthesis Compiler ===============
======================== EPFL-LAP - v2.0.0 | March 2024 ========================
================================================================================


dynamatic> set-src skip2/runs/run_2025-12-16_16-05-39/histogram-8-8/histogram.c
dynamatic> write-hdl --rtl-config-name rtl-config-vhdl-histogram-8-8.json
dynamatic> simulate
dynamatic> exit

Goodbye!
→ Latency = 1708 cycles
Latency degraded, stopping search.

Best CP: 11.5 ns (latency = 1661 cycles)
Starting from 11.5 ns

=== Testing target CP = 11.5 ns ===
Running Handshake canonicalization...
Canonicalized Handshake.
Lowering Handshake to HW...
Lowered Handshake to HW.
{"addrWidth":10,"bufferDepth":0,"dataWidth":32,"fifoDepth":16,"fifoDepth_L":16,"fifoDepth_S":16,"groupMulti":0,"headLagEn":0,"indexWidth":4,"ldOrder":[[0]],"ldPortIdx":[[0]],"loadOffsets":[[0,0,0,0,0,0,0,0,0,0,0,0,0,0,0,0]],"loadPorts":[[0,0,0,0,0,0,0,0,0,0,0,0,0,0,0,0]],"master":true,"name":"handshake_lsq_lsq1","numBBs":1,"numLdChannels":1,"numLoadPorts":1,"numLoads":[1],"numStChannels":1,"numStorePorts":1,"numStores":[1],"pipe0En":0,"pipe1En":0,"pipeCompEn":0,"stPortIdx":[[0]],"stResp":0,"storeOffsets":[[1,0,0,0,0,0,0,0,0,0,0,0,0,0,0,0]],"storePorts":[[0,0,0,0,0,0,0,0,0,0,0,0,0,0,0,0]]}
{'addrWidth': 10, 'bufferDepth': 0, 'dataWidth': 32, 'fifoDepth': 16, 'fifoDepth_L': 8, 'fifoDepth_S': 8, 'groupMulti': 0, 'headLagEn': 0, 'indexWidth': 4, 'ldOrder': [[0]], 'ldPortIdx': [[0]], 'loadOffsets': [[0, 0, 0, 0, 0, 0, 0, 0, 0, 0, 0, 0, 0, 0, 0, 0]], 'loadPorts': [[0, 0, 0, 0, 0, 0, 0, 0, 0, 0, 0, 0, 0, 0, 0, 0]], 'master': True, 'name': 'handshake_lsq_lsq1', 'numBBs': 1, 'numLdChannels': 1, 'numLoadPorts': 1, 'numLoads': [1], 'numStChannels': 1, 'numStorePorts': 1, 'numStores': [1], 'pipe0En': 0, 'pipe1En': 0, 'pipeCompEn': 0, 'stPortIdx': [[0]], 'stResp': 0, 'storeOffsets': [[1, 0, 0, 0, 0, 0, 0, 0, 0, 0, 0, 0, 0, 0, 0, 0]], 'storePorts': [[0, 0, 0, 0, 0, 0, 0, 0, 0, 0, 0, 0, 0, 0, 0, 0]]}
[INFO] Exported RTL (vhdl)
[INFO] HDL generation succeeded
[INFO] Built kernel for IO gen.
[INFO] Ran kernel for IO gen.
[INFO] Launching Modelsim simulation
[INFO] Simulation succeeded
================================================================================
============== Dynamatic | Dynamic High-Level Synthesis Compiler ===============
======================== EPFL-LAP - v2.0.0 | March 2024 ========================
================================================================================


dynamatic> set-src skip2/runs/run_2025-12-16_16-05-39/histogram-8-8/histogram.c
dynamatic> write-hdl --rtl-config-name rtl-config-vhdl-histogram-8-8.json
dynamatic> simulate
dynamatic> exit

Goodbye!
[Iteration 0] Slack = 2.659

Slack >= 0 (2.659)

$$$ Target CP: 11.5 ns
$$$ Cycles: 1661
$$$ Real CP: 11.20 ns
$$$ Performance metric: 18603.20

=== Testing target CP = 11.0 ns ===
Running Handshake canonicalization...
Canonicalized Handshake.
Lowering Handshake to HW...
Lowered Handshake to HW.
{"addrWidth":10,"bufferDepth":0,"dataWidth":32,"fifoDepth":16,"fifoDepth_L":16,"fifoDepth_S":16,"groupMulti":0,"headLagEn":0,"indexWidth":4,"ldOrder":[[0]],"ldPortIdx":[[0]],"loadOffsets":[[0,0,0,0,0,0,0,0,0,0,0,0,0,0,0,0]],"loadPorts":[[0,0,0,0,0,0,0,0,0,0,0,0,0,0,0,0]],"master":true,"name":"handshake_lsq_lsq1","numBBs":1,"numLdChannels":1,"numLoadPorts":1,"numLoads":[1],"numStChannels":1,"numStorePorts":1,"numStores":[1],"pipe0En":0,"pipe1En":0,"pipeCompEn":0,"stPortIdx":[[0]],"stResp":0,"storeOffsets":[[1,0,0,0,0,0,0,0,0,0,0,0,0,0,0,0]],"storePorts":[[0,0,0,0,0,0,0,0,0,0,0,0,0,0,0,0]]}
{'addrWidth': 10, 'bufferDepth': 0, 'dataWidth': 32, 'fifoDepth': 16, 'fifoDepth_L': 8, 'fifoDepth_S': 8, 'groupMulti': 0, 'headLagEn': 0, 'indexWidth': 4, 'ldOrder': [[0]], 'ldPortIdx': [[0]], 'loadOffsets': [[0, 0, 0, 0, 0, 0, 0, 0, 0, 0, 0, 0, 0, 0, 0, 0]], 'loadPorts': [[0, 0, 0, 0, 0, 0, 0, 0, 0, 0, 0, 0, 0, 0, 0, 0]], 'master': True, 'name': 'handshake_lsq_lsq1', 'numBBs': 1, 'numLdChannels': 1, 'numLoadPorts': 1, 'numLoads': [1], 'numStChannels': 1, 'numStorePorts': 1, 'numStores': [1], 'pipe0En': 0, 'pipe1En': 0, 'pipeCompEn': 0, 'stPortIdx': [[0]], 'stResp': 0, 'storeOffsets': [[1, 0, 0, 0, 0, 0, 0, 0, 0, 0, 0, 0, 0, 0, 0, 0]], 'storePorts': [[0, 0, 0, 0, 0, 0, 0, 0, 0, 0, 0, 0, 0, 0, 0, 0]]}
[INFO] Exported RTL (vhdl)
[INFO] HDL generation succeeded
[INFO] Built kernel for IO gen.
[INFO] Ran kernel for IO gen.
[INFO] Launching Modelsim simulation
[INFO] Simulation succeeded
================================================================================
============== Dynamatic | Dynamic High-Level Synthesis Compiler ===============
======================== EPFL-LAP - v2.0.0 | March 2024 ========================
================================================================================


dynamatic> set-src skip2/runs/run_2025-12-16_16-05-39/histogram-8-8/histogram.c
dynamatic> write-hdl --rtl-config-name rtl-config-vhdl-histogram-8-8.json
dynamatic> simulate
dynamatic> exit

Goodbye!
[Iteration 0] Slack = 1.858

Slack >= 0 (1.858)

$$$ Target CP: 11.0 ns
$$$ Cycles: 1708
$$$ Real CP: 10.70 ns
$$$ Performance metric: 18275.60

=== Testing target CP = 10.5 ns ===
Running Handshake canonicalization...
Canonicalized Handshake.
Lowering Handshake to HW...
Lowered Handshake to HW.
{"addrWidth":10,"bufferDepth":0,"dataWidth":32,"fifoDepth":16,"fifoDepth_L":16,"fifoDepth_S":16,"groupMulti":0,"headLagEn":0,"indexWidth":4,"ldOrder":[[0]],"ldPortIdx":[[0]],"loadOffsets":[[0,0,0,0,0,0,0,0,0,0,0,0,0,0,0,0]],"loadPorts":[[0,0,0,0,0,0,0,0,0,0,0,0,0,0,0,0]],"master":true,"name":"handshake_lsq_lsq1","numBBs":1,"numLdChannels":1,"numLoadPorts":1,"numLoads":[1],"numStChannels":1,"numStorePorts":1,"numStores":[1],"pipe0En":0,"pipe1En":0,"pipeCompEn":0,"stPortIdx":[[0]],"stResp":0,"storeOffsets":[[1,0,0,0,0,0,0,0,0,0,0,0,0,0,0,0]],"storePorts":[[0,0,0,0,0,0,0,0,0,0,0,0,0,0,0,0]]}
{'addrWidth': 10, 'bufferDepth': 0, 'dataWidth': 32, 'fifoDepth': 16, 'fifoDepth_L': 8, 'fifoDepth_S': 8, 'groupMulti': 0, 'headLagEn': 0, 'indexWidth': 4, 'ldOrder': [[0]], 'ldPortIdx': [[0]], 'loadOffsets': [[0, 0, 0, 0, 0, 0, 0, 0, 0, 0, 0, 0, 0, 0, 0, 0]], 'loadPorts': [[0, 0, 0, 0, 0, 0, 0, 0, 0, 0, 0, 0, 0, 0, 0, 0]], 'master': True, 'name': 'handshake_lsq_lsq1', 'numBBs': 1, 'numLdChannels': 1, 'numLoadPorts': 1, 'numLoads': [1], 'numStChannels': 1, 'numStorePorts': 1, 'numStores': [1], 'pipe0En': 0, 'pipe1En': 0, 'pipeCompEn': 0, 'stPortIdx': [[0]], 'stResp': 0, 'storeOffsets': [[1, 0, 0, 0, 0, 0, 0, 0, 0, 0, 0, 0, 0, 0, 0, 0]], 'storePorts': [[0, 0, 0, 0, 0, 0, 0, 0, 0, 0, 0, 0, 0, 0, 0, 0]]}
[INFO] Exported RTL (vhdl)
[INFO] HDL generation succeeded
[INFO] Built kernel for IO gen.
[INFO] Ran kernel for IO gen.
[INFO] Launching Modelsim simulation
[INFO] Simulation succeeded
================================================================================
============== Dynamatic | Dynamic High-Level Synthesis Compiler ===============
======================== EPFL-LAP - v2.0.0 | March 2024 ========================
================================================================================


dynamatic> set-src skip2/runs/run_2025-12-16_16-05-39/histogram-8-8/histogram.c
dynamatic> write-hdl --rtl-config-name rtl-config-vhdl-histogram-8-8.json
dynamatic> simulate
dynamatic> exit

Goodbye!
[Iteration 0] Slack = 1.545

Slack >= 0 (1.545)

$$$ Target CP: 10.5 ns
$$$ Cycles: 1708
$$$ Real CP: 10.20 ns
$$$ Performance metric: 17421.60

=== Testing target CP = 10.0 ns ===
Running Handshake canonicalization...
Canonicalized Handshake.
Lowering Handshake to HW...
Lowered Handshake to HW.
{"addrWidth":10,"bufferDepth":0,"dataWidth":32,"fifoDepth":16,"fifoDepth_L":16,"fifoDepth_S":16,"groupMulti":0,"headLagEn":0,"indexWidth":4,"ldOrder":[[0]],"ldPortIdx":[[0]],"loadOffsets":[[0,0,0,0,0,0,0,0,0,0,0,0,0,0,0,0]],"loadPorts":[[0,0,0,0,0,0,0,0,0,0,0,0,0,0,0,0]],"master":true,"name":"handshake_lsq_lsq1","numBBs":1,"numLdChannels":1,"numLoadPorts":1,"numLoads":[1],"numStChannels":1,"numStorePorts":1,"numStores":[1],"pipe0En":0,"pipe1En":0,"pipeCompEn":0,"stPortIdx":[[0]],"stResp":0,"storeOffsets":[[1,0,0,0,0,0,0,0,0,0,0,0,0,0,0,0]],"storePorts":[[0,0,0,0,0,0,0,0,0,0,0,0,0,0,0,0]]}
{'addrWidth': 10, 'bufferDepth': 0, 'dataWidth': 32, 'fifoDepth': 16, 'fifoDepth_L': 8, 'fifoDepth_S': 8, 'groupMulti': 0, 'headLagEn': 0, 'indexWidth': 4, 'ldOrder': [[0]], 'ldPortIdx': [[0]], 'loadOffsets': [[0, 0, 0, 0, 0, 0, 0, 0, 0, 0, 0, 0, 0, 0, 0, 0]], 'loadPorts': [[0, 0, 0, 0, 0, 0, 0, 0, 0, 0, 0, 0, 0, 0, 0, 0]], 'master': True, 'name': 'handshake_lsq_lsq1', 'numBBs': 1, 'numLdChannels': 1, 'numLoadPorts': 1, 'numLoads': [1], 'numStChannels': 1, 'numStorePorts': 1, 'numStores': [1], 'pipe0En': 0, 'pipe1En': 0, 'pipeCompEn': 0, 'stPortIdx': [[0]], 'stResp': 0, 'storeOffsets': [[1, 0, 0, 0, 0, 0, 0, 0, 0, 0, 0, 0, 0, 0, 0, 0]], 'storePorts': [[0, 0, 0, 0, 0, 0, 0, 0, 0, 0, 0, 0, 0, 0, 0, 0]]}
[INFO] Exported RTL (vhdl)
[INFO] HDL generation succeeded
[INFO] Built kernel for IO gen.
[INFO] Ran kernel for IO gen.
[INFO] Launching Modelsim simulation
[INFO] Simulation succeeded
================================================================================
============== Dynamatic | Dynamic High-Level Synthesis Compiler ===============
======================== EPFL-LAP - v2.0.0 | March 2024 ========================
================================================================================


dynamatic> set-src skip2/runs/run_2025-12-16_16-05-39/histogram-8-8/histogram.c
dynamatic> write-hdl --rtl-config-name rtl-config-vhdl-histogram-8-8.json
dynamatic> simulate
dynamatic> exit

Goodbye!
[Iteration 0] Slack = 1.251

Slack >= 0 (1.251)

$$$ Target CP: 10.0 ns
$$$ Cycles: 1708
$$$ Real CP: 9.70 ns
$$$ Performance metric: 16567.60

=== Testing target CP = 9.5 ns ===
Running Handshake canonicalization...
Canonicalized Handshake.
Lowering Handshake to HW...
Lowered Handshake to HW.
{"addrWidth":10,"bufferDepth":0,"dataWidth":32,"fifoDepth":16,"fifoDepth_L":16,"fifoDepth_S":16,"groupMulti":0,"headLagEn":0,"indexWidth":4,"ldOrder":[[0]],"ldPortIdx":[[0]],"loadOffsets":[[0,0,0,0,0,0,0,0,0,0,0,0,0,0,0,0]],"loadPorts":[[0,0,0,0,0,0,0,0,0,0,0,0,0,0,0,0]],"master":true,"name":"handshake_lsq_lsq1","numBBs":1,"numLdChannels":1,"numLoadPorts":1,"numLoads":[1],"numStChannels":1,"numStorePorts":1,"numStores":[1],"pipe0En":0,"pipe1En":0,"pipeCompEn":0,"stPortIdx":[[0]],"stResp":0,"storeOffsets":[[1,0,0,0,0,0,0,0,0,0,0,0,0,0,0,0]],"storePorts":[[0,0,0,0,0,0,0,0,0,0,0,0,0,0,0,0]]}
{'addrWidth': 10, 'bufferDepth': 0, 'dataWidth': 32, 'fifoDepth': 16, 'fifoDepth_L': 8, 'fifoDepth_S': 8, 'groupMulti': 0, 'headLagEn': 0, 'indexWidth': 4, 'ldOrder': [[0]], 'ldPortIdx': [[0]], 'loadOffsets': [[0, 0, 0, 0, 0, 0, 0, 0, 0, 0, 0, 0, 0, 0, 0, 0]], 'loadPorts': [[0, 0, 0, 0, 0, 0, 0, 0, 0, 0, 0, 0, 0, 0, 0, 0]], 'master': True, 'name': 'handshake_lsq_lsq1', 'numBBs': 1, 'numLdChannels': 1, 'numLoadPorts': 1, 'numLoads': [1], 'numStChannels': 1, 'numStorePorts': 1, 'numStores': [1], 'pipe0En': 0, 'pipe1En': 0, 'pipeCompEn': 0, 'stPortIdx': [[0]], 'stResp': 0, 'storeOffsets': [[1, 0, 0, 0, 0, 0, 0, 0, 0, 0, 0, 0, 0, 0, 0, 0]], 'storePorts': [[0, 0, 0, 0, 0, 0, 0, 0, 0, 0, 0, 0, 0, 0, 0, 0]]}
[INFO] Exported RTL (vhdl)
[INFO] HDL generation succeeded
[INFO] Built kernel for IO gen.
[INFO] Ran kernel for IO gen.
[INFO] Launching Modelsim simulation
[INFO] Simulation succeeded
================================================================================
============== Dynamatic | Dynamic High-Level Synthesis Compiler ===============
======================== EPFL-LAP - v2.0.0 | March 2024 ========================
================================================================================


dynamatic> set-src skip2/runs/run_2025-12-16_16-05-39/histogram-8-8/histogram.c
dynamatic> write-hdl --rtl-config-name rtl-config-vhdl-histogram-8-8.json
dynamatic> simulate
dynamatic> exit

Goodbye!
[Iteration 0] Slack = 1.099

Slack >= 0 (1.099)

$$$ Target CP: 9.5 ns
$$$ Cycles: 2028
$$$ Real CP: 9.20 ns
$$$ Performance metric: 18657.60

=== Testing target CP = 9.0 ns ===
Running Handshake canonicalization...
Canonicalized Handshake.
Lowering Handshake to HW...
Lowered Handshake to HW.
{"addrWidth":10,"bufferDepth":0,"dataWidth":32,"fifoDepth":16,"fifoDepth_L":16,"fifoDepth_S":16,"groupMulti":0,"headLagEn":0,"indexWidth":4,"ldOrder":[[0]],"ldPortIdx":[[0]],"loadOffsets":[[0,0,0,0,0,0,0,0,0,0,0,0,0,0,0,0]],"loadPorts":[[0,0,0,0,0,0,0,0,0,0,0,0,0,0,0,0]],"master":true,"name":"handshake_lsq_lsq1","numBBs":1,"numLdChannels":1,"numLoadPorts":1,"numLoads":[1],"numStChannels":1,"numStorePorts":1,"numStores":[1],"pipe0En":0,"pipe1En":0,"pipeCompEn":0,"stPortIdx":[[0]],"stResp":0,"storeOffsets":[[1,0,0,0,0,0,0,0,0,0,0,0,0,0,0,0]],"storePorts":[[0,0,0,0,0,0,0,0,0,0,0,0,0,0,0,0]]}
{'addrWidth': 10, 'bufferDepth': 0, 'dataWidth': 32, 'fifoDepth': 16, 'fifoDepth_L': 8, 'fifoDepth_S': 8, 'groupMulti': 0, 'headLagEn': 0, 'indexWidth': 4, 'ldOrder': [[0]], 'ldPortIdx': [[0]], 'loadOffsets': [[0, 0, 0, 0, 0, 0, 0, 0, 0, 0, 0, 0, 0, 0, 0, 0]], 'loadPorts': [[0, 0, 0, 0, 0, 0, 0, 0, 0, 0, 0, 0, 0, 0, 0, 0]], 'master': True, 'name': 'handshake_lsq_lsq1', 'numBBs': 1, 'numLdChannels': 1, 'numLoadPorts': 1, 'numLoads': [1], 'numStChannels': 1, 'numStorePorts': 1, 'numStores': [1], 'pipe0En': 0, 'pipe1En': 0, 'pipeCompEn': 0, 'stPortIdx': [[0]], 'stResp': 0, 'storeOffsets': [[1, 0, 0, 0, 0, 0, 0, 0, 0, 0, 0, 0, 0, 0, 0, 0]], 'storePorts': [[0, 0, 0, 0, 0, 0, 0, 0, 0, 0, 0, 0, 0, 0, 0, 0]]}
[INFO] Exported RTL (vhdl)
[INFO] HDL generation succeeded
[INFO] Built kernel for IO gen.
[INFO] Ran kernel for IO gen.
[INFO] Launching Modelsim simulation
[INFO] Simulation succeeded
================================================================================
============== Dynamatic | Dynamic High-Level Synthesis Compiler ===============
======================== EPFL-LAP - v2.0.0 | March 2024 ========================
================================================================================


dynamatic> set-src skip2/runs/run_2025-12-16_16-05-39/histogram-8-8/histogram.c
dynamatic> write-hdl --rtl-config-name rtl-config-vhdl-histogram-8-8.json
dynamatic> simulate
dynamatic> exit

Goodbye!
[Iteration 0] Slack = 0.719

Slack >= 0 (0.719)

$$$ Target CP: 9.0 ns
$$$ Cycles: 1708
$$$ Real CP: 8.70 ns
$$$ Performance metric: 14859.60

=== Testing target CP = 8.5 ns ===
Running Handshake canonicalization...
Canonicalized Handshake.
Lowering Handshake to HW...
Lowered Handshake to HW.
{"addrWidth":10,"bufferDepth":0,"dataWidth":32,"fifoDepth":16,"fifoDepth_L":16,"fifoDepth_S":16,"groupMulti":0,"headLagEn":0,"indexWidth":4,"ldOrder":[[0]],"ldPortIdx":[[0]],"loadOffsets":[[0,0,0,0,0,0,0,0,0,0,0,0,0,0,0,0]],"loadPorts":[[0,0,0,0,0,0,0,0,0,0,0,0,0,0,0,0]],"master":true,"name":"handshake_lsq_lsq1","numBBs":1,"numLdChannels":1,"numLoadPorts":1,"numLoads":[1],"numStChannels":1,"numStorePorts":1,"numStores":[1],"pipe0En":0,"pipe1En":0,"pipeCompEn":0,"stPortIdx":[[0]],"stResp":0,"storeOffsets":[[1,0,0,0,0,0,0,0,0,0,0,0,0,0,0,0]],"storePorts":[[0,0,0,0,0,0,0,0,0,0,0,0,0,0,0,0]]}
{'addrWidth': 10, 'bufferDepth': 0, 'dataWidth': 32, 'fifoDepth': 16, 'fifoDepth_L': 8, 'fifoDepth_S': 8, 'groupMulti': 0, 'headLagEn': 0, 'indexWidth': 4, 'ldOrder': [[0]], 'ldPortIdx': [[0]], 'loadOffsets': [[0, 0, 0, 0, 0, 0, 0, 0, 0, 0, 0, 0, 0, 0, 0, 0]], 'loadPorts': [[0, 0, 0, 0, 0, 0, 0, 0, 0, 0, 0, 0, 0, 0, 0, 0]], 'master': True, 'name': 'handshake_lsq_lsq1', 'numBBs': 1, 'numLdChannels': 1, 'numLoadPorts': 1, 'numLoads': [1], 'numStChannels': 1, 'numStorePorts': 1, 'numStores': [1], 'pipe0En': 0, 'pipe1En': 0, 'pipeCompEn': 0, 'stPortIdx': [[0]], 'stResp': 0, 'storeOffsets': [[1, 0, 0, 0, 0, 0, 0, 0, 0, 0, 0, 0, 0, 0, 0, 0]], 'storePorts': [[0, 0, 0, 0, 0, 0, 0, 0, 0, 0, 0, 0, 0, 0, 0, 0]]}
[INFO] Exported RTL (vhdl)
[INFO] HDL generation succeeded
[INFO] Built kernel for IO gen.
[INFO] Ran kernel for IO gen.
[INFO] Launching Modelsim simulation
[INFO] Simulation succeeded
================================================================================
============== Dynamatic | Dynamic High-Level Synthesis Compiler ===============
======================== EPFL-LAP - v2.0.0 | March 2024 ========================
================================================================================


dynamatic> set-src skip2/runs/run_2025-12-16_16-05-39/histogram-8-8/histogram.c
dynamatic> write-hdl --rtl-config-name rtl-config-vhdl-histogram-8-8.json
dynamatic> simulate
dynamatic> exit

Goodbye!
[Iteration 0] Slack = 0.754

Slack >= 0 (0.754)

$$$ Target CP: 8.5 ns
$$$ Cycles: 2028
$$$ Real CP: 8.20 ns
$$$ Performance metric: 16629.60

=== Testing target CP = 8.0 ns ===
Running Handshake canonicalization...
Canonicalized Handshake.
Lowering Handshake to HW...
Lowered Handshake to HW.
{"addrWidth":10,"bufferDepth":0,"dataWidth":32,"fifoDepth":16,"fifoDepth_L":16,"fifoDepth_S":16,"groupMulti":0,"headLagEn":0,"indexWidth":4,"ldOrder":[[0]],"ldPortIdx":[[0]],"loadOffsets":[[0,0,0,0,0,0,0,0,0,0,0,0,0,0,0,0]],"loadPorts":[[0,0,0,0,0,0,0,0,0,0,0,0,0,0,0,0]],"master":true,"name":"handshake_lsq_lsq1","numBBs":1,"numLdChannels":1,"numLoadPorts":1,"numLoads":[1],"numStChannels":1,"numStorePorts":1,"numStores":[1],"pipe0En":0,"pipe1En":0,"pipeCompEn":0,"stPortIdx":[[0]],"stResp":0,"storeOffsets":[[1,0,0,0,0,0,0,0,0,0,0,0,0,0,0,0]],"storePorts":[[0,0,0,0,0,0,0,0,0,0,0,0,0,0,0,0]]}
{'addrWidth': 10, 'bufferDepth': 0, 'dataWidth': 32, 'fifoDepth': 16, 'fifoDepth_L': 8, 'fifoDepth_S': 8, 'groupMulti': 0, 'headLagEn': 0, 'indexWidth': 4, 'ldOrder': [[0]], 'ldPortIdx': [[0]], 'loadOffsets': [[0, 0, 0, 0, 0, 0, 0, 0, 0, 0, 0, 0, 0, 0, 0, 0]], 'loadPorts': [[0, 0, 0, 0, 0, 0, 0, 0, 0, 0, 0, 0, 0, 0, 0, 0]], 'master': True, 'name': 'handshake_lsq_lsq1', 'numBBs': 1, 'numLdChannels': 1, 'numLoadPorts': 1, 'numLoads': [1], 'numStChannels': 1, 'numStorePorts': 1, 'numStores': [1], 'pipe0En': 0, 'pipe1En': 0, 'pipeCompEn': 0, 'stPortIdx': [[0]], 'stResp': 0, 'storeOffsets': [[1, 0, 0, 0, 0, 0, 0, 0, 0, 0, 0, 0, 0, 0, 0, 0]], 'storePorts': [[0, 0, 0, 0, 0, 0, 0, 0, 0, 0, 0, 0, 0, 0, 0, 0]]}
[INFO] Exported RTL (vhdl)
[INFO] HDL generation succeeded
[INFO] Built kernel for IO gen.
[INFO] Ran kernel for IO gen.
[INFO] Launching Modelsim simulation
[INFO] Simulation succeeded
================================================================================
============== Dynamatic | Dynamic High-Level Synthesis Compiler ===============
======================== EPFL-LAP - v2.0.0 | March 2024 ========================
================================================================================


dynamatic> set-src skip2/runs/run_2025-12-16_16-05-39/histogram-8-8/histogram.c
dynamatic> write-hdl --rtl-config-name rtl-config-vhdl-histogram-8-8.json
dynamatic> simulate
dynamatic> exit

Goodbye!
[Iteration 0] Slack = 0.633

Slack >= 0 (0.633)

$$$ Target CP: 8.0 ns
$$$ Cycles: 1708
$$$ Real CP: 7.70 ns
$$$ Performance metric: 13151.60

=== Testing target CP = 7.5 ns ===
Running Handshake canonicalization...
Canonicalized Handshake.
Lowering Handshake to HW...
Lowered Handshake to HW.
{"addrWidth":10,"bufferDepth":0,"dataWidth":32,"fifoDepth":16,"fifoDepth_L":16,"fifoDepth_S":16,"groupMulti":0,"headLagEn":0,"indexWidth":4,"ldOrder":[[0]],"ldPortIdx":[[0]],"loadOffsets":[[0,0,0,0,0,0,0,0,0,0,0,0,0,0,0,0]],"loadPorts":[[0,0,0,0,0,0,0,0,0,0,0,0,0,0,0,0]],"master":true,"name":"handshake_lsq_lsq1","numBBs":1,"numLdChannels":1,"numLoadPorts":1,"numLoads":[1],"numStChannels":1,"numStorePorts":1,"numStores":[1],"pipe0En":0,"pipe1En":0,"pipeCompEn":0,"stPortIdx":[[0]],"stResp":0,"storeOffsets":[[1,0,0,0,0,0,0,0,0,0,0,0,0,0,0,0]],"storePorts":[[0,0,0,0,0,0,0,0,0,0,0,0,0,0,0,0]]}
{'addrWidth': 10, 'bufferDepth': 0, 'dataWidth': 32, 'fifoDepth': 16, 'fifoDepth_L': 8, 'fifoDepth_S': 8, 'groupMulti': 0, 'headLagEn': 0, 'indexWidth': 4, 'ldOrder': [[0]], 'ldPortIdx': [[0]], 'loadOffsets': [[0, 0, 0, 0, 0, 0, 0, 0, 0, 0, 0, 0, 0, 0, 0, 0]], 'loadPorts': [[0, 0, 0, 0, 0, 0, 0, 0, 0, 0, 0, 0, 0, 0, 0, 0]], 'master': True, 'name': 'handshake_lsq_lsq1', 'numBBs': 1, 'numLdChannels': 1, 'numLoadPorts': 1, 'numLoads': [1], 'numStChannels': 1, 'numStorePorts': 1, 'numStores': [1], 'pipe0En': 0, 'pipe1En': 0, 'pipeCompEn': 0, 'stPortIdx': [[0]], 'stResp': 0, 'storeOffsets': [[1, 0, 0, 0, 0, 0, 0, 0, 0, 0, 0, 0, 0, 0, 0, 0]], 'storePorts': [[0, 0, 0, 0, 0, 0, 0, 0, 0, 0, 0, 0, 0, 0, 0, 0]]}
[INFO] Exported RTL (vhdl)
[INFO] HDL generation succeeded
[INFO] Built kernel for IO gen.
[INFO] Ran kernel for IO gen.
[INFO] Launching Modelsim simulation
[INFO] Simulation succeeded
================================================================================
============== Dynamatic | Dynamic High-Level Synthesis Compiler ===============
======================== EPFL-LAP - v2.0.0 | March 2024 ========================
================================================================================


dynamatic> set-src skip2/runs/run_2025-12-16_16-05-39/histogram-8-8/histogram.c
dynamatic> write-hdl --rtl-config-name rtl-config-vhdl-histogram-8-8.json
dynamatic> simulate
dynamatic> exit

Goodbye!
[Iteration 0] Slack = 0.282

Slack >= 0 (0.282)

$$$ Target CP: 7.5 ns
$$$ Cycles: 1661
$$$ Real CP: 7.20 ns
$$$ Performance metric: 11959.20

=== Testing target CP = 7.0 ns ===
Running Handshake canonicalization...
Canonicalized Handshake.
Lowering Handshake to HW...
Lowered Handshake to HW.
{"addrWidth":10,"bufferDepth":0,"dataWidth":32,"fifoDepth":16,"fifoDepth_L":16,"fifoDepth_S":16,"groupMulti":0,"headLagEn":0,"indexWidth":4,"ldOrder":[[0]],"ldPortIdx":[[0]],"loadOffsets":[[0,0,0,0,0,0,0,0,0,0,0,0,0,0,0,0]],"loadPorts":[[0,0,0,0,0,0,0,0,0,0,0,0,0,0,0,0]],"master":true,"name":"handshake_lsq_lsq1","numBBs":1,"numLdChannels":1,"numLoadPorts":1,"numLoads":[1],"numStChannels":1,"numStorePorts":1,"numStores":[1],"pipe0En":0,"pipe1En":0,"pipeCompEn":0,"stPortIdx":[[0]],"stResp":0,"storeOffsets":[[1,0,0,0,0,0,0,0,0,0,0,0,0,0,0,0]],"storePorts":[[0,0,0,0,0,0,0,0,0,0,0,0,0,0,0,0]]}
{'addrWidth': 10, 'bufferDepth': 0, 'dataWidth': 32, 'fifoDepth': 16, 'fifoDepth_L': 8, 'fifoDepth_S': 8, 'groupMulti': 0, 'headLagEn': 0, 'indexWidth': 4, 'ldOrder': [[0]], 'ldPortIdx': [[0]], 'loadOffsets': [[0, 0, 0, 0, 0, 0, 0, 0, 0, 0, 0, 0, 0, 0, 0, 0]], 'loadPorts': [[0, 0, 0, 0, 0, 0, 0, 0, 0, 0, 0, 0, 0, 0, 0, 0]], 'master': True, 'name': 'handshake_lsq_lsq1', 'numBBs': 1, 'numLdChannels': 1, 'numLoadPorts': 1, 'numLoads': [1], 'numStChannels': 1, 'numStorePorts': 1, 'numStores': [1], 'pipe0En': 0, 'pipe1En': 0, 'pipeCompEn': 0, 'stPortIdx': [[0]], 'stResp': 0, 'storeOffsets': [[1, 0, 0, 0, 0, 0, 0, 0, 0, 0, 0, 0, 0, 0, 0, 0]], 'storePorts': [[0, 0, 0, 0, 0, 0, 0, 0, 0, 0, 0, 0, 0, 0, 0, 0]]}
[INFO] Exported RTL (vhdl)
[INFO] HDL generation succeeded
[INFO] Built kernel for IO gen.
[INFO] Ran kernel for IO gen.
[INFO] Launching Modelsim simulation
[INFO] Simulation succeeded
================================================================================
============== Dynamatic | Dynamic High-Level Synthesis Compiler ===============
======================== EPFL-LAP - v2.0.0 | March 2024 ========================
================================================================================


dynamatic> set-src skip2/runs/run_2025-12-16_16-05-39/histogram-8-8/histogram.c
dynamatic> write-hdl --rtl-config-name rtl-config-vhdl-histogram-8-8.json
dynamatic> simulate
dynamatic> exit

Goodbye!
[Iteration 0] Slack = 0.137

Slack >= 0 (0.137)

$$$ Target CP: 7.0 ns
$$$ Cycles: 1661
$$$ Real CP: 6.70 ns
$$$ Performance metric: 11128.70

=== Testing target CP = 6.5 ns ===
Running Handshake canonicalization...
Canonicalized Handshake.
Lowering Handshake to HW...
Lowered Handshake to HW.
{"addrWidth":10,"bufferDepth":0,"dataWidth":32,"fifoDepth":16,"fifoDepth_L":16,"fifoDepth_S":16,"groupMulti":0,"headLagEn":0,"indexWidth":4,"ldOrder":[[0]],"ldPortIdx":[[0]],"loadOffsets":[[0,0,0,0,0,0,0,0,0,0,0,0,0,0,0,0]],"loadPorts":[[0,0,0,0,0,0,0,0,0,0,0,0,0,0,0,0]],"master":true,"name":"handshake_lsq_lsq1","numBBs":1,"numLdChannels":1,"numLoadPorts":1,"numLoads":[1],"numStChannels":1,"numStorePorts":1,"numStores":[1],"pipe0En":0,"pipe1En":0,"pipeCompEn":0,"stPortIdx":[[0]],"stResp":0,"storeOffsets":[[1,0,0,0,0,0,0,0,0,0,0,0,0,0,0,0]],"storePorts":[[0,0,0,0,0,0,0,0,0,0,0,0,0,0,0,0]]}
{'addrWidth': 10, 'bufferDepth': 0, 'dataWidth': 32, 'fifoDepth': 16, 'fifoDepth_L': 8, 'fifoDepth_S': 8, 'groupMulti': 0, 'headLagEn': 0, 'indexWidth': 4, 'ldOrder': [[0]], 'ldPortIdx': [[0]], 'loadOffsets': [[0, 0, 0, 0, 0, 0, 0, 0, 0, 0, 0, 0, 0, 0, 0, 0]], 'loadPorts': [[0, 0, 0, 0, 0, 0, 0, 0, 0, 0, 0, 0, 0, 0, 0, 0]], 'master': True, 'name': 'handshake_lsq_lsq1', 'numBBs': 1, 'numLdChannels': 1, 'numLoadPorts': 1, 'numLoads': [1], 'numStChannels': 1, 'numStorePorts': 1, 'numStores': [1], 'pipe0En': 0, 'pipe1En': 0, 'pipeCompEn': 0, 'stPortIdx': [[0]], 'stResp': 0, 'storeOffsets': [[1, 0, 0, 0, 0, 0, 0, 0, 0, 0, 0, 0, 0, 0, 0, 0]], 'storePorts': [[0, 0, 0, 0, 0, 0, 0, 0, 0, 0, 0, 0, 0, 0, 0, 0]]}
[INFO] Exported RTL (vhdl)
[INFO] HDL generation succeeded
[INFO] Built kernel for IO gen.
[INFO] Ran kernel for IO gen.
[INFO] Launching Modelsim simulation
[INFO] Simulation succeeded
================================================================================
============== Dynamatic | Dynamic High-Level Synthesis Compiler ===============
======================== EPFL-LAP - v2.0.0 | March 2024 ========================
================================================================================


dynamatic> set-src skip2/runs/run_2025-12-16_16-05-39/histogram-8-8/histogram.c
dynamatic> write-hdl --rtl-config-name rtl-config-vhdl-histogram-8-8.json
dynamatic> simulate
dynamatic> exit

Goodbye!
[Iteration 0] Slack = -0.398

Slack < 0 (-0.398), increasing CP to 6.6 and retrying.

[Iteration 1] Slack = 0.012

Slack >= 0 (0.012)

$$$ Target CP: 6.5 ns
$$$ Cycles: 1661
$$$ Real CP: 6.60 ns
$$$ Performance metric: 10962.60

=== Testing target CP = 6.0 ns ===
Running Handshake canonicalization...
Canonicalized Handshake.
Lowering Handshake to HW...
Lowered Handshake to HW.
{"addrWidth":10,"bufferDepth":0,"dataWidth":32,"fifoDepth":16,"fifoDepth_L":16,"fifoDepth_S":16,"groupMulti":0,"headLagEn":0,"indexWidth":4,"ldOrder":[[0]],"ldPortIdx":[[0]],"loadOffsets":[[0,0,0,0,0,0,0,0,0,0,0,0,0,0,0,0]],"loadPorts":[[0,0,0,0,0,0,0,0,0,0,0,0,0,0,0,0]],"master":true,"name":"handshake_lsq_lsq1","numBBs":1,"numLdChannels":1,"numLoadPorts":1,"numLoads":[1],"numStChannels":1,"numStorePorts":1,"numStores":[1],"pipe0En":0,"pipe1En":0,"pipeCompEn":0,"stPortIdx":[[0]],"stResp":0,"storeOffsets":[[1,0,0,0,0,0,0,0,0,0,0,0,0,0,0,0]],"storePorts":[[0,0,0,0,0,0,0,0,0,0,0,0,0,0,0,0]]}
{'addrWidth': 10, 'bufferDepth': 0, 'dataWidth': 32, 'fifoDepth': 16, 'fifoDepth_L': 8, 'fifoDepth_S': 8, 'groupMulti': 0, 'headLagEn': 0, 'indexWidth': 4, 'ldOrder': [[0]], 'ldPortIdx': [[0]], 'loadOffsets': [[0, 0, 0, 0, 0, 0, 0, 0, 0, 0, 0, 0, 0, 0, 0, 0]], 'loadPorts': [[0, 0, 0, 0, 0, 0, 0, 0, 0, 0, 0, 0, 0, 0, 0, 0]], 'master': True, 'name': 'handshake_lsq_lsq1', 'numBBs': 1, 'numLdChannels': 1, 'numLoadPorts': 1, 'numLoads': [1], 'numStChannels': 1, 'numStorePorts': 1, 'numStores': [1], 'pipe0En': 0, 'pipe1En': 0, 'pipeCompEn': 0, 'stPortIdx': [[0]], 'stResp': 0, 'storeOffsets': [[1, 0, 0, 0, 0, 0, 0, 0, 0, 0, 0, 0, 0, 0, 0, 0]], 'storePorts': [[0, 0, 0, 0, 0, 0, 0, 0, 0, 0, 0, 0, 0, 0, 0, 0]]}
[INFO] Exported RTL (vhdl)
[INFO] HDL generation succeeded
[INFO] Built kernel for IO gen.
[INFO] Ran kernel for IO gen.
[INFO] Launching Modelsim simulation
[INFO] Simulation succeeded
================================================================================
============== Dynamatic | Dynamic High-Level Synthesis Compiler ===============
======================== EPFL-LAP - v2.0.0 | March 2024 ========================
================================================================================


dynamatic> set-src skip2/runs/run_2025-12-16_16-05-39/histogram-8-8/histogram.c
dynamatic> write-hdl --rtl-config-name rtl-config-vhdl-histogram-8-8.json
dynamatic> simulate
dynamatic> exit

Goodbye!
[Iteration 0] Slack = -0.993

Slack < 0 (-0.993), increasing CP to 6.69 and retrying.

[Iteration 1] Slack = 0.275

Slack >= 0 (0.275)

$$$ Target CP: 6.0 ns
$$$ Cycles: 1661
$$$ Real CP: 6.69 ns
$$$ Performance metric: 11112.09

=== Testing target CP = 5.5 ns ===
Running Handshake canonicalization...
Canonicalized Handshake.
Lowering Handshake to HW...
Lowered Handshake to HW.
{"addrWidth":10,"bufferDepth":0,"dataWidth":32,"fifoDepth":16,"fifoDepth_L":16,"fifoDepth_S":16,"groupMulti":0,"headLagEn":0,"indexWidth":4,"ldOrder":[[0]],"ldPortIdx":[[0]],"loadOffsets":[[0,0,0,0,0,0,0,0,0,0,0,0,0,0,0,0]],"loadPorts":[[0,0,0,0,0,0,0,0,0,0,0,0,0,0,0,0]],"master":true,"name":"handshake_lsq_lsq1","numBBs":1,"numLdChannels":1,"numLoadPorts":1,"numLoads":[1],"numStChannels":1,"numStorePorts":1,"numStores":[1],"pipe0En":0,"pipe1En":0,"pipeCompEn":0,"stPortIdx":[[0]],"stResp":0,"storeOffsets":[[1,0,0,0,0,0,0,0,0,0,0,0,0,0,0,0]],"storePorts":[[0,0,0,0,0,0,0,0,0,0,0,0,0,0,0,0]]}
{'addrWidth': 10, 'bufferDepth': 0, 'dataWidth': 32, 'fifoDepth': 16, 'fifoDepth_L': 8, 'fifoDepth_S': 8, 'groupMulti': 0, 'headLagEn': 0, 'indexWidth': 4, 'ldOrder': [[0]], 'ldPortIdx': [[0]], 'loadOffsets': [[0, 0, 0, 0, 0, 0, 0, 0, 0, 0, 0, 0, 0, 0, 0, 0]], 'loadPorts': [[0, 0, 0, 0, 0, 0, 0, 0, 0, 0, 0, 0, 0, 0, 0, 0]], 'master': True, 'name': 'handshake_lsq_lsq1', 'numBBs': 1, 'numLdChannels': 1, 'numLoadPorts': 1, 'numLoads': [1], 'numStChannels': 1, 'numStorePorts': 1, 'numStores': [1], 'pipe0En': 0, 'pipe1En': 0, 'pipeCompEn': 0, 'stPortIdx': [[0]], 'stResp': 0, 'storeOffsets': [[1, 0, 0, 0, 0, 0, 0, 0, 0, 0, 0, 0, 0, 0, 0, 0]], 'storePorts': [[0, 0, 0, 0, 0, 0, 0, 0, 0, 0, 0, 0, 0, 0, 0, 0]]}
[INFO] Exported RTL (vhdl)
[INFO] HDL generation succeeded
[INFO] Built kernel for IO gen.
[INFO] Ran kernel for IO gen.
[INFO] Launching Modelsim simulation
[INFO] Simulation succeeded
================================================================================
============== Dynamatic | Dynamic High-Level Synthesis Compiler ===============
======================== EPFL-LAP - v2.0.0 | March 2024 ========================
================================================================================


dynamatic> set-src skip2/runs/run_2025-12-16_16-05-39/histogram-8-8/histogram.c
dynamatic> write-hdl --rtl-config-name rtl-config-vhdl-histogram-8-8.json
dynamatic> simulate
dynamatic> exit

Goodbye!
[Iteration 0] Slack = -1.312

Slack < 0 (-1.312), increasing CP to 6.51 and retrying.

[Iteration 1] Slack = -0.208

Slack < 0 (-0.208), increasing CP to 6.72 and retrying.

[Iteration 2] Slack = 0.142

Slack >= 0 (0.142)

$$$ Target CP: 5.5 ns
$$$ Cycles: 2032
$$$ Real CP: 6.72 ns
$$$ Performance metric: 13655.04

=== Testing target CP = 5.0 ns ===
Running Handshake canonicalization...
Canonicalized Handshake.
Lowering Handshake to HW...
Lowered Handshake to HW.
{"addrWidth":10,"bufferDepth":0,"dataWidth":32,"fifoDepth":16,"fifoDepth_L":16,"fifoDepth_S":16,"groupMulti":0,"headLagEn":0,"indexWidth":4,"ldOrder":[[0]],"ldPortIdx":[[0]],"loadOffsets":[[0,0,0,0,0,0,0,0,0,0,0,0,0,0,0,0]],"loadPorts":[[0,0,0,0,0,0,0,0,0,0,0,0,0,0,0,0]],"master":true,"name":"handshake_lsq_lsq1","numBBs":1,"numLdChannels":1,"numLoadPorts":1,"numLoads":[1],"numStChannels":1,"numStorePorts":1,"numStores":[1],"pipe0En":0,"pipe1En":0,"pipeCompEn":0,"stPortIdx":[[0]],"stResp":0,"storeOffsets":[[1,0,0,0,0,0,0,0,0,0,0,0,0,0,0,0]],"storePorts":[[0,0,0,0,0,0,0,0,0,0,0,0,0,0,0,0]]}
{'addrWidth': 10, 'bufferDepth': 0, 'dataWidth': 32, 'fifoDepth': 16, 'fifoDepth_L': 8, 'fifoDepth_S': 8, 'groupMulti': 0, 'headLagEn': 0, 'indexWidth': 4, 'ldOrder': [[0]], 'ldPortIdx': [[0]], 'loadOffsets': [[0, 0, 0, 0, 0, 0, 0, 0, 0, 0, 0, 0, 0, 0, 0, 0]], 'loadPorts': [[0, 0, 0, 0, 0, 0, 0, 0, 0, 0, 0, 0, 0, 0, 0, 0]], 'master': True, 'name': 'handshake_lsq_lsq1', 'numBBs': 1, 'numLdChannels': 1, 'numLoadPorts': 1, 'numLoads': [1], 'numStChannels': 1, 'numStorePorts': 1, 'numStores': [1], 'pipe0En': 0, 'pipe1En': 0, 'pipeCompEn': 0, 'stPortIdx': [[0]], 'stResp': 0, 'storeOffsets': [[1, 0, 0, 0, 0, 0, 0, 0, 0, 0, 0, 0, 0, 0, 0, 0]], 'storePorts': [[0, 0, 0, 0, 0, 0, 0, 0, 0, 0, 0, 0, 0, 0, 0, 0]]}
[INFO] Exported RTL (vhdl)
[INFO] HDL generation succeeded
[INFO] Built kernel for IO gen.
[INFO] Ran kernel for IO gen.
[INFO] Launching Modelsim simulation
[INFO] Simulation succeeded
================================================================================
============== Dynamatic | Dynamic High-Level Synthesis Compiler ===============
======================== EPFL-LAP - v2.0.0 | March 2024 ========================
================================================================================


dynamatic> set-src skip2/runs/run_2025-12-16_16-05-39/histogram-8-8/histogram.c
dynamatic> write-hdl --rtl-config-name rtl-config-vhdl-histogram-8-8.json
dynamatic> simulate
dynamatic> exit

Goodbye!
[Iteration 0] Slack = -1.811

Slack < 0 (-1.811), increasing CP to 6.51 and retrying.

[Iteration 1] Slack = -0.208

Slack < 0 (-0.208), increasing CP to 6.72 and retrying.

[Iteration 2] Slack = 0.142

Slack >= 0 (0.142)

$$$ Target CP: 5.0 ns
$$$ Cycles: 2032
$$$ Real CP: 6.72 ns
$$$ Performance metric: 13655.04

=== Testing target CP = 4.5 ns ===
Running Handshake canonicalization...
Canonicalized Handshake.
Lowering Handshake to HW...
Lowered Handshake to HW.
{"addrWidth":10,"bufferDepth":0,"dataWidth":32,"fifoDepth":16,"fifoDepth_L":16,"fifoDepth_S":16,"groupMulti":0,"headLagEn":0,"indexWidth":4,"ldOrder":[[0]],"ldPortIdx":[[0]],"loadOffsets":[[0,0,0,0,0,0,0,0,0,0,0,0,0,0,0,0]],"loadPorts":[[0,0,0,0,0,0,0,0,0,0,0,0,0,0,0,0]],"master":true,"name":"handshake_lsq_lsq1","numBBs":1,"numLdChannels":1,"numLoadPorts":1,"numLoads":[1],"numStChannels":1,"numStorePorts":1,"numStores":[1],"pipe0En":0,"pipe1En":0,"pipeCompEn":0,"stPortIdx":[[0]],"stResp":0,"storeOffsets":[[1,0,0,0,0,0,0,0,0,0,0,0,0,0,0,0]],"storePorts":[[0,0,0,0,0,0,0,0,0,0,0,0,0,0,0,0]]}
{'addrWidth': 10, 'bufferDepth': 0, 'dataWidth': 32, 'fifoDepth': 16, 'fifoDepth_L': 8, 'fifoDepth_S': 8, 'groupMulti': 0, 'headLagEn': 0, 'indexWidth': 4, 'ldOrder': [[0]], 'ldPortIdx': [[0]], 'loadOffsets': [[0, 0, 0, 0, 0, 0, 0, 0, 0, 0, 0, 0, 0, 0, 0, 0]], 'loadPorts': [[0, 0, 0, 0, 0, 0, 0, 0, 0, 0, 0, 0, 0, 0, 0, 0]], 'master': True, 'name': 'handshake_lsq_lsq1', 'numBBs': 1, 'numLdChannels': 1, 'numLoadPorts': 1, 'numLoads': [1], 'numStChannels': 1, 'numStorePorts': 1, 'numStores': [1], 'pipe0En': 0, 'pipe1En': 0, 'pipeCompEn': 0, 'stPortIdx': [[0]], 'stResp': 0, 'storeOffsets': [[1, 0, 0, 0, 0, 0, 0, 0, 0, 0, 0, 0, 0, 0, 0, 0]], 'storePorts': [[0, 0, 0, 0, 0, 0, 0, 0, 0, 0, 0, 0, 0, 0, 0, 0]]}
[INFO] Exported RTL (vhdl)
[INFO] HDL generation succeeded
[INFO] Built kernel for IO gen.
[INFO] Ran kernel for IO gen.
[INFO] Launching Modelsim simulation
[INFO] Simulation succeeded
================================================================================
============== Dynamatic | Dynamic High-Level Synthesis Compiler ===============
======================== EPFL-LAP - v2.0.0 | March 2024 ========================
================================================================================


dynamatic> set-src skip2/runs/run_2025-12-16_16-05-39/histogram-8-8/histogram.c
dynamatic> write-hdl --rtl-config-name rtl-config-vhdl-histogram-8-8.json
dynamatic> simulate
dynamatic> exit

Goodbye!
[Iteration 0] Slack = -2.301

Slack < 0 (-2.301), increasing CP to 6.5 and retrying.

[Iteration 1] Slack = 0.195

Slack >= 0 (0.195)

$$$ Target CP: 4.5 ns
$$$ Cycles: 2028
$$$ Real CP: 6.50 ns
$$$ Performance metric: 13182.00

=== Testing target CP = 4.0 ns ===
Running Handshake canonicalization...
Canonicalized Handshake.
Lowering Handshake to HW...
Lowered Handshake to HW.
{"addrWidth":10,"bufferDepth":0,"dataWidth":32,"fifoDepth":16,"fifoDepth_L":16,"fifoDepth_S":16,"groupMulti":0,"headLagEn":0,"indexWidth":4,"ldOrder":[[0]],"ldPortIdx":[[0]],"loadOffsets":[[0,0,0,0,0,0,0,0,0,0,0,0,0,0,0,0]],"loadPorts":[[0,0,0,0,0,0,0,0,0,0,0,0,0,0,0,0]],"master":true,"name":"handshake_lsq_lsq1","numBBs":1,"numLdChannels":1,"numLoadPorts":1,"numLoads":[1],"numStChannels":1,"numStorePorts":1,"numStores":[1],"pipe0En":0,"pipe1En":0,"pipeCompEn":0,"stPortIdx":[[0]],"stResp":0,"storeOffsets":[[1,0,0,0,0,0,0,0,0,0,0,0,0,0,0,0]],"storePorts":[[0,0,0,0,0,0,0,0,0,0,0,0,0,0,0,0]]}
{'addrWidth': 10, 'bufferDepth': 0, 'dataWidth': 32, 'fifoDepth': 16, 'fifoDepth_L': 8, 'fifoDepth_S': 8, 'groupMulti': 0, 'headLagEn': 0, 'indexWidth': 4, 'ldOrder': [[0]], 'ldPortIdx': [[0]], 'loadOffsets': [[0, 0, 0, 0, 0, 0, 0, 0, 0, 0, 0, 0, 0, 0, 0, 0]], 'loadPorts': [[0, 0, 0, 0, 0, 0, 0, 0, 0, 0, 0, 0, 0, 0, 0, 0]], 'master': True, 'name': 'handshake_lsq_lsq1', 'numBBs': 1, 'numLdChannels': 1, 'numLoadPorts': 1, 'numLoads': [1], 'numStChannels': 1, 'numStorePorts': 1, 'numStores': [1], 'pipe0En': 0, 'pipe1En': 0, 'pipeCompEn': 0, 'stPortIdx': [[0]], 'stResp': 0, 'storeOffsets': [[1, 0, 0, 0, 0, 0, 0, 0, 0, 0, 0, 0, 0, 0, 0, 0]], 'storePorts': [[0, 0, 0, 0, 0, 0, 0, 0, 0, 0, 0, 0, 0, 0, 0, 0]]}
[INFO] Exported RTL (vhdl)
[INFO] HDL generation succeeded
[INFO] Built kernel for IO gen.
[INFO] Ran kernel for IO gen.
[INFO] Launching Modelsim simulation
[INFO] Simulation succeeded
================================================================================
============== Dynamatic | Dynamic High-Level Synthesis Compiler ===============
======================== EPFL-LAP - v2.0.0 | March 2024 ========================
================================================================================


dynamatic> set-src skip2/runs/run_2025-12-16_16-05-39/histogram-8-8/histogram.c
dynamatic> write-hdl --rtl-config-name rtl-config-vhdl-histogram-8-8.json
dynamatic> simulate
dynamatic> exit

Goodbye!
[Iteration 0] Slack = -2.879

Slack < 0 (-2.879), increasing CP to 6.58 and retrying.

[Iteration 1] Slack = -0.018

Slack < 0 (-0.018), increasing CP to 6.6 and retrying.

[Iteration 2] Slack = 0.193

Slack >= 0 (0.193)

$$$ Target CP: 4.0 ns
$$$ Cycles: 2028
$$$ Real CP: 6.60 ns
$$$ Performance metric: 13384.80

=== Testing target CP = 3.5 ns ===
Running Handshake canonicalization...
Canonicalized Handshake.
Lowering Handshake to HW...
Lowered Handshake to HW.
{"addrWidth":10,"bufferDepth":0,"dataWidth":32,"fifoDepth":16,"fifoDepth_L":16,"fifoDepth_S":16,"groupMulti":0,"headLagEn":0,"indexWidth":4,"ldOrder":[[0]],"ldPortIdx":[[0]],"loadOffsets":[[0,0,0,0,0,0,0,0,0,0,0,0,0,0,0,0]],"loadPorts":[[0,0,0,0,0,0,0,0,0,0,0,0,0,0,0,0]],"master":true,"name":"handshake_lsq_lsq1","numBBs":1,"numLdChannels":1,"numLoadPorts":1,"numLoads":[1],"numStChannels":1,"numStorePorts":1,"numStores":[1],"pipe0En":0,"pipe1En":0,"pipeCompEn":0,"stPortIdx":[[0]],"stResp":0,"storeOffsets":[[1,0,0,0,0,0,0,0,0,0,0,0,0,0,0,0]],"storePorts":[[0,0,0,0,0,0,0,0,0,0,0,0,0,0,0,0]]}
{'addrWidth': 10, 'bufferDepth': 0, 'dataWidth': 32, 'fifoDepth': 16, 'fifoDepth_L': 8, 'fifoDepth_S': 8, 'groupMulti': 0, 'headLagEn': 0, 'indexWidth': 4, 'ldOrder': [[0]], 'ldPortIdx': [[0]], 'loadOffsets': [[0, 0, 0, 0, 0, 0, 0, 0, 0, 0, 0, 0, 0, 0, 0, 0]], 'loadPorts': [[0, 0, 0, 0, 0, 0, 0, 0, 0, 0, 0, 0, 0, 0, 0, 0]], 'master': True, 'name': 'handshake_lsq_lsq1', 'numBBs': 1, 'numLdChannels': 1, 'numLoadPorts': 1, 'numLoads': [1], 'numStChannels': 1, 'numStorePorts': 1, 'numStores': [1], 'pipe0En': 0, 'pipe1En': 0, 'pipeCompEn': 0, 'stPortIdx': [[0]], 'stResp': 0, 'storeOffsets': [[1, 0, 0, 0, 0, 0, 0, 0, 0, 0, 0, 0, 0, 0, 0, 0]], 'storePorts': [[0, 0, 0, 0, 0, 0, 0, 0, 0, 0, 0, 0, 0, 0, 0, 0]]}
[INFO] Exported RTL (vhdl)
[INFO] HDL generation succeeded
[INFO] Built kernel for IO gen.
[INFO] Ran kernel for IO gen.
[INFO] Launching Modelsim simulation
[INFO] Simulation succeeded
================================================================================
============== Dynamatic | Dynamic High-Level Synthesis Compiler ===============
======================== EPFL-LAP - v2.0.0 | March 2024 ========================
================================================================================


dynamatic> set-src skip2/runs/run_2025-12-16_16-05-39/histogram-8-8/histogram.c
dynamatic> write-hdl --rtl-config-name rtl-config-vhdl-histogram-8-8.json
dynamatic> simulate
dynamatic> exit

Goodbye!
[Iteration 0] Slack = -2.022

Slack < 0 (-2.022), increasing CP to 5.22 and retrying.

[Iteration 1] Slack = 0.074

Slack >= 0 (0.074)

$$$ Target CP: 3.5 ns
$$$ Cycles: 3032
$$$ Real CP: 5.22 ns
$$$ Performance metric: 15827.04

=== Testing target CP = 3.0 ns ===
Running Handshake canonicalization...
Canonicalized Handshake.
Lowering Handshake to HW...
Lowered Handshake to HW.
{"addrWidth":10,"bufferDepth":0,"dataWidth":32,"fifoDepth":16,"fifoDepth_L":16,"fifoDepth_S":16,"groupMulti":0,"headLagEn":0,"indexWidth":4,"ldOrder":[[0]],"ldPortIdx":[[0]],"loadOffsets":[[0,0,0,0,0,0,0,0,0,0,0,0,0,0,0,0]],"loadPorts":[[0,0,0,0,0,0,0,0,0,0,0,0,0,0,0,0]],"master":true,"name":"handshake_lsq_lsq1","numBBs":1,"numLdChannels":1,"numLoadPorts":1,"numLoads":[1],"numStChannels":1,"numStorePorts":1,"numStores":[1],"pipe0En":0,"pipe1En":0,"pipeCompEn":0,"stPortIdx":[[0]],"stResp":0,"storeOffsets":[[1,0,0,0,0,0,0,0,0,0,0,0,0,0,0,0]],"storePorts":[[0,0,0,0,0,0,0,0,0,0,0,0,0,0,0,0]]}
{'addrWidth': 10, 'bufferDepth': 0, 'dataWidth': 32, 'fifoDepth': 16, 'fifoDepth_L': 8, 'fifoDepth_S': 8, 'groupMulti': 0, 'headLagEn': 0, 'indexWidth': 4, 'ldOrder': [[0]], 'ldPortIdx': [[0]], 'loadOffsets': [[0, 0, 0, 0, 0, 0, 0, 0, 0, 0, 0, 0, 0, 0, 0, 0]], 'loadPorts': [[0, 0, 0, 0, 0, 0, 0, 0, 0, 0, 0, 0, 0, 0, 0, 0]], 'master': True, 'name': 'handshake_lsq_lsq1', 'numBBs': 1, 'numLdChannels': 1, 'numLoadPorts': 1, 'numLoads': [1], 'numStChannels': 1, 'numStorePorts': 1, 'numStores': [1], 'pipe0En': 0, 'pipe1En': 0, 'pipeCompEn': 0, 'stPortIdx': [[0]], 'stResp': 0, 'storeOffsets': [[1, 0, 0, 0, 0, 0, 0, 0, 0, 0, 0, 0, 0, 0, 0, 0]], 'storePorts': [[0, 0, 0, 0, 0, 0, 0, 0, 0, 0, 0, 0, 0, 0, 0, 0]]}
[INFO] Exported RTL (vhdl)
[INFO] HDL generation succeeded
[INFO] Built kernel for IO gen.
[INFO] Ran kernel for IO gen.
[INFO] Launching Modelsim simulation
[INFO] Simulation succeeded
================================================================================
============== Dynamatic | Dynamic High-Level Synthesis Compiler ===============
======================== EPFL-LAP - v2.0.0 | March 2024 ========================
================================================================================


dynamatic> set-src skip2/runs/run_2025-12-16_16-05-39/histogram-8-8/histogram.c
dynamatic> write-hdl --rtl-config-name rtl-config-vhdl-histogram-8-8.json
dynamatic> simulate
dynamatic> exit

Goodbye!
[Iteration 0] Slack = -2.419

Slack < 0 (-2.419), increasing CP to 5.12 and retrying.

[Iteration 1] Slack = -0.011

Slack < 0 (-0.011), increasing CP to 5.13 and retrying.

[Iteration 2] Slack = -0.136

Slack < 0 (-0.136), increasing CP to 5.27 and retrying.

[Iteration 3] Slack = 0.133

Slack >= 0 (0.133)

$$$ Target CP: 3.0 ns
$$$ Cycles: 3032
$$$ Real CP: 5.27 ns
$$$ Performance metric: 15978.64

===  Best Configuration Found ===
Target CP : 6.50 ns
Real   CP : 6.60 ns
Cycles    : 1661
Performance metric : 10962.60
