INFO: [Timing 38-91] UpdateTimingParams: Speed grade: -3, Delay Type: max.
INFO: [Timing 38-191] Multithreading enabled for timing update using a maximum of 8 CPUs
INFO: [Timing 38-35] Done setting XDC timing constraints.
WARNING: [Timing 38-242] The property HD.CLK_SRC of clock port "clk" is not set. In out-of-context mode, this prevents timing estimation for clock delay/skew
Resolution: Set the HD.CLK_SRC property of the out-of-context port to the location of the clock buffer instance in the top-level design
INFO: [Timing 38-78] ReportTimingParams: -max_paths 1 -nworst 1 -delay_type max -sort_by slack.
Copyright 1986-2022 Xilinx, Inc. All Rights Reserved. Copyright 2022-2024 Advanced Micro Devices, Inc. All Rights Reserved.
---------------------------------------------------------------------------------------------------------------------------------------------
| Tool Version : Vivado v.2024.2 (lin64) Build 5239630 Fri Nov 08 22:34:34 MST 2024
| Date         : Tue Dec 16 15:29:19 2025
| Host         : lap-inf133 running 64-bit Ubuntu 24.04.3 LTS
| Command      : report_timing
| Design       : histogram
| Device       : 7k160t-fbg484
| Speed File   : -3  PRODUCTION 1.12 2017-02-17
| Design State : Synthesized
---------------------------------------------------------------------------------------------------------------------------------------------

Timing Report

Slack (VIOLATED) :        -1.062ns  (required time - arrival time)
  Source:                 lsq1/handshake_lsq_lsq1_core/ldq_head_q_reg[2]/C
                            (rising edge-triggered cell FDCE clocked by clk  {rise@0.000ns fall@3.600ns period=7.200ns})
  Destination:            addf0/operator/RightShifterComponent/level4_c1_reg[10]/R
                            (rising edge-triggered cell FDRE clocked by clk  {rise@0.000ns fall@3.600ns period=7.200ns})
  Path Group:             clk
  Path Type:              Setup (Max at Slow Process Corner)
  Requirement:            7.200ns  (clk rise@7.200ns - clk rise@0.000ns)
  Data Path Delay:        7.907ns  (logic 2.267ns (28.671%)  route 5.640ns (71.329%))
  Logic Levels:           19  (CARRY4=9 LUT3=2 LUT4=2 LUT5=2 LUT6=4)
  Clock Path Skew:        -0.025ns (DCD - SCD + CPR)
    Destination Clock Delay (DCD):    0.483ns = ( 7.683 - 7.200 ) 
    Source Clock Delay      (SCD):    0.508ns
    Clock Pessimism Removal (CPR):    0.000ns
  Clock Uncertainty:      0.035ns  ((TSJ^2 + TIJ^2)^1/2 + DJ) / 2 + PE
    Total System Jitter     (TSJ):    0.071ns
    Total Input Jitter      (TIJ):    0.000ns
    Discrete Jitter          (DJ):    0.000ns
    Phase Error              (PE):    0.000ns

    Location             Delay type                Incr(ns)  Path(ns)    Netlist Resource(s)
  -------------------------------------------------------------------    -------------------
                         (clock clk rise edge)        0.000     0.000 r  
                                                      0.000     0.000 r  clk (IN)
                         net (fo=1983, unset)         0.508     0.508    lsq1/handshake_lsq_lsq1_core/clk
                         FDCE                                         r  lsq1/handshake_lsq_lsq1_core/ldq_head_q_reg[2]/C
  -------------------------------------------------------------------    -------------------
                         FDCE (Prop_fdce_C_Q)         0.226     0.734 r  lsq1/handshake_lsq_lsq1_core/ldq_head_q_reg[2]/Q
                         net (fo=24, unplaced)        0.452     1.186    lsq1/handshake_lsq_lsq1_core/ldq_head_q[2]
                         LUT4 (Prop_lut4_I1_O)        0.119     1.305 r  lsq1/handshake_lsq_lsq1_core/ldq_alloc_3_q_i_7/O
                         net (fo=1, unplaced)         0.000     1.305    lsq1/handshake_lsq_lsq1_core/ldq_alloc_3_q_i_7_n_0
                         CARRY4 (Prop_carry4_S[1]_CO[3])
                                                      0.246     1.551 r  lsq1/handshake_lsq_lsq1_core/ldq_alloc_3_q_reg_i_3/CO[3]
                         net (fo=1, unplaced)         0.007     1.558    lsq1/handshake_lsq_lsq1_core/ldq_alloc_3_q_reg_i_3_n_0
                         CARRY4 (Prop_carry4_CI_O[3])
                                                      0.154     1.712 r  lsq1/handshake_lsq_lsq1_core/ldq_alloc_5_q_reg_i_3/O[3]
                         net (fo=5, unplaced)         0.484     2.196    lsq1/handshake_lsq_lsq1_core/ldq_alloc_5_q_reg_i_3_n_4
                         LUT3 (Prop_lut3_I1_O)        0.120     2.316 f  lsq1/handshake_lsq_lsq1_core/dataReg[31]_i_7/O
                         net (fo=33, unplaced)        0.449     2.765    lsq1/handshake_lsq_lsq1_core/handshake_lsq_lsq1_core_ldd_dispatcher/oldest_entry_allocated_per_port_0
                         LUT6 (Prop_lut6_I1_O)        0.043     2.808 f  lsq1/handshake_lsq_lsq1_core/dataReg[26]_i_2/O
                         net (fo=4, unplaced)         0.401     3.209    lsq1/handshake_lsq_lsq1_core/dataReg[26]_i_2_n_0
                         LUT5 (Prop_lut5_I2_O)        0.043     3.252 f  lsq1/handshake_lsq_lsq1_core/ltOp_carry__2_i_20/O
                         net (fo=7, unplaced)         0.412     3.664    lsq1/handshake_lsq_lsq1_core/dataReg_reg[26]
                         LUT4 (Prop_lut4_I1_O)        0.043     3.707 f  lsq1/handshake_lsq_lsq1_core/level4_c1[24]_i_9/O
                         net (fo=7, unplaced)         0.279     3.986    lsq1/handshake_lsq_lsq1_core/level4_c1[24]_i_9_n_0
                         LUT6 (Prop_lut6_I0_O)        0.043     4.029 r  lsq1/handshake_lsq_lsq1_core/level4_c1[21]_i_3/O
                         net (fo=52, unplaced)        0.327     4.356    lsq1/handshake_lsq_lsq1_core/level4_c1[21]_i_3_n_0
                         LUT6 (Prop_lut6_I1_O)        0.043     4.399 r  lsq1/handshake_lsq_lsq1_core/ltOp_carry_i_3/O
                         net (fo=1, unplaced)         0.459     4.858    addf0/operator/DI[1]
                         CARRY4 (Prop_carry4_DI[1]_CO[3])
                                                      0.245     5.103 r  addf0/operator/ltOp_carry/CO[3]
                         net (fo=1, unplaced)         0.007     5.110    addf0/operator/ltOp_carry_n_0
                         CARRY4 (Prop_carry4_CI_CO[3])
                                                      0.050     5.160 r  addf0/operator/ltOp_carry__0/CO[3]
                         net (fo=1, unplaced)         0.000     5.160    addf0/operator/ltOp_carry__0_n_0
                         CARRY4 (Prop_carry4_CI_CO[3])
                                                      0.050     5.210 r  addf0/operator/ltOp_carry__1/CO[3]
                         net (fo=1, unplaced)         0.000     5.210    addf0/operator/ltOp_carry__1_n_0
                         CARRY4 (Prop_carry4_CI_CO[3])
                                                      0.050     5.260 r  addf0/operator/ltOp_carry__2/CO[3]
                         net (fo=1, unplaced)         0.000     5.260    addf0/operator/ltOp_carry__2_n_0
                         CARRY4 (Prop_carry4_CI_CO[0])
                                                      0.135     5.395 r  addf0/operator/ltOp_carry__3/CO[0]
                         net (fo=89, unplaced)        0.269     5.664    lsq1/handshake_lsq_lsq1_core/CO[0]
                         LUT6 (Prop_lut6_I5_O)        0.127     5.791 r  lsq1/handshake_lsq_lsq1_core/i__carry_i_3/O
                         net (fo=1, unplaced)         0.459     6.250    addf0/operator/p_1_in[1]
                         CARRY4 (Prop_carry4_DI[1]_CO[3])
                                                      0.245     6.495 r  addf0/operator/_inferred__1/i__carry/CO[3]
                         net (fo=1, unplaced)         0.007     6.502    addf0/operator/_inferred__1/i__carry_n_0
                         CARRY4 (Prop_carry4_CI_O[2])
                                                      0.116     6.618 r  addf0/operator/_inferred__1/i__carry__0/O[2]
                         net (fo=7, unplaced)         0.740     7.358    lsq1/handshake_lsq_lsq1_core/level4_c1_reg[25]_0[2]
                         LUT5 (Prop_lut5_I1_O)        0.126     7.484 f  lsq1/handshake_lsq_lsq1_core/level4_c1[24]_i_6/O
                         net (fo=12, unplaced)        0.292     7.776    lsq1/handshake_lsq_lsq1_core/level4_c1[24]_i_6_n_0
                         LUT3 (Prop_lut3_I1_O)        0.043     7.819 r  lsq1/handshake_lsq_lsq1_core/level4_c1[23]_i_1/O
                         net (fo=14, unplaced)        0.596     8.415    addf0/operator/RightShifterComponent/level4_c1_reg[23]_0
                         FDRE                                         r  addf0/operator/RightShifterComponent/level4_c1_reg[10]/R
  -------------------------------------------------------------------    -------------------

                         (clock clk rise edge)        7.200     7.200 r  
                                                      0.000     7.200 r  clk (IN)
                         net (fo=1983, unset)         0.483     7.683    addf0/operator/RightShifterComponent/clk
                         FDRE                                         r  addf0/operator/RightShifterComponent/level4_c1_reg[10]/C
                         clock pessimism              0.000     7.683    
                         clock uncertainty           -0.035     7.647    
                         FDRE (Setup_fdre_C_R)       -0.294     7.353    addf0/operator/RightShifterComponent/level4_c1_reg[10]
  -------------------------------------------------------------------
                         required time                          7.353    
                         arrival time                          -8.415    
  -------------------------------------------------------------------
                         slack                                 -1.062    




