INFO: [Timing 38-91] UpdateTimingParams: Speed grade: -3, Delay Type: max.
INFO: [Timing 38-191] Multithreading enabled for timing update using a maximum of 8 CPUs
WARNING: [Timing 38-242] The property HD.CLK_SRC of clock port "clk" is not set. In out-of-context mode, this prevents timing estimation for clock delay/skew
Resolution: Set the HD.CLK_SRC property of the out-of-context port to the location of the clock buffer instance in the top-level design
INFO: [Timing 38-78] ReportTimingParams: -max_paths 1 -nworst 1 -delay_type max -sort_by slack.
Copyright 1986-2022 Xilinx, Inc. All Rights Reserved. Copyright 2022-2024 Advanced Micro Devices, Inc. All Rights Reserved.
---------------------------------------------------------------------------------------------------------------------------------------------
| Tool Version : Vivado v.2024.2 (lin64) Build 5239630 Fri Nov 08 22:34:34 MST 2024
| Date         : Tue Dec 16 00:48:12 2025
| Host         : lap-inf133 running 64-bit Ubuntu 24.04.3 LTS
| Command      : report_timing
| Design       : histogram
| Device       : 7k160t-fbg484
| Speed File   : -3  PRODUCTION 1.12 2017-02-17
| Design State : Routed
---------------------------------------------------------------------------------------------------------------------------------------------

Timing Report

Slack (VIOLATED) :        -1.177ns  (required time - arrival time)
  Source:                 load5/data_tehb/dataReg_reg[30]/C
                            (rising edge-triggered cell FDRE clocked by clk  {rise@0.000ns fall@1.350ns period=2.700ns})
  Destination:            addf0/operator/expDiff_c1_reg[5]/D
                            (rising edge-triggered cell FDRE clocked by clk  {rise@0.000ns fall@1.350ns period=2.700ns})
  Path Group:             clk
  Path Type:              Setup (Max at Slow Process Corner)
  Requirement:            2.700ns  (clk rise@2.700ns - clk rise@0.000ns)
  Data Path Delay:        3.865ns  (logic 1.620ns (41.919%)  route 2.245ns (58.081%))
  Logic Levels:           13  (CARRY4=7 LUT4=1 LUT5=2 LUT6=3)
  Clock Path Skew:        -0.025ns (DCD - SCD + CPR)
    Destination Clock Delay (DCD):    0.483ns = ( 3.183 - 2.700 ) 
    Source Clock Delay      (SCD):    0.508ns
    Clock Pessimism Removal (CPR):    0.000ns
  Clock Uncertainty:      0.035ns  ((TSJ^2 + TIJ^2)^1/2 + DJ) / 2 + PE
    Total System Jitter     (TSJ):    0.071ns
    Total Input Jitter      (TIJ):    0.000ns
    Discrete Jitter          (DJ):    0.000ns
    Phase Error              (PE):    0.000ns

    Location             Delay type                Incr(ns)  Path(ns)    Netlist Resource(s)
  -------------------------------------------------------------------    -------------------
                         (clock clk rise edge)        0.000     0.000 r  
                                                      0.000     0.000 r  clk (IN)
                         net (fo=884, unset)          0.508     0.508    load5/data_tehb/clk
    SLICE_X8Y78          FDRE                                         r  load5/data_tehb/dataReg_reg[30]/C
  -------------------------------------------------------------------    -------------------
    SLICE_X8Y78          FDRE (Prop_fdre_C_Q)         0.232     0.740 f  load5/data_tehb/dataReg_reg[30]/Q
                         net (fo=1, routed)           0.334     1.074    load5/data_tehb/control/signY_c1_reg[30]
    SLICE_X9Y78          LUT5 (Prop_lut5_I0_O)        0.126     1.200 f  load5/data_tehb/control/expX_c1[7]_i_3/O
                         net (fo=6, routed)           0.401     1.601    load5/data_tehb/control/dataReg_reg[30]_0
    SLICE_X8Y79          LUT4 (Prop_lut4_I0_O)        0.043     1.644 f  load5/data_tehb/control/newY_c1[22]_i_6/O
                         net (fo=1, routed)           0.097     1.741    load5/data_tehb/control/newY_c1[22]_i_6_n_0
    SLICE_X8Y79          LUT5 (Prop_lut5_I4_O)        0.043     1.784 r  load5/data_tehb/control/newY_c1[22]_i_4/O
                         net (fo=28, routed)          0.368     2.152    load5/data_tehb/control/newY_c1[22]_i_4_n_0
    SLICE_X7Y78          LUT6 (Prop_lut6_I0_O)        0.043     2.195 r  load5/data_tehb/control/newY_c1[0]_i_2/O
                         net (fo=4, routed)           0.193     2.389    load1/data_tehb/control/ltOp_carry_0
    SLICE_X6Y78          LUT6 (Prop_lut6_I4_O)        0.043     2.432 r  load1/data_tehb/control/ltOp_carry_i_4/O
                         net (fo=1, routed)           0.355     2.787    addf0/operator/DI[0]
    SLICE_X6Y79          CARRY4 (Prop_carry4_DI[0]_CO[3])
                                                      0.276     3.063 r  addf0/operator/ltOp_carry/CO[3]
                         net (fo=1, routed)           0.000     3.063    addf0/operator/ltOp_carry_n_0
    SLICE_X6Y80          CARRY4 (Prop_carry4_CI_CO[3])
                                                      0.050     3.113 r  addf0/operator/ltOp_carry__0/CO[3]
                         net (fo=1, routed)           0.000     3.113    addf0/operator/ltOp_carry__0_n_0
    SLICE_X6Y81          CARRY4 (Prop_carry4_CI_CO[3])
                                                      0.050     3.163 r  addf0/operator/ltOp_carry__1/CO[3]
                         net (fo=1, routed)           0.000     3.163    addf0/operator/ltOp_carry__1_n_0
    SLICE_X6Y82          CARRY4 (Prop_carry4_CI_CO[3])
                                                      0.050     3.213 r  addf0/operator/ltOp_carry__2/CO[3]
                         net (fo=1, routed)           0.000     3.213    addf0/operator/ltOp_carry__2_n_0
    SLICE_X6Y83          CARRY4 (Prop_carry4_CI_CO[0])
                                                      0.122     3.335 r  addf0/operator/ltOp_carry__3/CO[0]
                         net (fo=67, routed)          0.315     3.650    load5/data_tehb/control/CO[0]
    SLICE_X5Y85          LUT6 (Prop_lut6_I0_O)        0.127     3.777 r  load5/data_tehb/control/i__carry_i_4/O
                         net (fo=1, routed)           0.181     3.958    addf0/operator/expDiff_c1_reg[3]_0[0]
    SLICE_X7Y84          CARRY4 (Prop_carry4_DI[0]_CO[3])
                                                      0.262     4.220 r  addf0/operator/_inferred__1/i__carry/CO[3]
                         net (fo=1, routed)           0.000     4.220    addf0/operator/_inferred__1/i__carry_n_0
    SLICE_X7Y85          CARRY4 (Prop_carry4_CI_O[1])
                                                      0.153     4.373 r  addf0/operator/_inferred__1/i__carry__0/O[1]
                         net (fo=1, routed)           0.000     4.373    addf0/operator/expDiff_c0[5]
    SLICE_X7Y85          FDRE                                         r  addf0/operator/expDiff_c1_reg[5]/D
  -------------------------------------------------------------------    -------------------

                         (clock clk rise edge)        2.700     2.700 r  
                                                      0.000     2.700 r  clk (IN)
                         net (fo=884, unset)          0.483     3.183    addf0/operator/clk
    SLICE_X7Y85          FDRE                                         r  addf0/operator/expDiff_c1_reg[5]/C
                         clock pessimism              0.000     3.183    
                         clock uncertainty           -0.035     3.147    
    SLICE_X7Y85          FDRE (Setup_fdre_C_D)        0.048     3.195    addf0/operator/expDiff_c1_reg[5]
  -------------------------------------------------------------------
                         required time                          3.195    
                         arrival time                          -4.373    
  -------------------------------------------------------------------
                         slack                                 -1.177    




