INFO: [Timing 38-91] UpdateTimingParams: Speed grade: -3, Delay Type: max.
INFO: [Timing 38-191] Multithreading enabled for timing update using a maximum of 8 CPUs
WARNING: [Timing 38-242] The property HD.CLK_SRC of clock port "clk" is not set. In out-of-context mode, this prevents timing estimation for clock delay/skew
Resolution: Set the HD.CLK_SRC property of the out-of-context port to the location of the clock buffer instance in the top-level design
INFO: [Timing 38-78] ReportTimingParams: -max_paths 1 -nworst 1 -delay_type max -sort_by slack.
Copyright 1986-2022 Xilinx, Inc. All Rights Reserved. Copyright 2022-2024 Advanced Micro Devices, Inc. All Rights Reserved.
---------------------------------------------------------------------------------------------------------------------------------------------
| Tool Version : Vivado v.2024.2 (lin64) Build 5239630 Fri Nov 08 22:34:34 MST 2024
| Date         : Tue Dec 16 15:29:25 2025
| Host         : lap-inf133 running 64-bit Ubuntu 24.04.3 LTS
| Command      : report_timing
| Design       : jacobi_1d_imper
| Device       : 7k160t-fbg484
| Speed File   : -3  PRODUCTION 1.12 2017-02-17
| Design State : Routed
---------------------------------------------------------------------------------------------------------------------------------------------

Timing Report

Slack (MET) :             0.075ns  (required time - arrival time)
  Source:                 lsq3/handshake_lsq_lsq3_core/ldq_addr_0_q_reg[6]/C
                            (rising edge-triggered cell FDRE clocked by clk  {rise@0.000ns fall@2.600ns period=5.200ns})
  Destination:            lsq3/handshake_lsq_lsq3_core/ldq_data_0_q_reg[31]/CE
                            (rising edge-triggered cell FDRE clocked by clk  {rise@0.000ns fall@2.600ns period=5.200ns})
  Path Group:             clk
  Path Type:              Setup (Max at Slow Process Corner)
  Requirement:            5.200ns  (clk rise@5.200ns - clk rise@0.000ns)
  Data Path Delay:        4.870ns  (logic 1.217ns (24.991%)  route 3.653ns (75.009%))
  Logic Levels:           13  (CARRY4=4 LUT3=1 LUT4=2 LUT5=2 LUT6=4)
  Clock Path Skew:        -0.025ns (DCD - SCD + CPR)
    Destination Clock Delay (DCD):    0.483ns = ( 5.683 - 5.200 ) 
    Source Clock Delay      (SCD):    0.508ns
    Clock Pessimism Removal (CPR):    0.000ns
  Clock Uncertainty:      0.035ns  ((TSJ^2 + TIJ^2)^1/2 + DJ) / 2 + PE
    Total System Jitter     (TSJ):    0.071ns
    Total Input Jitter      (TIJ):    0.000ns
    Discrete Jitter          (DJ):    0.000ns
    Phase Error              (PE):    0.000ns

    Location             Delay type                Incr(ns)  Path(ns)    Netlist Resource(s)
  -------------------------------------------------------------------    -------------------
                         (clock clk rise edge)        0.000     0.000 r  
                                                      0.000     0.000 r  clk (IN)
                         net (fo=1981, unset)         0.508     0.508    lsq3/handshake_lsq_lsq3_core/clk
    SLICE_X14Y162        FDRE                                         r  lsq3/handshake_lsq_lsq3_core/ldq_addr_0_q_reg[6]/C
  -------------------------------------------------------------------    -------------------
    SLICE_X14Y162        FDRE (Prop_fdre_C_Q)         0.254     0.762 r  lsq3/handshake_lsq_lsq3_core/ldq_addr_0_q_reg[6]/Q
                         net (fo=9, routed)           0.543     1.305    lsq3/handshake_lsq_lsq3_core/ldq_addr_0_q[6]
    SLICE_X14Y163        LUT6 (Prop_lut6_I0_O)        0.043     1.348 f  lsq3/handshake_lsq_lsq3_core/A_storeEn_INST_0_i_54/O
                         net (fo=1, routed)           0.251     1.599    lsq3/handshake_lsq_lsq3_core/A_storeEn_INST_0_i_54_n_0
    SLICE_X14Y162        LUT6 (Prop_lut6_I5_O)        0.043     1.642 r  lsq3/handshake_lsq_lsq3_core/A_storeEn_INST_0_i_26/O
                         net (fo=4, routed)           0.354     1.997    lsq3/handshake_lsq_lsq3_core/A_storeEn_INST_0_i_26_n_0
    SLICE_X10Y160        LUT4 (Prop_lut4_I1_O)        0.043     2.040 r  lsq3/handshake_lsq_lsq3_core/A_loadEn_INST_0_i_53/O
                         net (fo=5, routed)           0.501     2.541    lsq3/handshake_lsq_lsq3_core/ld_st_conflict_0_6
    SLICE_X2Y158         LUT4 (Prop_lut4_I0_O)        0.043     2.584 r  lsq3/handshake_lsq_lsq3_core/ldq_data_0_q[30]_i_10/O
                         net (fo=1, routed)           0.000     2.584    lsq3/handshake_lsq_lsq3_core/ldq_data_0_q[30]_i_10_n_0
    SLICE_X2Y158         CARRY4 (Prop_carry4_S[1]_CO[3])
                                                      0.246     2.830 r  lsq3/handshake_lsq_lsq3_core/ldq_data_0_q_reg[30]_i_6/CO[3]
                         net (fo=1, routed)           0.000     2.830    lsq3/handshake_lsq_lsq3_core/ldq_data_0_q_reg[30]_i_6_n_0
    SLICE_X2Y159         CARRY4 (Prop_carry4_CI_CO[3])
                                                      0.050     2.880 r  lsq3/handshake_lsq_lsq3_core/ldq_data_0_q_reg[31]_i_9/CO[3]
                         net (fo=1, routed)           0.000     2.880    lsq3/handshake_lsq_lsq3_core/ldq_data_0_q_reg[31]_i_9_n_0
    SLICE_X2Y160         CARRY4 (Prop_carry4_CI_CO[3])
                                                      0.050     2.930 r  lsq3/handshake_lsq_lsq3_core/ldq_data_0_q_reg[30]_i_7/CO[3]
                         net (fo=1, routed)           0.000     2.930    lsq3/handshake_lsq_lsq3_core/ldq_data_0_q_reg[30]_i_7_n_0
    SLICE_X2Y161         CARRY4 (Prop_carry4_CI_O[1])
                                                      0.152     3.082 f  lsq3/handshake_lsq_lsq3_core/ldq_data_0_q_reg[31]_i_10__0/O[1]
                         net (fo=1, routed)           0.445     3.526    lsq3/handshake_lsq_lsq3_core/TEMP_34_double_out1[13]
    SLICE_X11Y161        LUT3 (Prop_lut3_I2_O)        0.121     3.647 r  lsq3/handshake_lsq_lsq3_core/ldq_data_0_q[24]_i_3__0/O
                         net (fo=33, routed)          0.273     3.921    lsq3/handshake_lsq_lsq3_core/ldq_data_0_q[24]_i_3__0_n_0
    SLICE_X11Y157        LUT6 (Prop_lut6_I2_O)        0.043     3.964 r  lsq3/handshake_lsq_lsq3_core/ldq_issue_0_q_i_7__0/O
                         net (fo=1, routed)           0.241     4.204    lsq3/handshake_lsq_lsq3_core/ldq_issue_0_q_i_7__0_n_0
    SLICE_X12Y157        LUT6 (Prop_lut6_I2_O)        0.043     4.247 r  lsq3/handshake_lsq_lsq3_core/ldq_issue_0_q_i_4__0/O
                         net (fo=1, routed)           0.221     4.469    lsq3/handshake_lsq_lsq3_core/ldq_issue_0_q_i_4__0_n_0
    SLICE_X14Y157        LUT5 (Prop_lut5_I3_O)        0.043     4.512 r  lsq3/handshake_lsq_lsq3_core/ldq_issue_0_q_i_2__0/O
                         net (fo=2, routed)           0.098     4.609    lsq3/handshake_lsq_lsq3_core/ldq_issue_0_q_i_2__0_n_0
    SLICE_X14Y157        LUT5 (Prop_lut5_I4_O)        0.043     4.652 r  lsq3/handshake_lsq_lsq3_core/ldq_data_0_q[31]_i_1__0/O
                         net (fo=33, routed)          0.725     5.378    lsq3/handshake_lsq_lsq3_core/p_35_in
    SLICE_X5Y144         FDRE                                         r  lsq3/handshake_lsq_lsq3_core/ldq_data_0_q_reg[31]/CE
  -------------------------------------------------------------------    -------------------

                         (clock clk rise edge)        5.200     5.200 r  
                                                      0.000     5.200 r  clk (IN)
                         net (fo=1981, unset)         0.483     5.683    lsq3/handshake_lsq_lsq3_core/clk
    SLICE_X5Y144         FDRE                                         r  lsq3/handshake_lsq_lsq3_core/ldq_data_0_q_reg[31]/C
                         clock pessimism              0.000     5.683    
                         clock uncertainty           -0.035     5.647    
    SLICE_X5Y144         FDRE (Setup_fdre_C_CE)      -0.194     5.453    lsq3/handshake_lsq_lsq3_core/ldq_data_0_q_reg[31]
  -------------------------------------------------------------------
                         required time                          5.453    
                         arrival time                          -5.378    
  -------------------------------------------------------------------
                         slack                                  0.075    




