INFO: [Timing 38-91] UpdateTimingParams: Speed grade: -3, Delay Type: max.
INFO: [Timing 38-191] Multithreading enabled for timing update using a maximum of 8 CPUs
WARNING: [Timing 38-242] The property HD.CLK_SRC of clock port "clk" is not set. In out-of-context mode, this prevents timing estimation for clock delay/skew
Resolution: Set the HD.CLK_SRC property of the out-of-context port to the location of the clock buffer instance in the top-level design
INFO: [Timing 38-78] ReportTimingParams: -max_paths 1 -nworst 1 -delay_type max -sort_by slack.
Copyright 1986-2022 Xilinx, Inc. All Rights Reserved. Copyright 2022-2024 Advanced Micro Devices, Inc. All Rights Reserved.
---------------------------------------------------------------------------------------------------------------------------------------------
| Tool Version : Vivado v.2024.2 (lin64) Build 5239630 Fri Nov 08 22:34:34 MST 2024
| Date         : Tue Dec 16 21:40:54 2025
| Host         : lap-inf133 running 64-bit Ubuntu 24.04.3 LTS
| Command      : report_timing
| Design       : triangular
| Device       : 7k160t-fbg484
| Speed File   : -3  PRODUCTION 1.12 2017-02-17
| Design State : Routed
---------------------------------------------------------------------------------------------------------------------------------------------

Timing Report

Slack (MET) :             0.063ns  (required time - arrival time)
  Source:                 lsq1/handshake_lsq_lsq1_core/ldq_alloc_0_q_reg/C
                            (rising edge-triggered cell FDCE clocked by clk  {rise@0.000ns fall@2.245ns period=4.490ns})
  Destination:            lsq1/handshake_lsq_lsq1_core/stq_data_5_q_reg[28]/D
                            (rising edge-triggered cell FDRE clocked by clk  {rise@0.000ns fall@2.245ns period=4.490ns})
  Path Group:             clk
  Path Type:              Setup (Max at Slow Process Corner)
  Requirement:            4.490ns  (clk rise@4.490ns - clk rise@0.000ns)
  Data Path Delay:        4.269ns  (logic 1.359ns (31.837%)  route 2.910ns (68.163%))
  Logic Levels:           11  (CARRY4=5 LUT3=2 LUT4=2 LUT6=2)
  Clock Path Skew:        -0.025ns (DCD - SCD + CPR)
    Destination Clock Delay (DCD):    0.483ns = ( 4.973 - 4.490 ) 
    Source Clock Delay      (SCD):    0.508ns
    Clock Pessimism Removal (CPR):    0.000ns
  Clock Uncertainty:      0.035ns  ((TSJ^2 + TIJ^2)^1/2 + DJ) / 2 + PE
    Total System Jitter     (TSJ):    0.071ns
    Total Input Jitter      (TIJ):    0.000ns
    Discrete Jitter          (DJ):    0.000ns
    Phase Error              (PE):    0.000ns

    Location             Delay type                Incr(ns)  Path(ns)    Netlist Resource(s)
  -------------------------------------------------------------------    -------------------
                         (clock clk rise edge)        0.000     0.000 r  
                                                      0.000     0.000 r  clk (IN)
                         net (fo=1700, unset)         0.508     0.508    lsq1/handshake_lsq_lsq1_core/clk
    SLICE_X10Y116        FDCE                                         r  lsq1/handshake_lsq_lsq1_core/ldq_alloc_0_q_reg/C
  -------------------------------------------------------------------    -------------------
    SLICE_X10Y116        FDCE (Prop_fdce_C_Q)         0.254     0.762 r  lsq1/handshake_lsq_lsq1_core/ldq_alloc_0_q_reg/Q
                         net (fo=19, routed)          0.516     1.278    lsq1/handshake_lsq_lsq1_core/ldq_alloc_0_q
    SLICE_X11Y117        LUT4 (Prop_lut4_I0_O)        0.043     1.321 r  lsq1/handshake_lsq_lsq1_core/ldq_alloc_3_q_i_7/O
                         net (fo=1, routed)           0.000     1.321    lsq1/handshake_lsq_lsq1_core/ldq_alloc_3_q_i_7_n_0
    SLICE_X11Y117        CARRY4 (Prop_carry4_S[0]_CO[3])
                                                      0.251     1.572 r  lsq1/handshake_lsq_lsq1_core/ldq_alloc_3_q_reg_i_3/CO[3]
                         net (fo=1, routed)           0.000     1.572    lsq1/handshake_lsq_lsq1_core/ldq_alloc_3_q_reg_i_3_n_0
    SLICE_X11Y118        CARRY4 (Prop_carry4_CI_CO[3])
                                                      0.049     1.621 r  lsq1/handshake_lsq_lsq1_core/ldq_alloc_5_q_reg_i_3/CO[3]
                         net (fo=1, routed)           0.000     1.621    lsq1/handshake_lsq_lsq1_core/ldq_alloc_5_q_reg_i_3_n_0
    SLICE_X11Y119        CARRY4 (Prop_carry4_CI_O[2])
                                                      0.107     1.728 f  lsq1/handshake_lsq_lsq1_core/ldq_alloc_5_q_reg_i_4/O[2]
                         net (fo=5, routed)           0.226     1.954    lsq1/handshake_lsq_lsq1_core/ldq_alloc_5_q_reg_i_4_n_5
    SLICE_X9Y118         LUT3 (Prop_lut3_I1_O)        0.118     2.072 r  lsq1/handshake_lsq_lsq1_core/dataReg[31]_i_7/O
                         net (fo=33, routed)          0.659     2.732    lsq1/handshake_lsq_lsq1_core/handshake_lsq_lsq1_core_ldd_dispatcher/oldest_entry_allocated_per_port_4
    SLICE_X16Y129        LUT6 (Prop_lut6_I5_O)        0.043     2.775 r  lsq1/handshake_lsq_lsq1_core/dataReg[27]_i_3/O
                         net (fo=1, routed)           0.249     3.023    lsq1/handshake_lsq_lsq1_core/dataReg[27]_i_3_n_0
    SLICE_X13Y128        LUT6 (Prop_lut6_I5_O)        0.043     3.066 r  lsq1/handshake_lsq_lsq1_core/dataReg[27]_i_1/O
                         net (fo=3, routed)           0.506     3.572    load2/data_tehb/control/D[27]
    SLICE_X12Y124        LUT4 (Prop_lut4_I0_O)        0.043     3.615 r  load2/data_tehb/control/Memory[0][27]_i_6/O
                         net (fo=1, routed)           0.000     3.615    load2/data_tehb/control/Memory[0][27]_i_6_n_0
    SLICE_X12Y124        CARRY4 (Prop_carry4_S[3]_CO[3])
                                                      0.173     3.788 r  load2/data_tehb/control/Memory_reg[0][27]_i_1/CO[3]
                         net (fo=1, routed)           0.007     3.795    load2/data_tehb/control/Memory_reg[0][27]_i_1_n_0
    SLICE_X12Y125        CARRY4 (Prop_carry4_CI_O[0])
                                                      0.108     3.903 r  load2/data_tehb/control/Memory_reg[0][31]_i_2/O[0]
                         net (fo=2, routed)           0.417     4.320    buffer35/fifo/result[28]
    SLICE_X15Y124        LUT3 (Prop_lut3_I1_O)        0.127     4.447 r  buffer35/fifo/stq_data_0_q[28]_i_1/O
                         net (fo=6, routed)           0.330     4.777    lsq1/handshake_lsq_lsq1_core/stq_data_4_q_reg[31]_0[28]
    SLICE_X19Y122        FDRE                                         r  lsq1/handshake_lsq_lsq1_core/stq_data_5_q_reg[28]/D
  -------------------------------------------------------------------    -------------------

                         (clock clk rise edge)        4.490     4.490 r  
                                                      0.000     4.490 r  clk (IN)
                         net (fo=1700, unset)         0.483     4.973    lsq1/handshake_lsq_lsq1_core/clk
    SLICE_X19Y122        FDRE                                         r  lsq1/handshake_lsq_lsq1_core/stq_data_5_q_reg[28]/C
                         clock pessimism              0.000     4.973    
                         clock uncertainty           -0.035     4.937    
    SLICE_X19Y122        FDRE (Setup_fdre_C_D)       -0.098     4.839    lsq1/handshake_lsq_lsq1_core/stq_data_5_q_reg[28]
  -------------------------------------------------------------------
                         required time                          4.839    
                         arrival time                          -4.777    
  -------------------------------------------------------------------
                         slack                                  0.063    




