INFO: [Timing 38-91] UpdateTimingParams: Speed grade: -3, Delay Type: max.
INFO: [Timing 38-191] Multithreading enabled for timing update using a maximum of 8 CPUs
INFO: [Timing 38-35] Done setting XDC timing constraints.
WARNING: [Timing 38-242] The property HD.CLK_SRC of clock port "clk" is not set. In out-of-context mode, this prevents timing estimation for clock delay/skew
Resolution: Set the HD.CLK_SRC property of the out-of-context port to the location of the clock buffer instance in the top-level design
INFO: [Timing 38-78] ReportTimingParams: -max_paths 1 -nworst 1 -delay_type max -sort_by slack.
Copyright 1986-2022 Xilinx, Inc. All Rights Reserved. Copyright 2022-2024 Advanced Micro Devices, Inc. All Rights Reserved.
---------------------------------------------------------------------------------------------------------------------------------------------
| Tool Version : Vivado v.2024.2 (lin64) Build 5239630 Fri Nov 08 22:34:34 MST 2024
| Date         : Wed Dec 17 03:05:53 2025
| Host         : lap-inf133 running 64-bit Ubuntu 24.04.3 LTS
| Command      : report_timing
| Design       : jacobi_1d_imper
| Device       : 7k160t-fbg484
| Speed File   : -3  PRODUCTION 1.12 2017-02-17
| Design State : Synthesized
---------------------------------------------------------------------------------------------------------------------------------------------

Timing Report

Slack (MET) :             3.187ns  (required time - arrival time)
  Source:                 buffer102/outs_reg[0]/C
                            (rising edge-triggered cell FDRE clocked by clk  {rise@0.000ns fall@5.600ns period=11.200ns})
  Destination:            buffer90/dataReg_reg[0]/CE
                            (rising edge-triggered cell FDRE clocked by clk  {rise@0.000ns fall@5.600ns period=11.200ns})
  Path Group:             clk
  Path Type:              Setup (Max at Slow Process Corner)
  Requirement:            11.200ns  (clk rise@11.200ns - clk rise@0.000ns)
  Data Path Delay:        7.760ns  (logic 2.080ns (26.804%)  route 5.680ns (73.196%))
  Logic Levels:           23  (CARRY4=5 LUT3=4 LUT5=3 LUT6=11)
  Clock Path Skew:        -0.025ns (DCD - SCD + CPR)
    Destination Clock Delay (DCD):    0.483ns = ( 11.683 - 11.200 ) 
    Source Clock Delay      (SCD):    0.508ns
    Clock Pessimism Removal (CPR):    0.000ns
  Clock Uncertainty:      0.035ns  ((TSJ^2 + TIJ^2)^1/2 + DJ) / 2 + PE
    Total System Jitter     (TSJ):    0.071ns
    Total Input Jitter      (TIJ):    0.000ns
    Discrete Jitter          (DJ):    0.000ns
    Phase Error              (PE):    0.000ns

    Location             Delay type                Incr(ns)  Path(ns)    Netlist Resource(s)
  -------------------------------------------------------------------    -------------------
                         (clock clk rise edge)        0.000     0.000 r  
                                                      0.000     0.000 r  clk (IN)
                         net (fo=2331, unset)         0.508     0.508    buffer102/clk
                         FDRE                                         r  buffer102/outs_reg[0]/C
  -------------------------------------------------------------------    -------------------
                         FDRE (Prop_fdre_C_Q)         0.226     0.734 f  buffer102/outs_reg[0]/Q
                         net (fo=5, unplaced)         0.444     1.178    buffer261/fifo/Q[0]
                         LUT5 (Prop_lut5_I0_O)        0.119     1.297 r  buffer261/fifo/transmitValue_i_9__10/O
                         net (fo=1, unplaced)         0.000     1.297    cmpi1/DI[0]
                         CARRY4 (Prop_carry4_DI[0]_CO[3])
                                                      0.284     1.581 r  cmpi1/transmitValue_reg_i_5/CO[3]
                         net (fo=1, unplaced)         0.007     1.588    cmpi1/transmitValue_reg_i_5_n_0
                         CARRY4 (Prop_carry4_CI_CO[0])
                                                      0.135     1.723 r  cmpi1/transmitValue_reg_i_3/CO[0]
                         net (fo=122, unplaced)       0.277     2.000    fork97/control/generateBlocks[1].regblock/result[0]
                         LUT6 (Prop_lut6_I3_O)        0.127     2.127 f  fork97/control/generateBlocks[1].regblock/transmitValue_i_2__191/O
                         net (fo=40, unplaced)        0.321     2.448    buffer264/fifo/fork97_outs_1_valid
                         LUT6 (Prop_lut6_I1_O)        0.043     2.491 r  buffer264/fifo/dataReg[0]_i_5__0/O
                         net (fo=3, unplaced)         0.262     2.753    buffer264/fifo/dataReg[0]_i_5__0_n_0
                         LUT6 (Prop_lut6_I2_O)        0.043     2.796 r  buffer264/fifo/fullReg_i_5__10/O
                         net (fo=3, unplaced)         0.262     3.058    control_merge0/fork_valid/generateBlocks[0].regblock/transmitValue_reg_5
                         LUT5 (Prop_lut5_I1_O)        0.043     3.101 r  control_merge0/fork_valid/generateBlocks[0].regblock/fullReg_i_4__25/O
                         net (fo=9, unplaced)         0.418     3.519    control_merge1/fork_valid/generateBlocks[1].regblock/transmitValue_reg_11
                         LUT6 (Prop_lut6_I2_O)        0.043     3.562 f  control_merge1/fork_valid/generateBlocks[1].regblock/B_storeAddr[6]_INST_0_i_3/O
                         net (fo=31, unplaced)        0.314     3.876    buffer32/control/p_1_in
                         LUT5 (Prop_lut5_I4_O)        0.043     3.919 r  buffer32/control/B_storeAddr[4]_INST_0_i_1/O
                         net (fo=21, unplaced)        0.305     4.224    buffer6/fifo/buffer32_outs[4]
                         LUT3 (Prop_lut3_I0_O)        0.043     4.267 r  buffer6/fifo/dataReg[4]_i_1__9/O
                         net (fo=2, unplaced)         0.255     4.522    buffer62/control/outs_reg[7]_0[4]
                         LUT6 (Prop_lut6_I5_O)        0.043     4.565 r  buffer62/control/outs[4]_i_1__14/O
                         net (fo=3, unplaced)         0.262     4.827    buffer200/fifo/D[4]
                         LUT6 (Prop_lut6_I2_O)        0.043     4.870 r  buffer200/fifo/Memory[0][0]_i_21/O
                         net (fo=1, unplaced)         0.244     5.114    cmpi11/Memory_reg[0][0]_i_7_5
                         LUT6 (Prop_lut6_I5_O)        0.043     5.157 r  cmpi11/Memory[0][0]_i_15/O
                         net (fo=1, unplaced)         0.000     5.157    cmpi11/Memory[0][0]_i_15_n_0
                         CARRY4 (Prop_carry4_S[1]_CO[3])
                                                      0.246     5.403 r  cmpi11/Memory_reg[0][0]_i_7/CO[3]
                         net (fo=1, unplaced)         0.007     5.410    cmpi11/Memory_reg[0][0]_i_7_n_0
                         CARRY4 (Prop_carry4_CI_CO[3])
                                                      0.050     5.460 r  cmpi11/Memory_reg[0][0]_i_3/CO[3]
                         net (fo=1, unplaced)         0.000     5.460    cmpi11/Memory_reg[0][0]_i_3_n_0
                         CARRY4 (Prop_carry4_CI_CO[2])
                                                      0.122     5.582 f  cmpi11/Memory_reg[0][0]_i_2/CO[2]
                         net (fo=10, unplaced)        0.287     5.869    buffer228/fifo/result[0]
                         LUT3 (Prop_lut3_I0_O)        0.122     5.991 f  buffer228/fifo/B_loadEn_INST_0_i_3/O
                         net (fo=4, unplaced)         0.268     6.259    buffer226/fifo/Memory[0][6]_i_2__0
                         LUT6 (Prop_lut6_I5_O)        0.043     6.302 r  buffer226/fifo/Memory[0][6]_i_3/O
                         net (fo=1, unplaced)         0.244     6.546    load3/addr_tehb/control/Full_reg
                         LUT6 (Prop_lut6_I1_O)        0.043     6.589 f  load3/addr_tehb/control/Memory[0][6]_i_2__0/O
                         net (fo=4, unplaced)         0.268     6.857    fork74/control/generateBlocks[1].regblock/transmitValue_reg_2
                         LUT3 (Prop_lut3_I1_O)        0.043     6.900 r  fork74/control/generateBlocks[1].regblock/transmitValue_i_2__66/O
                         net (fo=2, unplaced)         0.388     7.288    fork74/control/generateBlocks[3].regblock/transmitValue_reg_1
                         LUT6 (Prop_lut6_I5_O)        0.043     7.331 r  fork74/control/generateBlocks[3].regblock/transmitValue_i_4__22/O
                         net (fo=10, unplaced)        0.287     7.618    buffer218/fifo/anyBlockStop
                         LUT3 (Prop_lut3_I1_O)        0.047     7.665 r  buffer218/fifo/fullReg_i_3__8/O
                         net (fo=6, unplaced)         0.276     7.941    fork73/control/generateBlocks[0].regblock/dataReg_reg[7]_0
                         LUT6 (Prop_lut6_I1_O)        0.043     7.984 r  fork73/control/generateBlocks[0].regblock/dataReg[7]_i_1__5/O
                         net (fo=8, unplaced)         0.284     8.268    buffer90/E[0]
                         FDRE                                         r  buffer90/dataReg_reg[0]/CE
  -------------------------------------------------------------------    -------------------

                         (clock clk rise edge)       11.200    11.200 r  
                                                      0.000    11.200 r  clk (IN)
                         net (fo=2331, unset)         0.483    11.683    buffer90/clk
                         FDRE                                         r  buffer90/dataReg_reg[0]/C
                         clock pessimism              0.000    11.683    
                         clock uncertainty           -0.035    11.647    
                         FDRE (Setup_fdre_C_CE)      -0.192    11.455    buffer90/dataReg_reg[0]
  -------------------------------------------------------------------
                         required time                         11.455    
                         arrival time                          -8.268    
  -------------------------------------------------------------------
                         slack                                  3.187    




