INFO: [Timing 38-91] UpdateTimingParams: Speed grade: -3, Delay Type: max.
INFO: [Timing 38-191] Multithreading enabled for timing update using a maximum of 8 CPUs
WARNING: [Timing 38-242] The property HD.CLK_SRC of clock port "clk" is not set. In out-of-context mode, this prevents timing estimation for clock delay/skew
Resolution: Set the HD.CLK_SRC property of the out-of-context port to the location of the clock buffer instance in the top-level design
INFO: [Timing 38-78] ReportTimingParams: -max_paths 1 -nworst 1 -delay_type max -sort_by slack.
Copyright 1986-2022 Xilinx, Inc. All Rights Reserved. Copyright 2022-2024 Advanced Micro Devices, Inc. All Rights Reserved.
---------------------------------------------------------------------------------------------------------------------------------------------
| Tool Version : Vivado v.2024.2 (lin64) Build 5239630 Fri Nov 08 22:34:34 MST 2024
| Date         : Tue Dec 16 15:59:07 2025
| Host         : lap-inf133 running 64-bit Ubuntu 24.04.3 LTS
| Command      : report_timing
| Design       : bicg
| Device       : 7k160t-fbg484
| Speed File   : -3  PRODUCTION 1.12 2017-02-17
| Design State : Routed
---------------------------------------------------------------------------------------------------------------------------------------------

Timing Report

Slack (MET) :             0.077ns  (required time - arrival time)
  Source:                 lsq3/handshake_lsq_lsq3_core/ldq_addr_2_q_reg[0]/C
                            (rising edge-triggered cell FDRE clocked by clk  {rise@0.000ns fall@2.350ns period=4.700ns})
  Destination:            lsq3/handshake_lsq_lsq3_core/ldq_data_2_q_reg[25]/CE
                            (rising edge-triggered cell FDRE clocked by clk  {rise@0.000ns fall@2.350ns period=4.700ns})
  Path Group:             clk
  Path Type:              Setup (Max at Slow Process Corner)
  Requirement:            4.700ns  (clk rise@4.700ns - clk rise@0.000ns)
  Data Path Delay:        4.368ns  (logic 1.037ns (23.740%)  route 3.331ns (76.260%))
  Logic Levels:           10  (CARRY4=3 LUT3=1 LUT4=1 LUT5=2 LUT6=3)
  Clock Path Skew:        -0.025ns (DCD - SCD + CPR)
    Destination Clock Delay (DCD):    0.483ns = ( 5.183 - 4.700 ) 
    Source Clock Delay      (SCD):    0.508ns
    Clock Pessimism Removal (CPR):    0.000ns
  Clock Uncertainty:      0.035ns  ((TSJ^2 + TIJ^2)^1/2 + DJ) / 2 + PE
    Total System Jitter     (TSJ):    0.071ns
    Total Input Jitter      (TIJ):    0.000ns
    Discrete Jitter          (DJ):    0.000ns
    Phase Error              (PE):    0.000ns

    Location             Delay type                Incr(ns)  Path(ns)    Netlist Resource(s)
  -------------------------------------------------------------------    -------------------
                         (clock clk rise edge)        0.000     0.000 r  
                                                      0.000     0.000 r  clk (IN)
                         net (fo=1800, unset)         0.508     0.508    lsq3/handshake_lsq_lsq3_core/clk
    SLICE_X21Y74         FDRE                                         r  lsq3/handshake_lsq_lsq3_core/ldq_addr_2_q_reg[0]/C
  -------------------------------------------------------------------    -------------------
    SLICE_X21Y74         FDRE (Prop_fdre_C_Q)         0.216     0.724 r  lsq3/handshake_lsq_lsq3_core/ldq_addr_2_q_reg[0]/Q
                         net (fo=7, routed)           0.662     1.386    lsq3/handshake_lsq_lsq3_core/ldq_addr_2_q[0]
    SLICE_X21Y74         LUT6 (Prop_lut6_I0_O)        0.043     1.429 f  lsq3/handshake_lsq_lsq3_core/s_storeEn_INST_0_i_42/O
                         net (fo=1, routed)           0.192     1.621    lsq3/handshake_lsq_lsq3_core/s_storeEn_INST_0_i_42_n_0
    SLICE_X20Y74         LUT5 (Prop_lut5_I2_O)        0.043     1.664 r  lsq3/handshake_lsq_lsq3_core/s_storeEn_INST_0_i_27/O
                         net (fo=4, routed)           0.334     1.998    lsq3/handshake_lsq_lsq3_core/s_storeEn_INST_0_i_27_n_0
    SLICE_X17Y73         LUT4 (Prop_lut4_I1_O)        0.043     2.041 r  lsq3/handshake_lsq_lsq3_core/s_loadEn_INST_0_i_41/O
                         net (fo=5, routed)           0.276     2.317    lsq3/handshake_lsq_lsq3_core/ld_st_conflict_2_4
    SLICE_X15Y73         CARRY4 (Prop_carry4_DI[1]_CO[3])
                                                      0.242     2.559 r  lsq3/handshake_lsq_lsq3_core/ldq_data_2_q_reg[31]_i_8__0/CO[3]
                         net (fo=1, routed)           0.000     2.559    lsq3/handshake_lsq_lsq3_core/ldq_data_2_q_reg[31]_i_8__0_n_0
    SLICE_X15Y74         CARRY4 (Prop_carry4_CI_CO[3])
                                                      0.049     2.608 r  lsq3/handshake_lsq_lsq3_core/ldq_data_2_q_reg[31]_i_7/CO[3]
                         net (fo=1, routed)           0.007     2.615    lsq3/handshake_lsq_lsq3_core/ldq_data_2_q_reg[31]_i_7_n_0
    SLICE_X15Y75         CARRY4 (Prop_carry4_CI_O[1])
                                                      0.153     2.768 f  lsq3/handshake_lsq_lsq3_core/ldq_data_2_q_reg[31]_i_9__0/O[1]
                         net (fo=1, routed)           0.358     3.126    lsq3/handshake_lsq_lsq3_core/TEMP_36_double_out1[9]
    SLICE_X16Y73         LUT3 (Prop_lut3_I0_O)        0.119     3.245 f  lsq3/handshake_lsq_lsq3_core/ldq_data_2_q[28]_i_4__0/O
                         net (fo=33, routed)          0.291     3.536    lsq3/handshake_lsq_lsq3_core/ldq_data_2_q[28]_i_4__0_n_0
    SLICE_X20Y72         LUT6 (Prop_lut6_I0_O)        0.043     3.579 r  lsq3/handshake_lsq_lsq3_core/ldq_issue_2_q_i_4__0/O
                         net (fo=1, routed)           0.424     4.003    lsq3/handshake_lsq_lsq3_core/ldq_issue_2_q_i_4__0_n_0
    SLICE_X20Y70         LUT6 (Prop_lut6_I1_O)        0.043     4.046 r  lsq3/handshake_lsq_lsq3_core/ldq_issue_2_q_i_2__0/O
                         net (fo=2, routed)           0.176     4.223    lsq3/handshake_lsq_lsq3_core/ldq_issue_2_q_i_2__0_n_0
    SLICE_X23Y70         LUT5 (Prop_lut5_I0_O)        0.043     4.266 r  lsq3/handshake_lsq_lsq3_core/ldq_data_2_q[31]_i_1__0/O
                         net (fo=33, routed)          0.611     4.876    lsq3/handshake_lsq_lsq3_core/p_17_in
    SLICE_X37Y69         FDRE                                         r  lsq3/handshake_lsq_lsq3_core/ldq_data_2_q_reg[25]/CE
  -------------------------------------------------------------------    -------------------

                         (clock clk rise edge)        4.700     4.700 r  
                                                      0.000     4.700 r  clk (IN)
                         net (fo=1800, unset)         0.483     5.183    lsq3/handshake_lsq_lsq3_core/clk
    SLICE_X37Y69         FDRE                                         r  lsq3/handshake_lsq_lsq3_core/ldq_data_2_q_reg[25]/C
                         clock pessimism              0.000     5.183    
                         clock uncertainty           -0.035     5.147    
    SLICE_X37Y69         FDRE (Setup_fdre_C_CE)      -0.194     4.953    lsq3/handshake_lsq_lsq3_core/ldq_data_2_q_reg[25]
  -------------------------------------------------------------------
                         required time                          4.953    
                         arrival time                          -4.876    
  -------------------------------------------------------------------
                         slack                                  0.077    




