INFO: [Timing 38-91] UpdateTimingParams: Speed grade: -3, Delay Type: max.
INFO: [Timing 38-191] Multithreading enabled for timing update using a maximum of 8 CPUs
INFO: [Timing 38-35] Done setting XDC timing constraints.
WARNING: [Timing 38-242] The property HD.CLK_SRC of clock port "clk" is not set. In out-of-context mode, this prevents timing estimation for clock delay/skew
Resolution: Set the HD.CLK_SRC property of the out-of-context port to the location of the clock buffer instance in the top-level design
INFO: [Timing 38-78] ReportTimingParams: -max_paths 1 -nworst 1 -delay_type max -sort_by slack.
Copyright 1986-2022 Xilinx, Inc. All Rights Reserved. Copyright 2022-2024 Advanced Micro Devices, Inc. All Rights Reserved.
---------------------------------------------------------------------------------------------------------------------------------------------
| Tool Version : Vivado v.2024.2 (lin64) Build 5239630 Fri Nov 08 22:34:34 MST 2024
| Date         : Tue Dec 16 15:45:53 2025
| Host         : lap-inf133 running 64-bit Ubuntu 24.04.3 LTS
| Command      : report_timing
| Design       : bicg
| Device       : 7k160t-fbg484
| Speed File   : -3  PRODUCTION 1.12 2017-02-17
| Design State : Synthesized
---------------------------------------------------------------------------------------------------------------------------------------------

Timing Report

Slack (MET) :             2.692ns  (required time - arrival time)
  Source:                 buffer20/outs_reg[6]_inv/C
                            (rising edge-triggered cell FDSE clocked by clk  {rise@0.000ns fall@4.350ns period=8.700ns})
  Destination:            lsq3/handshake_lsq_lsq3_core/stq_addr_5_q_reg[0]/CE
                            (rising edge-triggered cell FDRE clocked by clk  {rise@0.000ns fall@4.350ns period=8.700ns})
  Path Group:             clk
  Path Type:              Setup (Max at Slow Process Corner)
  Requirement:            8.700ns  (clk rise@8.700ns - clk rise@0.000ns)
  Data Path Delay:        5.755ns  (logic 1.392ns (24.188%)  route 4.363ns (75.812%))
  Logic Levels:           12  (CARRY4=4 LUT2=3 LUT3=1 LUT4=1 LUT5=1 LUT6=2)
  Clock Path Skew:        -0.025ns (DCD - SCD + CPR)
    Destination Clock Delay (DCD):    0.483ns = ( 9.183 - 8.700 ) 
    Source Clock Delay      (SCD):    0.508ns
    Clock Pessimism Removal (CPR):    0.000ns
  Clock Uncertainty:      0.035ns  ((TSJ^2 + TIJ^2)^1/2 + DJ) / 2 + PE
    Total System Jitter     (TSJ):    0.071ns
    Total Input Jitter      (TIJ):    0.000ns
    Discrete Jitter          (DJ):    0.000ns
    Phase Error              (PE):    0.000ns

    Location             Delay type                Incr(ns)  Path(ns)    Netlist Resource(s)
  -------------------------------------------------------------------    -------------------
                         (clock clk rise edge)        0.000     0.000 r  
                                                      0.000     0.000 r  clk (IN)
                         net (fo=1792, unset)         0.508     0.508    buffer20/clk
                         FDSE                                         r  buffer20/outs_reg[6]_inv/C
  -------------------------------------------------------------------    -------------------
                         FDSE (Prop_fdse_C_Q)         0.226     0.734 r  buffer20/outs_reg[6]_inv/Q
                         net (fo=1, unplaced)         0.627     1.361    cmpi0/S[3]
                         CARRY4 (Prop_carry4_S[3]_CO[3])
                                                      0.292     1.653 r  cmpi0/result0_carry/CO[3]
                         net (fo=25, unplaced)        0.653     2.306    buffer22/fifo/CO[0]
                         LUT6 (Prop_lut6_I2_O)        0.043     2.349 r  buffer22/fifo/fullReg_i_3__7/O
                         net (fo=9, unplaced)         0.285     2.634    control_merge1/tehb/control/dataReg_reg[0]_1
                         LUT4 (Prop_lut4_I1_O)        0.047     2.681 f  control_merge1/tehb/control/transmitValue_i_3__10/O
                         net (fo=13, unplaced)        0.294     2.975    fork4/control/generateBlocks[1].regblock/Full_reg
                         LUT2 (Prop_lut2_I1_O)        0.043     3.018 r  fork4/control/generateBlocks[1].regblock/p_loadEn_INST_0_i_3/O
                         net (fo=4, unplaced)         0.401     3.419    control_merge1/tehb/control/outs_reg[5]_0
                         LUT6 (Prop_lut6_I1_O)        0.043     3.462 f  control_merge1/tehb/control/p_loadEn_INST_0_i_1/O
                         net (fo=23, unplaced)        0.307     3.769    control_merge1/tehb/control/Empty_reg_1
                         LUT2 (Prop_lut2_I0_O)        0.043     3.812 f  control_merge1/tehb/control/Memory[0][4]_i_2__0/O
                         net (fo=5, unplaced)         0.272     4.084    control_merge1/tehb/control/transmitValue_reg_3
                         LUT2 (Prop_lut2_I0_O)        0.043     4.127 r  control_merge1/tehb/control/stq_addr_valid_5_q_i_3/O
                         net (fo=35, unplaced)        0.317     4.444    lsq3/handshake_lsq_lsq3_core/handshake_lsq_lsq3_core_sta_dispatcher/buffer7_outs_valid
                         LUT3 (Prop_lut3_I2_O)        0.043     4.487 r  lsq3/handshake_lsq_lsq3_core/handshake_lsq_lsq3_core_sta_dispatcher/TEMP_9_double_out_01_carry_i_3/O
                         net (fo=1, unplaced)         0.459     4.946    lsq3/handshake_lsq_lsq3_core/handshake_lsq_lsq3_core_sta_dispatcher/TEMP_9_double_out_01_carry_i_3_n_0
                         CARRY4 (Prop_carry4_DI[1]_CO[3])
                                                      0.245     5.191 r  lsq3/handshake_lsq_lsq3_core/handshake_lsq_lsq3_core_sta_dispatcher/TEMP_9_double_out_01_carry/CO[3]
                         net (fo=1, unplaced)         0.007     5.198    lsq3/handshake_lsq_lsq3_core/handshake_lsq_lsq3_core_sta_dispatcher/TEMP_9_double_out_01_carry_n_0
                         CARRY4 (Prop_carry4_CI_CO[3])
                                                      0.050     5.248 r  lsq3/handshake_lsq_lsq3_core/handshake_lsq_lsq3_core_sta_dispatcher/TEMP_9_double_out_01_carry__0/CO[3]
                         net (fo=1, unplaced)         0.000     5.248    lsq3/handshake_lsq_lsq3_core/handshake_lsq_lsq3_core_sta_dispatcher/TEMP_9_double_out_01_carry__0_n_0
                         CARRY4 (Prop_carry4_CI_O[3])
                                                      0.154     5.402 f  lsq3/handshake_lsq_lsq3_core/handshake_lsq_lsq3_core_sta_dispatcher/TEMP_9_double_out_01_carry__1/O[3]
                         net (fo=2, unplaced)         0.467     5.869    lsq3/handshake_lsq_lsq3_core/handshake_lsq_lsq3_core_sta_dispatcher/TEMP_9_double_out_01_carry__1_n_4
                         LUT5 (Prop_lut5_I4_O)        0.120     5.989 r  lsq3/handshake_lsq_lsq3_core/handshake_lsq_lsq3_core_sta_dispatcher/stq_addr_5_q[4]_i_1__0/O
                         net (fo=5, unplaced)         0.274     6.263    lsq3/handshake_lsq_lsq3_core/stq_addr_wen_5
                         FDRE                                         r  lsq3/handshake_lsq_lsq3_core/stq_addr_5_q_reg[0]/CE
  -------------------------------------------------------------------    -------------------

                         (clock clk rise edge)        8.700     8.700 r  
                                                      0.000     8.700 r  clk (IN)
                         net (fo=1792, unset)         0.483     9.183    lsq3/handshake_lsq_lsq3_core/clk
                         FDRE                                         r  lsq3/handshake_lsq_lsq3_core/stq_addr_5_q_reg[0]/C
                         clock pessimism              0.000     9.183    
                         clock uncertainty           -0.035     9.147    
                         FDRE (Setup_fdre_C_CE)      -0.192     8.955    lsq3/handshake_lsq_lsq3_core/stq_addr_5_q_reg[0]
  -------------------------------------------------------------------
                         required time                          8.955    
                         arrival time                          -6.263    
  -------------------------------------------------------------------
                         slack                                  2.692    




