INFO: [Timing 38-91] UpdateTimingParams: Speed grade: -3, Delay Type: max.
INFO: [Timing 38-191] Multithreading enabled for timing update using a maximum of 8 CPUs
INFO: [Timing 38-35] Done setting XDC timing constraints.
WARNING: [Timing 38-242] The property HD.CLK_SRC of clock port "clk" is not set. In out-of-context mode, this prevents timing estimation for clock delay/skew
Resolution: Set the HD.CLK_SRC property of the out-of-context port to the location of the clock buffer instance in the top-level design
INFO: [Timing 38-78] ReportTimingParams: -max_paths 1 -nworst 1 -delay_type max -sort_by slack.
Copyright 1986-2022 Xilinx, Inc. All Rights Reserved. Copyright 2022-2024 Advanced Micro Devices, Inc. All Rights Reserved.
---------------------------------------------------------------------------------------------------------------------------------------------
| Tool Version : Vivado v.2024.2 (lin64) Build 5239630 Fri Nov 08 22:34:34 MST 2024
| Date         : Tue Dec 16 15:39:07 2025
| Host         : lap-inf133 running 64-bit Ubuntu 24.04.3 LTS
| Command      : report_timing
| Design       : histogram
| Device       : 7k160t-fbg484
| Speed File   : -3  PRODUCTION 1.12 2017-02-17
| Design State : Synthesized
---------------------------------------------------------------------------------------------------------------------------------------------

Timing Report

Slack (VIOLATED) :        -2.610ns  (required time - arrival time)
  Source:                 lsq1/handshake_lsq_lsq1_core/ldq_head_q_reg[2]/C
                            (rising edge-triggered cell FDCE clocked by clk  {rise@0.000ns fall@2.850ns period=5.700ns})
  Destination:            addf0/operator/RightShifterComponent/level4_c1_reg[10]/R
                            (rising edge-triggered cell FDRE clocked by clk  {rise@0.000ns fall@2.850ns period=5.700ns})
  Path Group:             clk
  Path Type:              Setup (Max at Slow Process Corner)
  Requirement:            5.700ns  (clk rise@5.700ns - clk rise@0.000ns)
  Data Path Delay:        7.955ns  (logic 2.252ns (28.309%)  route 5.703ns (71.691%))
  Logic Levels:           20  (CARRY4=9 LUT3=3 LUT4=2 LUT5=2 LUT6=4)
  Clock Path Skew:        -0.025ns (DCD - SCD + CPR)
    Destination Clock Delay (DCD):    0.483ns = ( 6.183 - 5.700 ) 
    Source Clock Delay      (SCD):    0.508ns
    Clock Pessimism Removal (CPR):    0.000ns
  Clock Uncertainty:      0.035ns  ((TSJ^2 + TIJ^2)^1/2 + DJ) / 2 + PE
    Total System Jitter     (TSJ):    0.071ns
    Total Input Jitter      (TIJ):    0.000ns
    Discrete Jitter          (DJ):    0.000ns
    Phase Error              (PE):    0.000ns

    Location             Delay type                Incr(ns)  Path(ns)    Netlist Resource(s)
  -------------------------------------------------------------------    -------------------
                         (clock clk rise edge)        0.000     0.000 r  
                                                      0.000     0.000 r  clk (IN)
                         net (fo=1983, unset)         0.508     0.508    lsq1/handshake_lsq_lsq1_core/clk
                         FDCE                                         r  lsq1/handshake_lsq_lsq1_core/ldq_head_q_reg[2]/C
  -------------------------------------------------------------------    -------------------
                         FDCE (Prop_fdce_C_Q)         0.226     0.734 r  lsq1/handshake_lsq_lsq1_core/ldq_head_q_reg[2]/Q
                         net (fo=24, unplaced)        0.452     1.186    lsq1/handshake_lsq_lsq1_core/ldq_head_q[2]
                         LUT4 (Prop_lut4_I1_O)        0.119     1.305 r  lsq1/handshake_lsq_lsq1_core/ldq_alloc_3_q_i_7/O
                         net (fo=1, unplaced)         0.000     1.305    lsq1/handshake_lsq_lsq1_core/ldq_alloc_3_q_i_7_n_0
                         CARRY4 (Prop_carry4_S[1]_CO[3])
                                                      0.246     1.551 r  lsq1/handshake_lsq_lsq1_core/ldq_alloc_3_q_reg_i_3/CO[3]
                         net (fo=1, unplaced)         0.007     1.558    lsq1/handshake_lsq_lsq1_core/ldq_alloc_3_q_reg_i_3_n_0
                         CARRY4 (Prop_carry4_CI_O[3])
                                                      0.154     1.712 r  lsq1/handshake_lsq_lsq1_core/ldq_alloc_5_q_reg_i_3/O[3]
                         net (fo=5, unplaced)         0.484     2.196    lsq1/handshake_lsq_lsq1_core/ldq_alloc_5_q_reg_i_3_n_4
                         LUT3 (Prop_lut3_I1_O)        0.120     2.316 f  lsq1/handshake_lsq_lsq1_core/dataReg[31]_i_7/O
                         net (fo=33, unplaced)        0.449     2.765    lsq1/handshake_lsq_lsq1_core/handshake_lsq_lsq1_core_ldd_dispatcher/oldest_entry_allocated_per_port_0
                         LUT6 (Prop_lut6_I1_O)        0.043     2.808 f  lsq1/handshake_lsq_lsq1_core/dataReg[26]_i_2/O
                         net (fo=4, unplaced)         0.401     3.209    lsq1/handshake_lsq_lsq1_core/dataReg[26]_i_2_n_0
                         LUT5 (Prop_lut5_I2_O)        0.043     3.252 f  lsq1/handshake_lsq_lsq1_core/ltOp_carry__2_i_20/O
                         net (fo=7, unplaced)         0.412     3.664    lsq1/handshake_lsq_lsq1_core/dataReg_reg[26]
                         LUT4 (Prop_lut4_I1_O)        0.043     3.707 f  lsq1/handshake_lsq_lsq1_core/level4_c1[24]_i_9/O
                         net (fo=10, unplaced)        0.287     3.994    lsq1/handshake_lsq_lsq1_core/level4_c1[24]_i_9_n_0
                         LUT6 (Prop_lut6_I0_O)        0.043     4.037 r  lsq1/handshake_lsq_lsq1_core/level4_c1[17]_i_3/O
                         net (fo=50, unplaced)        0.326     4.363    lsq1/handshake_lsq_lsq1_core/level4_c1[17]_i_3_n_0
                         LUT3 (Prop_lut3_I1_O)        0.043     4.406 f  lsq1/handshake_lsq_lsq1_core/level4_c1[9]_i_2/O
                         net (fo=4, unplaced)         0.268     4.674    load1/data_tehb/control/ltOp_carry
                         LUT6 (Prop_lut6_I4_O)        0.043     4.717 r  load1/data_tehb/control/ltOp_carry_i_1/O
                         net (fo=1, unplaced)         0.248     4.965    addf0/operator/DI[3]
                         CARRY4 (Prop_carry4_DI[3]_CO[3])
                                                      0.187     5.152 r  addf0/operator/ltOp_carry/CO[3]
                         net (fo=1, unplaced)         0.007     5.159    addf0/operator/ltOp_carry_n_0
                         CARRY4 (Prop_carry4_CI_CO[3])
                                                      0.050     5.209 r  addf0/operator/ltOp_carry__0/CO[3]
                         net (fo=1, unplaced)         0.000     5.209    addf0/operator/ltOp_carry__0_n_0
                         CARRY4 (Prop_carry4_CI_CO[3])
                                                      0.050     5.259 r  addf0/operator/ltOp_carry__1/CO[3]
                         net (fo=1, unplaced)         0.000     5.259    addf0/operator/ltOp_carry__1_n_0
                         CARRY4 (Prop_carry4_CI_CO[3])
                                                      0.050     5.309 r  addf0/operator/ltOp_carry__2/CO[3]
                         net (fo=1, unplaced)         0.000     5.309    addf0/operator/ltOp_carry__2_n_0
                         CARRY4 (Prop_carry4_CI_CO[0])
                                                      0.135     5.444 r  addf0/operator/ltOp_carry__3/CO[0]
                         net (fo=87, unplaced)        0.268     5.712    lsq1/handshake_lsq_lsq1_core/CO[0]
                         LUT6 (Prop_lut6_I5_O)        0.127     5.839 r  lsq1/handshake_lsq_lsq1_core/i__carry_i_3/O
                         net (fo=1, unplaced)         0.459     6.298    addf0/operator/p_1_in[1]
                         CARRY4 (Prop_carry4_DI[1]_CO[3])
                                                      0.245     6.543 r  addf0/operator/_inferred__1/i__carry/CO[3]
                         net (fo=1, unplaced)         0.007     6.550    addf0/operator/_inferred__1/i__carry_n_0
                         CARRY4 (Prop_carry4_CI_O[2])
                                                      0.116     6.666 r  addf0/operator/_inferred__1/i__carry__0/O[2]
                         net (fo=7, unplaced)         0.740     7.406    lsq1/handshake_lsq_lsq1_core/level4_c1_reg[25]_0[2]
                         LUT5 (Prop_lut5_I1_O)        0.126     7.532 f  lsq1/handshake_lsq_lsq1_core/level4_c1[24]_i_6/O
                         net (fo=12, unplaced)        0.292     7.824    lsq1/handshake_lsq_lsq1_core/level4_c1[24]_i_6_n_0
                         LUT3 (Prop_lut3_I1_O)        0.043     7.867 r  lsq1/handshake_lsq_lsq1_core/level4_c1[23]_i_1/O
                         net (fo=14, unplaced)        0.596     8.463    addf0/operator/RightShifterComponent/level4_c1_reg[23]_0
                         FDRE                                         r  addf0/operator/RightShifterComponent/level4_c1_reg[10]/R
  -------------------------------------------------------------------    -------------------

                         (clock clk rise edge)        5.700     5.700 r  
                                                      0.000     5.700 r  clk (IN)
                         net (fo=1983, unset)         0.483     6.183    addf0/operator/RightShifterComponent/clk
                         FDRE                                         r  addf0/operator/RightShifterComponent/level4_c1_reg[10]/C
                         clock pessimism              0.000     6.183    
                         clock uncertainty           -0.035     6.147    
                         FDRE (Setup_fdre_C_R)       -0.294     5.853    addf0/operator/RightShifterComponent/level4_c1_reg[10]
  -------------------------------------------------------------------
                         required time                          5.853    
                         arrival time                          -8.463    
  -------------------------------------------------------------------
                         slack                                 -2.610    




