INFO: [Timing 38-91] UpdateTimingParams: Speed grade: -3, Delay Type: max.
INFO: [Timing 38-191] Multithreading enabled for timing update using a maximum of 8 CPUs
WARNING: [Timing 38-242] The property HD.CLK_SRC of clock port "clk" is not set. In out-of-context mode, this prevents timing estimation for clock delay/skew
Resolution: Set the HD.CLK_SRC property of the out-of-context port to the location of the clock buffer instance in the top-level design
INFO: [Timing 38-78] ReportTimingParams: -max_paths 1 -nworst 1 -delay_type max -sort_by slack.
Copyright 1986-2022 Xilinx, Inc. All Rights Reserved. Copyright 2022-2024 Advanced Micro Devices, Inc. All Rights Reserved.
---------------------------------------------------------------------------------------------------------------------------------------------
| Tool Version : Vivado v.2024.2 (lin64) Build 5239630 Fri Nov 08 22:34:34 MST 2024
| Date         : Tue Dec 16 16:00:48 2025
| Host         : lap-inf133 running 64-bit Ubuntu 24.04.3 LTS
| Command      : report_timing
| Design       : jacobi_1d_imper
| Device       : 7k160t-fbg484
| Speed File   : -3  PRODUCTION 1.12 2017-02-17
| Design State : Routed
---------------------------------------------------------------------------------------------------------------------------------------------

Timing Report

Slack (MET) :             0.007ns  (required time - arrival time)
  Source:                 lsq3/handshake_lsq_lsq3_core/ldq_addr_4_q_reg[6]/C
                            (rising edge-triggered cell FDRE clocked by clk  {rise@0.000ns fall@2.450ns period=4.900ns})
  Destination:            lsq3/handshake_lsq_lsq3_core/ldq_data_4_q_reg[12]/CE
                            (rising edge-triggered cell FDRE clocked by clk  {rise@0.000ns fall@2.450ns period=4.900ns})
  Path Group:             clk
  Path Type:              Setup (Max at Slow Process Corner)
  Requirement:            4.900ns  (clk rise@4.900ns - clk rise@0.000ns)
  Data Path Delay:        4.638ns  (logic 0.999ns (21.540%)  route 3.639ns (78.460%))
  Logic Levels:           9  (CARRY4=2 LUT3=1 LUT4=1 LUT5=2 LUT6=3)
  Clock Path Skew:        -0.025ns (DCD - SCD + CPR)
    Destination Clock Delay (DCD):    0.483ns = ( 5.383 - 4.900 ) 
    Source Clock Delay      (SCD):    0.508ns
    Clock Pessimism Removal (CPR):    0.000ns
  Clock Uncertainty:      0.035ns  ((TSJ^2 + TIJ^2)^1/2 + DJ) / 2 + PE
    Total System Jitter     (TSJ):    0.071ns
    Total Input Jitter      (TIJ):    0.000ns
    Discrete Jitter          (DJ):    0.000ns
    Phase Error              (PE):    0.000ns

    Location             Delay type                Incr(ns)  Path(ns)    Netlist Resource(s)
  -------------------------------------------------------------------    -------------------
                         (clock clk rise edge)        0.000     0.000 r  
                                                      0.000     0.000 r  clk (IN)
                         net (fo=2064, unset)         0.508     0.508    lsq3/handshake_lsq_lsq3_core/clk
    SLICE_X44Y206        FDRE                                         r  lsq3/handshake_lsq_lsq3_core/ldq_addr_4_q_reg[6]/C
  -------------------------------------------------------------------    -------------------
    SLICE_X44Y206        FDRE (Prop_fdre_C_Q)         0.254     0.762 r  lsq3/handshake_lsq_lsq3_core/ldq_addr_4_q_reg[6]/Q
                         net (fo=9, routed)           0.615     1.377    lsq3/handshake_lsq_lsq3_core/ldq_addr_4_q[6]
    SLICE_X37Y204        LUT6 (Prop_lut6_I5_O)        0.043     1.420 r  lsq3/handshake_lsq_lsq3_core/A_loadEn_INST_0_i_107/O
                         net (fo=1, routed)           0.219     1.639    lsq3/handshake_lsq_lsq3_core/A_loadEn_INST_0_i_107_n_0
    SLICE_X36Y204        LUT6 (Prop_lut6_I0_O)        0.043     1.682 r  lsq3/handshake_lsq_lsq3_core/A_loadEn_INST_0_i_35/O
                         net (fo=4, routed)           0.254     1.936    lsq3/handshake_lsq_lsq3_core/A_loadEn_INST_0_i_35_n_0
    SLICE_X33Y204        LUT4 (Prop_lut4_I1_O)        0.043     1.979 r  lsq3/handshake_lsq_lsq3_core/A_loadEn_INST_0_i_7/O
                         net (fo=6, routed)           0.299     2.278    lsq3/handshake_lsq_lsq3_core/ld_st_conflict_4_7
    SLICE_X30Y205        CARRY4 (Prop_carry4_DI[0]_CO[3])
                                                      0.262     2.540 r  lsq3/handshake_lsq_lsq3_core/ldq_data_4_q_reg[30]_i_7/CO[3]
                         net (fo=1, routed)           0.000     2.540    lsq3/handshake_lsq_lsq3_core/ldq_data_4_q_reg[30]_i_7_n_0
    SLICE_X30Y206        CARRY4 (Prop_carry4_CI_O[2])
                                                      0.107     2.647 f  lsq3/handshake_lsq_lsq3_core/ldq_data_4_q_reg[31]_i_10__0/O[2]
                         net (fo=1, routed)           0.374     3.021    lsq3/handshake_lsq_lsq3_core/TEMP_46_double_out1[6]
    SLICE_X29Y208        LUT3 (Prop_lut3_I1_O)        0.118     3.139 r  lsq3/handshake_lsq_lsq3_core/ldq_data_4_q[31]_i_7__0/O
                         net (fo=33, routed)          0.478     3.618    lsq3/handshake_lsq_lsq3_core/ldq_data_4_q[31]_i_7__0_n_0
    SLICE_X31Y200        LUT6 (Prop_lut6_I5_O)        0.043     3.661 r  lsq3/handshake_lsq_lsq3_core/ldq_issue_4_q_i_4__0/O
                         net (fo=1, routed)           0.419     4.080    lsq3/handshake_lsq_lsq3_core/ldq_issue_4_q_i_4__0_n_0
    SLICE_X35Y200        LUT5 (Prop_lut5_I2_O)        0.043     4.123 r  lsq3/handshake_lsq_lsq3_core/ldq_issue_4_q_i_2__0/O
                         net (fo=2, routed)           0.290     4.413    lsq3/handshake_lsq_lsq3_core/ldq_issue_4_q_i_2__0_n_0
    SLICE_X37Y195        LUT5 (Prop_lut5_I4_O)        0.043     4.456 r  lsq3/handshake_lsq_lsq3_core/ldq_data_4_q[31]_i_1__0/O
                         net (fo=33, routed)          0.690     5.146    lsq3/handshake_lsq_lsq3_core/p_27_in
    SLICE_X11Y189        FDRE                                         r  lsq3/handshake_lsq_lsq3_core/ldq_data_4_q_reg[12]/CE
  -------------------------------------------------------------------    -------------------

                         (clock clk rise edge)        4.900     4.900 r  
                                                      0.000     4.900 r  clk (IN)
                         net (fo=2064, unset)         0.483     5.383    lsq3/handshake_lsq_lsq3_core/clk
    SLICE_X11Y189        FDRE                                         r  lsq3/handshake_lsq_lsq3_core/ldq_data_4_q_reg[12]/C
                         clock pessimism              0.000     5.383    
                         clock uncertainty           -0.035     5.347    
    SLICE_X11Y189        FDRE (Setup_fdre_C_CE)      -0.194     5.153    lsq3/handshake_lsq_lsq3_core/ldq_data_4_q_reg[12]
  -------------------------------------------------------------------
                         required time                          5.153    
                         arrival time                          -5.146    
  -------------------------------------------------------------------
                         slack                                  0.007    




