INFO: [Timing 38-91] UpdateTimingParams: Speed grade: -3, Delay Type: max.
INFO: [Timing 38-191] Multithreading enabled for timing update using a maximum of 8 CPUs
INFO: [Timing 38-35] Done setting XDC timing constraints.
WARNING: [Timing 38-242] The property HD.CLK_SRC of clock port "clk" is not set. In out-of-context mode, this prevents timing estimation for clock delay/skew
Resolution: Set the HD.CLK_SRC property of the out-of-context port to the location of the clock buffer instance in the top-level design
INFO: [Timing 38-78] ReportTimingParams: -max_paths 1 -nworst 1 -delay_type max -sort_by slack.
Copyright 1986-2022 Xilinx, Inc. All Rights Reserved. Copyright 2022-2024 Advanced Micro Devices, Inc. All Rights Reserved.
---------------------------------------------------------------------------------------------------------------------------------------------
| Tool Version : Vivado v.2024.2 (lin64) Build 5239630 Fri Nov 08 22:34:34 MST 2024
| Date         : Wed Dec 17 01:24:25 2025
| Host         : lap-inf133 running 64-bit Ubuntu 24.04.3 LTS
| Command      : report_timing
| Design       : jacobi_1d_imper
| Device       : 7k160t-fbg484
| Speed File   : -3  PRODUCTION 1.12 2017-02-17
| Design State : Synthesized
---------------------------------------------------------------------------------------------------------------------------------------------

Timing Report

Slack (MET) :             0.624ns  (required time - arrival time)
  Source:                 buffer25/dataReg_reg[1]/C
                            (rising edge-triggered cell FDRE clocked by clk  {rise@0.000ns fall@3.100ns period=6.200ns})
  Destination:            buffer25/dataReg_reg[0]/CE
                            (rising edge-triggered cell FDRE clocked by clk  {rise@0.000ns fall@3.100ns period=6.200ns})
  Path Group:             clk
  Path Type:              Setup (Max at Slow Process Corner)
  Requirement:            6.200ns  (clk rise@6.200ns - clk rise@0.000ns)
  Data Path Delay:        5.323ns  (logic 1.185ns (22.262%)  route 4.138ns (77.738%))
  Logic Levels:           13  (CARRY4=2 LUT3=2 LUT4=2 LUT6=7)
  Clock Path Skew:        -0.025ns (DCD - SCD + CPR)
    Destination Clock Delay (DCD):    0.483ns = ( 6.683 - 6.200 ) 
    Source Clock Delay      (SCD):    0.508ns
    Clock Pessimism Removal (CPR):    0.000ns
  Clock Uncertainty:      0.035ns  ((TSJ^2 + TIJ^2)^1/2 + DJ) / 2 + PE
    Total System Jitter     (TSJ):    0.071ns
    Total Input Jitter      (TIJ):    0.000ns
    Discrete Jitter          (DJ):    0.000ns
    Phase Error              (PE):    0.000ns

    Location             Delay type                Incr(ns)  Path(ns)    Netlist Resource(s)
  -------------------------------------------------------------------    -------------------
                         (clock clk rise edge)        0.000     0.000 r  
                                                      0.000     0.000 r  clk (IN)
                         net (fo=629, unset)          0.508     0.508    buffer25/clk
                         FDRE                                         r  buffer25/dataReg_reg[1]/C
  -------------------------------------------------------------------    -------------------
                         FDRE (Prop_fdre_C_Q)         0.226     0.734 r  buffer25/dataReg_reg[1]/Q
                         net (fo=7, unplaced)         0.423     1.157    buffer25/control/outs_reg[7][1]
                         LUT3 (Prop_lut3_I0_O)        0.119     1.276 r  buffer25/control/B_loadAddr[1]_INST_0_i_1/O
                         net (fo=6, unplaced)         0.409     1.685    buffer25/control/dataReg_reg[1]
                         LUT6 (Prop_lut6_I3_O)        0.043     1.728 r  buffer25/control/outs[4]_i_2/O
                         net (fo=5, unplaced)         0.272     2.000    buffer25/control/outs[4]_i_2_n_0
                         LUT6 (Prop_lut6_I2_O)        0.043     2.043 r  buffer25/control/outs[6]_i_2/O
                         net (fo=5, unplaced)         0.272     2.315    buffer25/control/outs[6]_i_2_n_0
                         LUT6 (Prop_lut6_I5_O)        0.043     2.358 r  buffer25/control/result0_carry_i_1__0/O
                         net (fo=1, unplaced)         0.248     2.606    cmpi1/DI[2]
                         CARRY4 (Prop_carry4_DI[3]_CO[3])
                                                      0.187     2.793 r  cmpi1/result0_carry/CO[3]
                         net (fo=1, unplaced)         0.007     2.800    cmpi1/result0_carry_n_0
                         CARRY4 (Prop_carry4_CI_CO[0])
                                                      0.135     2.935 f  cmpi1/result0_carry__0/CO[0]
                         net (fo=39, unplaced)        0.248     3.183    buffer44/fifo/CO[0]
                         LUT6 (Prop_lut6_I3_O)        0.127     3.310 r  buffer44/fifo/transmitValue_i_4__7/O
                         net (fo=1, unplaced)         0.244     3.554    buffer42/fifo/transmitValue_i_2__22
                         LUT4 (Prop_lut4_I1_O)        0.043     3.597 r  buffer42/fifo/transmitValue_i_3__7/O
                         net (fo=2, unplaced)         0.255     3.852    buffer18/transmitValue_reg
                         LUT4 (Prop_lut4_I3_O)        0.043     3.895 f  buffer18/transmitValue_i_2__22/O
                         net (fo=5, unplaced)         0.272     4.167    fork25/control/generateBlocks[3].regblock/transmitValue_reg_5
                         LUT3 (Prop_lut3_I1_O)        0.047     4.214 r  fork25/control/generateBlocks[3].regblock/transmitValue_i_7__0/O
                         net (fo=1, unplaced)         0.705     4.919    fork25/control/generateBlocks[3].regblock/transmitValue_i_7__0_n_0
                         LUT6 (Prop_lut6_I0_O)        0.043     4.962 r  fork25/control/generateBlocks[3].regblock/transmitValue_i_4__2/O
                         net (fo=2, unplaced)         0.255     5.217    fork25/control/generateBlocks[1].regblock/dataReg_reg[7]_2
                         LUT6 (Prop_lut6_I5_O)        0.043     5.260 r  fork25/control/generateBlocks[1].regblock/dataReg[7]_i_2/O
                         net (fo=1, unplaced)         0.244     5.504    fork19/control/generateBlocks[1].regblock/dataReg_reg[7]_0
                         LUT6 (Prop_lut6_I2_O)        0.043     5.547 r  fork19/control/generateBlocks[1].regblock/dataReg[7]_i_1/O
                         net (fo=8, unplaced)         0.284     5.831    buffer25/E[0]
                         FDRE                                         r  buffer25/dataReg_reg[0]/CE
  -------------------------------------------------------------------    -------------------

                         (clock clk rise edge)        6.200     6.200 r  
                                                      0.000     6.200 r  clk (IN)
                         net (fo=629, unset)          0.483     6.683    buffer25/clk
                         FDRE                                         r  buffer25/dataReg_reg[0]/C
                         clock pessimism              0.000     6.683    
                         clock uncertainty           -0.035     6.647    
                         FDRE (Setup_fdre_C_CE)      -0.192     6.455    buffer25/dataReg_reg[0]
  -------------------------------------------------------------------
                         required time                          6.455    
                         arrival time                          -5.831    
  -------------------------------------------------------------------
                         slack                                  0.624    




