INFO: [Timing 38-91] UpdateTimingParams: Speed grade: -3, Delay Type: max.
INFO: [Timing 38-191] Multithreading enabled for timing update using a maximum of 8 CPUs
WARNING: [Timing 38-242] The property HD.CLK_SRC of clock port "clk" is not set. In out-of-context mode, this prevents timing estimation for clock delay/skew
Resolution: Set the HD.CLK_SRC property of the out-of-context port to the location of the clock buffer instance in the top-level design
INFO: [Timing 38-78] ReportTimingParams: -max_paths 1 -nworst 1 -delay_type max -sort_by slack.
Copyright 1986-2022 Xilinx, Inc. All Rights Reserved. Copyright 2022-2024 Advanced Micro Devices, Inc. All Rights Reserved.
---------------------------------------------------------------------------------------------------------------------------------------------
| Tool Version : Vivado v.2024.2 (lin64) Build 5239630 Fri Nov 08 22:34:34 MST 2024
| Date         : Tue Dec 16 16:21:35 2025
| Host         : lap-inf133 running 64-bit Ubuntu 24.04.3 LTS
| Command      : report_timing
| Design       : get_tanh
| Device       : 7k160t-fbg484
| Speed File   : -3  PRODUCTION 1.12 2017-02-17
| Design State : Routed
---------------------------------------------------------------------------------------------------------------------------------------------

Timing Report

Slack (VIOLATED) :        -0.419ns  (required time - arrival time)
  Source:                 mulf1/operator/sigProdExt_c2_reg[25]/C
                            (rising edge-triggered cell FDRE clocked by clk  {rise@0.000ns fall@3.100ns period=6.200ns})
  Destination:            mulf2/operator/SignificandMultiplication/bh7_w26_0_c1_reg/D
                            (rising edge-triggered cell FDRE clocked by clk  {rise@0.000ns fall@3.100ns period=6.200ns})
  Path Group:             clk
  Path Type:              Setup (Max at Slow Process Corner)
  Requirement:            6.200ns  (clk rise@6.200ns - clk rise@0.000ns)
  Data Path Delay:        6.527ns  (logic 3.566ns (54.634%)  route 2.961ns (45.366%))
  Logic Levels:           17  (CARRY4=8 DSP48E1=1 LUT4=2 LUT5=3 LUT6=3)
  Clock Path Skew:        -0.025ns (DCD - SCD + CPR)
    Destination Clock Delay (DCD):    0.483ns = ( 6.683 - 6.200 ) 
    Source Clock Delay      (SCD):    0.508ns
    Clock Pessimism Removal (CPR):    0.000ns
  Clock Uncertainty:      0.035ns  ((TSJ^2 + TIJ^2)^1/2 + DJ) / 2 + PE
    Total System Jitter     (TSJ):    0.071ns
    Total Input Jitter      (TIJ):    0.000ns
    Discrete Jitter          (DJ):    0.000ns
    Phase Error              (PE):    0.000ns

    Location             Delay type                Incr(ns)  Path(ns)    Netlist Resource(s)
  -------------------------------------------------------------------    -------------------
                         (clock clk rise edge)        0.000     0.000 r  
                                                      0.000     0.000 r  clk (IN)
                         net (fo=1877, unset)         0.508     0.508    mulf1/operator/clk
    SLICE_X91Y104        FDRE                                         r  mulf1/operator/sigProdExt_c2_reg[25]/C
  -------------------------------------------------------------------    -------------------
    SLICE_X91Y104        FDRE (Prop_fdre_C_Q)         0.216     0.724 r  mulf1/operator/sigProdExt_c2_reg[25]/Q
                         net (fo=3, routed)           0.426     1.150    mulf1/operator/SignificandMultiplication/tile_0_mult/sigProdExt_c2[23]
    SLICE_X89Y104        LUT6 (Prop_lut6_I2_O)        0.043     1.193 r  mulf1/operator/SignificandMultiplication/tile_0_mult/Mfull_c0_i_32__0/O
                         net (fo=1, routed)           0.089     1.282    mulf1/operator/SignificandMultiplication/tile_0_mult/Mfull_c0_i_32__0_n_0
    SLICE_X89Y104        LUT6 (Prop_lut6_I3_O)        0.043     1.325 r  mulf1/operator/SignificandMultiplication/tile_0_mult/Mfull_c0_i_28__0/O
                         net (fo=1, routed)           0.318     1.643    mulf1/operator/SignificandMultiplication/tile_0_mult/Mfull_c0_i_28__0_n_0
    SLICE_X89Y105        LUT5 (Prop_lut5_I1_O)        0.043     1.686 r  mulf1/operator/SignificandMultiplication/tile_0_mult/Mfull_c0_i_25__0/O
                         net (fo=1, routed)           0.000     1.686    mulf1/operator/RoundingAdder/S[0]
    SLICE_X89Y105        CARRY4 (Prop_carry4_S[0]_CO[3])
                                                      0.251     1.937 r  mulf1/operator/RoundingAdder/Mfull_c0_i_21__0/CO[3]
                         net (fo=1, routed)           0.000     1.937    mulf1/operator/RoundingAdder/Mfull_c0_i_21__0_n_0
    SLICE_X89Y106        CARRY4 (Prop_carry4_CI_CO[3])
                                                      0.049     1.986 r  mulf1/operator/RoundingAdder/Mfull_c0_i_20__0/CO[3]
                         net (fo=1, routed)           0.000     1.986    mulf1/operator/RoundingAdder/Mfull_c0_i_20__0_n_0
    SLICE_X89Y107        CARRY4 (Prop_carry4_CI_CO[3])
                                                      0.049     2.035 r  mulf1/operator/RoundingAdder/Mfull_c0_i_19__0/CO[3]
                         net (fo=1, routed)           0.000     2.035    mulf1/operator/RoundingAdder/Mfull_c0_i_19__0_n_0
    SLICE_X89Y108        CARRY4 (Prop_carry4_CI_CO[3])
                                                      0.049     2.084 r  mulf1/operator/RoundingAdder/Mfull_c0_i_18__0/CO[3]
                         net (fo=1, routed)           0.000     2.084    mulf1/operator/RoundingAdder/Mfull_c0_i_18__0_n_0
    SLICE_X89Y109        CARRY4 (Prop_carry4_CI_CO[3])
                                                      0.049     2.133 r  mulf1/operator/RoundingAdder/g0_b2__47_i_6/CO[3]
                         net (fo=1, routed)           0.000     2.133    mulf1/operator/RoundingAdder/g0_b2__47_i_6_n_0
    SLICE_X89Y110        CARRY4 (Prop_carry4_CI_CO[3])
                                                      0.049     2.182 r  mulf1/operator/RoundingAdder/g0_b2__47_i_8/CO[3]
                         net (fo=1, routed)           0.000     2.182    mulf1/operator/RoundingAdder/g0_b2__47_i_8_n_0
    SLICE_X89Y111        CARRY4 (Prop_carry4_CI_CO[3])
                                                      0.049     2.231 r  mulf1/operator/RoundingAdder/minusOp_carry_i_9/CO[3]
                         net (fo=1, routed)           0.000     2.231    mulf1/operator/RoundingAdder/minusOp_carry_i_9_n_0
    SLICE_X89Y112        CARRY4 (Prop_carry4_CI_O[0])
                                                      0.104     2.335 f  mulf1/operator/RoundingAdder/minusOp_carry_i_11/O[0]
                         net (fo=3, routed)           0.426     2.761    mulf1/operator/RoundingAdder/ip_result__0[28]
    SLICE_X90Y112        LUT4 (Prop_lut4_I0_O)        0.120     2.881 f  mulf1/operator/RoundingAdder/g0_b2__47_i_11/O
                         net (fo=1, routed)           0.098     2.980    mulf1/operator/RoundingAdder/g0_b2__47_i_11_n_0
    SLICE_X90Y112        LUT5 (Prop_lut5_I4_O)        0.043     3.023 f  mulf1/operator/RoundingAdder/g0_b2__47_i_10/O
                         net (fo=33, routed)          0.216     3.239    mulf1/operator/RoundingAdder/g0_b2__47_i_10_n_0
    SLICE_X90Y113        LUT5 (Prop_lut5_I4_O)        0.043     3.282 r  mulf1/operator/RoundingAdder/Mfull_c0_i_24__0/O
                         net (fo=4, routed)           0.298     3.580    mulf1/operator/RoundingAdder/Mfull_c0_i_24__0_n_0
    SLICE_X91Y114        LUT4 (Prop_lut4_I1_O)        0.043     3.623 r  mulf1/operator/RoundingAdder/g0_b2__47_i_7/O
                         net (fo=22, routed)          0.272     3.894    mulf1/operator/RoundingAdder/mulf2/ieee2nfloat_0/sfracX1__0
    SLICE_X91Y115        LUT6 (Prop_lut6_I1_O)        0.043     3.937 r  mulf1/operator/RoundingAdder/Mfull_c0_i_5__0/O
                         net (fo=1, routed)           0.350     4.287    mulf2/operator/SignificandMultiplication/tile_0_mult/Mfull_c0_1[12]
    DSP48_X5Y44          DSP48E1 (Prop_dsp48e1_B[12]_P[26])
                                                      2.280     6.567 r  mulf2/operator/SignificandMultiplication/tile_0_mult/Mfull_c0/P[26]
                         net (fo=1, routed)           0.468     7.035    mulf2/operator/SignificandMultiplication/bh7_w26_0_c0
    SLICE_X93Y111        FDRE                                         r  mulf2/operator/SignificandMultiplication/bh7_w26_0_c1_reg/D
  -------------------------------------------------------------------    -------------------

                         (clock clk rise edge)        6.200     6.200 r  
                                                      0.000     6.200 r  clk (IN)
                         net (fo=1877, unset)         0.483     6.683    mulf2/operator/SignificandMultiplication/clk
    SLICE_X93Y111        FDRE                                         r  mulf2/operator/SignificandMultiplication/bh7_w26_0_c1_reg/C
                         clock pessimism              0.000     6.683    
                         clock uncertainty           -0.035     6.647    
    SLICE_X93Y111        FDRE (Setup_fdre_C_D)       -0.031     6.616    mulf2/operator/SignificandMultiplication/bh7_w26_0_c1_reg
  -------------------------------------------------------------------
                         required time                          6.616    
                         arrival time                          -7.035    
  -------------------------------------------------------------------
                         slack                                 -0.419    




