INFO: [Timing 38-91] UpdateTimingParams: Speed grade: -3, Delay Type: max.
INFO: [Timing 38-191] Multithreading enabled for timing update using a maximum of 8 CPUs
INFO: [Timing 38-35] Done setting XDC timing constraints.
WARNING: [Timing 38-242] The property HD.CLK_SRC of clock port "clk" is not set. In out-of-context mode, this prevents timing estimation for clock delay/skew
Resolution: Set the HD.CLK_SRC property of the out-of-context port to the location of the clock buffer instance in the top-level design
INFO: [Timing 38-78] ReportTimingParams: -max_paths 1 -nworst 1 -delay_type max -sort_by slack.
Copyright 1986-2022 Xilinx, Inc. All Rights Reserved. Copyright 2022-2024 Advanced Micro Devices, Inc. All Rights Reserved.
---------------------------------------------------------------------------------------------------------------------------------------------
| Tool Version : Vivado v.2024.2 (lin64) Build 5239630 Fri Nov 08 22:34:34 MST 2024
| Date         : Tue Dec 16 15:40:45 2025
| Host         : lap-inf133 running 64-bit Ubuntu 24.04.3 LTS
| Command      : report_timing
| Design       : bicg
| Device       : 7k160t-fbg484
| Speed File   : -3  PRODUCTION 1.12 2017-02-17
| Design State : Synthesized
---------------------------------------------------------------------------------------------------------------------------------------------

Timing Report

Slack (MET) :             4.092ns  (required time - arrival time)
  Source:                 buffer13/fifo/Memory_reg[0][4]/C
                            (rising edge-triggered cell FDRE clocked by clk  {rise@0.000ns fall@5.100ns period=10.200ns})
  Destination:            lsq3/handshake_lsq_lsq3_core/stq_addr_5_q_reg[0]/CE
                            (rising edge-triggered cell FDRE clocked by clk  {rise@0.000ns fall@5.100ns period=10.200ns})
  Path Group:             clk
  Path Type:              Setup (Max at Slow Process Corner)
  Requirement:            10.200ns  (clk rise@10.200ns - clk rise@0.000ns)
  Data Path Delay:        5.855ns  (logic 1.417ns (24.202%)  route 4.438ns (75.798%))
  Logic Levels:           12  (CARRY4=4 LUT2=2 LUT3=2 LUT5=1 LUT6=3)
  Clock Path Skew:        -0.025ns (DCD - SCD + CPR)
    Destination Clock Delay (DCD):    0.483ns = ( 10.683 - 10.200 ) 
    Source Clock Delay      (SCD):    0.508ns
    Clock Pessimism Removal (CPR):    0.000ns
  Clock Uncertainty:      0.035ns  ((TSJ^2 + TIJ^2)^1/2 + DJ) / 2 + PE
    Total System Jitter     (TSJ):    0.071ns
    Total Input Jitter      (TIJ):    0.000ns
    Discrete Jitter          (DJ):    0.000ns
    Phase Error              (PE):    0.000ns

    Location             Delay type                Incr(ns)  Path(ns)    Netlist Resource(s)
  -------------------------------------------------------------------    -------------------
                         (clock clk rise edge)        0.000     0.000 r  
                                                      0.000     0.000 r  clk (IN)
                         net (fo=1791, unset)         0.508     0.508    buffer13/fifo/clk
                         FDRE                                         r  buffer13/fifo/Memory_reg[0][4]/C
  -------------------------------------------------------------------    -------------------
                         FDRE (Prop_fdre_C_Q)         0.226     0.734 r  buffer13/fifo/Memory_reg[0][4]/Q
                         net (fo=6, unplaced)         0.533     1.267    buffer7/result0_carry
                         LUT6 (Prop_lut6_I0_O)        0.119     1.386 r  buffer7/result0_carry_i_2/O
                         net (fo=1, unplaced)         0.459     1.845    cmpi0/DI[1]
                         CARRY4 (Prop_carry4_DI[1]_CO[3])
                                                      0.245     2.090 r  cmpi0/result0_carry/CO[3]
                         net (fo=27, unplaced)        0.655     2.745    buffer22/fifo/CO[0]
                         LUT6 (Prop_lut6_I3_O)        0.043     2.788 f  buffer22/fifo/fullReg_i_2__7/O
                         net (fo=4, unplaced)         0.268     3.056    control_merge1/fork_valid/generateBlocks[1].regblock/transmitValue_reg_14
                         LUT2 (Prop_lut2_I1_O)        0.043     3.099 r  control_merge1/fork_valid/generateBlocks[1].regblock/transmitValue_i_2__15/O
                         net (fo=23, unplaced)        0.307     3.406    fork4/control/generateBlocks[1].regblock/a_loadEn_INST_0_i_1
                         LUT2 (Prop_lut2_I1_O)        0.043     3.449 r  fork4/control/generateBlocks[1].regblock/a_loadEn_INST_0_i_3/O
                         net (fo=1, unplaced)         0.377     3.826    control_merge1/tehb/control/valid_reg[0]
                         LUT6 (Prop_lut6_I1_O)        0.043     3.869 f  control_merge1/tehb/control/a_loadEn_INST_0_i_1/O
                         net (fo=32, unplaced)        0.315     4.184    fork2/control/generateBlocks[2].regblock/stq_addr_valid_2_q_reg
                         LUT3 (Prop_lut3_I1_O)        0.043     4.227 r  fork2/control/generateBlocks[2].regblock/stq_addr_valid_5_q_i_3/O
                         net (fo=35, unplaced)        0.317     4.544    lsq3/handshake_lsq_lsq3_core/handshake_lsq_lsq3_core_sta_dispatcher/stq_addr_valid_2_q_reg
                         LUT3 (Prop_lut3_I2_O)        0.043     4.587 r  lsq3/handshake_lsq_lsq3_core/handshake_lsq_lsq3_core_sta_dispatcher/TEMP_9_double_out_01_carry_i_3/O
                         net (fo=1, unplaced)         0.459     5.046    lsq3/handshake_lsq_lsq3_core/handshake_lsq_lsq3_core_sta_dispatcher/TEMP_9_double_out_01_carry_i_3_n_0
                         CARRY4 (Prop_carry4_DI[1]_CO[3])
                                                      0.245     5.291 r  lsq3/handshake_lsq_lsq3_core/handshake_lsq_lsq3_core_sta_dispatcher/TEMP_9_double_out_01_carry/CO[3]
                         net (fo=1, unplaced)         0.007     5.298    lsq3/handshake_lsq_lsq3_core/handshake_lsq_lsq3_core_sta_dispatcher/TEMP_9_double_out_01_carry_n_0
                         CARRY4 (Prop_carry4_CI_CO[3])
                                                      0.050     5.348 r  lsq3/handshake_lsq_lsq3_core/handshake_lsq_lsq3_core_sta_dispatcher/TEMP_9_double_out_01_carry__0/CO[3]
                         net (fo=1, unplaced)         0.000     5.348    lsq3/handshake_lsq_lsq3_core/handshake_lsq_lsq3_core_sta_dispatcher/TEMP_9_double_out_01_carry__0_n_0
                         CARRY4 (Prop_carry4_CI_O[3])
                                                      0.154     5.502 f  lsq3/handshake_lsq_lsq3_core/handshake_lsq_lsq3_core_sta_dispatcher/TEMP_9_double_out_01_carry__1/O[3]
                         net (fo=2, unplaced)         0.467     5.969    lsq3/handshake_lsq_lsq3_core/handshake_lsq_lsq3_core_sta_dispatcher/TEMP_9_double_out_01_carry__1_n_4
                         LUT5 (Prop_lut5_I4_O)        0.120     6.089 r  lsq3/handshake_lsq_lsq3_core/handshake_lsq_lsq3_core_sta_dispatcher/stq_addr_5_q[4]_i_1__0/O
                         net (fo=5, unplaced)         0.274     6.363    lsq3/handshake_lsq_lsq3_core/stq_addr_wen_5
                         FDRE                                         r  lsq3/handshake_lsq_lsq3_core/stq_addr_5_q_reg[0]/CE
  -------------------------------------------------------------------    -------------------

                         (clock clk rise edge)       10.200    10.200 r  
                                                      0.000    10.200 r  clk (IN)
                         net (fo=1791, unset)         0.483    10.683    lsq3/handshake_lsq_lsq3_core/clk
                         FDRE                                         r  lsq3/handshake_lsq_lsq3_core/stq_addr_5_q_reg[0]/C
                         clock pessimism              0.000    10.683    
                         clock uncertainty           -0.035    10.647    
                         FDRE (Setup_fdre_C_CE)      -0.192    10.455    lsq3/handshake_lsq_lsq3_core/stq_addr_5_q_reg[0]
  -------------------------------------------------------------------
                         required time                         10.455    
                         arrival time                          -6.363    
  -------------------------------------------------------------------
                         slack                                  4.092    




