[INFO] Compiled source to affine
[INFO] Ran memory analysis
[INFO] Compiled affine to scf
[INFO] Compiled scf to cf
[INFO] Applied standard transformations to cf
[INFO] Applied Dynamatic transformations to cf
[INFO] Marked memory accesses with the corresponding interfaces in cf
[INFO] Compiled cf to handshake
[INFO][SKIP] Created Skip Conditions
[INFO][SKIP] Created Waiting Signals
[INFO][SKIP] Gated Successor Accesses
[INFO][SKIP] Dependency graph written to /beta/rouzbeh/hope/dynamatic/skip/runs/run_2025-12-16_00-15-16/gaussian-1/out/comp/gaussian_DEP_G.dot
[INFO][SKIP] Inserted Out with LSQs circuit successfully! 
[INFO] Applied transformations to handshake with skippable sequentializer
[INFO] Applied transformations to handshake
[INFO] Built kernel for profiling
[INFO] Ran kernel for profiling
[INFO] Profiled cf-level
[INFO] Running smart buffer placement with CP = 15.000 and algorithm = 'cpbuf'
[INFO] Placed smart buffers
[INFO] Canonicalized handshake
[INFO] Created gaussian DOT
[INFO] Converted gaussian DOT to PNG
[INFO] Created gaussian_CFG DOT
[INFO] Converted gaussian_CFG DOT to PNG
[INFO] Lowered to HW
[INFO] Compilation succeeded
[INFO] Exported RTL (vhdl)
[INFO] HDL generation succeeded
================================================================================
============== Dynamatic | Dynamic High-Level Synthesis Compiler ===============
======================== EPFL-LAP - v2.0.0 | March 2024 ========================
================================================================================


dynamatic> set-src skip/runs/run_2025-12-16_00-15-16/gaussian-1/gaussian.c
dynamatic> set-clock-period 15   
dynamatic> compile --skippable-seq-n 1 --buffer-algorithm cpbuf --fork-fifo-size 15
dynamatic> write-hdl
dynamatic> exit

Goodbye!
[INFO] Exported RTL (vhdl)
[INFO] HDL generation succeeded
[INFO] Built kernel for IO gen.
[INFO] Ran kernel for IO gen.
[INFO] Launching Modelsim simulation
[INFO] Simulation succeeded
================================================================================
============== Dynamatic | Dynamic High-Level Synthesis Compiler ===============
======================== EPFL-LAP - v2.0.0 | March 2024 ========================
================================================================================


dynamatic> set-src skip/runs/run_2025-12-16_00-15-16/gaussian-1/gaussian.c
dynamatic> write-hdl
dynamatic> simulate
dynamatic> exit

Goodbye!
Initial BASELINE Cycles: None
buffer2 ----> 0
buffer2      max_len = 0
buffer3 ----> 0
buffer3      max_len = 0
buffer4 ----> 6
buffer4      max_len = 6
buffer5 ----> 6
buffer5      max_len = 6
buffer6 ----> 1
buffer6      max_len = 1
buffer7 ----> 6
buffer7      max_len = 6
buffer8 ----> 6
buffer8      max_len = 6
buffer9 ----> 6
buffer9      max_len = 6
buffer10 ----> 0
buffer10     max_len = 0
buffer11 ----> 0
buffer11     max_len = 0
buffer12 ----> 0
buffer12     max_len = 0
buffer13 ----> 0
buffer13     max_len = 0
buffer14 ----> 0
buffer14     max_len = 0
buffer15 ----> 8
buffer15     max_len = 8
buffer16 ----> 0
buffer16     max_len = 0
buffer17 ----> 6
buffer17     max_len = 6
buffer18 ----> 0
buffer18     max_len = 0
buffer19 ----> 6
buffer19     max_len = 6
buffer20 ----> 7
buffer20     max_len = 7
buffer21 ----> 7
buffer21     max_len = 7
buffer22 ----> 7
buffer22     max_len = 7
buffer23 ----> 1
buffer23     max_len = 1
buffer24 ----> 0
buffer24     max_len = 0
buffer25 ----> 0
buffer25     max_len = 0
buffer26 ----> 6
buffer26     max_len = 6
buffer27 ----> 0
buffer27     max_len = 0
buffer28 ----> 0
buffer28     max_len = 0
buffer29 ----> 0
buffer29     max_len = 0
buffer30 ----> 0
buffer30     max_len = 0
buffer31 ----> 0
buffer31     max_len = 0
buffer32 ----> 0
buffer32     max_len = 0
buffer33 ----> 6
buffer33     max_len = 6
buffer34 ----> 0
buffer34     max_len = 0
buffer35 ----> 0
buffer35     max_len = 0
buffer36 ----> 6
buffer36     max_len = 6
buffer37 ----> 6
buffer37     max_len = 6
buffer38 ----> 7
buffer38     max_len = 7
buffer39 ----> 6
buffer39     max_len = 6
buffer40 ----> 6
buffer40     max_len = 6
buffer41 ----> 1
buffer41     max_len = 1
buffer42 ----> 7
buffer42     max_len = 7
buffer43 ----> 15
buffer43     max_len = 15
buffer44 ----> 6
buffer44     max_len = 6
buffer45 ----> 15
buffer45     max_len = 15
buffer46 ----> 15
buffer46     max_len = 15
buffer47 ----> 15
buffer47     max_len = 15
buffer48 ----> 15
buffer48     max_len = 15
buffer49 ----> 15
buffer49     max_len = 15
buffer50 ----> 15
buffer50     max_len = 15
buffer51 ----> 15
buffer51     max_len = 15
buffer52 ----> 15
buffer52     max_len = 15
buffer53 ----> 15
buffer53     max_len = 15
buffer54 ----> 6
buffer54     max_len = 6
buffer55 ----> 0
buffer55     max_len = 0
buffer56 ----> 0
buffer56     max_len = 0
buffer57 ----> 6
buffer57     max_len = 6
buffer58 ----> 0
buffer58     max_len = 0
buffer59 ----> 0
buffer59     max_len = 0
buffer60 ----> 14
buffer60     max_len = 14
buffer61 ----> 0
buffer61     max_len = 0
buffer62 ----> 0
buffer62     max_len = 0
buffer63 ----> 15
buffer63     max_len = 15
buffer64 ----> 15
buffer64     max_len = 15
buffer65 ----> 15
buffer65     max_len = 15
buffer66 ----> 0
buffer66     max_len = 0
buffer67 ----> 15
buffer67     max_len = 15
buffer68 ----> 0
buffer68     max_len = 0
buffer69 ----> 0
buffer69     max_len = 0
buffer70 ----> 15
buffer70     max_len = 15
buffer71 ----> 7
buffer71     max_len = 7
buffer72 ----> 0
buffer72     max_len = 0
buffer73 ----> 15
buffer73     max_len = 15
buffer74 ----> 15
buffer74     max_len = 15
buffer75 ----> 1
buffer75     max_len = 1
buffer76 ----> 15
buffer76     max_len = 15
buffer77 ----> 1
buffer77     max_len = 1
buffer78 ----> 1
buffer78     max_len = 1
buffer79 ----> 15
buffer79     max_len = 15
buffer80 ----> 7
buffer80     max_len = 7
buffer81 ----> 0
buffer81     max_len = 0
buffer82 ----> 15
buffer82     max_len = 15
buffer83 ----> 15
buffer83     max_len = 15
buffer84 ----> 7
buffer84     max_len = 7
buffer85 ----> 15
buffer85     max_len = 15
buffer86 ----> 7
buffer86     max_len = 7
buffer87 ----> 7
buffer87     max_len = 7
buffer88 ----> 15
buffer88     max_len = 15
buffer89 ----> 0
buffer89     max_len = 0
buffer90 ----> 6
buffer90     max_len = 6
buffer91 ----> 6
buffer91     max_len = 6
buffer92 ----> 6
buffer92     max_len = 6
buffer93 ----> 7
buffer93     max_len = 7
buffer94 ----> 0
buffer94     max_len = 0
buffer95 ----> 0
buffer95     max_len = 0
buffer96 ----> 6
buffer96     max_len = 6
buffer97 ----> 0
buffer97     max_len = 0
buffer98 ----> 6
buffer98     max_len = 6
buffer99 ----> 0
buffer99     max_len = 0
buffer100 ----> 6
buffer100    max_len = 6
buffer101 ----> 0
buffer101    max_len = 0
buffer102 ----> 0
buffer102    max_len = 0
buffer103 ----> 0
buffer103    max_len = 0
buffer104 ----> 6
buffer104    max_len = 6
buffer105 ----> 6
buffer105    max_len = 6
buffer106 ----> 6
buffer106    max_len = 6
buffer107 ----> 6
buffer107    max_len = 6
buffer108 ----> 6
buffer108    max_len = 6
buffer109 ----> 0
buffer109    max_len = 0
buffer110 ----> 6
buffer110    max_len = 6
buffer111 ----> 6
buffer111    max_len = 6
buffer112 ----> 1
buffer112    max_len = 1

=== Applying MLIR modifications (remove) ===
[REMOVE] buffer10 (max_len=0)
[REMOVE] buffer101 (max_len=0)
[REMOVE] buffer102 (max_len=0)
[REMOVE] buffer103 (max_len=0)
[REMOVE] buffer109 (max_len=0)
[REMOVE] buffer11 (max_len=0)
[REMOVE] buffer12 (max_len=0)
[REMOVE] buffer13 (max_len=0)
[REMOVE] buffer14 (max_len=0)
[REMOVE] buffer16 (max_len=0)
[REMOVE] buffer18 (max_len=0)
[REMOVE] buffer2 (max_len=0)
[REMOVE] buffer24 (max_len=0)
[REMOVE] buffer25 (max_len=0)
[REMOVE] buffer27 (max_len=0)
[REMOVE] buffer28 (max_len=0)
[REMOVE] buffer29 (max_len=0)
[REMOVE] buffer3 (max_len=0)
[REMOVE] buffer30 (max_len=0)
[REMOVE] buffer31 (max_len=0)
[REMOVE] buffer32 (max_len=0)
[REMOVE] buffer34 (max_len=0)
[REMOVE] buffer35 (max_len=0)
[REMOVE] buffer55 (max_len=0)
[REMOVE] buffer56 (max_len=0)
[REMOVE] buffer58 (max_len=0)
[REMOVE] buffer59 (max_len=0)
[REMOVE] buffer61 (max_len=0)
[REMOVE] buffer62 (max_len=0)
[REMOVE] buffer66 (max_len=0)
[REMOVE] buffer68 (max_len=0)
[REMOVE] buffer69 (max_len=0)
[REMOVE] buffer72 (max_len=0)
[REMOVE] buffer81 (max_len=0)
[REMOVE] buffer89 (max_len=0)
[REMOVE] buffer94 (max_len=0)
[REMOVE] buffer95 (max_len=0)
[REMOVE] buffer97 (max_len=0)
[REMOVE] buffer99 (max_len=0)
Running Handshake canonicalization...
Canonicalized Handshake.
Lowering Handshake to HW...
Lowered Handshake to HW.

=== Running BASELINE simulation after initial resize ===
BASELINE Cycles: 11648

=== Applying Buffer Removal Optimization ===
MLIR file backed up to: skip/runs/run_2025-12-16_00-15-16/gaussian-1/out/comp/handshake_transformed.mlir.bak

=== Applying Buffer Resize Optimization to size 0 ===
Processed 0/72 until now
[TRY REMOVE] buffer4
[TRY REMOVE] buffer5
[TRY REMOVE] buffer6
[TRY REMOVE] buffer7
[TRY REMOVE] buffer8
[TRY REMOVE] buffer9
[TRY REMOVE] buffer15
[TRY REMOVE] buffer17
[TRY REMOVE] buffer19
[TRY REMOVE] buffer20
[TRY REMOVE] buffer21
[TRY REMOVE] buffer22
[TRY REMOVE] buffer23
[TRY REMOVE] buffer26
[TRY REMOVE] buffer33
[TRY REMOVE] buffer36
[TRY REMOVE] buffer37
[TRY REMOVE] buffer38
[TRY REMOVE] buffer39
[TRY REMOVE] buffer40
[TRY REMOVE] buffer41
[TRY REMOVE] buffer42
[TRY REMOVE] buffer43
[TRY REMOVE] buffer44
[TRY REMOVE] buffer45
[TRY REMOVE] buffer46
[TRY REMOVE] buffer47
[TRY REMOVE] buffer48
[TRY REMOVE] buffer49
[TRY REMOVE] buffer50
[TRY REMOVE] buffer51
[TRY REMOVE] buffer52
[TRY REMOVE] buffer53
[TRY REMOVE] buffer54
[TRY REMOVE] buffer57
[TRY REMOVE] buffer60
[TRY REMOVE] buffer63
[TRY REMOVE] buffer64
[TRY REMOVE] buffer65
[TRY REMOVE] buffer67
[TRY REMOVE] buffer70
[TRY REMOVE] buffer71
[TRY REMOVE] buffer73
[TRY REMOVE] buffer74
[TRY REMOVE] buffer75
[TRY REMOVE] buffer76
[TRY REMOVE] buffer77
[TRY REMOVE] buffer78
[TRY REMOVE] buffer79
[TRY REMOVE] buffer80
[TRY REMOVE] buffer82
[TRY REMOVE] buffer83
[TRY REMOVE] buffer84
[TRY REMOVE] buffer85
[TRY REMOVE] buffer86
[TRY REMOVE] buffer87
[TRY REMOVE] buffer88
[TRY REMOVE] buffer90
[TRY REMOVE] buffer91
[TRY REMOVE] buffer92
[TRY REMOVE] buffer93
[TRY REMOVE] buffer96
[TRY REMOVE] buffer98
[TRY REMOVE] buffer100
[TRY REMOVE] buffer104
[TRY REMOVE] buffer105
[TRY REMOVE] buffer106
[TRY REMOVE] buffer107
[TRY REMOVE] buffer108
[TRY REMOVE] buffer110
[TRY REMOVE] buffer111
[TRY REMOVE] buffer112
Running Handshake canonicalization...
Canonicalized Handshake.
Lowering Handshake to HW...
Lowered Handshake to HW.
[PERF FAIL] Cycles increased: 11648 -> 20408
[TRIAL FAILED] Performance hurt. Reverting and recursing on 72 buffers.
Processed 0/72 until now
[TRY REMOVE] buffer4
[TRY REMOVE] buffer5
[TRY REMOVE] buffer6
[TRY REMOVE] buffer7
[TRY REMOVE] buffer8
[TRY REMOVE] buffer9
[TRY REMOVE] buffer15
[TRY REMOVE] buffer17
[TRY REMOVE] buffer19
[TRY REMOVE] buffer20
[TRY REMOVE] buffer21
[TRY REMOVE] buffer22
[TRY REMOVE] buffer23
[TRY REMOVE] buffer26
[TRY REMOVE] buffer33
[TRY REMOVE] buffer36
[TRY REMOVE] buffer37
[TRY REMOVE] buffer38
[TRY REMOVE] buffer39
[TRY REMOVE] buffer40
[TRY REMOVE] buffer41
[TRY REMOVE] buffer42
[TRY REMOVE] buffer43
[TRY REMOVE] buffer44
[TRY REMOVE] buffer45
[TRY REMOVE] buffer46
[TRY REMOVE] buffer47
[TRY REMOVE] buffer48
[TRY REMOVE] buffer49
[TRY REMOVE] buffer50
[TRY REMOVE] buffer51
[TRY REMOVE] buffer52
[TRY REMOVE] buffer53
[TRY REMOVE] buffer54
[TRY REMOVE] buffer57
[TRY REMOVE] buffer60
Running Handshake canonicalization...
Canonicalized Handshake.
Lowering Handshake to HW...
Lowered Handshake to HW.
[PERF FAIL] Cycles increased: 11648 -> 13179
[TRIAL FAILED] Performance hurt. Reverting and recursing on 36 buffers.
Processed 0/72 until now
[TRY REMOVE] buffer4
[TRY REMOVE] buffer5
[TRY REMOVE] buffer6
[TRY REMOVE] buffer7
[TRY REMOVE] buffer8
[TRY REMOVE] buffer9
[TRY REMOVE] buffer15
[TRY REMOVE] buffer17
[TRY REMOVE] buffer19
[TRY REMOVE] buffer20
[TRY REMOVE] buffer21
[TRY REMOVE] buffer22
[TRY REMOVE] buffer23
[TRY REMOVE] buffer26
[TRY REMOVE] buffer33
[TRY REMOVE] buffer36
[TRY REMOVE] buffer37
[TRY REMOVE] buffer38
Running Handshake canonicalization...
Canonicalized Handshake.
Lowering Handshake to HW...
Lowered Handshake to HW.
[PERF FAIL] Cycles increased: 11648 -> 11722
[TRIAL FAILED] Performance hurt. Reverting and recursing on 18 buffers.
Processed 0/72 until now
[TRY REMOVE] buffer4
[TRY REMOVE] buffer5
[TRY REMOVE] buffer6
[TRY REMOVE] buffer7
[TRY REMOVE] buffer8
[TRY REMOVE] buffer9
[TRY REMOVE] buffer15
[TRY REMOVE] buffer17
[TRY REMOVE] buffer19
Running Handshake canonicalization...
Canonicalized Handshake.
Lowering Handshake to HW...
Lowered Handshake to HW.
[PERF OK] Cycles: 11647 (Baseline: 11648)
[OPTIMIZE] Success: Resized 9 buffers to 0: ['buffer4', 'buffer5', 'buffer6', 'buffer7', 'buffer8', 'buffer9', 'buffer15', 'buffer17', 'buffer19']
Processed 9/72 until now
[TRY REMOVE] buffer20
[TRY REMOVE] buffer21
[TRY REMOVE] buffer22
[TRY REMOVE] buffer23
[TRY REMOVE] buffer26
[TRY REMOVE] buffer33
[TRY REMOVE] buffer36
[TRY REMOVE] buffer37
[TRY REMOVE] buffer38
[TRIAL FAILED] Performance hurt. Reverting and recursing on 9 buffers.
Processed 9/72 until now
[TRY REMOVE] buffer20
[TRY REMOVE] buffer21
[TRY REMOVE] buffer22
[TRY REMOVE] buffer23
Running Handshake canonicalization...
Canonicalized Handshake.
Lowering Handshake to HW...
Lowered Handshake to HW.
[PERF FAIL] Cycles increased: 11648 -> 11786
[TRIAL FAILED] Performance hurt. Reverting and recursing on 4 buffers.
Processed 9/72 until now
[TRY REMOVE] buffer20
[TRY REMOVE] buffer21
Running Handshake canonicalization...
Canonicalized Handshake.
Lowering Handshake to HW...
Lowered Handshake to HW.
[PERF FAIL] Cycles increased: 11648 -> 11767
[TRIAL FAILED] Performance hurt. Reverting and recursing on 2 buffers.
Processed 9/72 until now
[TRY REMOVE] buffer20
Running Handshake canonicalization...
Canonicalized Handshake.
Lowering Handshake to HW...
Lowered Handshake to HW.
[PERF OK] Cycles: 10619 (Baseline: 11648)
[OPTIMIZE] Success: Resized 1 buffers to 0: ['buffer20']
Processed 10/72 until now
[TRY REMOVE] buffer21
Processed 11/72 until now
[TRY REMOVE] buffer22
[TRY REMOVE] buffer23
Running Handshake canonicalization...
Canonicalized Handshake.
Lowering Handshake to HW...
Lowered Handshake to HW.
[PERF FAIL] Cycles increased: 11648 -> 11722
[TRIAL FAILED] Performance hurt. Reverting and recursing on 2 buffers.
Processed 11/72 until now
[TRY REMOVE] buffer22
Running Handshake canonicalization...
Canonicalized Handshake.
Lowering Handshake to HW...
Lowered Handshake to HW.
[PERF FAIL] Cycles increased: 11648 -> 11687
Processed 12/72 until now
[TRY REMOVE] buffer23
Running Handshake canonicalization...
Canonicalized Handshake.
Lowering Handshake to HW...
Lowered Handshake to HW.
[PERF OK] Cycles: 10947 (Baseline: 11648)
[OPTIMIZE] Success: Resized 1 buffers to 0: ['buffer23']
Processed 13/72 until now
[TRY REMOVE] buffer26
[TRY REMOVE] buffer33
[TRY REMOVE] buffer36
[TRY REMOVE] buffer37
[TRY REMOVE] buffer38
Running Handshake canonicalization...
Canonicalized Handshake.
Lowering Handshake to HW...
Lowered Handshake to HW.
[PERF OK] Cycles: 10959 (Baseline: 11648)
[OPTIMIZE] Success: Resized 5 buffers to 0: ['buffer26', 'buffer33', 'buffer36', 'buffer37', 'buffer38']
Processed 18/72 until now
[TRY REMOVE] buffer39
[TRY REMOVE] buffer40
[TRY REMOVE] buffer41
[TRY REMOVE] buffer42
[TRY REMOVE] buffer43
[TRY REMOVE] buffer44
[TRY REMOVE] buffer45
[TRY REMOVE] buffer46
[TRY REMOVE] buffer47
[TRY REMOVE] buffer48
[TRY REMOVE] buffer49
[TRY REMOVE] buffer50
[TRY REMOVE] buffer51
[TRY REMOVE] buffer52
[TRY REMOVE] buffer53
[TRY REMOVE] buffer54
[TRY REMOVE] buffer57
[TRY REMOVE] buffer60
Running Handshake canonicalization...
Canonicalized Handshake.
Lowering Handshake to HW...
Lowered Handshake to HW.
[PERF FAIL] Cycles increased: 11648 -> 13179
[TRIAL FAILED] Performance hurt. Reverting and recursing on 18 buffers.
Processed 18/72 until now
[TRY REMOVE] buffer39
[TRY REMOVE] buffer40
[TRY REMOVE] buffer41
[TRY REMOVE] buffer42
[TRY REMOVE] buffer43
[TRY REMOVE] buffer44
[TRY REMOVE] buffer45
[TRY REMOVE] buffer46
[TRY REMOVE] buffer47
Running Handshake canonicalization...
Canonicalized Handshake.
Lowering Handshake to HW...
Lowered Handshake to HW.
[PERF FAIL] Cycles increased: 11648 -> 14595
[TRIAL FAILED] Performance hurt. Reverting and recursing on 9 buffers.
Processed 18/72 until now
[TRY REMOVE] buffer39
[TRY REMOVE] buffer40
[TRY REMOVE] buffer41
[TRY REMOVE] buffer42
Running Handshake canonicalization...
Canonicalized Handshake.
Lowering Handshake to HW...
Lowered Handshake to HW.
[PERF FAIL] Cycles increased: 11648 -> 11705
[TRIAL FAILED] Performance hurt. Reverting and recursing on 4 buffers.
Processed 18/72 until now
[TRY REMOVE] buffer39
[TRY REMOVE] buffer40
Running Handshake canonicalization...
Canonicalized Handshake.
Lowering Handshake to HW...
Lowered Handshake to HW.
[PERF FAIL] Cycles increased: 11648 -> 11705
[TRIAL FAILED] Performance hurt. Reverting and recursing on 2 buffers.
Processed 18/72 until now
[TRY REMOVE] buffer39
Running Handshake canonicalization...
Canonicalized Handshake.
Lowering Handshake to HW...
Lowered Handshake to HW.
[PERF OK] Cycles: 10947 (Baseline: 11648)
[OPTIMIZE] Success: Resized 1 buffers to 0: ['buffer39']
Processed 19/72 until now
[TRY REMOVE] buffer40
Processed 20/72 until now
[TRY REMOVE] buffer41
[TRY REMOVE] buffer42
Running Handshake canonicalization...
Canonicalized Handshake.
Lowering Handshake to HW...
Lowered Handshake to HW.
[PERF OK] Cycles: 10947 (Baseline: 11648)
[OPTIMIZE] Success: Resized 2 buffers to 0: ['buffer41', 'buffer42']
Processed 22/72 until now
[TRY REMOVE] buffer43
[TRY REMOVE] buffer44
[TRY REMOVE] buffer45
[TRY REMOVE] buffer46
[TRY REMOVE] buffer47
Running Handshake canonicalization...
Canonicalized Handshake.
Lowering Handshake to HW...
Lowered Handshake to HW.
[PERF FAIL] Cycles increased: 11648 -> 14595
[TRIAL FAILED] Performance hurt. Reverting and recursing on 5 buffers.
Processed 22/72 until now
[TRY REMOVE] buffer43
[TRY REMOVE] buffer44
Running Handshake canonicalization...
Canonicalized Handshake.
Lowering Handshake to HW...
Lowered Handshake to HW.
[PERF FAIL] Cycles increased: 11648 -> 13323
[TRIAL FAILED] Performance hurt. Reverting and recursing on 2 buffers.
Processed 22/72 until now
[TRY REMOVE] buffer43
Running Handshake canonicalization...
Canonicalized Handshake.
Lowering Handshake to HW...
Lowered Handshake to HW.
[PERF FAIL] Cycles increased: 11648 -> 12857
Processed 23/72 until now
[TRY REMOVE] buffer44
Running Handshake canonicalization...
Canonicalized Handshake.
Lowering Handshake to HW...
Lowered Handshake to HW.
[PERF FAIL] Cycles increased: 11648 -> 11705
Processed 24/72 until now
[TRY REMOVE] buffer45
[TRY REMOVE] buffer46
[TRY REMOVE] buffer47
Running Handshake canonicalization...
Canonicalized Handshake.
Lowering Handshake to HW...
Lowered Handshake to HW.
[PERF OK] Cycles: 10229 (Baseline: 11648)
[OPTIMIZE] Success: Resized 3 buffers to 0: ['buffer45', 'buffer46', 'buffer47']
Processed 27/72 until now
[TRY REMOVE] buffer48
[TRY REMOVE] buffer49
[TRY REMOVE] buffer50
[TRY REMOVE] buffer51
[TRY REMOVE] buffer52
[TRY REMOVE] buffer53
[TRY REMOVE] buffer54
[TRY REMOVE] buffer57
[TRY REMOVE] buffer60
Running Handshake canonicalization...
Canonicalized Handshake.
Lowering Handshake to HW...
Lowered Handshake to HW.
[PERF FAIL] Cycles increased: 11648 -> 11663
[TRIAL FAILED] Performance hurt. Reverting and recursing on 9 buffers.
Processed 27/72 until now
[TRY REMOVE] buffer48
[TRY REMOVE] buffer49
[TRY REMOVE] buffer50
[TRY REMOVE] buffer51
Running Handshake canonicalization...
Canonicalized Handshake.
Lowering Handshake to HW...
Lowered Handshake to HW.
[PERF OK] Cycles: 10229 (Baseline: 11648)
[OPTIMIZE] Success: Resized 4 buffers to 0: ['buffer48', 'buffer49', 'buffer50', 'buffer51']
Processed 31/72 until now
[TRY REMOVE] buffer52
[TRY REMOVE] buffer53
[TRY REMOVE] buffer54
[TRY REMOVE] buffer57
[TRY REMOVE] buffer60
[TRIAL FAILED] Performance hurt. Reverting and recursing on 5 buffers.
Processed 31/72 until now
[TRY REMOVE] buffer52
[TRY REMOVE] buffer53
Running Handshake canonicalization...
Canonicalized Handshake.
Lowering Handshake to HW...
Lowered Handshake to HW.
[PERF FAIL] Cycles increased: 11648 -> 11664
[TRIAL FAILED] Performance hurt. Reverting and recursing on 2 buffers.
Processed 31/72 until now
[TRY REMOVE] buffer52
Running Handshake canonicalization...
Canonicalized Handshake.
Lowering Handshake to HW...
Lowered Handshake to HW.
[PERF FAIL] Cycles increased: 11648 -> 11664
Processed 32/72 until now
[TRY REMOVE] buffer53
Running Handshake canonicalization...
Canonicalized Handshake.
Lowering Handshake to HW...
Lowered Handshake to HW.
[PERF FAIL] Cycles increased: 11648 -> 11657
Processed 33/72 until now
[TRY REMOVE] buffer54
[TRY REMOVE] buffer57
[TRY REMOVE] buffer60
Running Handshake canonicalization...
Canonicalized Handshake.
Lowering Handshake to HW...
Lowered Handshake to HW.
[PERF OK] Cycles: 10328 (Baseline: 11648)
[OPTIMIZE] Success: Resized 3 buffers to 0: ['buffer54', 'buffer57', 'buffer60']
Processed 36/72 until now
[TRY REMOVE] buffer63
[TRY REMOVE] buffer64
[TRY REMOVE] buffer65
[TRY REMOVE] buffer67
[TRY REMOVE] buffer70
[TRY REMOVE] buffer71
[TRY REMOVE] buffer73
[TRY REMOVE] buffer74
[TRY REMOVE] buffer75
[TRY REMOVE] buffer76
[TRY REMOVE] buffer77
[TRY REMOVE] buffer78
[TRY REMOVE] buffer79
[TRY REMOVE] buffer80
[TRY REMOVE] buffer82
[TRY REMOVE] buffer83
[TRY REMOVE] buffer84
[TRY REMOVE] buffer85
[TRY REMOVE] buffer86
[TRY REMOVE] buffer87
[TRY REMOVE] buffer88
[TRY REMOVE] buffer90
[TRY REMOVE] buffer91
[TRY REMOVE] buffer92
[TRY REMOVE] buffer93
[TRY REMOVE] buffer96
[TRY REMOVE] buffer98
[TRY REMOVE] buffer100
[TRY REMOVE] buffer104
[TRY REMOVE] buffer105
[TRY REMOVE] buffer106
[TRY REMOVE] buffer107
[TRY REMOVE] buffer108
[TRY REMOVE] buffer110
[TRY REMOVE] buffer111
[TRY REMOVE] buffer112
Running Handshake canonicalization...
Canonicalized Handshake.
Lowering Handshake to HW...
Lowered Handshake to HW.
[PERF FAIL] Cycles increased: 11648 -> 20359
[TRIAL FAILED] Performance hurt. Reverting and recursing on 36 buffers.
Processed 36/72 until now
[TRY REMOVE] buffer63
[TRY REMOVE] buffer64
[TRY REMOVE] buffer65
[TRY REMOVE] buffer67
[TRY REMOVE] buffer70
[TRY REMOVE] buffer71
[TRY REMOVE] buffer73
[TRY REMOVE] buffer74
[TRY REMOVE] buffer75
[TRY REMOVE] buffer76
[TRY REMOVE] buffer77
[TRY REMOVE] buffer78
[TRY REMOVE] buffer79
[TRY REMOVE] buffer80
[TRY REMOVE] buffer82
[TRY REMOVE] buffer83
[TRY REMOVE] buffer84
[TRY REMOVE] buffer85
Running Handshake canonicalization...
Canonicalized Handshake.
Lowering Handshake to HW...
Lowered Handshake to HW.
[PERF FAIL] Cycles increased: 11648 -> 12408
[TRIAL FAILED] Performance hurt. Reverting and recursing on 18 buffers.
Processed 36/72 until now
[TRY REMOVE] buffer63
[TRY REMOVE] buffer64
[TRY REMOVE] buffer65
[TRY REMOVE] buffer67
[TRY REMOVE] buffer70
[TRY REMOVE] buffer71
[TRY REMOVE] buffer73
[TRY REMOVE] buffer74
[TRY REMOVE] buffer75
Running Handshake canonicalization...
Canonicalized Handshake.
Lowering Handshake to HW...
Lowered Handshake to HW.
[PERF FAIL] Cycles increased: 11648 -> 12436
[TRIAL FAILED] Performance hurt. Reverting and recursing on 9 buffers.
Processed 36/72 until now
[TRY REMOVE] buffer63
[TRY REMOVE] buffer64
[TRY REMOVE] buffer65
[TRY REMOVE] buffer67
Running Handshake canonicalization...
Canonicalized Handshake.
Lowering Handshake to HW...
Lowered Handshake to HW.
[PERF OK] Cycles: 10329 (Baseline: 11648)
[OPTIMIZE] Success: Resized 4 buffers to 0: ['buffer63', 'buffer64', 'buffer65', 'buffer67']
Processed 40/72 until now
[TRY REMOVE] buffer70
[TRY REMOVE] buffer71
[TRY REMOVE] buffer73
[TRY REMOVE] buffer74
[TRY REMOVE] buffer75
[TRIAL FAILED] Performance hurt. Reverting and recursing on 5 buffers.
Processed 40/72 until now
[TRY REMOVE] buffer70
[TRY REMOVE] buffer71
Running Handshake canonicalization...
Canonicalized Handshake.
Lowering Handshake to HW...
Lowered Handshake to HW.
[PERF FAIL] Cycles increased: 11648 -> 12408
[TRIAL FAILED] Performance hurt. Reverting and recursing on 2 buffers.
Processed 40/72 until now
[TRY REMOVE] buffer70
Running Handshake canonicalization...
Canonicalized Handshake.
Lowering Handshake to HW...
Lowered Handshake to HW.
[PERF OK] Cycles: 10228 (Baseline: 11648)
[OPTIMIZE] Success: Resized 1 buffers to 0: ['buffer70']
Processed 41/72 until now
[TRY REMOVE] buffer71
Processed 42/72 until now
[TRY REMOVE] buffer73
[TRY REMOVE] buffer74
[TRY REMOVE] buffer75
Running Handshake canonicalization...
Canonicalized Handshake.
Lowering Handshake to HW...
Lowered Handshake to HW.
[PERF OK] Cycles: 10228 (Baseline: 11648)
[OPTIMIZE] Success: Resized 3 buffers to 0: ['buffer73', 'buffer74', 'buffer75']
Processed 45/72 until now
[TRY REMOVE] buffer76
[TRY REMOVE] buffer77
[TRY REMOVE] buffer78
[TRY REMOVE] buffer79
[TRY REMOVE] buffer80
[TRY REMOVE] buffer82
[TRY REMOVE] buffer83
[TRY REMOVE] buffer84
[TRY REMOVE] buffer85
Running Handshake canonicalization...
Canonicalized Handshake.
Lowering Handshake to HW...
Lowered Handshake to HW.
[PERF FAIL] Cycles increased: 11648 -> 12069
[TRIAL FAILED] Performance hurt. Reverting and recursing on 9 buffers.
Processed 45/72 until now
[TRY REMOVE] buffer76
[TRY REMOVE] buffer77
[TRY REMOVE] buffer78
[TRY REMOVE] buffer79
Running Handshake canonicalization...
Canonicalized Handshake.
Lowering Handshake to HW...
Lowered Handshake to HW.
[PERF OK] Cycles: 10330 (Baseline: 11648)
[OPTIMIZE] Success: Resized 4 buffers to 0: ['buffer76', 'buffer77', 'buffer78', 'buffer79']
Processed 49/72 until now
[TRY REMOVE] buffer80
[TRY REMOVE] buffer82
[TRY REMOVE] buffer83
[TRY REMOVE] buffer84
[TRY REMOVE] buffer85
[TRIAL FAILED] Performance hurt. Reverting and recursing on 5 buffers.
Processed 49/72 until now
[TRY REMOVE] buffer80
[TRY REMOVE] buffer82
Running Handshake canonicalization...
Canonicalized Handshake.
Lowering Handshake to HW...
Lowered Handshake to HW.
[PERF FAIL] Cycles increased: 11648 -> 12408
[TRIAL FAILED] Performance hurt. Reverting and recursing on 2 buffers.
Processed 49/72 until now
[TRY REMOVE] buffer80
Running Handshake canonicalization...
Canonicalized Handshake.
Lowering Handshake to HW...
Lowered Handshake to HW.
[PERF FAIL] Cycles increased: 11648 -> 12408
Processed 50/72 until now
[TRY REMOVE] buffer82
Running Handshake canonicalization...
Canonicalized Handshake.
Lowering Handshake to HW...
Lowered Handshake to HW.
[PERF OK] Cycles: 10312 (Baseline: 11648)
[OPTIMIZE] Success: Resized 1 buffers to 0: ['buffer82']
Processed 51/72 until now
[TRY REMOVE] buffer83
[TRY REMOVE] buffer84
[TRY REMOVE] buffer85
Running Handshake canonicalization...
Canonicalized Handshake.
Lowering Handshake to HW...
Lowered Handshake to HW.
[PERF OK] Cycles: 10228 (Baseline: 11648)
[OPTIMIZE] Success: Resized 3 buffers to 0: ['buffer83', 'buffer84', 'buffer85']
Processed 54/72 until now
[TRY REMOVE] buffer86
[TRY REMOVE] buffer87
[TRY REMOVE] buffer88
[TRY REMOVE] buffer90
[TRY REMOVE] buffer91
[TRY REMOVE] buffer92
[TRY REMOVE] buffer93
[TRY REMOVE] buffer96
[TRY REMOVE] buffer98
[TRY REMOVE] buffer100
[TRY REMOVE] buffer104
[TRY REMOVE] buffer105
[TRY REMOVE] buffer106
[TRY REMOVE] buffer107
[TRY REMOVE] buffer108
[TRY REMOVE] buffer110
[TRY REMOVE] buffer111
[TRY REMOVE] buffer112
Running Handshake canonicalization...
Canonicalized Handshake.
Lowering Handshake to HW...
Lowered Handshake to HW.
[PERF FAIL] Cycles increased: 11648 -> 20359
[TRIAL FAILED] Performance hurt. Reverting and recursing on 18 buffers.
Processed 54/72 until now
[TRY REMOVE] buffer86
[TRY REMOVE] buffer87
[TRY REMOVE] buffer88
[TRY REMOVE] buffer90
[TRY REMOVE] buffer91
[TRY REMOVE] buffer92
[TRY REMOVE] buffer93
[TRY REMOVE] buffer96
[TRY REMOVE] buffer98
Running Handshake canonicalization...
Canonicalized Handshake.
Lowering Handshake to HW...
Lowered Handshake to HW.
[PERF FAIL] Cycles increased: 11648 -> 20357
[TRIAL FAILED] Performance hurt. Reverting and recursing on 9 buffers.
Processed 54/72 until now
[TRY REMOVE] buffer86
[TRY REMOVE] buffer87
[TRY REMOVE] buffer88
[TRY REMOVE] buffer90
Running Handshake canonicalization...
Canonicalized Handshake.
Lowering Handshake to HW...
Lowered Handshake to HW.
[PERF FAIL] Cycles increased: 11648 -> 20357
[TRIAL FAILED] Performance hurt. Reverting and recursing on 4 buffers.
Processed 54/72 until now
[TRY REMOVE] buffer86
[TRY REMOVE] buffer87
Running Handshake canonicalization...
Canonicalized Handshake.
Lowering Handshake to HW...
Lowered Handshake to HW.
[PERF OK] Cycles: 10312 (Baseline: 11648)
[OPTIMIZE] Success: Resized 2 buffers to 0: ['buffer86', 'buffer87']
Processed 56/72 until now
[TRY REMOVE] buffer88
[TRY REMOVE] buffer90
[TRIAL FAILED] Performance hurt. Reverting and recursing on 2 buffers.
Processed 56/72 until now
[TRY REMOVE] buffer88
Running Handshake canonicalization...
Canonicalized Handshake.
Lowering Handshake to HW...
Lowered Handshake to HW.
[PERF FAIL] Cycles increased: 11648 -> 20357
Processed 57/72 until now
[TRY REMOVE] buffer90
Running Handshake canonicalization...
Canonicalized Handshake.
Lowering Handshake to HW...
Lowered Handshake to HW.
[PERF OK] Cycles: 10228 (Baseline: 11648)
[OPTIMIZE] Success: Resized 1 buffers to 0: ['buffer90']
Processed 58/72 until now
[TRY REMOVE] buffer91
[TRY REMOVE] buffer92
[TRY REMOVE] buffer93
[TRY REMOVE] buffer96
[TRY REMOVE] buffer98
Running Handshake canonicalization...
Canonicalized Handshake.
Lowering Handshake to HW...
Lowered Handshake to HW.
[PERF OK] Cycles: 10228 (Baseline: 11648)
[OPTIMIZE] Success: Resized 5 buffers to 0: ['buffer91', 'buffer92', 'buffer93', 'buffer96', 'buffer98']
Processed 63/72 until now
[TRY REMOVE] buffer100
[TRY REMOVE] buffer104
[TRY REMOVE] buffer105
[TRY REMOVE] buffer106
[TRY REMOVE] buffer107
[TRY REMOVE] buffer108
[TRY REMOVE] buffer110
[TRY REMOVE] buffer111
[TRY REMOVE] buffer112
Running Handshake canonicalization...
Canonicalized Handshake.
Lowering Handshake to HW...
Lowered Handshake to HW.
[PERF OK] Cycles: 10230 (Baseline: 11648)
[OPTIMIZE] Success: Resized 9 buffers to 0: ['buffer100', 'buffer104', 'buffer105', 'buffer106', 'buffer107', 'buffer108', 'buffer110', 'buffer111', 'buffer112']

Optimization complete. Successfully resized 62 buffers to 0

=== Applying Buffer Resize Optimization to size 1 ===
Processed 0/10 until now
[TRY RESZIZE] buffer21 to 1
[TRY RESZIZE] buffer22 to 1
[TRY RESZIZE] buffer40 to 1
[TRY RESZIZE] buffer43 to 1
[TRY RESZIZE] buffer44 to 1
[TRY RESZIZE] buffer52 to 1
[TRY RESZIZE] buffer53 to 1
[TRY RESZIZE] buffer71 to 1
[TRY RESZIZE] buffer80 to 1
[TRY RESZIZE] buffer88 to 1
Running Handshake canonicalization...
Canonicalized Handshake.
Lowering Handshake to HW...
Lowered Handshake to HW.
[PERF OK] Cycles: 10230 (Baseline: 11648)
[OPTIMIZE] Success: Resized 10 buffers to 1: ['buffer21', 'buffer22', 'buffer40', 'buffer43', 'buffer44', 'buffer52', 'buffer53', 'buffer71', 'buffer80', 'buffer88']

Optimization complete. Successfully resized 10 buffers to 1

=== Applying Buffer Resize Optimization to size 2 ===

Optimization complete. Successfully resized 0 buffers to 2

=== Applying Buffer Resize Optimization to size 3 ===

Optimization complete. Successfully resized 0 buffers to 3

=== Applying Buffer Resize Optimization to size 4 ===

Optimization complete. Successfully resized 0 buffers to 4

=== Applying Buffer Resize Optimization to size 5 ===

Optimization complete. Successfully resized 0 buffers to 5

=== Applying Buffer Resize Optimization to size 6 ===

Optimization complete. Successfully resized 0 buffers to 6

=== Applying Buffer Resize Optimization to size 7 ===

Optimization complete. Successfully resized 0 buffers to 7

=== Applying Buffer Resize Optimization to size 8 ===

Optimization complete. Successfully resized 0 buffers to 8

=== Applying Buffer Resize Optimization to size 9 ===

Optimization complete. Successfully resized 0 buffers to 9

=== Applying Buffer Resize Optimization to size 10 ===

Optimization complete. Successfully resized 0 buffers to 10

=== Applying Buffer Resize Optimization to size 11 ===

Optimization complete. Successfully resized 0 buffers to 11

=== Applying Buffer Resize Optimization to size 12 ===

Optimization complete. Successfully resized 0 buffers to 12

=== Applying Buffer Resize Optimization to size 13 ===

Optimization complete. Successfully resized 0 buffers to 13
Running Handshake canonicalization...
Canonicalized Handshake.
Lowering Handshake to HW...
Lowered Handshake to HW.

=== After buffering ===
BASELINE Cycles: 10230

===== Target CP tuning =====
[INFO] Exported RTL (vhdl)
[INFO] HDL generation succeeded
[INFO] Built kernel for IO gen.
[INFO] Ran kernel for IO gen.
[INFO] Launching Modelsim simulation
[INFO] Simulation succeeded
================================================================================
============== Dynamatic | Dynamic High-Level Synthesis Compiler ===============
======================== EPFL-LAP - v2.0.0 | March 2024 ========================
================================================================================


dynamatic> set-src skip/runs/run_2025-12-16_00-15-16/gaussian-1/gaussian.c
dynamatic> write-hdl
dynamatic> simulate
dynamatic> exit

Goodbye!
Baseline latency = 10230 cycles at 15 ns

--- Trying CP = 14.5 ns ---
Running Handshake canonicalization...
Canonicalized Handshake.
Lowering Handshake to HW...
Lowered Handshake to HW.
[INFO] Exported RTL (vhdl)
[INFO] HDL generation succeeded
[INFO] Built kernel for IO gen.
[INFO] Ran kernel for IO gen.
[INFO] Launching Modelsim simulation
[INFO] Simulation succeeded
================================================================================
============== Dynamatic | Dynamic High-Level Synthesis Compiler ===============
======================== EPFL-LAP - v2.0.0 | March 2024 ========================
================================================================================


dynamatic> set-src skip/runs/run_2025-12-16_00-15-16/gaussian-1/gaussian.c
dynamatic> write-hdl
dynamatic> simulate
dynamatic> exit

Goodbye!
→ Latency = 10230 cycles

--- Trying CP = 14.0 ns ---
Running Handshake canonicalization...
Canonicalized Handshake.
Lowering Handshake to HW...
Lowered Handshake to HW.
[INFO] Exported RTL (vhdl)
[INFO] HDL generation succeeded
[INFO] Built kernel for IO gen.
[INFO] Ran kernel for IO gen.
[INFO] Launching Modelsim simulation
[INFO] Simulation succeeded
================================================================================
============== Dynamatic | Dynamic High-Level Synthesis Compiler ===============
======================== EPFL-LAP - v2.0.0 | March 2024 ========================
================================================================================


dynamatic> set-src skip/runs/run_2025-12-16_00-15-16/gaussian-1/gaussian.c
dynamatic> write-hdl
dynamatic> simulate
dynamatic> exit

Goodbye!
→ Latency = 10229 cycles

--- Trying CP = 13.5 ns ---
Running Handshake canonicalization...
Canonicalized Handshake.
Lowering Handshake to HW...
Lowered Handshake to HW.
[INFO] Exported RTL (vhdl)
[INFO] HDL generation succeeded
[INFO] Built kernel for IO gen.
[INFO] Ran kernel for IO gen.
[INFO] Launching Modelsim simulation
[INFO] Simulation succeeded
================================================================================
============== Dynamatic | Dynamic High-Level Synthesis Compiler ===============
======================== EPFL-LAP - v2.0.0 | March 2024 ========================
================================================================================


dynamatic> set-src skip/runs/run_2025-12-16_00-15-16/gaussian-1/gaussian.c
dynamatic> write-hdl
dynamatic> simulate
dynamatic> exit

Goodbye!
→ Latency = 10270 cycles

--- Trying CP = 13.0 ns ---
Running Handshake canonicalization...
Canonicalized Handshake.
Lowering Handshake to HW...
Lowered Handshake to HW.
[INFO] Exported RTL (vhdl)
[INFO] HDL generation succeeded
[INFO] Built kernel for IO gen.
[INFO] Ran kernel for IO gen.
[INFO] Launching Modelsim simulation
[INFO] Simulation succeeded
================================================================================
============== Dynamatic | Dynamic High-Level Synthesis Compiler ===============
======================== EPFL-LAP - v2.0.0 | March 2024 ========================
================================================================================


dynamatic> set-src skip/runs/run_2025-12-16_00-15-16/gaussian-1/gaussian.c
dynamatic> write-hdl
dynamatic> simulate
dynamatic> exit

Goodbye!
→ Latency = 10329 cycles

--- Trying CP = 12.5 ns ---
Running Handshake canonicalization...
Canonicalized Handshake.
Lowering Handshake to HW...
Lowered Handshake to HW.
[INFO] Exported RTL (vhdl)
[INFO] HDL generation succeeded
[INFO] Built kernel for IO gen.
[INFO] Ran kernel for IO gen.
[INFO] Launching Modelsim simulation
[INFO] Simulation succeeded
================================================================================
============== Dynamatic | Dynamic High-Level Synthesis Compiler ===============
======================== EPFL-LAP - v2.0.0 | March 2024 ========================
================================================================================


dynamatic> set-src skip/runs/run_2025-12-16_00-15-16/gaussian-1/gaussian.c
dynamatic> write-hdl
dynamatic> simulate
dynamatic> exit

Goodbye!
→ Latency = 10315 cycles

--- Trying CP = 12.0 ns ---
Running Handshake canonicalization...
Canonicalized Handshake.
Lowering Handshake to HW...
Lowered Handshake to HW.
[INFO] Exported RTL (vhdl)
[INFO] HDL generation succeeded
[INFO] Built kernel for IO gen.
[INFO] Ran kernel for IO gen.
[INFO] Launching Modelsim simulation
[INFO] Simulation succeeded
================================================================================
============== Dynamatic | Dynamic High-Level Synthesis Compiler ===============
======================== EPFL-LAP - v2.0.0 | March 2024 ========================
================================================================================


dynamatic> set-src skip/runs/run_2025-12-16_00-15-16/gaussian-1/gaussian.c
dynamatic> write-hdl
dynamatic> simulate
dynamatic> exit

Goodbye!
→ Latency = 10329 cycles

--- Trying CP = 11.5 ns ---
Running Handshake canonicalization...
Canonicalized Handshake.
Lowering Handshake to HW...
Lowered Handshake to HW.
[INFO] Exported RTL (vhdl)
[INFO] HDL generation succeeded
[INFO] Built kernel for IO gen.
[INFO] Ran kernel for IO gen.
[INFO] Launching Modelsim simulation
[INFO] Simulation succeeded
================================================================================
============== Dynamatic | Dynamic High-Level Synthesis Compiler ===============
======================== EPFL-LAP - v2.0.0 | March 2024 ========================
================================================================================


dynamatic> set-src skip/runs/run_2025-12-16_00-15-16/gaussian-1/gaussian.c
dynamatic> write-hdl
dynamatic> simulate
dynamatic> exit

Goodbye!
→ Latency = 10330 cycles

--- Trying CP = 11.0 ns ---
Running Handshake canonicalization...
Canonicalized Handshake.
Lowering Handshake to HW...
Lowered Handshake to HW.
[INFO] Exported RTL (vhdl)
[INFO] HDL generation succeeded
[INFO] Built kernel for IO gen.
[INFO] Ran kernel for IO gen.
[INFO] Launching Modelsim simulation
[INFO] Simulation succeeded
================================================================================
============== Dynamatic | Dynamic High-Level Synthesis Compiler ===============
======================== EPFL-LAP - v2.0.0 | March 2024 ========================
================================================================================


dynamatic> set-src skip/runs/run_2025-12-16_00-15-16/gaussian-1/gaussian.c
dynamatic> write-hdl
dynamatic> simulate
dynamatic> exit

Goodbye!
→ Latency = 10338 cycles
Latency degraded, stopping search.

 Best CP: 11.5 ns (latency = 10330 cycles)
Starting from 11.5 ns

=== Testing target CP = 11.5 ns ===
Running Handshake canonicalization...
Canonicalized Handshake.
Lowering Handshake to HW...
Lowered Handshake to HW.
[INFO] Exported RTL (vhdl)
[INFO] HDL generation succeeded
[INFO] Built kernel for IO gen.
[INFO] Ran kernel for IO gen.
[INFO] Launching Modelsim simulation
[INFO] Simulation succeeded
================================================================================
============== Dynamatic | Dynamic High-Level Synthesis Compiler ===============
======================== EPFL-LAP - v2.0.0 | March 2024 ========================
================================================================================


dynamatic> set-src skip/runs/run_2025-12-16_00-15-16/gaussian-1/gaussian.c
dynamatic> write-hdl
dynamatic> simulate
dynamatic> exit

Goodbye!
[Iteration 0] Slack = 1.346

Slack >= 0 (1.346)

$$$ Target CP: 11.5 ns
$$$ Cycles: 10330
$$$ Real CP: 11.20 ns
$$$ Performance metric: 115696.00

=== Testing target CP = 11.0 ns ===
Running Handshake canonicalization...
Canonicalized Handshake.
Lowering Handshake to HW...
Lowered Handshake to HW.
[INFO] Exported RTL (vhdl)
[INFO] HDL generation succeeded
[INFO] Built kernel for IO gen.
[INFO] Ran kernel for IO gen.
[INFO] Launching Modelsim simulation
[INFO] Simulation succeeded
================================================================================
============== Dynamatic | Dynamic High-Level Synthesis Compiler ===============
======================== EPFL-LAP - v2.0.0 | March 2024 ========================
================================================================================


dynamatic> set-src skip/runs/run_2025-12-16_00-15-16/gaussian-1/gaussian.c
dynamatic> write-hdl
dynamatic> simulate
dynamatic> exit

Goodbye!
[Iteration 0] Slack = 0.604

Slack >= 0 (0.604)

$$$ Target CP: 11.0 ns
$$$ Cycles: 10338
$$$ Real CP: 10.70 ns
$$$ Performance metric: 110616.60

=== Testing target CP = 10.5 ns ===
Running Handshake canonicalization...
Canonicalized Handshake.
Lowering Handshake to HW...
Lowered Handshake to HW.
[INFO] Exported RTL (vhdl)
[INFO] HDL generation succeeded
[INFO] Built kernel for IO gen.
[INFO] Ran kernel for IO gen.
[INFO] Launching Modelsim simulation
[INFO] Simulation succeeded
================================================================================
============== Dynamatic | Dynamic High-Level Synthesis Compiler ===============
======================== EPFL-LAP - v2.0.0 | March 2024 ========================
================================================================================


dynamatic> set-src skip/runs/run_2025-12-16_00-15-16/gaussian-1/gaussian.c
dynamatic> write-hdl
dynamatic> simulate
dynamatic> exit

Goodbye!
[Iteration 0] Slack = 1.183

Slack >= 0 (1.183)

$$$ Target CP: 10.5 ns
$$$ Cycles: 10340
$$$ Real CP: 10.20 ns
$$$ Performance metric: 105468.00

=== Testing target CP = 10.0 ns ===
Running Handshake canonicalization...
Canonicalized Handshake.
Lowering Handshake to HW...
Lowered Handshake to HW.
[INFO] Exported RTL (vhdl)
[INFO] HDL generation succeeded
[INFO] Built kernel for IO gen.
[INFO] Ran kernel for IO gen.
[INFO] Launching Modelsim simulation
[INFO] Simulation succeeded
================================================================================
============== Dynamatic | Dynamic High-Level Synthesis Compiler ===============
======================== EPFL-LAP - v2.0.0 | March 2024 ========================
================================================================================


dynamatic> set-src skip/runs/run_2025-12-16_00-15-16/gaussian-1/gaussian.c
dynamatic> write-hdl
dynamatic> simulate
dynamatic> exit

Goodbye!
[Iteration 0] Slack = 0.863

Slack >= 0 (0.863)

$$$ Target CP: 10.0 ns
$$$ Cycles: 11018
$$$ Real CP: 9.70 ns
$$$ Performance metric: 106874.60

=== Testing target CP = 9.5 ns ===
Running Handshake canonicalization...
Canonicalized Handshake.
Lowering Handshake to HW...
Lowered Handshake to HW.
[INFO] Exported RTL (vhdl)
[INFO] HDL generation succeeded
[INFO] Built kernel for IO gen.
[INFO] Ran kernel for IO gen.
[INFO] Launching Modelsim simulation
[INFO] Simulation succeeded
================================================================================
============== Dynamatic | Dynamic High-Level Synthesis Compiler ===============
======================== EPFL-LAP - v2.0.0 | March 2024 ========================
================================================================================


dynamatic> set-src skip/runs/run_2025-12-16_00-15-16/gaussian-1/gaussian.c
dynamatic> write-hdl
dynamatic> simulate
dynamatic> exit

Goodbye!
[Iteration 0] Slack = 0.756

Slack >= 0 (0.756)

$$$ Target CP: 9.5 ns
$$$ Cycles: 11650
$$$ Real CP: 9.20 ns
$$$ Performance metric: 107180.00

=== Testing target CP = 9.0 ns ===
Running Handshake canonicalization...
Canonicalized Handshake.
Lowering Handshake to HW...
Lowered Handshake to HW.
[INFO] Exported RTL (vhdl)
[INFO] HDL generation succeeded
[INFO] Built kernel for IO gen.
[INFO] Ran kernel for IO gen.
[INFO] Launching Modelsim simulation
[INFO] Simulation succeeded
================================================================================
============== Dynamatic | Dynamic High-Level Synthesis Compiler ===============
======================== EPFL-LAP - v2.0.0 | March 2024 ========================
================================================================================


dynamatic> set-src skip/runs/run_2025-12-16_00-15-16/gaussian-1/gaussian.c
dynamatic> write-hdl
dynamatic> simulate
dynamatic> exit

Goodbye!
[Iteration 0] Slack = 1.467

Slack >= 0 (1.467)

$$$ Target CP: 9.0 ns
$$$ Cycles: 10332
$$$ Real CP: 8.70 ns
$$$ Performance metric: 89888.40

=== Testing target CP = 8.5 ns ===
Running Handshake canonicalization...
Canonicalized Handshake.
Lowering Handshake to HW...
Lowered Handshake to HW.
[INFO] Exported RTL (vhdl)
[INFO] HDL generation succeeded
[INFO] Built kernel for IO gen.
[INFO] Ran kernel for IO gen.
[INFO] Launching Modelsim simulation
[INFO] Simulation succeeded
================================================================================
============== Dynamatic | Dynamic High-Level Synthesis Compiler ===============
======================== EPFL-LAP - v2.0.0 | March 2024 ========================
================================================================================


dynamatic> set-src skip/runs/run_2025-12-16_00-15-16/gaussian-1/gaussian.c
dynamatic> write-hdl
dynamatic> simulate
dynamatic> exit

Goodbye!
[Iteration 0] Slack = 0.916

Slack >= 0 (0.916)

$$$ Target CP: 8.5 ns
$$$ Cycles: 11599
$$$ Real CP: 8.20 ns
$$$ Performance metric: 95111.80

=== Testing target CP = 8.0 ns ===
Running Handshake canonicalization...
Canonicalized Handshake.
Lowering Handshake to HW...
Lowered Handshake to HW.
[INFO] Exported RTL (vhdl)
[INFO] HDL generation succeeded
[INFO] Built kernel for IO gen.
[INFO] Ran kernel for IO gen.
[INFO] Launching Modelsim simulation
[INFO] Simulation succeeded
================================================================================
============== Dynamatic | Dynamic High-Level Synthesis Compiler ===============
======================== EPFL-LAP - v2.0.0 | March 2024 ========================
================================================================================


dynamatic> set-src skip/runs/run_2025-12-16_00-15-16/gaussian-1/gaussian.c
dynamatic> write-hdl
dynamatic> simulate
dynamatic> exit

Goodbye!
[Iteration 0] Slack = 0.747

Slack >= 0 (0.747)

$$$ Target CP: 8.0 ns
$$$ Cycles: 11026
$$$ Real CP: 7.70 ns
$$$ Performance metric: 84900.20

=== Testing target CP = 7.5 ns ===
Running Handshake canonicalization...
Canonicalized Handshake.
Lowering Handshake to HW...
Lowered Handshake to HW.
[INFO] Exported RTL (vhdl)
[INFO] HDL generation succeeded
[INFO] Built kernel for IO gen.
[INFO] Ran kernel for IO gen.
[INFO] Launching Modelsim simulation
[INFO] Simulation succeeded
================================================================================
============== Dynamatic | Dynamic High-Level Synthesis Compiler ===============
======================== EPFL-LAP - v2.0.0 | March 2024 ========================
================================================================================


dynamatic> set-src skip/runs/run_2025-12-16_00-15-16/gaussian-1/gaussian.c
dynamatic> write-hdl
dynamatic> simulate
dynamatic> exit

Goodbye!
[Iteration 0] Slack = 0.818

Slack >= 0 (0.818)

$$$ Target CP: 7.5 ns
$$$ Cycles: 11691
$$$ Real CP: 7.20 ns
$$$ Performance metric: 84175.20

=== Testing target CP = 7.0 ns ===
Running Handshake canonicalization...
Canonicalized Handshake.
Lowering Handshake to HW...
Lowered Handshake to HW.
[INFO] Exported RTL (vhdl)
[INFO] HDL generation succeeded
[INFO] Built kernel for IO gen.
[INFO] Ran kernel for IO gen.
[INFO] Launching Modelsim simulation
[INFO] Simulation succeeded
================================================================================
============== Dynamatic | Dynamic High-Level Synthesis Compiler ===============
======================== EPFL-LAP - v2.0.0 | March 2024 ========================
================================================================================


dynamatic> set-src skip/runs/run_2025-12-16_00-15-16/gaussian-1/gaussian.c
dynamatic> write-hdl
dynamatic> simulate
dynamatic> exit

Goodbye!
[Iteration 0] Slack = 0.516

Slack >= 0 (0.516)

$$$ Target CP: 7.0 ns
$$$ Cycles: 11026
$$$ Real CP: 6.70 ns
$$$ Performance metric: 73874.20

=== Testing target CP = 6.5 ns ===
Running Handshake canonicalization...
Canonicalized Handshake.
Lowering Handshake to HW...
Lowered Handshake to HW.
[INFO] Exported RTL (vhdl)
[INFO] HDL generation succeeded
[INFO] Built kernel for IO gen.
[INFO] Ran kernel for IO gen.
[INFO] Launching Modelsim simulation
[INFO] Simulation succeeded
================================================================================
============== Dynamatic | Dynamic High-Level Synthesis Compiler ===============
======================== EPFL-LAP - v2.0.0 | March 2024 ========================
================================================================================


dynamatic> set-src skip/runs/run_2025-12-16_00-15-16/gaussian-1/gaussian.c
dynamatic> write-hdl
dynamatic> simulate
dynamatic> exit

Goodbye!
[Iteration 0] Slack = 0.357

Slack >= 0 (0.357)

$$$ Target CP: 6.5 ns
$$$ Cycles: 11691
$$$ Real CP: 6.20 ns
$$$ Performance metric: 72484.20

=== Testing target CP = 6.0 ns ===
Running Handshake canonicalization...
Canonicalized Handshake.
Lowering Handshake to HW...
Lowered Handshake to HW.
[INFO] Exported RTL (vhdl)
[INFO] HDL generation succeeded
[INFO] Built kernel for IO gen.
[INFO] Ran kernel for IO gen.
[INFO] Launching Modelsim simulation
[INFO] Simulation succeeded
================================================================================
============== Dynamatic | Dynamic High-Level Synthesis Compiler ===============
======================== EPFL-LAP - v2.0.0 | March 2024 ========================
================================================================================


dynamatic> set-src skip/runs/run_2025-12-16_00-15-16/gaussian-1/gaussian.c
dynamatic> write-hdl
dynamatic> simulate
dynamatic> exit

Goodbye!
[Iteration 0] Slack = -0.082

Slack < 0 (-0.082), increasing CP to 5.78 and retrying.

[Iteration 1] Slack = -0.546

Slack < 0 (-0.546), increasing CP to 6.33 and retrying.

[Iteration 2] Slack = 0.368

Slack >= 0 (0.368)

$$$ Target CP: 6.0 ns
$$$ Cycles: 11782
$$$ Real CP: 6.33 ns
$$$ Performance metric: 74580.06

=== Testing target CP = 5.5 ns ===
Running Handshake canonicalization...
Canonicalized Handshake.
Lowering Handshake to HW...
Lowered Handshake to HW.
[INFO] Exported RTL (vhdl)
[INFO] HDL generation succeeded
[INFO] Built kernel for IO gen.
[INFO] Ran kernel for IO gen.
[INFO] Launching Modelsim simulation
[INFO] Simulation succeeded
================================================================================
============== Dynamatic | Dynamic High-Level Synthesis Compiler ===============
======================== EPFL-LAP - v2.0.0 | March 2024 ========================
================================================================================


dynamatic> set-src skip/runs/run_2025-12-16_00-15-16/gaussian-1/gaussian.c
dynamatic> write-hdl
dynamatic> simulate
dynamatic> exit

Goodbye!
[Iteration 0] Slack = 0.361

Slack >= 0 (0.361)

$$$ Target CP: 5.5 ns
$$$ Cycles: 11773
$$$ Real CP: 5.20 ns
$$$ Performance metric: 61219.60

=== Testing target CP = 5.0 ns ===
Running Handshake canonicalization...
Canonicalized Handshake.
Lowering Handshake to HW...
Lowered Handshake to HW.
[INFO] Exported RTL (vhdl)
[INFO] HDL generation succeeded
[INFO] Built kernel for IO gen.
[INFO] Ran kernel for IO gen.
[INFO] Launching Modelsim simulation
[INFO] Simulation succeeded
================================================================================
============== Dynamatic | Dynamic High-Level Synthesis Compiler ===============
======================== EPFL-LAP - v2.0.0 | March 2024 ========================
================================================================================


dynamatic> set-src skip/runs/run_2025-12-16_00-15-16/gaussian-1/gaussian.c
dynamatic> write-hdl
dynamatic> simulate
dynamatic> exit

Goodbye!
[Iteration 0] Slack = -0.768

Slack < 0 (-0.768), increasing CP to 5.47 and retrying.

[Iteration 1] Slack = 0.043

Slack >= 0 (0.043)

$$$ Target CP: 5.0 ns
$$$ Cycles: 11716
$$$ Real CP: 5.47 ns
$$$ Performance metric: 64086.52

=== Testing target CP = 4.5 ns ===
Running Handshake canonicalization...
Canonicalized Handshake.
Lowering Handshake to HW...
Lowered Handshake to HW.
[INFO] Exported RTL (vhdl)
[INFO] HDL generation succeeded
[INFO] Built kernel for IO gen.
[INFO] Ran kernel for IO gen.
[INFO] Launching Modelsim simulation
[INFO] Simulation succeeded
================================================================================
============== Dynamatic | Dynamic High-Level Synthesis Compiler ===============
======================== EPFL-LAP - v2.0.0 | March 2024 ========================
================================================================================


dynamatic> set-src skip/runs/run_2025-12-16_00-15-16/gaussian-1/gaussian.c
dynamatic> write-hdl
dynamatic> simulate
dynamatic> exit

Goodbye!
[Iteration 0] Slack = 0.168

Slack >= 0 (0.168)

$$$ Target CP: 4.5 ns
$$$ Cycles: 12015
$$$ Real CP: 4.20 ns
$$$ Performance metric: 50463.00

=== Testing target CP = 4.0 ns ===
Running Handshake canonicalization...
Canonicalized Handshake.
Lowering Handshake to HW...
Lowered Handshake to HW.
[INFO] Exported RTL (vhdl)
[INFO] HDL generation succeeded
[INFO] Built kernel for IO gen.
[INFO] Ran kernel for IO gen.
[INFO] Launching Modelsim simulation
[INFO] Simulation succeeded
================================================================================
============== Dynamatic | Dynamic High-Level Synthesis Compiler ===============
======================== EPFL-LAP - v2.0.0 | March 2024 ========================
================================================================================


dynamatic> set-src skip/runs/run_2025-12-16_00-15-16/gaussian-1/gaussian.c
dynamatic> write-hdl
dynamatic> simulate
dynamatic> exit

Goodbye!
[Iteration 0] Slack = -1.541

Slack < 0 (-1.541), increasing CP to 5.24 and retrying.

[Iteration 1] Slack = 0.294

Slack >= 0 (0.294)

$$$ Target CP: 4.0 ns
$$$ Cycles: 10959
$$$ Real CP: 5.24 ns
$$$ Performance metric: 57425.16

=== Testing target CP = 3.5 ns ===
Running Handshake canonicalization...
Canonicalized Handshake.
Lowering Handshake to HW...
Lowered Handshake to HW.
[INFO] Exported RTL (vhdl)
[INFO] HDL generation succeeded
[INFO] Built kernel for IO gen.
[INFO] Ran kernel for IO gen.
[INFO] Launching Modelsim simulation
[INFO] Simulation succeeded
================================================================================
============== Dynamatic | Dynamic High-Level Synthesis Compiler ===============
======================== EPFL-LAP - v2.0.0 | March 2024 ========================
================================================================================


dynamatic> set-src skip/runs/run_2025-12-16_00-15-16/gaussian-1/gaussian.c
dynamatic> write-hdl
dynamatic> simulate
dynamatic> exit

Goodbye!
[Iteration 0] Slack = -0.707

Slack < 0 (-0.707), increasing CP to 3.91 and retrying.

[Iteration 1] Slack = 0.174

Slack >= 0 (0.174)

$$$ Target CP: 3.5 ns
$$$ Cycles: 12336
$$$ Real CP: 3.91 ns
$$$ Performance metric: 48233.76

=== Testing target CP = 3.0 ns ===
Running Handshake canonicalization...
Canonicalized Handshake.
Lowering Handshake to HW...
Lowered Handshake to HW.
[INFO] Exported RTL (vhdl)
[INFO] HDL generation succeeded
[INFO] Built kernel for IO gen.
[INFO] Ran kernel for IO gen.
[INFO] Launching Modelsim simulation
[INFO] Simulation succeeded
================================================================================
============== Dynamatic | Dynamic High-Level Synthesis Compiler ===============
======================== EPFL-LAP - v2.0.0 | March 2024 ========================
================================================================================


dynamatic> set-src skip/runs/run_2025-12-16_00-15-16/gaussian-1/gaussian.c
dynamatic> write-hdl
dynamatic> simulate
dynamatic> exit

Goodbye!
[Iteration 0] Slack = -1.449

Slack < 0 (-1.449), increasing CP to 4.15 and retrying.

[Iteration 1] Slack = -0.269

Slack < 0 (-0.269), increasing CP to 4.42 and retrying.

[Iteration 2] Slack = 0.177

Slack >= 0 (0.177)

$$$ Target CP: 3.0 ns
$$$ Cycles: 12320
$$$ Real CP: 4.42 ns
$$$ Performance metric: 54454.40

===  Best Configuration Found ===
Target CP : 3.50 ns
Real   CP : 3.91 ns
Cycles    : 12336
Performance metric : 48233.76
