INFO: [Timing 38-91] UpdateTimingParams: Speed grade: -3, Delay Type: max.
INFO: [Timing 38-191] Multithreading enabled for timing update using a maximum of 8 CPUs
WARNING: [Timing 38-242] The property HD.CLK_SRC of clock port "clk" is not set. In out-of-context mode, this prevents timing estimation for clock delay/skew
Resolution: Set the HD.CLK_SRC property of the out-of-context port to the location of the clock buffer instance in the top-level design
INFO: [Timing 38-78] ReportTimingParams: -max_paths 1 -nworst 1 -delay_type max -sort_by slack.
Copyright 1986-2022 Xilinx, Inc. All Rights Reserved. Copyright 2022-2024 Advanced Micro Devices, Inc. All Rights Reserved.
---------------------------------------------------------------------------------------------------------------------------------------------
| Tool Version : Vivado v.2024.2 (lin64) Build 5239630 Fri Nov 08 22:34:34 MST 2024
| Date         : Tue Dec 16 01:49:11 2025
| Host         : lap-inf133 running 64-bit Ubuntu 24.04.3 LTS
| Command      : report_timing
| Design       : gaussian
| Device       : 7k160t-fbg484
| Speed File   : -3  PRODUCTION 1.12 2017-02-17
| Design State : Routed
---------------------------------------------------------------------------------------------------------------------------------------------

Timing Report

Slack (VIOLATED) :        -0.140ns  (required time - arrival time)
  Source:                 buffer64/control/outputValid_reg/C
                            (rising edge-triggered cell FDRE clocked by clk  {rise@0.000ns fall@1.705ns period=3.410ns})
  Destination:            buffer15/dataReg_reg[0]/CE
                            (rising edge-triggered cell FDRE clocked by clk  {rise@0.000ns fall@1.705ns period=3.410ns})
  Path Group:             clk
  Path Type:              Setup (Max at Slow Process Corner)
  Requirement:            3.410ns  (clk rise@3.410ns - clk rise@0.000ns)
  Data Path Delay:        3.296ns  (logic 0.692ns (20.998%)  route 2.604ns (79.002%))
  Logic Levels:           8  (LUT2=1 LUT3=1 LUT6=6)
  Clock Path Skew:        -0.025ns (DCD - SCD + CPR)
    Destination Clock Delay (DCD):    0.483ns = ( 3.893 - 3.410 ) 
    Source Clock Delay      (SCD):    0.508ns
    Clock Pessimism Removal (CPR):    0.000ns
  Clock Uncertainty:      0.035ns  ((TSJ^2 + TIJ^2)^1/2 + DJ) / 2 + PE
    Total System Jitter     (TSJ):    0.071ns
    Total Input Jitter      (TIJ):    0.000ns
    Discrete Jitter          (DJ):    0.000ns
    Phase Error              (PE):    0.000ns

    Location             Delay type                Incr(ns)  Path(ns)    Netlist Resource(s)
  -------------------------------------------------------------------    -------------------
                         (clock clk rise edge)        0.000     0.000 r  
                                                      0.000     0.000 r  clk (IN)
                         net (fo=934, unset)          0.508     0.508    buffer64/control/clk
    SLICE_X8Y112         FDRE                                         r  buffer64/control/outputValid_reg/C
  -------------------------------------------------------------------    -------------------
    SLICE_X8Y112         FDRE (Prop_fdre_C_Q)         0.254     0.762 r  buffer64/control/outputValid_reg/Q
                         net (fo=33, routed)          0.448     1.210    fork26/control/generateBlocks[1].regblock/buffer64_outs_valid
    SLICE_X7Y113         LUT2 (Prop_lut2_I1_O)        0.051     1.261 r  fork26/control/generateBlocks[1].regblock/transmitValue_i_5__2/O
                         net (fo=2, routed)           0.273     1.535    buffer68/fifo/fork26_outs_1_valid
    SLICE_X6Y117         LUT6 (Prop_lut6_I0_O)        0.129     1.664 r  buffer68/fifo/transmitValue_i_4__12/O
                         net (fo=3, routed)           0.289     1.953    buffer68/fifo/outs_reg[0]
    SLICE_X7Y115         LUT6 (Prop_lut6_I5_O)        0.043     1.996 r  buffer68/fifo/Empty_i_3__0/O
                         net (fo=1, routed)           0.138     2.133    buffer13/Empty_reg_1
    SLICE_X7Y115         LUT6 (Prop_lut6_I5_O)        0.043     2.176 f  buffer13/Empty_i_2__2/O
                         net (fo=4, routed)           0.347     2.523    fork9/control/generateBlocks[5].regblock/transmitValue_reg_3
    SLICE_X9Y110         LUT3 (Prop_lut3_I2_O)        0.043     2.566 r  fork9/control/generateBlocks[5].regblock/transmitValue_i_2__4/O
                         net (fo=2, routed)           0.324     2.890    fork9/control/generateBlocks[3].regblock/transmitValue_i_3__28_2
    SLICE_X9Y110         LUT6 (Prop_lut6_I5_O)        0.043     2.933 r  fork9/control/generateBlocks[3].regblock/transmitValue_i_9/O
                         net (fo=2, routed)           0.327     3.261    fork9/control/generateBlocks[3].regblock/transmitValue_reg_0
    SLICE_X10Y109        LUT6 (Prop_lut6_I1_O)        0.043     3.304 f  fork9/control/generateBlocks[3].regblock/fullReg_i_3__10/O
                         net (fo=6, routed)           0.193     3.496    buffer15/control/outs_reg[0]_0
    SLICE_X9Y108         LUT6 (Prop_lut6_I5_O)        0.043     3.539 r  buffer15/control/dataReg[6]_i_1__0/O
                         net (fo=7, routed)           0.264     3.804    buffer15/regEnable
    SLICE_X9Y107         FDRE                                         r  buffer15/dataReg_reg[0]/CE
  -------------------------------------------------------------------    -------------------

                         (clock clk rise edge)        3.410     3.410 r  
                                                      0.000     3.410 r  clk (IN)
                         net (fo=934, unset)          0.483     3.893    buffer15/clk
    SLICE_X9Y107         FDRE                                         r  buffer15/dataReg_reg[0]/C
                         clock pessimism              0.000     3.893    
                         clock uncertainty           -0.035     3.857    
    SLICE_X9Y107         FDRE (Setup_fdre_C_CE)      -0.194     3.663    buffer15/dataReg_reg[0]
  -------------------------------------------------------------------
                         required time                          3.663    
                         arrival time                          -3.804    
  -------------------------------------------------------------------
                         slack                                 -0.140    




