INFO: [Timing 38-91] UpdateTimingParams: Speed grade: -3, Delay Type: max.
INFO: [Timing 38-191] Multithreading enabled for timing update using a maximum of 8 CPUs
INFO: [Timing 38-35] Done setting XDC timing constraints.
WARNING: [Timing 38-242] The property HD.CLK_SRC of clock port "clk" is not set. In out-of-context mode, this prevents timing estimation for clock delay/skew
Resolution: Set the HD.CLK_SRC property of the out-of-context port to the location of the clock buffer instance in the top-level design
INFO: [Timing 38-78] ReportTimingParams: -max_paths 1 -nworst 1 -delay_type max -sort_by slack.
Copyright 1986-2022 Xilinx, Inc. All Rights Reserved. Copyright 2022-2024 Advanced Micro Devices, Inc. All Rights Reserved.
---------------------------------------------------------------------------------------------------------------------------------------------
| Tool Version : Vivado v.2024.2 (lin64) Build 5239630 Fri Nov 08 22:34:34 MST 2024
| Date         : Wed Dec 17 03:11:56 2025
| Host         : lap-inf133 running 64-bit Ubuntu 24.04.3 LTS
| Command      : report_timing
| Design       : jacobi_1d_imper
| Device       : 7k160t-fbg484
| Speed File   : -3  PRODUCTION 1.12 2017-02-17
| Design State : Synthesized
---------------------------------------------------------------------------------------------------------------------------------------------

Timing Report

Slack (MET) :             1.834ns  (required time - arrival time)
  Source:                 buffer92/dataReg_reg[0]/C
                            (rising edge-triggered cell FDRE clocked by clk  {rise@0.000ns fall@4.600ns period=9.200ns})
  Destination:            buffer62/dataReg_reg[0]/CE
                            (rising edge-triggered cell FDRE clocked by clk  {rise@0.000ns fall@4.600ns period=9.200ns})
  Path Group:             clk
  Path Type:              Setup (Max at Slow Process Corner)
  Requirement:            9.200ns  (clk rise@9.200ns - clk rise@0.000ns)
  Data Path Delay:        7.113ns  (logic 1.956ns (27.499%)  route 5.157ns (72.501%))
  Logic Levels:           22  (CARRY4=5 LUT3=4 LUT4=1 LUT5=2 LUT6=10)
  Clock Path Skew:        -0.025ns (DCD - SCD + CPR)
    Destination Clock Delay (DCD):    0.483ns = ( 9.683 - 9.200 ) 
    Source Clock Delay      (SCD):    0.508ns
    Clock Pessimism Removal (CPR):    0.000ns
  Clock Uncertainty:      0.035ns  ((TSJ^2 + TIJ^2)^1/2 + DJ) / 2 + PE
    Total System Jitter     (TSJ):    0.071ns
    Total Input Jitter      (TIJ):    0.000ns
    Discrete Jitter          (DJ):    0.000ns
    Phase Error              (PE):    0.000ns

    Location             Delay type                Incr(ns)  Path(ns)    Netlist Resource(s)
  -------------------------------------------------------------------    -------------------
                         (clock clk rise edge)        0.000     0.000 r  
                                                      0.000     0.000 r  clk (IN)
                         net (fo=2362, unset)         0.508     0.508    buffer92/clk
                         FDRE                                         r  buffer92/dataReg_reg[0]/C
  -------------------------------------------------------------------    -------------------
                         FDRE (Prop_fdre_C_Q)         0.226     0.734 r  buffer92/dataReg_reg[0]/Q
                         net (fo=6, unplaced)         0.420     1.154    buffer92/control/Q[0]
                         LUT3 (Prop_lut3_I0_O)        0.125     1.279 r  buffer92/control/Memory[0][0]_i_1__12/O
                         net (fo=17, unplaced)        0.300     1.579    buffer92/control/dataReg_reg[0]
                         LUT6 (Prop_lut6_I5_O)        0.043     1.622 r  buffer92/control/Memory[0][4]_i_2__0/O
                         net (fo=2, unplaced)         0.255     1.877    buffer92/control/Memory[0][4]_i_2__0_n_0
                         LUT6 (Prop_lut6_I2_O)        0.043     1.920 r  buffer92/control/Memory[0][6]_i_2__4/O
                         net (fo=2, unplaced)         0.255     2.175    buffer92/control/Memory[0][6]_i_2__4_n_0
                         LUT6 (Prop_lut6_I2_O)        0.043     2.218 r  buffer92/control/Memory[0][7]_i_5/O
                         net (fo=3, unplaced)         0.262     2.480    buffer92/control/Memory[0][7]_i_5_n_0
                         LUT4 (Prop_lut4_I3_O)        0.043     2.523 f  buffer92/control/Memory[0][7]_i_2__6/O
                         net (fo=5, unplaced)         0.272     2.795    buffer261/fifo/D[7]
                         LUT5 (Prop_lut5_I4_O)        0.046     2.841 r  buffer261/fifo/transmitValue_i_6__20/O
                         net (fo=1, unplaced)         0.000     2.841    cmpi1/DI[1]
                         CARRY4 (Prop_carry4_DI[3]_CO[3])
                                                      0.194     3.035 r  cmpi1/transmitValue_reg_i_4/CO[3]
                         net (fo=1, unplaced)         0.007     3.042    cmpi1/transmitValue_reg_i_4_n_0
                         CARRY4 (Prop_carry4_CI_CO[0])
                                                      0.135     3.177 r  cmpi1/transmitValue_reg_i_2/CO[0]
                         net (fo=107, unplaced)       0.273     3.450    init92/control/result[0]
                         LUT3 (Prop_lut3_I2_O)        0.131     3.581 r  init92/control/outputValid_i_4__9/O
                         net (fo=51, unplaced)        0.327     3.908    buffer201/fifo/init92_outs
                         LUT6 (Prop_lut6_I1_O)        0.043     3.951 r  buffer201/fifo/fullReg_i_2__4/O
                         net (fo=76, unplaced)        0.337     4.288    buffer62/control/p_2_in
                         LUT6 (Prop_lut6_I2_O)        0.043     4.331 r  buffer62/control/Memory[0][4]_i_1__1/O
                         net (fo=3, unplaced)         0.262     4.593    buffer223/fifo/D[4]
                         LUT6 (Prop_lut6_I1_O)        0.043     4.636 r  buffer223/fifo/Memory[0][0]_i_25__1/O
                         net (fo=1, unplaced)         0.244     4.880    cmpi12/Memory_reg[0][0]_i_7_3
                         LUT6 (Prop_lut6_I5_O)        0.043     4.923 r  cmpi12/Memory[0][0]_i_16/O
                         net (fo=1, unplaced)         0.000     4.923    cmpi12/Memory[0][0]_i_16_n_0
                         CARRY4 (Prop_carry4_S[1]_CO[3])
                                                      0.246     5.169 r  cmpi12/Memory_reg[0][0]_i_7/CO[3]
                         net (fo=1, unplaced)         0.007     5.176    cmpi12/Memory_reg[0][0]_i_7_n_0
                         CARRY4 (Prop_carry4_CI_CO[3])
                                                      0.050     5.226 r  cmpi12/Memory_reg[0][0]_i_3/CO[3]
                         net (fo=1, unplaced)         0.000     5.226    cmpi12/Memory_reg[0][0]_i_3_n_0
                         CARRY4 (Prop_carry4_CI_CO[2])
                                                      0.122     5.348 f  cmpi12/Memory_reg[0][0]_i_2/CO[2]
                         net (fo=8, unplaced)         0.282     5.630    buffer227/fifo/result[0]
                         LUT6 (Prop_lut6_I3_O)        0.122     5.752 r  buffer227/fifo/B_loadEn_INST_0_i_6/O
                         net (fo=6, unplaced)         0.276     6.028    buffer229/fifo/fullReg_reg_0
                         LUT6 (Prop_lut6_I5_O)        0.043     6.071 f  buffer229/fifo/i__i_3__1/O
                         net (fo=7, unplaced)         0.257     6.328    buffer229/fifo/transmitValue_reg_0
                         LUT6 (Prop_lut6_I0_O)        0.043     6.371 f  buffer229/fifo/i__i_2__1/O
                         net (fo=4, unplaced)         0.268     6.639    fork62/generateBlocks[0].regblock/cmpi12_result_ready
                         LUT3 (Prop_lut3_I2_O)        0.043     6.682 f  fork62/generateBlocks[0].regblock/join_inputs//i_/O
                         net (fo=4, unplaced)         0.268     6.950    fork59/control/generateBlocks[0].regblock/buffer223_outs_ready
                         LUT3 (Prop_lut3_I1_O)        0.043     6.993 r  fork59/control/generateBlocks[0].regblock/fullReg_i_4__25/O
                         net (fo=4, unplaced)         0.268     7.261    fork94/control/generateBlocks[23].regblock/dataReg_reg[0]
                         LUT5 (Prop_lut5_I1_O)        0.043     7.304 r  fork94/control/generateBlocks[23].regblock/dataReg[31]_i_1__3/O
                         net (fo=32, unplaced)        0.317     7.621    buffer62/dataReg_reg[0]_2[0]
                         FDRE                                         r  buffer62/dataReg_reg[0]/CE
  -------------------------------------------------------------------    -------------------

                         (clock clk rise edge)        9.200     9.200 r  
                                                      0.000     9.200 r  clk (IN)
                         net (fo=2362, unset)         0.483     9.683    buffer62/clk
                         FDRE                                         r  buffer62/dataReg_reg[0]/C
                         clock pessimism              0.000     9.683    
                         clock uncertainty           -0.035     9.647    
                         FDRE (Setup_fdre_C_CE)      -0.192     9.455    buffer62/dataReg_reg[0]
  -------------------------------------------------------------------
                         required time                          9.455    
                         arrival time                          -7.621    
  -------------------------------------------------------------------
                         slack                                  1.834    




