INFO: [Timing 38-91] UpdateTimingParams: Speed grade: -3, Delay Type: max.
INFO: [Timing 38-191] Multithreading enabled for timing update using a maximum of 8 CPUs
INFO: [Timing 38-35] Done setting XDC timing constraints.
WARNING: [Timing 38-242] The property HD.CLK_SRC of clock port "clk" is not set. In out-of-context mode, this prevents timing estimation for clock delay/skew
Resolution: Set the HD.CLK_SRC property of the out-of-context port to the location of the clock buffer instance in the top-level design
INFO: [Timing 38-78] ReportTimingParams: -max_paths 1 -nworst 1 -delay_type max -sort_by slack.
Copyright 1986-2022 Xilinx, Inc. All Rights Reserved. Copyright 2022-2024 Advanced Micro Devices, Inc. All Rights Reserved.
---------------------------------------------------------------------------------------------------------------------------------------------
| Tool Version : Vivado v.2024.2 (lin64) Build 5239630 Fri Nov 08 22:34:34 MST 2024
| Date         : Tue Dec 16 00:41:34 2025
| Host         : lap-inf133 running 64-bit Ubuntu 24.04.3 LTS
| Command      : report_timing
| Design       : matrix_power
| Device       : 7k160t-fbg484
| Speed File   : -3  PRODUCTION 1.12 2017-02-17
| Design State : Synthesized
---------------------------------------------------------------------------------------------------------------------------------------------

Timing Report

Slack (VIOLATED) :        -0.334ns  (required time - arrival time)
  Source:                 buffer22/outs_reg[6]_inv/C
                            (rising edge-triggered cell FDSE clocked by clk  {rise@0.000ns fall@1.850ns period=3.700ns})
  Destination:            buffer7/dataReg_reg[0]/CE
                            (rising edge-triggered cell FDRE clocked by clk  {rise@0.000ns fall@1.850ns period=3.700ns})
  Path Group:             clk
  Path Type:              Setup (Max at Slow Process Corner)
  Requirement:            3.700ns  (clk rise@3.700ns - clk rise@0.000ns)
  Data Path Delay:        3.781ns  (logic 0.863ns (22.825%)  route 2.918ns (77.175%))
  Logic Levels:           8  (CARRY4=1 LUT4=1 LUT6=6)
  Clock Path Skew:        -0.025ns (DCD - SCD + CPR)
    Destination Clock Delay (DCD):    0.483ns = ( 4.183 - 3.700 ) 
    Source Clock Delay      (SCD):    0.508ns
    Clock Pessimism Removal (CPR):    0.000ns
  Clock Uncertainty:      0.035ns  ((TSJ^2 + TIJ^2)^1/2 + DJ) / 2 + PE
    Total System Jitter     (TSJ):    0.071ns
    Total Input Jitter      (TIJ):    0.000ns
    Discrete Jitter          (DJ):    0.000ns
    Phase Error              (PE):    0.000ns

    Location             Delay type                Incr(ns)  Path(ns)    Netlist Resource(s)
  -------------------------------------------------------------------    -------------------
                         (clock clk rise edge)        0.000     0.000 r  
                                                      0.000     0.000 r  clk (IN)
                         net (fo=552, unset)          0.508     0.508    buffer22/clk
                         FDSE                                         r  buffer22/outs_reg[6]_inv/C
  -------------------------------------------------------------------    -------------------
                         FDSE (Prop_fdse_C_Q)         0.226     0.734 r  buffer22/outs_reg[6]_inv/Q
                         net (fo=1, unplaced)         0.621     1.355    cmpi1/S[2]
                         CARRY4 (Prop_carry4_S[2]_CO[2])
                                                      0.257     1.612 r  cmpi1/result0_carry/CO[2]
                         net (fo=15, unplaced)        0.297     1.909    buffer22/control/CO[0]
                         LUT6 (Prop_lut6_I3_O)        0.122     2.031 f  buffer22/control/row_loadEn_INST_0_i_6/O
                         net (fo=17, unplaced)        0.300     2.331    control_merge1/tehb/control/transmitValue_reg_11
                         LUT6 (Prop_lut6_I1_O)        0.043     2.374 r  control_merge1/tehb/control/row_loadEn_INST_0_i_5/O
                         net (fo=20, unplaced)        0.282     2.656    control_merge1/tehb/control/dataReg_reg[0]
                         LUT6 (Prop_lut6_I1_O)        0.043     2.699 r  control_merge1/tehb/control/transmitValue_i_11/O
                         net (fo=1, unplaced)         0.377     3.076    control_merge1/tehb/control/transmitValue_i_11_n_0
                         LUT6 (Prop_lut6_I1_O)        0.043     3.119 r  control_merge1/tehb/control/transmitValue_i_8/O
                         net (fo=1, unplaced)         0.244     3.363    buffer21/control/transmitValue_reg_12
                         LUT6 (Prop_lut6_I5_O)        0.043     3.406 f  buffer21/control/transmitValue_i_3/O
                         net (fo=15, unplaced)        0.275     3.681    buffer21/control/outputValid_reg_2
                         LUT6 (Prop_lut6_I2_O)        0.043     3.724 f  buffer21/control/dataReg[5]_i_3/O
                         net (fo=1, unplaced)         0.244     3.968    buffer21/control/dataReg[5]_i_3_n_0
                         LUT4 (Prop_lut4_I3_O)        0.043     4.011 r  buffer21/control/dataReg[5]_i_1__1/O
                         net (fo=6, unplaced)         0.278     4.289    buffer7/E[0]
                         FDRE                                         r  buffer7/dataReg_reg[0]/CE
  -------------------------------------------------------------------    -------------------

                         (clock clk rise edge)        3.700     3.700 r  
                                                      0.000     3.700 r  clk (IN)
                         net (fo=552, unset)          0.483     4.183    buffer7/clk
                         FDRE                                         r  buffer7/dataReg_reg[0]/C
                         clock pessimism              0.000     4.183    
                         clock uncertainty           -0.035     4.147    
                         FDRE (Setup_fdre_C_CE)      -0.192     3.955    buffer7/dataReg_reg[0]
  -------------------------------------------------------------------
                         required time                          3.955    
                         arrival time                          -4.289    
  -------------------------------------------------------------------
                         slack                                 -0.334    




