INFO: [Timing 38-91] UpdateTimingParams: Speed grade: -3, Delay Type: max.
INFO: [Timing 38-191] Multithreading enabled for timing update using a maximum of 8 CPUs
INFO: [Timing 38-35] Done setting XDC timing constraints.
WARNING: [Timing 38-242] The property HD.CLK_SRC of clock port "clk" is not set. In out-of-context mode, this prevents timing estimation for clock delay/skew
Resolution: Set the HD.CLK_SRC property of the out-of-context port to the location of the clock buffer instance in the top-level design
INFO: [Timing 38-78] ReportTimingParams: -max_paths 1 -nworst 1 -delay_type max -sort_by slack.
Copyright 1986-2022 Xilinx, Inc. All Rights Reserved. Copyright 2022-2024 Advanced Micro Devices, Inc. All Rights Reserved.
---------------------------------------------------------------------------------------------------------------------------------------------
| Tool Version : Vivado v.2024.2 (lin64) Build 5239630 Fri Nov 08 22:34:34 MST 2024
| Date         : Wed Dec 17 13:54:55 2025
| Host         : lap-inf133 running 64-bit Ubuntu 24.04.3 LTS
| Command      : report_timing
| Design       : triangular
| Device       : 7k160t-fbg484
| Speed File   : -3  PRODUCTION 1.12 2017-02-17
| Design State : Synthesized
---------------------------------------------------------------------------------------------------------------------------------------------

Timing Report

Slack (MET) :             2.243ns  (required time - arrival time)
  Source:                 buffer27/outs_reg[2]/C
                            (rising edge-triggered cell FDRE clocked by clk  {rise@0.000ns fall@5.350ns period=10.700ns})
  Destination:            buffer10/dataReg_reg[0]/CE
                            (rising edge-triggered cell FDRE clocked by clk  {rise@0.000ns fall@5.350ns period=10.700ns})
  Path Group:             clk
  Path Type:              Setup (Max at Slow Process Corner)
  Requirement:            10.700ns  (clk rise@10.700ns - clk rise@0.000ns)
  Data Path Delay:        8.204ns  (logic 1.836ns (22.379%)  route 6.368ns (77.621%))
  Logic Levels:           24  (CARRY4=8 LUT3=4 LUT4=1 LUT5=4 LUT6=7)
  Clock Path Skew:        -0.025ns (DCD - SCD + CPR)
    Destination Clock Delay (DCD):    0.483ns = ( 11.183 - 10.700 ) 
    Source Clock Delay      (SCD):    0.508ns
    Clock Pessimism Removal (CPR):    0.000ns
  Clock Uncertainty:      0.035ns  ((TSJ^2 + TIJ^2)^1/2 + DJ) / 2 + PE
    Total System Jitter     (TSJ):    0.071ns
    Total Input Jitter      (TIJ):    0.000ns
    Discrete Jitter          (DJ):    0.000ns
    Phase Error              (PE):    0.000ns

    Location             Delay type                Incr(ns)  Path(ns)    Netlist Resource(s)
  -------------------------------------------------------------------    -------------------
                         (clock clk rise edge)        0.000     0.000 r  
                                                      0.000     0.000 r  clk (IN)
                         net (fo=1647, unset)         0.508     0.508    buffer27/clk
                         FDRE                                         r  buffer27/outs_reg[2]/C
  -------------------------------------------------------------------    -------------------
                         FDRE (Prop_fdre_C_Q)         0.226     0.734 f  buffer27/outs_reg[2]/Q
                         net (fo=7, unplaced)         0.423     1.157    buffer28/control/Memory_reg[0][31][2]
                         LUT3 (Prop_lut3_I0_O)        0.119     1.276 f  buffer28/control/Memory[0][2]_i_1/O
                         net (fo=3, unplaced)         0.395     1.671    cmpi1/buffer28_outs[2]
                         LUT6 (Prop_lut6_I3_O)        0.043     1.714 r  cmpi1/x_loadEn_INST_0_i_49/O
                         net (fo=1, unplaced)         0.459     2.173    cmpi1/x_loadEn_INST_0_i_49_n_0
                         CARRY4 (Prop_carry4_DI[1]_CO[3])
                                                      0.245     2.418 r  cmpi1/x_loadEn_INST_0_i_30/CO[3]
                         net (fo=1, unplaced)         0.007     2.425    cmpi1/x_loadEn_INST_0_i_30_n_0
                         CARRY4 (Prop_carry4_CI_CO[3])
                                                      0.050     2.475 r  cmpi1/x_loadEn_INST_0_i_13/CO[3]
                         net (fo=1, unplaced)         0.000     2.475    cmpi1/x_loadEn_INST_0_i_13_n_0
                         CARRY4 (Prop_carry4_CI_CO[3])
                                                      0.050     2.525 r  cmpi1/x_loadEn_INST_0_i_4/CO[3]
                         net (fo=1, unplaced)         0.000     2.525    cmpi1/x_loadEn_INST_0_i_4_n_0
                         CARRY4 (Prop_carry4_CI_CO[3])
                                                      0.050     2.575 r  cmpi1/x_loadEn_INST_0_i_2/CO[3]
                         net (fo=73, unplaced)        0.680     3.255    buffer39/result[0]
                         LUT6 (Prop_lut6_I1_O)        0.043     3.298 r  buffer39/n_ready_INST_0_i_2/O
                         net (fo=14, unplaced)        0.295     3.593    fork5/control/generateBlocks[0].regblock/transmitValue_reg_2
                         LUT3 (Prop_lut3_I2_O)        0.043     3.636 f  fork5/control/generateBlocks[0].regblock/transmitValue_i_2__68/O
                         net (fo=2, unplaced)         0.255     3.891    control_merge0/tehb/control/dataReg_reg[1]
                         LUT6 (Prop_lut6_I1_O)        0.043     3.934 f  control_merge0/tehb/control/dataReg[31]_i_6/O
                         net (fo=105, unplaced)       0.323     4.257    control_merge0/tehb/control/fullReg_reg_0
                         LUT5 (Prop_lut5_I1_O)        0.050     4.307 f  control_merge0/tehb/control/outs[0]_i_2/O
                         net (fo=3, unplaced)         0.395     4.702    cmpi0/buffer10_outs[0]
                         LUT4 (Prop_lut4_I1_O)        0.049     4.751 r  cmpi0/memEnd_valid_i_35/O
                         net (fo=1, unplaced)         0.000     4.751    cmpi0/memEnd_valid_i_35_n_0
                         CARRY4 (Prop_carry4_DI[0]_CO[3])
                                                      0.284     5.035 r  cmpi0/memEnd_valid_reg_i_23/CO[3]
                         net (fo=1, unplaced)         0.007     5.042    cmpi0/memEnd_valid_reg_i_23_n_0
                         CARRY4 (Prop_carry4_CI_CO[3])
                                                      0.050     5.092 r  cmpi0/memEnd_valid_reg_i_13/CO[3]
                         net (fo=1, unplaced)         0.000     5.092    cmpi0/memEnd_valid_reg_i_13_n_0
                         CARRY4 (Prop_carry4_CI_CO[3])
                                                      0.050     5.142 r  cmpi0/memEnd_valid_reg_i_4/CO[3]
                         net (fo=1, unplaced)         0.000     5.142    cmpi0/memEnd_valid_reg_i_4_n_0
                         CARRY4 (Prop_carry4_CI_CO[3])
                                                      0.050     5.192 r  cmpi0/memEnd_valid_reg_i_2/CO[3]
                         net (fo=56, unplaced)        0.673     5.865    init0/control/result[0]
                         LUT3 (Prop_lut3_I2_O)        0.043     5.908 r  init0/control/transmitValue_i_2__82/O
                         net (fo=19, unplaced)        0.303     6.211    buffer26/init0_outs
                         LUT5 (Prop_lut5_I2_O)        0.043     6.254 f  buffer26/transmitValue_i_3__27/O
                         net (fo=2, unplaced)         0.255     6.509    fork2/control/generateBlocks[6].regblock/transmitValue_reg_4
                         LUT6 (Prop_lut6_I4_O)        0.043     6.552 f  fork2/control/generateBlocks[6].regblock/fullReg_i_3__6/O
                         net (fo=3, unplaced)         0.262     6.814    buffer43/fifo/outputValid_reg
                         LUT6 (Prop_lut6_I0_O)        0.043     6.857 r  buffer43/fifo/outputValid_i_3__0/O
                         net (fo=3, unplaced)         0.262     7.119    buffer43/fifo/outputValid_i_3__0_n_0
                         LUT3 (Prop_lut3_I0_O)        0.043     7.162 r  buffer43/fifo/fullReg_i_2__10/O
                         net (fo=2, unplaced)         0.255     7.417    control_merge0/fork_valid/generateBlocks[1].regblock/fullReg_reg_8
                         LUT5 (Prop_lut5_I4_O)        0.047     7.464 r  control_merge0/fork_valid/generateBlocks[1].regblock/transmitValue_i_2__9/O
                         net (fo=2, unplaced)         0.255     7.719    control_merge0/fork_valid/generateBlocks[1].regblock/fork6/control/blockStopArray[4]
                         LUT5 (Prop_lut5_I0_O)        0.043     7.762 r  control_merge0/fork_valid/generateBlocks[1].regblock/fullReg_i_6__0/O
                         net (fo=1, unplaced)         0.244     8.006    control_merge0/fork_valid/generateBlocks[1].regblock/fullReg_i_6__0_n_0
                         LUT6 (Prop_lut6_I0_O)        0.043     8.049 r  control_merge0/fork_valid/generateBlocks[1].regblock/fullReg_i_4__0/O
                         net (fo=19, unplaced)        0.303     8.352    control_merge0/fork_valid/generateBlocks[1].regblock/Full_reg
                         LUT6 (Prop_lut6_I2_O)        0.043     8.395 r  control_merge0/fork_valid/generateBlocks[1].regblock/dataReg[31]_i_1__2/O
                         net (fo=32, unplaced)        0.317     8.712    buffer10/E[0]
                         FDRE                                         r  buffer10/dataReg_reg[0]/CE
  -------------------------------------------------------------------    -------------------

                         (clock clk rise edge)       10.700    10.700 r  
                                                      0.000    10.700 r  clk (IN)
                         net (fo=1647, unset)         0.483    11.183    buffer10/clk
                         FDRE                                         r  buffer10/dataReg_reg[0]/C
                         clock pessimism              0.000    11.183    
                         clock uncertainty           -0.035    11.147    
                         FDRE (Setup_fdre_C_CE)      -0.192    10.955    buffer10/dataReg_reg[0]
  -------------------------------------------------------------------
                         required time                         10.955    
                         arrival time                          -8.712    
  -------------------------------------------------------------------
                         slack                                  2.243    




