[INFO] Compiled source to affine
[INFO] Ran memory analysis
[INFO] Compiled affine to scf
[INFO] Compiled scf to cf
[INFO] Applied standard transformations to cf
[INFO] Applied Dynamatic transformations to cf
[INFO] Marked memory accesses with the corresponding interfaces in cf
[INFO] Compiled cf to handshake
[INFO][SKIP] Created Skip Conditions
[INFO][SKIP] Created Waiting Signals
[INFO][SKIP] Gated Successor Accesses
[INFO][SKIP] Dependency graph written to /beta/rouzbeh/hope/dynamatic/skip/runs/run_2025-12-16_00-21-05/bicg-0/out/comp/bicg_DEP_G.dot
[INFO][SKIP] Inserted Out with LSQs circuit successfully! 
[INFO] Applied transformations to handshake with skippable sequentializer
[INFO] Applied transformations to handshake
[INFO] Built kernel for profiling
[INFO] Ran kernel for profiling
[INFO] Profiled cf-level
[INFO] Running smart buffer placement with CP = 15.000 and algorithm = 'cpbuf'
[INFO] Placed smart buffers
[INFO] Canonicalized handshake
[INFO] Created bicg DOT
[INFO] Converted bicg DOT to PNG
[INFO] Created bicg_CFG DOT
[INFO] Converted bicg_CFG DOT to PNG
[INFO] Lowered to HW
[INFO] Compilation succeeded
[INFO] Exported RTL (vhdl)
[INFO] HDL generation succeeded
================================================================================
============== Dynamatic | Dynamic High-Level Synthesis Compiler ===============
======================== EPFL-LAP - v2.0.0 | March 2024 ========================
================================================================================


dynamatic> set-src skip/runs/run_2025-12-16_00-21-05/bicg-0/bicg.c
dynamatic> set-clock-period 15   
dynamatic> compile --skippable-seq-n 0 --buffer-algorithm cpbuf --fork-fifo-size 15
dynamatic> write-hdl
dynamatic> exit

Goodbye!
[INFO] Exported RTL (vhdl)
[INFO] HDL generation succeeded
[INFO] Built kernel for IO gen.
[INFO] Ran kernel for IO gen.
[INFO] Launching Modelsim simulation
[INFO] Simulation succeeded
================================================================================
============== Dynamatic | Dynamic High-Level Synthesis Compiler ===============
======================== EPFL-LAP - v2.0.0 | March 2024 ========================
================================================================================


dynamatic> set-src skip/runs/run_2025-12-16_00-21-05/bicg-0/bicg.c
dynamatic> write-hdl
dynamatic> simulate
dynamatic> exit

Goodbye!
Initial BASELINE Cycles: None
buffer2 ----> 0
buffer2      max_len = 0
buffer3 ----> 6
buffer3      max_len = 6
buffer4 ----> 0
buffer4      max_len = 0
buffer5 ----> 6
buffer5      max_len = 6
buffer6 ----> 0
buffer6      max_len = 0
buffer7 ----> 15
buffer7      max_len = 15
buffer8 ----> 15
buffer8      max_len = 15
buffer9 ----> 0
buffer9      max_len = 0
buffer10 ----> 8
buffer10     max_len = 8
buffer11 ----> 0
buffer11     max_len = 0
buffer12 ----> 15
buffer12     max_len = 15
buffer13 ----> 8
buffer13     max_len = 8
buffer14 ----> 15
buffer14     max_len = 15
buffer15 ----> 13
buffer15     max_len = 13
buffer16 ----> 0
buffer16     max_len = 0
buffer17 ----> 0
buffer17     max_len = 0
buffer18 ----> 14
buffer18     max_len = 14
buffer19 ----> 15
buffer19     max_len = 15
buffer20 ----> 15
buffer20     max_len = 15
buffer21 ----> 14
buffer21     max_len = 14
buffer22 ----> 0
buffer22     max_len = 0
buffer23 ----> 6
buffer23     max_len = 6
buffer24 ----> 6
buffer24     max_len = 6
buffer25 ----> 0
buffer25     max_len = 0
buffer26 ----> 13
buffer26     max_len = 13
buffer27 ----> 0
buffer27     max_len = 0
buffer28 ----> 0
buffer28     max_len = 0
buffer29 ----> 1
buffer29     max_len = 1
buffer30 ----> 6
buffer30     max_len = 6
buffer31 ----> 0
buffer31     max_len = 0
buffer32 ----> 6
buffer32     max_len = 6
buffer33 ----> 0
buffer33     max_len = 0
buffer34 ----> 0
buffer34     max_len = 0
buffer35 ----> 0
buffer35     max_len = 0
buffer36 ----> 0
buffer36     max_len = 0
buffer37 ----> 1
buffer37     max_len = 1
buffer38 ----> 6
buffer38     max_len = 6
buffer39 ----> 1
buffer39     max_len = 1

=== Applying MLIR modifications (remove) ===
[REMOVE] buffer11 (max_len=0)
[REMOVE] buffer16 (max_len=0)
[REMOVE] buffer17 (max_len=0)
[REMOVE] buffer2 (max_len=0)
[REMOVE] buffer22 (max_len=0)
[REMOVE] buffer25 (max_len=0)
[REMOVE] buffer27 (max_len=0)
[REMOVE] buffer28 (max_len=0)
[REMOVE] buffer31 (max_len=0)
[REMOVE] buffer33 (max_len=0)
[REMOVE] buffer34 (max_len=0)
[REMOVE] buffer35 (max_len=0)
[REMOVE] buffer36 (max_len=0)
[REMOVE] buffer4 (max_len=0)
[REMOVE] buffer6 (max_len=0)
[REMOVE] buffer9 (max_len=0)
Running Handshake canonicalization...
Canonicalized Handshake.
Lowering Handshake to HW...
Lowered Handshake to HW.

=== Running BASELINE simulation after initial resize ===
BASELINE Cycles: 1815

=== Applying Buffer Removal Optimization ===
MLIR file backed up to: skip/runs/run_2025-12-16_00-21-05/bicg-0/out/comp/handshake_transformed.mlir.bak

=== Applying Buffer Resize Optimization to size 0 ===
Processed 0/22 until now
[TRY REMOVE] buffer3
[TRY REMOVE] buffer5
[TRY REMOVE] buffer7
[TRY REMOVE] buffer8
[TRY REMOVE] buffer10
[TRY REMOVE] buffer12
[TRY REMOVE] buffer13
[TRY REMOVE] buffer14
[TRY REMOVE] buffer15
[TRY REMOVE] buffer18
[TRY REMOVE] buffer19
[TRY REMOVE] buffer20
[TRY REMOVE] buffer21
[TRY REMOVE] buffer23
[TRY REMOVE] buffer24
[TRY REMOVE] buffer26
[TRY REMOVE] buffer29
[TRY REMOVE] buffer30
[TRY REMOVE] buffer32
[TRY REMOVE] buffer37
[TRY REMOVE] buffer38
[TRY REMOVE] buffer39
Running Handshake canonicalization...
Canonicalized Handshake.
Lowering Handshake to HW...
Lowered Handshake to HW.
[PERF FAIL] Cycles increased: 1815 -> 9907
[TRIAL FAILED] Performance hurt. Reverting and recursing on 22 buffers.
Processed 0/22 until now
[TRY REMOVE] buffer3
[TRY REMOVE] buffer5
[TRY REMOVE] buffer7
[TRY REMOVE] buffer8
[TRY REMOVE] buffer10
[TRY REMOVE] buffer12
[TRY REMOVE] buffer13
[TRY REMOVE] buffer14
[TRY REMOVE] buffer15
[TRY REMOVE] buffer18
[TRY REMOVE] buffer19
Running Handshake canonicalization...
Canonicalized Handshake.
Lowering Handshake to HW...
Lowered Handshake to HW.
[PERF FAIL] Cycles increased: 1815 -> 5411
[TRIAL FAILED] Performance hurt. Reverting and recursing on 11 buffers.
Processed 0/22 until now
[TRY REMOVE] buffer3
[TRY REMOVE] buffer5
[TRY REMOVE] buffer7
[TRY REMOVE] buffer8
[TRY REMOVE] buffer10
Running Handshake canonicalization...
Canonicalized Handshake.
Lowering Handshake to HW...
Lowered Handshake to HW.
[PERF FAIL] Cycles increased: 1815 -> 4959
[TRIAL FAILED] Performance hurt. Reverting and recursing on 5 buffers.
Processed 0/22 until now
[TRY REMOVE] buffer3
[TRY REMOVE] buffer5
Running Handshake canonicalization...
Canonicalized Handshake.
Lowering Handshake to HW...
Lowered Handshake to HW.
[PERF OK] Cycles: 1815 (Baseline: 1815)
[OPTIMIZE] Success: Resized 2 buffers to 0: ['buffer3', 'buffer5']
Processed 2/22 until now
[TRY REMOVE] buffer7
[TRY REMOVE] buffer8
[TRY REMOVE] buffer10
[TRIAL FAILED] Performance hurt. Reverting and recursing on 3 buffers.
Processed 2/22 until now
[TRY REMOVE] buffer7
Running Handshake canonicalization...
Canonicalized Handshake.
Lowering Handshake to HW...
Lowered Handshake to HW.
[PERF FAIL] Cycles increased: 1815 -> 4958
Processed 3/22 until now
[TRY REMOVE] buffer8
[TRY REMOVE] buffer10
Running Handshake canonicalization...
Canonicalized Handshake.
Lowering Handshake to HW...
Lowered Handshake to HW.
[PERF FAIL] Cycles increased: 1815 -> 3912
[TRIAL FAILED] Performance hurt. Reverting and recursing on 2 buffers.
Processed 3/22 until now
[TRY REMOVE] buffer8
Running Handshake canonicalization...
Canonicalized Handshake.
Lowering Handshake to HW...
Lowered Handshake to HW.
[PERF FAIL] Cycles increased: 1815 -> 3909
Processed 4/22 until now
[TRY REMOVE] buffer10
Running Handshake canonicalization...
Canonicalized Handshake.
Lowering Handshake to HW...
Lowered Handshake to HW.
[PERF FAIL] Cycles increased: 1815 -> 2713
Processed 5/22 until now
[TRY REMOVE] buffer12
[TRY REMOVE] buffer13
[TRY REMOVE] buffer14
[TRY REMOVE] buffer15
[TRY REMOVE] buffer18
[TRY REMOVE] buffer19
Running Handshake canonicalization...
Canonicalized Handshake.
Lowering Handshake to HW...
Lowered Handshake to HW.
[PERF FAIL] Cycles increased: 1815 -> 5413
[TRIAL FAILED] Performance hurt. Reverting and recursing on 6 buffers.
Processed 5/22 until now
[TRY REMOVE] buffer12
[TRY REMOVE] buffer13
[TRY REMOVE] buffer14
Running Handshake canonicalization...
Canonicalized Handshake.
Lowering Handshake to HW...
Lowered Handshake to HW.
[PERF FAIL] Cycles increased: 1815 -> 5413
[TRIAL FAILED] Performance hurt. Reverting and recursing on 3 buffers.
Processed 5/22 until now
[TRY REMOVE] buffer12
Running Handshake canonicalization...
Canonicalized Handshake.
Lowering Handshake to HW...
Lowered Handshake to HW.
[PERF FAIL] Cycles increased: 1815 -> 3313
Processed 6/22 until now
[TRY REMOVE] buffer13
[TRY REMOVE] buffer14
Running Handshake canonicalization...
Canonicalized Handshake.
Lowering Handshake to HW...
Lowered Handshake to HW.
[PERF FAIL] Cycles increased: 1815 -> 5411
[TRIAL FAILED] Performance hurt. Reverting and recursing on 2 buffers.
Processed 6/22 until now
[TRY REMOVE] buffer13
Running Handshake canonicalization...
Canonicalized Handshake.
Lowering Handshake to HW...
Lowered Handshake to HW.
[PERF OK] Cycles: 1816 (Baseline: 1815)
[OPTIMIZE] Success: Resized 1 buffers to 0: ['buffer13']
Processed 7/22 until now
[TRY REMOVE] buffer14
Processed 8/22 until now
[TRY REMOVE] buffer15
[TRY REMOVE] buffer18
[TRY REMOVE] buffer19
Running Handshake canonicalization...
Canonicalized Handshake.
Lowering Handshake to HW...
Lowered Handshake to HW.
[PERF FAIL] Cycles increased: 1815 -> 5409
[TRIAL FAILED] Performance hurt. Reverting and recursing on 3 buffers.
Processed 8/22 until now
[TRY REMOVE] buffer15
Running Handshake canonicalization...
Canonicalized Handshake.
Lowering Handshake to HW...
Lowered Handshake to HW.
[PERF FAIL] Cycles increased: 1815 -> 4509
Processed 9/22 until now
[TRY REMOVE] buffer18
[TRY REMOVE] buffer19
Running Handshake canonicalization...
Canonicalized Handshake.
Lowering Handshake to HW...
Lowered Handshake to HW.
[PERF FAIL] Cycles increased: 1815 -> 2040
[TRIAL FAILED] Performance hurt. Reverting and recursing on 2 buffers.
Processed 9/22 until now
[TRY REMOVE] buffer18
Running Handshake canonicalization...
Canonicalized Handshake.
Lowering Handshake to HW...
Lowered Handshake to HW.
[PERF FAIL] Cycles increased: 1815 -> 2040
Processed 10/22 until now
[TRY REMOVE] buffer19
Running Handshake canonicalization...
Canonicalized Handshake.
Lowering Handshake to HW...
Lowered Handshake to HW.
[PERF OK] Cycles: 1816 (Baseline: 1815)
[OPTIMIZE] Success: Resized 1 buffers to 0: ['buffer19']
Processed 11/22 until now
[TRY REMOVE] buffer20
[TRY REMOVE] buffer21
[TRY REMOVE] buffer23
[TRY REMOVE] buffer24
[TRY REMOVE] buffer26
[TRY REMOVE] buffer29
[TRY REMOVE] buffer30
[TRY REMOVE] buffer32
[TRY REMOVE] buffer37
[TRY REMOVE] buffer38
[TRY REMOVE] buffer39
Running Handshake canonicalization...
Canonicalized Handshake.
Lowering Handshake to HW...
Lowered Handshake to HW.
[PERF FAIL] Cycles increased: 1815 -> 9907
[TRIAL FAILED] Performance hurt. Reverting and recursing on 11 buffers.
Processed 11/22 until now
[TRY REMOVE] buffer20
[TRY REMOVE] buffer21
[TRY REMOVE] buffer23
[TRY REMOVE] buffer24
[TRY REMOVE] buffer26
Running Handshake canonicalization...
Canonicalized Handshake.
Lowering Handshake to HW...
Lowered Handshake to HW.
[PERF FAIL] Cycles increased: 1815 -> 9007
[TRIAL FAILED] Performance hurt. Reverting and recursing on 5 buffers.
Processed 11/22 until now
[TRY REMOVE] buffer20
[TRY REMOVE] buffer21
Running Handshake canonicalization...
Canonicalized Handshake.
Lowering Handshake to HW...
Lowered Handshake to HW.
[PERF FAIL] Cycles increased: 1815 -> 2041
[TRIAL FAILED] Performance hurt. Reverting and recursing on 2 buffers.
Processed 11/22 until now
[TRY REMOVE] buffer20
Running Handshake canonicalization...
Canonicalized Handshake.
Lowering Handshake to HW...
Lowered Handshake to HW.
[PERF FAIL] Cycles increased: 1815 -> 2041
Processed 12/22 until now
[TRY REMOVE] buffer21
Running Handshake canonicalization...
Canonicalized Handshake.
Lowering Handshake to HW...
Lowered Handshake to HW.
[PERF OK] Cycles: 1816 (Baseline: 1815)
[OPTIMIZE] Success: Resized 1 buffers to 0: ['buffer21']
Processed 13/22 until now
[TRY REMOVE] buffer23
[TRY REMOVE] buffer24
[TRY REMOVE] buffer26
Running Handshake canonicalization...
Canonicalized Handshake.
Lowering Handshake to HW...
Lowered Handshake to HW.
[PERF FAIL] Cycles increased: 1815 -> 6311
[TRIAL FAILED] Performance hurt. Reverting and recursing on 3 buffers.
Processed 13/22 until now
[TRY REMOVE] buffer23
Running Handshake canonicalization...
Canonicalized Handshake.
Lowering Handshake to HW...
Lowered Handshake to HW.
[PERF OK] Cycles: 1815 (Baseline: 1815)
[OPTIMIZE] Success: Resized 1 buffers to 0: ['buffer23']
Processed 14/22 until now
[TRY REMOVE] buffer24
[TRY REMOVE] buffer26
[TRIAL FAILED] Performance hurt. Reverting and recursing on 2 buffers.
Processed 14/22 until now
[TRY REMOVE] buffer24
Running Handshake canonicalization...
Canonicalized Handshake.
Lowering Handshake to HW...
Lowered Handshake to HW.
[PERF OK] Cycles: 1817 (Baseline: 1815)
[OPTIMIZE] Success: Resized 1 buffers to 0: ['buffer24']
Processed 15/22 until now
[TRY REMOVE] buffer26
Processed 16/22 until now
[TRY REMOVE] buffer29
[TRY REMOVE] buffer30
[TRY REMOVE] buffer32
[TRY REMOVE] buffer37
[TRY REMOVE] buffer38
[TRY REMOVE] buffer39
Running Handshake canonicalization...
Canonicalized Handshake.
Lowering Handshake to HW...
Lowered Handshake to HW.
[PERF FAIL] Cycles increased: 1815 -> 2107
[TRIAL FAILED] Performance hurt. Reverting and recursing on 6 buffers.
Processed 16/22 until now
[TRY REMOVE] buffer29
[TRY REMOVE] buffer30
[TRY REMOVE] buffer32
Running Handshake canonicalization...
Canonicalized Handshake.
Lowering Handshake to HW...
Lowered Handshake to HW.
[PERF FAIL] Cycles increased: 1815 -> 2048
[TRIAL FAILED] Performance hurt. Reverting and recursing on 3 buffers.
Processed 16/22 until now
[TRY REMOVE] buffer29
Running Handshake canonicalization...
Canonicalized Handshake.
Lowering Handshake to HW...
Lowered Handshake to HW.
[PERF OK] Cycles: 1817 (Baseline: 1815)
[OPTIMIZE] Success: Resized 1 buffers to 0: ['buffer29']
Processed 17/22 until now
[TRY REMOVE] buffer30
[TRY REMOVE] buffer32
[TRIAL FAILED] Performance hurt. Reverting and recursing on 2 buffers.
Processed 17/22 until now
[TRY REMOVE] buffer30
Running Handshake canonicalization...
Canonicalized Handshake.
Lowering Handshake to HW...
Lowered Handshake to HW.
[PERF FAIL] Cycles increased: 1815 -> 2048
Processed 18/22 until now
[TRY REMOVE] buffer32
Running Handshake canonicalization...
Canonicalized Handshake.
Lowering Handshake to HW...
Lowered Handshake to HW.
[PERF FAIL] Cycles increased: 1815 -> 1991
Processed 19/22 until now
[TRY REMOVE] buffer37
[TRY REMOVE] buffer38
[TRY REMOVE] buffer39
Running Handshake canonicalization...
Canonicalized Handshake.
Lowering Handshake to HW...
Lowered Handshake to HW.
[PERF FAIL] Cycles increased: 1815 -> 1844
[TRIAL FAILED] Performance hurt. Reverting and recursing on 3 buffers.
Processed 19/22 until now
[TRY REMOVE] buffer37
Running Handshake canonicalization...
Canonicalized Handshake.
Lowering Handshake to HW...
Lowered Handshake to HW.
[PERF OK] Cycles: 1817 (Baseline: 1815)
[OPTIMIZE] Success: Resized 1 buffers to 0: ['buffer37']
Processed 20/22 until now
[TRY REMOVE] buffer38
[TRY REMOVE] buffer39
[TRIAL FAILED] Performance hurt. Reverting and recursing on 2 buffers.
Processed 20/22 until now
[TRY REMOVE] buffer38
Running Handshake canonicalization...
Canonicalized Handshake.
Lowering Handshake to HW...
Lowered Handshake to HW.
[PERF FAIL] Cycles increased: 1815 -> 1962
Processed 21/22 until now
[TRY REMOVE] buffer39
Running Handshake canonicalization...
Canonicalized Handshake.
Lowering Handshake to HW...
Lowered Handshake to HW.
[PERF OK] Cycles: 1815 (Baseline: 1815)
[OPTIMIZE] Success: Resized 1 buffers to 0: ['buffer39']

Optimization complete. Successfully resized 10 buffers to 0

=== Applying Buffer Resize Optimization to size 1 ===
Processed 0/12 until now
[TRY RESZIZE] buffer7 to 1
[TRY RESZIZE] buffer8 to 1
[TRY RESZIZE] buffer10 to 1
[TRY RESZIZE] buffer12 to 1
[TRY RESZIZE] buffer14 to 1
[TRY RESZIZE] buffer15 to 1
[TRY RESZIZE] buffer18 to 1
[TRY RESZIZE] buffer20 to 1
[TRY RESZIZE] buffer26 to 1
[TRY RESZIZE] buffer30 to 1
[TRY RESZIZE] buffer32 to 1
[TRY RESZIZE] buffer38 to 1
Running Handshake canonicalization...
Canonicalized Handshake.
Lowering Handshake to HW...
Lowered Handshake to HW.
[PERF FAIL] Cycles increased: 1815 -> 3313
[TRIAL FAILED] Performance hurt. Reverting and recursing on 12 buffers.
Processed 0/12 until now
[TRY RESZIZE] buffer7 to 1
[TRY RESZIZE] buffer8 to 1
[TRY RESZIZE] buffer10 to 1
[TRY RESZIZE] buffer12 to 1
[TRY RESZIZE] buffer14 to 1
[TRY RESZIZE] buffer15 to 1
Running Handshake canonicalization...
Canonicalized Handshake.
Lowering Handshake to HW...
Lowered Handshake to HW.
[PERF FAIL] Cycles increased: 1815 -> 3313
[TRIAL FAILED] Performance hurt. Reverting and recursing on 6 buffers.
Processed 0/12 until now
[TRY RESZIZE] buffer7 to 1
[TRY RESZIZE] buffer8 to 1
[TRY RESZIZE] buffer10 to 1
Running Handshake canonicalization...
Canonicalized Handshake.
Lowering Handshake to HW...
Lowered Handshake to HW.
[PERF FAIL] Cycles increased: 1815 -> 3313
[TRIAL FAILED] Performance hurt. Reverting and recursing on 3 buffers.
Processed 0/12 until now
[TRY RESZIZE] buffer7 to 1
Running Handshake canonicalization...
Canonicalized Handshake.
Lowering Handshake to HW...
Lowered Handshake to HW.
[PERF FAIL] Cycles increased: 1815 -> 3313
Processed 1/12 until now
[TRY RESZIZE] buffer8 to 1
[TRY RESZIZE] buffer10 to 1
Running Handshake canonicalization...
Canonicalized Handshake.
Lowering Handshake to HW...
Lowered Handshake to HW.
[PERF FAIL] Cycles increased: 1815 -> 2713
[TRIAL FAILED] Performance hurt. Reverting and recursing on 2 buffers.
Processed 1/12 until now
[TRY RESZIZE] buffer8 to 1
Running Handshake canonicalization...
Canonicalized Handshake.
Lowering Handshake to HW...
Lowered Handshake to HW.
[PERF FAIL] Cycles increased: 1815 -> 2713
Processed 2/12 until now
[TRY RESZIZE] buffer10 to 1
Running Handshake canonicalization...
Canonicalized Handshake.
Lowering Handshake to HW...
Lowered Handshake to HW.
[PERF OK] Cycles: 1816 (Baseline: 1815)
[OPTIMIZE] Success: Resized 1 buffers to 1: ['buffer10']
Processed 3/12 until now
[TRY RESZIZE] buffer12 to 1
[TRY RESZIZE] buffer14 to 1
[TRY RESZIZE] buffer15 to 1
Running Handshake canonicalization...
Canonicalized Handshake.
Lowering Handshake to HW...
Lowered Handshake to HW.
[PERF FAIL] Cycles increased: 1815 -> 3312
[TRIAL FAILED] Performance hurt. Reverting and recursing on 3 buffers.
Processed 3/12 until now
[TRY RESZIZE] buffer12 to 1
Running Handshake canonicalization...
Canonicalized Handshake.
Lowering Handshake to HW...
Lowered Handshake to HW.
[PERF FAIL] Cycles increased: 1815 -> 2489
Processed 4/12 until now
[TRY RESZIZE] buffer14 to 1
[TRY RESZIZE] buffer15 to 1
Running Handshake canonicalization...
Canonicalized Handshake.
Lowering Handshake to HW...
Lowered Handshake to HW.
[PERF FAIL] Cycles increased: 1815 -> 3312
[TRIAL FAILED] Performance hurt. Reverting and recursing on 2 buffers.
Processed 4/12 until now
[TRY RESZIZE] buffer14 to 1
Running Handshake canonicalization...
Canonicalized Handshake.
Lowering Handshake to HW...
Lowered Handshake to HW.
[PERF FAIL] Cycles increased: 1815 -> 3013
Processed 5/12 until now
[TRY RESZIZE] buffer15 to 1
Running Handshake canonicalization...
Canonicalized Handshake.
Lowering Handshake to HW...
Lowered Handshake to HW.
[PERF FAIL] Cycles increased: 1815 -> 3310
Processed 6/12 until now
[TRY RESZIZE] buffer18 to 1
[TRY RESZIZE] buffer20 to 1
[TRY RESZIZE] buffer26 to 1
[TRY RESZIZE] buffer30 to 1
[TRY RESZIZE] buffer32 to 1
[TRY RESZIZE] buffer38 to 1
Running Handshake canonicalization...
Canonicalized Handshake.
Lowering Handshake to HW...
Lowered Handshake to HW.
[PERF FAIL] Cycles increased: 1815 -> 3013
[TRIAL FAILED] Performance hurt. Reverting and recursing on 6 buffers.
Processed 6/12 until now
[TRY RESZIZE] buffer18 to 1
[TRY RESZIZE] buffer20 to 1
[TRY RESZIZE] buffer26 to 1
Running Handshake canonicalization...
Canonicalized Handshake.
Lowering Handshake to HW...
Lowered Handshake to HW.
[PERF FAIL] Cycles increased: 1815 -> 3013
[TRIAL FAILED] Performance hurt. Reverting and recursing on 3 buffers.
Processed 6/12 until now
[TRY RESZIZE] buffer18 to 1
Running Handshake canonicalization...
Canonicalized Handshake.
Lowering Handshake to HW...
Lowered Handshake to HW.
[PERF OK] Cycles: 1816 (Baseline: 1815)
[OPTIMIZE] Success: Resized 1 buffers to 1: ['buffer18']
Processed 7/12 until now
[TRY RESZIZE] buffer20 to 1
[TRY RESZIZE] buffer26 to 1
[TRIAL FAILED] Performance hurt. Reverting and recursing on 2 buffers.
Processed 7/12 until now
[TRY RESZIZE] buffer20 to 1
Running Handshake canonicalization...
Canonicalized Handshake.
Lowering Handshake to HW...
Lowered Handshake to HW.
[PERF OK] Cycles: 1816 (Baseline: 1815)
[OPTIMIZE] Success: Resized 1 buffers to 1: ['buffer20']
Processed 8/12 until now
[TRY RESZIZE] buffer26 to 1
Processed 9/12 until now
[TRY RESZIZE] buffer30 to 1
[TRY RESZIZE] buffer32 to 1
[TRY RESZIZE] buffer38 to 1
Running Handshake canonicalization...
Canonicalized Handshake.
Lowering Handshake to HW...
Lowered Handshake to HW.
[PERF OK] Cycles: 1816 (Baseline: 1815)
[OPTIMIZE] Success: Resized 3 buffers to 1: ['buffer30', 'buffer32', 'buffer38']

Optimization complete. Successfully resized 6 buffers to 1

=== Applying Buffer Resize Optimization to size 2 ===
Processed 0/6 until now
[TRY RESZIZE] buffer7 to 2
[TRY RESZIZE] buffer8 to 2
[TRY RESZIZE] buffer12 to 2
[TRY RESZIZE] buffer14 to 2
[TRY RESZIZE] buffer15 to 2
[TRY RESZIZE] buffer26 to 2
Running Handshake canonicalization...
Canonicalized Handshake.
Lowering Handshake to HW...
Lowered Handshake to HW.
[PERF FAIL] Cycles increased: 1815 -> 2489
[TRIAL FAILED] Performance hurt. Reverting and recursing on 6 buffers.
Processed 0/6 until now
[TRY RESZIZE] buffer7 to 2
[TRY RESZIZE] buffer8 to 2
[TRY RESZIZE] buffer12 to 2
Running Handshake canonicalization...
Canonicalized Handshake.
Lowering Handshake to HW...
Lowered Handshake to HW.
[PERF FAIL] Cycles increased: 1815 -> 2489
[TRIAL FAILED] Performance hurt. Reverting and recursing on 3 buffers.
Processed 0/6 until now
[TRY RESZIZE] buffer7 to 2
Running Handshake canonicalization...
Canonicalized Handshake.
Lowering Handshake to HW...
Lowered Handshake to HW.
[PERF FAIL] Cycles increased: 1815 -> 2489
Processed 1/6 until now
[TRY RESZIZE] buffer8 to 2
[TRY RESZIZE] buffer12 to 2
Running Handshake canonicalization...
Canonicalized Handshake.
Lowering Handshake to HW...
Lowered Handshake to HW.
[PERF FAIL] Cycles increased: 1815 -> 2353
[TRIAL FAILED] Performance hurt. Reverting and recursing on 2 buffers.
Processed 1/6 until now
[TRY RESZIZE] buffer8 to 2
Running Handshake canonicalization...
Canonicalized Handshake.
Lowering Handshake to HW...
Lowered Handshake to HW.
[PERF FAIL] Cycles increased: 1815 -> 2353
Processed 2/6 until now
[TRY RESZIZE] buffer12 to 2
Running Handshake canonicalization...
Canonicalized Handshake.
Lowering Handshake to HW...
Lowered Handshake to HW.
[PERF FAIL] Cycles increased: 1815 -> 1995
Processed 3/6 until now
[TRY RESZIZE] buffer14 to 2
[TRY RESZIZE] buffer15 to 2
[TRY RESZIZE] buffer26 to 2
Running Handshake canonicalization...
Canonicalized Handshake.
Lowering Handshake to HW...
Lowered Handshake to HW.
[PERF FAIL] Cycles increased: 1815 -> 2487
[TRIAL FAILED] Performance hurt. Reverting and recursing on 3 buffers.
Processed 3/6 until now
[TRY RESZIZE] buffer14 to 2
Running Handshake canonicalization...
Canonicalized Handshake.
Lowering Handshake to HW...
Lowered Handshake to HW.
[PERF FAIL] Cycles increased: 1815 -> 2264
Processed 4/6 until now
[TRY RESZIZE] buffer15 to 2
[TRY RESZIZE] buffer26 to 2
Running Handshake canonicalization...
Canonicalized Handshake.
Lowering Handshake to HW...
Lowered Handshake to HW.
[PERF FAIL] Cycles increased: 1815 -> 2488
[TRIAL FAILED] Performance hurt. Reverting and recursing on 2 buffers.
Processed 4/6 until now
[TRY RESZIZE] buffer15 to 2
Running Handshake canonicalization...
Canonicalized Handshake.
Lowering Handshake to HW...
Lowered Handshake to HW.
[PERF FAIL] Cycles increased: 1815 -> 2488
Processed 5/6 until now
[TRY RESZIZE] buffer26 to 2
Running Handshake canonicalization...
Canonicalized Handshake.
Lowering Handshake to HW...
Lowered Handshake to HW.
[PERF FAIL] Cycles increased: 1815 -> 2264

Optimization complete. Successfully resized 0 buffers to 2

=== Applying Buffer Resize Optimization to size 3 ===
Processed 0/6 until now
[TRY RESZIZE] buffer7 to 3
[TRY RESZIZE] buffer8 to 3
[TRY RESZIZE] buffer12 to 3
[TRY RESZIZE] buffer14 to 3
[TRY RESZIZE] buffer15 to 3
[TRY RESZIZE] buffer26 to 3
Running Handshake canonicalization...
Canonicalized Handshake.
Lowering Handshake to HW...
Lowered Handshake to HW.
[PERF FAIL] Cycles increased: 1815 -> 1995
[TRIAL FAILED] Performance hurt. Reverting and recursing on 6 buffers.
Processed 0/6 until now
[TRY RESZIZE] buffer7 to 3
[TRY RESZIZE] buffer8 to 3
[TRY RESZIZE] buffer12 to 3
Running Handshake canonicalization...
Canonicalized Handshake.
Lowering Handshake to HW...
Lowered Handshake to HW.
[PERF FAIL] Cycles increased: 1815 -> 1995
[TRIAL FAILED] Performance hurt. Reverting and recursing on 3 buffers.
Processed 0/6 until now
[TRY RESZIZE] buffer7 to 3
Running Handshake canonicalization...
Canonicalized Handshake.
Lowering Handshake to HW...
Lowered Handshake to HW.
[PERF FAIL] Cycles increased: 1815 -> 1995
Processed 1/6 until now
[TRY RESZIZE] buffer8 to 3
[TRY RESZIZE] buffer12 to 3
Running Handshake canonicalization...
Canonicalized Handshake.
Lowering Handshake to HW...
Lowered Handshake to HW.
[PERF FAIL] Cycles increased: 1815 -> 2114
[TRIAL FAILED] Performance hurt. Reverting and recursing on 2 buffers.
Processed 1/6 until now
[TRY RESZIZE] buffer8 to 3
Running Handshake canonicalization...
Canonicalized Handshake.
Lowering Handshake to HW...
Lowered Handshake to HW.
[PERF FAIL] Cycles increased: 1815 -> 2114
Processed 2/6 until now
[TRY RESZIZE] buffer12 to 3
Running Handshake canonicalization...
Canonicalized Handshake.
Lowering Handshake to HW...
Lowered Handshake to HW.
[PERF FAIL] Cycles increased: 1815 -> 1965
Processed 3/6 until now
[TRY RESZIZE] buffer14 to 3
[TRY RESZIZE] buffer15 to 3
[TRY RESZIZE] buffer26 to 3
Running Handshake canonicalization...
Canonicalized Handshake.
Lowering Handshake to HW...
Lowered Handshake to HW.
[PERF FAIL] Cycles increased: 1815 -> 1995
[TRIAL FAILED] Performance hurt. Reverting and recursing on 3 buffers.
Processed 3/6 until now
[TRY RESZIZE] buffer14 to 3
Running Handshake canonicalization...
Canonicalized Handshake.
Lowering Handshake to HW...
Lowered Handshake to HW.
[PERF OK] Cycles: 1816 (Baseline: 1815)
[OPTIMIZE] Success: Resized 1 buffers to 3: ['buffer14']
Processed 4/6 until now
[TRY RESZIZE] buffer15 to 3
[TRY RESZIZE] buffer26 to 3
[TRIAL FAILED] Performance hurt. Reverting and recursing on 2 buffers.
Processed 4/6 until now
[TRY RESZIZE] buffer15 to 3
Running Handshake canonicalization...
Canonicalized Handshake.
Lowering Handshake to HW...
Lowered Handshake to HW.
[PERF FAIL] Cycles increased: 1815 -> 1995
Processed 5/6 until now
[TRY RESZIZE] buffer26 to 3
Running Handshake canonicalization...
Canonicalized Handshake.
Lowering Handshake to HW...
Lowered Handshake to HW.
[PERF OK] Cycles: 1816 (Baseline: 1815)
[OPTIMIZE] Success: Resized 1 buffers to 3: ['buffer26']

Optimization complete. Successfully resized 2 buffers to 3

=== Applying Buffer Resize Optimization to size 4 ===
Processed 0/4 until now
[TRY RESZIZE] buffer7 to 4
[TRY RESZIZE] buffer8 to 4
[TRY RESZIZE] buffer12 to 4
[TRY RESZIZE] buffer15 to 4
Running Handshake canonicalization...
Canonicalized Handshake.
Lowering Handshake to HW...
Lowered Handshake to HW.
[PERF OK] Cycles: 1816 (Baseline: 1815)
[OPTIMIZE] Success: Resized 4 buffers to 4: ['buffer7', 'buffer8', 'buffer12', 'buffer15']

Optimization complete. Successfully resized 4 buffers to 4

=== Applying Buffer Resize Optimization to size 5 ===

Optimization complete. Successfully resized 0 buffers to 5

=== Applying Buffer Resize Optimization to size 6 ===

Optimization complete. Successfully resized 0 buffers to 6

=== Applying Buffer Resize Optimization to size 7 ===

Optimization complete. Successfully resized 0 buffers to 7

=== Applying Buffer Resize Optimization to size 8 ===

Optimization complete. Successfully resized 0 buffers to 8

=== Applying Buffer Resize Optimization to size 9 ===

Optimization complete. Successfully resized 0 buffers to 9

=== Applying Buffer Resize Optimization to size 10 ===

Optimization complete. Successfully resized 0 buffers to 10

=== Applying Buffer Resize Optimization to size 11 ===

Optimization complete. Successfully resized 0 buffers to 11

=== Applying Buffer Resize Optimization to size 12 ===

Optimization complete. Successfully resized 0 buffers to 12

=== Applying Buffer Resize Optimization to size 13 ===

Optimization complete. Successfully resized 0 buffers to 13
Running Handshake canonicalization...
Canonicalized Handshake.
Lowering Handshake to HW...
Lowered Handshake to HW.

=== After buffering ===
BASELINE Cycles: 1816

===== Target CP tuning =====
[INFO] Exported RTL (vhdl)
[INFO] HDL generation succeeded
[INFO] Built kernel for IO gen.
[INFO] Ran kernel for IO gen.
[INFO] Launching Modelsim simulation
[INFO] Simulation succeeded
================================================================================
============== Dynamatic | Dynamic High-Level Synthesis Compiler ===============
======================== EPFL-LAP - v2.0.0 | March 2024 ========================
================================================================================


dynamatic> set-src skip/runs/run_2025-12-16_00-21-05/bicg-0/bicg.c
dynamatic> write-hdl
dynamatic> simulate
dynamatic> exit

Goodbye!
Baseline latency = 1816 cycles at 15 ns

--- Trying CP = 14.5 ns ---
Running Handshake canonicalization...
Canonicalized Handshake.
Lowering Handshake to HW...
Lowered Handshake to HW.
[INFO] Exported RTL (vhdl)
[INFO] HDL generation succeeded
[INFO] Built kernel for IO gen.
[INFO] Ran kernel for IO gen.
[INFO] Launching Modelsim simulation
[INFO] Simulation succeeded
================================================================================
============== Dynamatic | Dynamic High-Level Synthesis Compiler ===============
======================== EPFL-LAP - v2.0.0 | March 2024 ========================
================================================================================


dynamatic> set-src skip/runs/run_2025-12-16_00-21-05/bicg-0/bicg.c
dynamatic> write-hdl
dynamatic> simulate
dynamatic> exit

Goodbye!
→ Latency = 1995 cycles
Latency degraded, stopping search.

 Best CP: 15 ns (latency = 1816 cycles)
Starting from 15 ns

=== Testing target CP = 15 ns ===
Running Handshake canonicalization...
Canonicalized Handshake.
Lowering Handshake to HW...
Lowered Handshake to HW.
[INFO] Exported RTL (vhdl)
[INFO] HDL generation succeeded
[INFO] Built kernel for IO gen.
[INFO] Ran kernel for IO gen.
[INFO] Launching Modelsim simulation
[INFO] Simulation succeeded
================================================================================
============== Dynamatic | Dynamic High-Level Synthesis Compiler ===============
======================== EPFL-LAP - v2.0.0 | March 2024 ========================
================================================================================


dynamatic> set-src skip/runs/run_2025-12-16_00-21-05/bicg-0/bicg.c
dynamatic> write-hdl
dynamatic> simulate
dynamatic> exit

Goodbye!
[Iteration 0] Slack = 7.459

Slack >= 0 (7.459)

$$$ Target CP: 15 ns
$$$ Cycles: 1816
$$$ Real CP: 14.70 ns
$$$ Performance metric: 26695.20

=== Testing target CP = 14.5 ns ===
Running Handshake canonicalization...
Canonicalized Handshake.
Lowering Handshake to HW...
Lowered Handshake to HW.
[INFO] Exported RTL (vhdl)
[INFO] HDL generation succeeded
[INFO] Built kernel for IO gen.
[INFO] Ran kernel for IO gen.
[INFO] Launching Modelsim simulation
[INFO] Simulation succeeded
================================================================================
============== Dynamatic | Dynamic High-Level Synthesis Compiler ===============
======================== EPFL-LAP - v2.0.0 | March 2024 ========================
================================================================================


dynamatic> set-src skip/runs/run_2025-12-16_00-21-05/bicg-0/bicg.c
dynamatic> write-hdl
dynamatic> simulate
dynamatic> exit

Goodbye!
[Iteration 0] Slack = 8.165

Slack >= 0 (8.165)

$$$ Target CP: 14.5 ns
$$$ Cycles: 1995
$$$ Real CP: 14.20 ns
$$$ Performance metric: 28329.00

=== Testing target CP = 14.0 ns ===
Running Handshake canonicalization...
Canonicalized Handshake.
Lowering Handshake to HW...
Lowered Handshake to HW.
[INFO] Exported RTL (vhdl)
[INFO] HDL generation succeeded
[INFO] Built kernel for IO gen.
[INFO] Ran kernel for IO gen.
[INFO] Launching Modelsim simulation
[INFO] Simulation succeeded
================================================================================
============== Dynamatic | Dynamic High-Level Synthesis Compiler ===============
======================== EPFL-LAP - v2.0.0 | March 2024 ========================
================================================================================


dynamatic> set-src skip/runs/run_2025-12-16_00-21-05/bicg-0/bicg.c
dynamatic> write-hdl
dynamatic> simulate
dynamatic> exit

Goodbye!
[Iteration 0] Slack = 7.556

Slack >= 0 (7.556)

$$$ Target CP: 14.0 ns
$$$ Cycles: 1995
$$$ Real CP: 13.70 ns
$$$ Performance metric: 27331.50

=== Testing target CP = 13.5 ns ===
Running Handshake canonicalization...
Canonicalized Handshake.
Lowering Handshake to HW...
Lowered Handshake to HW.
[INFO] Exported RTL (vhdl)
[INFO] HDL generation succeeded
[INFO] Built kernel for IO gen.
[INFO] Ran kernel for IO gen.
[INFO] Launching Modelsim simulation
[INFO] Simulation succeeded
================================================================================
============== Dynamatic | Dynamic High-Level Synthesis Compiler ===============
======================== EPFL-LAP - v2.0.0 | March 2024 ========================
================================================================================


dynamatic> set-src skip/runs/run_2025-12-16_00-21-05/bicg-0/bicg.c
dynamatic> write-hdl
dynamatic> simulate
dynamatic> exit

Goodbye!
[Iteration 0] Slack = 6.576

Slack >= 0 (6.576)

$$$ Target CP: 13.5 ns
$$$ Cycles: 1816
$$$ Real CP: 13.20 ns
$$$ Performance metric: 23971.20

=== Testing target CP = 13.0 ns ===
Running Handshake canonicalization...
Canonicalized Handshake.
Lowering Handshake to HW...
Lowered Handshake to HW.
[INFO] Exported RTL (vhdl)
[INFO] HDL generation succeeded
[INFO] Built kernel for IO gen.
[INFO] Ran kernel for IO gen.
[INFO] Launching Modelsim simulation
[INFO] Simulation succeeded
================================================================================
============== Dynamatic | Dynamic High-Level Synthesis Compiler ===============
======================== EPFL-LAP - v2.0.0 | March 2024 ========================
================================================================================


dynamatic> set-src skip/runs/run_2025-12-16_00-21-05/bicg-0/bicg.c
dynamatic> write-hdl
dynamatic> simulate
dynamatic> exit

Goodbye!
[Iteration 0] Slack = 6.009

Slack >= 0 (6.009)

$$$ Target CP: 13.0 ns
$$$ Cycles: 1996
$$$ Real CP: 12.70 ns
$$$ Performance metric: 25349.20

=== Testing target CP = 12.5 ns ===
Running Handshake canonicalization...
Canonicalized Handshake.
Lowering Handshake to HW...
Lowered Handshake to HW.
[INFO] Exported RTL (vhdl)
[INFO] HDL generation succeeded
[INFO] Built kernel for IO gen.
[INFO] Ran kernel for IO gen.
[INFO] Launching Modelsim simulation
[INFO] Simulation succeeded
================================================================================
============== Dynamatic | Dynamic High-Level Synthesis Compiler ===============
======================== EPFL-LAP - v2.0.0 | March 2024 ========================
================================================================================


dynamatic> set-src skip/runs/run_2025-12-16_00-21-05/bicg-0/bicg.c
dynamatic> write-hdl
dynamatic> simulate
dynamatic> exit

Goodbye!
[Iteration 0] Slack = 5.419

Slack >= 0 (5.419)

$$$ Target CP: 12.5 ns
$$$ Cycles: 2176
$$$ Real CP: 12.20 ns
$$$ Performance metric: 26547.20

=== Testing target CP = 12.0 ns ===
Running Handshake canonicalization...
Canonicalized Handshake.
Lowering Handshake to HW...
Lowered Handshake to HW.
[INFO] Exported RTL (vhdl)
[INFO] HDL generation succeeded
[INFO] Built kernel for IO gen.
[INFO] Ran kernel for IO gen.
[INFO] Launching Modelsim simulation
[INFO] Simulation succeeded
================================================================================
============== Dynamatic | Dynamic High-Level Synthesis Compiler ===============
======================== EPFL-LAP - v2.0.0 | March 2024 ========================
================================================================================


dynamatic> set-src skip/runs/run_2025-12-16_00-21-05/bicg-0/bicg.c
dynamatic> write-hdl
dynamatic> simulate
dynamatic> exit

Goodbye!
[Iteration 0] Slack = 5.171

Slack >= 0 (5.171)

$$$ Target CP: 12.0 ns
$$$ Cycles: 2176
$$$ Real CP: 11.70 ns
$$$ Performance metric: 25459.20

=== Testing target CP = 11.5 ns ===
Running Handshake canonicalization...
Canonicalized Handshake.
Lowering Handshake to HW...
Lowered Handshake to HW.
[INFO] Exported RTL (vhdl)
[INFO] HDL generation succeeded
[INFO] Built kernel for IO gen.
[INFO] Ran kernel for IO gen.
[INFO] Launching Modelsim simulation
[INFO] Simulation succeeded
================================================================================
============== Dynamatic | Dynamic High-Level Synthesis Compiler ===============
======================== EPFL-LAP - v2.0.0 | March 2024 ========================
================================================================================


dynamatic> set-src skip/runs/run_2025-12-16_00-21-05/bicg-0/bicg.c
dynamatic> write-hdl
dynamatic> simulate
dynamatic> exit

Goodbye!
[Iteration 0] Slack = 4.754

Slack >= 0 (4.754)

$$$ Target CP: 11.5 ns
$$$ Cycles: 1816
$$$ Real CP: 11.20 ns
$$$ Performance metric: 20339.20

=== Testing target CP = 11.0 ns ===
Running Handshake canonicalization...
Canonicalized Handshake.
Lowering Handshake to HW...
Lowered Handshake to HW.
[INFO] Exported RTL (vhdl)
[INFO] HDL generation succeeded
[INFO] Built kernel for IO gen.
[INFO] Ran kernel for IO gen.
[INFO] Launching Modelsim simulation
[INFO] Simulation succeeded
================================================================================
============== Dynamatic | Dynamic High-Level Synthesis Compiler ===============
======================== EPFL-LAP - v2.0.0 | March 2024 ========================
================================================================================


dynamatic> set-src skip/runs/run_2025-12-16_00-21-05/bicg-0/bicg.c
dynamatic> write-hdl
dynamatic> simulate
dynamatic> exit

Goodbye!
[Iteration 0] Slack = 4.39

Slack >= 0 (4.39)

$$$ Target CP: 11.0 ns
$$$ Cycles: 2176
$$$ Real CP: 10.70 ns
$$$ Performance metric: 23283.20

=== Testing target CP = 10.5 ns ===
Running Handshake canonicalization...
Canonicalized Handshake.
Lowering Handshake to HW...
Lowered Handshake to HW.
[INFO] Exported RTL (vhdl)
[INFO] HDL generation succeeded
[INFO] Built kernel for IO gen.
[INFO] Ran kernel for IO gen.
[INFO] Launching Modelsim simulation
[INFO] Simulation succeeded
================================================================================
============== Dynamatic | Dynamic High-Level Synthesis Compiler ===============
======================== EPFL-LAP - v2.0.0 | March 2024 ========================
================================================================================


dynamatic> set-src skip/runs/run_2025-12-16_00-21-05/bicg-0/bicg.c
dynamatic> write-hdl
dynamatic> simulate
dynamatic> exit

Goodbye!
[Iteration 0] Slack = 3.902

Slack >= 0 (3.902)

$$$ Target CP: 10.5 ns
$$$ Cycles: 1996
$$$ Real CP: 10.20 ns
$$$ Performance metric: 20359.20

=== Testing target CP = 10.0 ns ===
Running Handshake canonicalization...
Canonicalized Handshake.
Lowering Handshake to HW...
Lowered Handshake to HW.
[INFO] Exported RTL (vhdl)
[INFO] HDL generation succeeded
[INFO] Built kernel for IO gen.
[INFO] Ran kernel for IO gen.
[INFO] Launching Modelsim simulation
[INFO] Simulation succeeded
================================================================================
============== Dynamatic | Dynamic High-Level Synthesis Compiler ===============
======================== EPFL-LAP - v2.0.0 | March 2024 ========================
================================================================================


dynamatic> set-src skip/runs/run_2025-12-16_00-21-05/bicg-0/bicg.c
dynamatic> write-hdl
dynamatic> simulate
dynamatic> exit

Goodbye!
[Iteration 0] Slack = 3.88

Slack >= 0 (3.88)

$$$ Target CP: 10.0 ns
$$$ Cycles: 1996
$$$ Real CP: 9.70 ns
$$$ Performance metric: 19361.20

=== Testing target CP = 9.5 ns ===
Running Handshake canonicalization...
Canonicalized Handshake.
Lowering Handshake to HW...
Lowered Handshake to HW.
[INFO] Exported RTL (vhdl)
[INFO] HDL generation succeeded
[INFO] Built kernel for IO gen.
[INFO] Ran kernel for IO gen.
[INFO] Launching Modelsim simulation
[INFO] Simulation succeeded
================================================================================
============== Dynamatic | Dynamic High-Level Synthesis Compiler ===============
======================== EPFL-LAP - v2.0.0 | March 2024 ========================
================================================================================


dynamatic> set-src skip/runs/run_2025-12-16_00-21-05/bicg-0/bicg.c
dynamatic> write-hdl
dynamatic> simulate
dynamatic> exit

Goodbye!
[Iteration 0] Slack = 3.504

Slack >= 0 (3.504)

$$$ Target CP: 9.5 ns
$$$ Cycles: 1996
$$$ Real CP: 9.20 ns
$$$ Performance metric: 18363.20

=== Testing target CP = 9.0 ns ===
Running Handshake canonicalization...
Canonicalized Handshake.
Lowering Handshake to HW...
Lowered Handshake to HW.
[INFO] Exported RTL (vhdl)
[INFO] HDL generation succeeded
[INFO] Built kernel for IO gen.
[INFO] Ran kernel for IO gen.
[INFO] Launching Modelsim simulation
[INFO] Simulation succeeded
================================================================================
============== Dynamatic | Dynamic High-Level Synthesis Compiler ===============
======================== EPFL-LAP - v2.0.0 | March 2024 ========================
================================================================================


dynamatic> set-src skip/runs/run_2025-12-16_00-21-05/bicg-0/bicg.c
dynamatic> write-hdl
dynamatic> simulate
dynamatic> exit

Goodbye!
[Iteration 0] Slack = 3.247

Slack >= 0 (3.247)

$$$ Target CP: 9.0 ns
$$$ Cycles: 2234
$$$ Real CP: 8.70 ns
$$$ Performance metric: 19435.80

=== Testing target CP = 8.5 ns ===
Running Handshake canonicalization...
Canonicalized Handshake.
Lowering Handshake to HW...
Lowered Handshake to HW.
[INFO] Exported RTL (vhdl)
[INFO] HDL generation succeeded
[INFO] Built kernel for IO gen.
[INFO] Ran kernel for IO gen.
[INFO] Launching Modelsim simulation
[INFO] Simulation succeeded
================================================================================
============== Dynamatic | Dynamic High-Level Synthesis Compiler ===============
======================== EPFL-LAP - v2.0.0 | March 2024 ========================
================================================================================


dynamatic> set-src skip/runs/run_2025-12-16_00-21-05/bicg-0/bicg.c
dynamatic> write-hdl
dynamatic> simulate
dynamatic> exit

Goodbye!
[Iteration 0] Slack = 2.466

Slack >= 0 (2.466)

$$$ Target CP: 8.5 ns
$$$ Cycles: 2040
$$$ Real CP: 8.20 ns
$$$ Performance metric: 16728.00

=== Testing target CP = 8.0 ns ===
Running Handshake canonicalization...
Canonicalized Handshake.
Lowering Handshake to HW...
Lowered Handshake to HW.
[INFO] Exported RTL (vhdl)
[INFO] HDL generation succeeded
[INFO] Built kernel for IO gen.
[INFO] Ran kernel for IO gen.
[INFO] Launching Modelsim simulation
[INFO] Simulation succeeded
================================================================================
============== Dynamatic | Dynamic High-Level Synthesis Compiler ===============
======================== EPFL-LAP - v2.0.0 | March 2024 ========================
================================================================================


dynamatic> set-src skip/runs/run_2025-12-16_00-21-05/bicg-0/bicg.c
dynamatic> write-hdl
dynamatic> simulate
dynamatic> exit

Goodbye!
[Iteration 0] Slack = 2.323

Slack >= 0 (2.323)

$$$ Target CP: 8.0 ns
$$$ Cycles: 2235
$$$ Real CP: 7.70 ns
$$$ Performance metric: 17209.50

=== Testing target CP = 7.5 ns ===
Running Handshake canonicalization...
Canonicalized Handshake.
Lowering Handshake to HW...
Lowered Handshake to HW.
[INFO] Exported RTL (vhdl)
[INFO] HDL generation succeeded
[INFO] Built kernel for IO gen.
[INFO] Ran kernel for IO gen.
[INFO] Launching Modelsim simulation
[INFO] Simulation succeeded
================================================================================
============== Dynamatic | Dynamic High-Level Synthesis Compiler ===============
======================== EPFL-LAP - v2.0.0 | March 2024 ========================
================================================================================


dynamatic> set-src skip/runs/run_2025-12-16_00-21-05/bicg-0/bicg.c
dynamatic> write-hdl
dynamatic> simulate
dynamatic> exit

Goodbye!
[Iteration 0] Slack = 1.463

Slack >= 0 (1.463)

$$$ Target CP: 7.5 ns
$$$ Cycles: 2175
$$$ Real CP: 7.20 ns
$$$ Performance metric: 15660.00

=== Testing target CP = 7.0 ns ===
Running Handshake canonicalization...
Canonicalized Handshake.
Lowering Handshake to HW...
Lowered Handshake to HW.
[INFO] Exported RTL (vhdl)
[INFO] HDL generation succeeded
[INFO] Built kernel for IO gen.
[INFO] Ran kernel for IO gen.
[INFO] Launching Modelsim simulation
[INFO] Simulation succeeded
================================================================================
============== Dynamatic | Dynamic High-Level Synthesis Compiler ===============
======================== EPFL-LAP - v2.0.0 | March 2024 ========================
================================================================================


dynamatic> set-src skip/runs/run_2025-12-16_00-21-05/bicg-0/bicg.c
dynamatic> write-hdl
dynamatic> simulate
dynamatic> exit

Goodbye!
[Iteration 0] Slack = 1.294

Slack >= 0 (1.294)

$$$ Target CP: 7.0 ns
$$$ Cycles: 2234
$$$ Real CP: 6.70 ns
$$$ Performance metric: 14967.80

=== Testing target CP = 6.5 ns ===
Running Handshake canonicalization...
Canonicalized Handshake.
Lowering Handshake to HW...
Lowered Handshake to HW.
[INFO] Exported RTL (vhdl)
[INFO] HDL generation succeeded
[INFO] Built kernel for IO gen.
[INFO] Ran kernel for IO gen.
[INFO] Launching Modelsim simulation
[INFO] Simulation succeeded
================================================================================
============== Dynamatic | Dynamic High-Level Synthesis Compiler ===============
======================== EPFL-LAP - v2.0.0 | March 2024 ========================
================================================================================


dynamatic> set-src skip/runs/run_2025-12-16_00-21-05/bicg-0/bicg.c
dynamatic> write-hdl
dynamatic> simulate
dynamatic> exit

Goodbye!
[Iteration 0] Slack = 0.746

Slack >= 0 (0.746)

$$$ Target CP: 6.5 ns
$$$ Cycles: 1845
$$$ Real CP: 6.20 ns
$$$ Performance metric: 11439.00

=== Testing target CP = 6.0 ns ===
Running Handshake canonicalization...
Canonicalized Handshake.
Lowering Handshake to HW...
Lowered Handshake to HW.
[INFO] Exported RTL (vhdl)
[INFO] HDL generation succeeded
[INFO] Built kernel for IO gen.
[INFO] Ran kernel for IO gen.
[INFO] Launching Modelsim simulation
[INFO] Simulation succeeded
================================================================================
============== Dynamatic | Dynamic High-Level Synthesis Compiler ===============
======================== EPFL-LAP - v2.0.0 | March 2024 ========================
================================================================================


dynamatic> set-src skip/runs/run_2025-12-16_00-21-05/bicg-0/bicg.c
dynamatic> write-hdl
dynamatic> simulate
dynamatic> exit

Goodbye!
[Iteration 0] Slack = 0.834

Slack >= 0 (0.834)

$$$ Target CP: 6.0 ns
$$$ Cycles: 2234
$$$ Real CP: 5.70 ns
$$$ Performance metric: 12733.80

=== Testing target CP = 5.5 ns ===
Running Handshake canonicalization...
Canonicalized Handshake.
Lowering Handshake to HW...
Lowered Handshake to HW.
[INFO] Exported RTL (vhdl)
[INFO] HDL generation succeeded
[INFO] Built kernel for IO gen.
[INFO] Ran kernel for IO gen.
[INFO] Launching Modelsim simulation
[INFO] Simulation succeeded
================================================================================
============== Dynamatic | Dynamic High-Level Synthesis Compiler ===============
======================== EPFL-LAP - v2.0.0 | March 2024 ========================
================================================================================


dynamatic> set-src skip/runs/run_2025-12-16_00-21-05/bicg-0/bicg.c
dynamatic> write-hdl
dynamatic> simulate
dynamatic> exit

Goodbye!
[Iteration 0] Slack = 0.64

Slack >= 0 (0.64)

$$$ Target CP: 5.5 ns
$$$ Cycles: 2041
$$$ Real CP: 5.20 ns
$$$ Performance metric: 10613.20

=== Testing target CP = 5.0 ns ===
Running Handshake canonicalization...
Canonicalized Handshake.
Lowering Handshake to HW...
Lowered Handshake to HW.
[INFO] Exported RTL (vhdl)
[INFO] HDL generation succeeded
[INFO] Built kernel for IO gen.
[INFO] Ran kernel for IO gen.
[INFO] Launching Modelsim simulation
[INFO] Simulation succeeded
================================================================================
============== Dynamatic | Dynamic High-Level Synthesis Compiler ===============
======================== EPFL-LAP - v2.0.0 | March 2024 ========================
================================================================================


dynamatic> set-src skip/runs/run_2025-12-16_00-21-05/bicg-0/bicg.c
dynamatic> write-hdl
dynamatic> simulate
dynamatic> exit

Goodbye!
[Iteration 0] Slack = 0.697

Slack >= 0 (0.697)

$$$ Target CP: 5.0 ns
$$$ Cycles: 2024
$$$ Real CP: 4.70 ns
$$$ Performance metric: 9512.80

=== Testing target CP = 4.5 ns ===
Running Handshake canonicalization...
Canonicalized Handshake.
Lowering Handshake to HW...
Lowered Handshake to HW.
[INFO] Exported RTL (vhdl)
[INFO] HDL generation succeeded
[INFO] Built kernel for IO gen.
[INFO] Ran kernel for IO gen.
[INFO] Launching Modelsim simulation
[INFO] Simulation succeeded
================================================================================
============== Dynamatic | Dynamic High-Level Synthesis Compiler ===============
======================== EPFL-LAP - v2.0.0 | March 2024 ========================
================================================================================


dynamatic> set-src skip/runs/run_2025-12-16_00-21-05/bicg-0/bicg.c
dynamatic> write-hdl
dynamatic> simulate
dynamatic> exit

Goodbye!
[Iteration 0] Slack = 0.26

Slack >= 0 (0.26)

$$$ Target CP: 4.5 ns
$$$ Cycles: 2715
$$$ Real CP: 4.20 ns
$$$ Performance metric: 11403.00

=== Testing target CP = 4.0 ns ===
Running Handshake canonicalization...
Canonicalized Handshake.
Lowering Handshake to HW...
Lowered Handshake to HW.
[INFO] Exported RTL (vhdl)
[INFO] HDL generation succeeded
[INFO] Built kernel for IO gen.
[INFO] Ran kernel for IO gen.
[INFO] Launching Modelsim simulation
[INFO] Simulation succeeded
================================================================================
============== Dynamatic | Dynamic High-Level Synthesis Compiler ===============
======================== EPFL-LAP - v2.0.0 | March 2024 ========================
================================================================================


dynamatic> set-src skip/runs/run_2025-12-16_00-21-05/bicg-0/bicg.c
dynamatic> write-hdl
dynamatic> simulate
dynamatic> exit

Goodbye!
[Iteration 0] Slack = 0.123

Slack >= 0 (0.123)

$$$ Target CP: 4.0 ns
$$$ Cycles: 2024
$$$ Real CP: 3.70 ns
$$$ Performance metric: 7488.80

=== Testing target CP = 3.5 ns ===
Running Handshake canonicalization...
Canonicalized Handshake.
Lowering Handshake to HW...
Lowered Handshake to HW.
[INFO] Exported RTL (vhdl)
[INFO] HDL generation succeeded
[INFO] Built kernel for IO gen.
[INFO] Ran kernel for IO gen.
[INFO] Launching Modelsim simulation
[INFO] Simulation succeeded
================================================================================
============== Dynamatic | Dynamic High-Level Synthesis Compiler ===============
======================== EPFL-LAP - v2.0.0 | March 2024 ========================
================================================================================


dynamatic> set-src skip/runs/run_2025-12-16_00-21-05/bicg-0/bicg.c
dynamatic> write-hdl
dynamatic> simulate
dynamatic> exit

Goodbye!
[Iteration 0] Slack = 0.104

Slack >= 0 (0.104)

$$$ Target CP: 3.5 ns
$$$ Cycles: 2715
$$$ Real CP: 3.20 ns
$$$ Performance metric: 8688.00

=== Testing target CP = 3.0 ns ===
Running Handshake canonicalization...
Canonicalized Handshake.
Lowering Handshake to HW...
Lowered Handshake to HW.
[INFO] Exported RTL (vhdl)
[INFO] HDL generation succeeded
[INFO] Built kernel for IO gen.
[INFO] Ran kernel for IO gen.
[INFO] Launching Modelsim simulation
[INFO] Simulation succeeded
================================================================================
============== Dynamatic | Dynamic High-Level Synthesis Compiler ===============
======================== EPFL-LAP - v2.0.0 | March 2024 ========================
================================================================================


dynamatic> set-src skip/runs/run_2025-12-16_00-21-05/bicg-0/bicg.c
dynamatic> write-hdl
dynamatic> simulate
dynamatic> exit

Goodbye!
[Iteration 0] Slack = -0.493

Slack < 0 (-0.493), increasing CP to 3.19 and retrying.

[Iteration 1] Slack = -0.067

Slack < 0 (-0.067), increasing CP to 3.26 and retrying.

[Iteration 2] Slack = 0.036

Slack >= 0 (0.036)

$$$ Target CP: 3.0 ns
$$$ Cycles: 2714
$$$ Real CP: 3.26 ns
$$$ Performance metric: 8847.64

===  Best Configuration Found ===
Target CP : 4.00 ns
Real   CP : 3.70 ns
Cycles    : 2024
Performance metric : 7488.80
