INFO: [Timing 38-91] UpdateTimingParams: Speed grade: -3, Delay Type: max.
INFO: [Timing 38-191] Multithreading enabled for timing update using a maximum of 8 CPUs
INFO: [Timing 38-35] Done setting XDC timing constraints.
WARNING: [Timing 38-242] The property HD.CLK_SRC of clock port "clk" is not set. In out-of-context mode, this prevents timing estimation for clock delay/skew
Resolution: Set the HD.CLK_SRC property of the out-of-context port to the location of the clock buffer instance in the top-level design
INFO: [Timing 38-78] ReportTimingParams: -max_paths 1 -nworst 1 -delay_type max -sort_by slack.
Copyright 1986-2022 Xilinx, Inc. All Rights Reserved. Copyright 2022-2024 Advanced Micro Devices, Inc. All Rights Reserved.
---------------------------------------------------------------------------------------------------------------------------------------------
| Tool Version : Vivado v.2024.2 (lin64) Build 5239630 Fri Nov 08 22:34:34 MST 2024
| Date         : Wed Dec 17 02:30:53 2025
| Host         : lap-inf133 running 64-bit Ubuntu 24.04.3 LTS
| Command      : report_timing
| Design       : mvt_float
| Device       : 7k160t-fbg484
| Speed File   : -3  PRODUCTION 1.12 2017-02-17
| Design State : Synthesized
---------------------------------------------------------------------------------------------------------------------------------------------

Timing Report

Slack (VIOLATED) :        -1.240ns  (required time - arrival time)
  Source:                 buffer34/outs_reg[6]_inv/C
                            (rising edge-triggered cell FDSE clocked by clk  {rise@0.000ns fall@2.755ns period=5.510ns})
  Destination:            addf1/operator/expDiff_c1_reg[5]/D
                            (rising edge-triggered cell FDRE clocked by clk  {rise@0.000ns fall@2.755ns period=5.510ns})
  Path Group:             clk
  Path Type:              Setup (Max at Slow Process Corner)
  Requirement:            5.510ns  (clk rise@5.510ns - clk rise@0.000ns)
  Data Path Delay:        6.765ns  (logic 1.672ns (24.715%)  route 5.093ns (75.285%))
  Logic Levels:           13  (CARRY4=5 LUT2=1 LUT5=3 LUT6=4)
  Clock Path Skew:        -0.025ns (DCD - SCD + CPR)
    Destination Clock Delay (DCD):    0.483ns = ( 5.993 - 5.510 ) 
    Source Clock Delay      (SCD):    0.508ns
    Clock Pessimism Removal (CPR):    0.000ns
  Clock Uncertainty:      0.035ns  ((TSJ^2 + TIJ^2)^1/2 + DJ) / 2 + PE
    Total System Jitter     (TSJ):    0.071ns
    Total Input Jitter      (TIJ):    0.000ns
    Discrete Jitter          (DJ):    0.000ns
    Phase Error              (PE):    0.000ns

    Location             Delay type                Incr(ns)  Path(ns)    Netlist Resource(s)
  -------------------------------------------------------------------    -------------------
                         (clock clk rise edge)        0.000     0.000 r  
                                                      0.000     0.000 r  clk (IN)
                         net (fo=2306, unset)         0.508     0.508    buffer34/clk
                         FDSE                                         r  buffer34/outs_reg[6]_inv/C
  -------------------------------------------------------------------    -------------------
                         FDSE (Prop_fdse_C_Q)         0.226     0.734 r  buffer34/outs_reg[6]_inv/Q
                         net (fo=1, unplaced)         0.627     1.361    cmpi3/buffer34_outs[3]
                         CARRY4 (Prop_carry4_S[3]_CO[3])
                                                      0.292     1.653 r  cmpi3/memEnd_valid_reg_i_3/CO[3]
                         net (fo=12, unplaced)        0.399     2.052    control_merge3/tehb/control/result[0]
                         LUT5 (Prop_lut5_I2_O)        0.043     2.095 f  control_merge3/tehb/control/y2_loadEn_INST_0_i_5/O
                         net (fo=12, unplaced)        0.292     2.387    control_merge4/fork_valid/generateBlocks[1].regblock/transmitValue_reg_6
                         LUT6 (Prop_lut6_I4_O)        0.043     2.430 r  control_merge4/fork_valid/generateBlocks[1].regblock/Tail[1]_i_2/O
                         net (fo=10, unplaced)        0.287     2.717    buffer47/fifo/fork23_outs_2_valid
                         LUT5 (Prop_lut5_I2_O)        0.043     2.760 r  buffer47/fifo/Compressor_23_3_Freq300_testDifferentiator_uid156_bh7_uid317_Out0_copy318_c1[2]_i_2__0/O
                         net (fo=64, unplaced)        0.332     3.092    buffer25/control/p_2_in
                         LUT6 (Prop_lut6_I2_O)        0.043     3.135 f  buffer25/control/newY_c1[22]_i_2__0/O
                         net (fo=9, unplaced)         0.746     3.881    buffer25/control/buffer25_outs[21]
                         LUT5 (Prop_lut5_I0_O)        0.043     3.924 r  buffer25/control/sXsYExnXY_c1[2]_i_11__0/O
                         net (fo=1, unplaced)         0.705     4.629    buffer25/control/sXsYExnXY_c1[2]_i_11__0_n_0
                         LUT6 (Prop_lut6_I1_O)        0.043     4.672 f  buffer25/control/sXsYExnXY_c1[2]_i_3__0/O
                         net (fo=4, unplaced)         0.729     5.401    mulf1/operator/RoundingAdder/exnR[0]
                         LUT6 (Prop_lut6_I5_O)        0.043     5.444 r  mulf1/operator/RoundingAdder/ltOp_carry__2_i_1__0/O
                         net (fo=1, unplaced)         0.248     5.692    addf1/operator/ltOp_carry__3_0[3]
                         CARRY4 (Prop_carry4_DI[3]_CO[3])
                                                      0.187     5.879 r  addf1/operator/ltOp_carry__2/CO[3]
                         net (fo=1, unplaced)         0.000     5.879    addf1/operator/ltOp_carry__2_n_0
                         CARRY4 (Prop_carry4_CI_CO[0])
                                                      0.135     6.014 r  addf1/operator/ltOp_carry__3/CO[0]
                         net (fo=67, unplaced)        0.262     6.276    buffer25/control/CO[0]
                         LUT2 (Prop_lut2_I0_O)        0.127     6.403 r  buffer25/control/i__carry_i_3__0/O
                         net (fo=1, unplaced)         0.459     6.862    addf1/operator/expDiff_c1_reg[3]_0[1]
                         CARRY4 (Prop_carry4_DI[1]_CO[3])
                                                      0.245     7.107 r  addf1/operator/_inferred__1/i__carry/CO[3]
                         net (fo=1, unplaced)         0.007     7.114    addf1/operator/_inferred__1/i__carry_n_0
                         CARRY4 (Prop_carry4_CI_O[1])
                                                      0.159     7.273 r  addf1/operator/_inferred__1/i__carry__0/O[1]
                         net (fo=1, unplaced)         0.000     7.273    addf1/operator/expDiff_c0[5]
                         FDRE                                         r  addf1/operator/expDiff_c1_reg[5]/D
  -------------------------------------------------------------------    -------------------

                         (clock clk rise edge)        5.510     5.510 r  
                                                      0.000     5.510 r  clk (IN)
                         net (fo=2306, unset)         0.483     5.993    addf1/operator/clk
                         FDRE                                         r  addf1/operator/expDiff_c1_reg[5]/C
                         clock pessimism              0.000     5.993    
                         clock uncertainty           -0.035     5.957    
                         FDRE (Setup_fdre_C_D)        0.076     6.033    addf1/operator/expDiff_c1_reg[5]
  -------------------------------------------------------------------
                         required time                          6.033    
                         arrival time                          -7.273    
  -------------------------------------------------------------------
                         slack                                 -1.240    




