INFO: [Timing 38-91] UpdateTimingParams: Speed grade: -3, Delay Type: max.
INFO: [Timing 38-191] Multithreading enabled for timing update using a maximum of 8 CPUs
INFO: [Timing 38-35] Done setting XDC timing constraints.
WARNING: [Timing 38-242] The property HD.CLK_SRC of clock port "clk" is not set. In out-of-context mode, this prevents timing estimation for clock delay/skew
Resolution: Set the HD.CLK_SRC property of the out-of-context port to the location of the clock buffer instance in the top-level design
INFO: [Timing 38-78] ReportTimingParams: -max_paths 1 -nworst 1 -delay_type max -sort_by slack.
Copyright 1986-2022 Xilinx, Inc. All Rights Reserved. Copyright 2022-2024 Advanced Micro Devices, Inc. All Rights Reserved.
---------------------------------------------------------------------------------------------------------------------------------------------
| Tool Version : Vivado v.2024.2 (lin64) Build 5239630 Fri Nov 08 22:34:34 MST 2024
| Date         : Tue Dec 16 00:34:20 2025
| Host         : lap-inf133 running 64-bit Ubuntu 24.04.3 LTS
| Command      : report_timing
| Design       : matrix_power
| Device       : 7k160t-fbg484
| Speed File   : -3  PRODUCTION 1.12 2017-02-17
| Design State : Synthesized
---------------------------------------------------------------------------------------------------------------------------------------------

Timing Report

Slack (MET) :             1.977ns  (required time - arrival time)
  Source:                 buffer13/outs_reg[6]_inv/C
                            (rising edge-triggered cell FDSE clocked by clk  {rise@0.000ns fall@3.100ns period=6.200ns})
  Destination:            buffer13/outs_reg[0]/CE
                            (rising edge-triggered cell FDRE clocked by clk  {rise@0.000ns fall@3.100ns period=6.200ns})
  Path Group:             clk
  Path Type:              Setup (Max at Slow Process Corner)
  Requirement:            6.200ns  (clk rise@6.200ns - clk rise@0.000ns)
  Data Path Delay:        3.970ns  (logic 0.820ns (20.655%)  route 3.150ns (79.345%))
  Logic Levels:           7  (CARRY4=1 LUT6=6)
  Clock Path Skew:        -0.025ns (DCD - SCD + CPR)
    Destination Clock Delay (DCD):    0.483ns = ( 6.683 - 6.200 ) 
    Source Clock Delay      (SCD):    0.508ns
    Clock Pessimism Removal (CPR):    0.000ns
  Clock Uncertainty:      0.035ns  ((TSJ^2 + TIJ^2)^1/2 + DJ) / 2 + PE
    Total System Jitter     (TSJ):    0.071ns
    Total Input Jitter      (TIJ):    0.000ns
    Discrete Jitter          (DJ):    0.000ns
    Phase Error              (PE):    0.000ns

    Location             Delay type                Incr(ns)  Path(ns)    Netlist Resource(s)
  -------------------------------------------------------------------    -------------------
                         (clock clk rise edge)        0.000     0.000 r  
                                                      0.000     0.000 r  clk (IN)
                         net (fo=515, unset)          0.508     0.508    buffer13/clk
                         FDSE                                         r  buffer13/outs_reg[6]_inv/C
  -------------------------------------------------------------------    -------------------
                         FDSE (Prop_fdse_C_Q)         0.226     0.734 r  buffer13/outs_reg[6]_inv/Q
                         net (fo=1, unplaced)         0.621     1.355    cmpi0/S[2]
                         CARRY4 (Prop_carry4_S[2]_CO[2])
                                                      0.257     1.612 r  cmpi0/result0_carry/CO[2]
                         net (fo=44, unplaced)        0.323     1.935    buffer14/control/outputValid_reg_6[0]
                         LUT6 (Prop_lut6_I3_O)        0.122     2.057 r  buffer14/control/transmitValue_i_3__3/O
                         net (fo=3, unplaced)         0.723     2.780    buffer14/control/transmitValue_reg_2
                         LUT6 (Prop_lut6_I1_O)        0.043     2.823 f  buffer14/control/transmitValue_i_7/O
                         net (fo=2, unplaced)         0.388     3.211    buffer14/control/transmitValue_i_7_n_0
                         LUT6 (Prop_lut6_I1_O)        0.043     3.254 f  buffer14/control/transmitValue_i_2__5/O
                         net (fo=8, unplaced)         0.260     3.514    buffer14/control/outputValid_reg_3
                         LUT6 (Prop_lut6_I2_O)        0.043     3.557 r  buffer14/control/transmitValue_i_7__0/O
                         net (fo=3, unplaced)         0.262     3.819    fork16/control/generateBlocks[4].regblock/transmitValue_reg_10
                         LUT6 (Prop_lut6_I5_O)        0.043     3.862 r  fork16/control/generateBlocks[4].regblock/transmitValue_i_3/O
                         net (fo=12, unplaced)        0.292     4.154    fork15/control/generateBlocks[1].regblock/outputValid_reg_0
                         LUT6 (Prop_lut6_I0_O)        0.043     4.197 r  fork15/control/generateBlocks[1].regblock/outs[5]_i_1/O
                         net (fo=7, unplaced)         0.281     4.478    buffer13/outs_reg[5]_2[0]
                         FDRE                                         r  buffer13/outs_reg[0]/CE
  -------------------------------------------------------------------    -------------------

                         (clock clk rise edge)        6.200     6.200 r  
                                                      0.000     6.200 r  clk (IN)
                         net (fo=515, unset)          0.483     6.683    buffer13/clk
                         FDRE                                         r  buffer13/outs_reg[0]/C
                         clock pessimism              0.000     6.683    
                         clock uncertainty           -0.035     6.647    
                         FDRE (Setup_fdre_C_CE)      -0.192     6.455    buffer13/outs_reg[0]
  -------------------------------------------------------------------
                         required time                          6.455    
                         arrival time                          -4.478    
  -------------------------------------------------------------------
                         slack                                  1.977    




