INFO: [Timing 38-91] UpdateTimingParams: Speed grade: -3, Delay Type: max.
INFO: [Timing 38-191] Multithreading enabled for timing update using a maximum of 8 CPUs
INFO: [Timing 38-35] Done setting XDC timing constraints.
WARNING: [Timing 38-242] The property HD.CLK_SRC of clock port "clk" is not set. In out-of-context mode, this prevents timing estimation for clock delay/skew
Resolution: Set the HD.CLK_SRC property of the out-of-context port to the location of the clock buffer instance in the top-level design
INFO: [Timing 38-78] ReportTimingParams: -max_paths 1 -nworst 1 -delay_type max -sort_by slack.
Copyright 1986-2022 Xilinx, Inc. All Rights Reserved. Copyright 2022-2024 Advanced Micro Devices, Inc. All Rights Reserved.
---------------------------------------------------------------------------------------------------------------------------------------------
| Tool Version : Vivado v.2024.2 (lin64) Build 5239630 Fri Nov 08 22:34:34 MST 2024
| Date         : Tue Dec 16 06:01:55 2025
| Host         : lap-inf133 running 64-bit Ubuntu 24.04.3 LTS
| Command      : report_timing
| Design       : atax
| Device       : 7k160t-fbg484
| Speed File   : -3  PRODUCTION 1.12 2017-02-17
| Design State : Synthesized
---------------------------------------------------------------------------------------------------------------------------------------------

Timing Report

Slack (MET) :             0.366ns  (required time - arrival time)
  Source:                 buffer21/dataReg_reg[3]/C
                            (rising edge-triggered cell FDRE clocked by clk  {rise@0.000ns fall@5.600ns period=11.200ns})
  Destination:            addf0/operator/RightShifterComponent/level4_c1_reg[10]/R
                            (rising edge-triggered cell FDRE clocked by clk  {rise@0.000ns fall@5.600ns period=11.200ns})
  Path Group:             clk
  Path Type:              Setup (Max at Slow Process Corner)
  Requirement:            11.200ns  (clk rise@11.200ns - clk rise@0.000ns)
  Data Path Delay:        10.479ns  (logic 2.200ns (20.994%)  route 8.279ns (79.006%))
  Logic Levels:           22  (CARRY4=4 LUT2=5 LUT3=4 LUT5=1 LUT6=8)
  Clock Path Skew:        -0.025ns (DCD - SCD + CPR)
    Destination Clock Delay (DCD):    0.483ns = ( 11.683 - 11.200 ) 
    Source Clock Delay      (SCD):    0.508ns
    Clock Pessimism Removal (CPR):    0.000ns
  Clock Uncertainty:      0.035ns  ((TSJ^2 + TIJ^2)^1/2 + DJ) / 2 + PE
    Total System Jitter     (TSJ):    0.071ns
    Total Input Jitter      (TIJ):    0.000ns
    Discrete Jitter          (DJ):    0.000ns
    Phase Error              (PE):    0.000ns

    Location             Delay type                Incr(ns)  Path(ns)    Netlist Resource(s)
  -------------------------------------------------------------------    -------------------
                         (clock clk rise edge)        0.000     0.000 r  
                                                      0.000     0.000 r  clk (IN)
                         net (fo=2871, unset)         0.508     0.508    buffer21/clk
                         FDRE                                         r  buffer21/dataReg_reg[3]/C
  -------------------------------------------------------------------    -------------------
                         FDRE (Prop_fdre_C_Q)         0.226     0.734 r  buffer21/dataReg_reg[3]/Q
                         net (fo=4, unplaced)         0.412     1.146    buffer21/control/Memory_reg[8][6][3]
                         LUT3 (Prop_lut3_I0_O)        0.119     1.265 r  buffer21/control/Memory[0][3]_i_1__3/O
                         net (fo=33, unplaced)        0.777     2.042    buffer21/control/dataReg_reg[3]
                         LUT6 (Prop_lut6_I1_O)        0.043     2.085 r  buffer21/control/result0_i_1__0/O
                         net (fo=1, unplaced)         0.459     2.544    cmpi2/DI[1]
                         CARRY4 (Prop_carry4_DI[1]_CO[2])
                                                      0.272     2.816 r  cmpi2/result0/CO[2]
                         net (fo=34, unplaced)        0.295     3.111    fork0/generateBlocks[7].regblock/transmitValue_reg_2[0]
                         LUT6 (Prop_lut6_I5_O)        0.122     3.233 r  fork0/generateBlocks[7].regblock/fullReg_i_2__9/O
                         net (fo=4, unplaced)         0.268     3.501    control_merge0/tehb/control/fullReg_reg_5
                         LUT3 (Prop_lut3_I1_O)        0.047     3.548 f  control_merge0/tehb/control/transmitValue_i_2__79/O
                         net (fo=9, unplaced)         0.285     3.833    control_merge0/tehb/control/fullReg_reg_1
                         LUT2 (Prop_lut2_I0_O)        0.043     3.876 f  control_merge0/tehb/control/fullReg_i_4__0/O
                         net (fo=2, unplaced)         0.255     4.131    control_merge0/tehb/control/fullReg_i_4__0_n_0
                         LUT6 (Prop_lut6_I0_O)        0.043     4.174 r  control_merge0/tehb/control/fullReg_i_2__8/O
                         net (fo=4, unplaced)         0.268     4.442    control_merge1/tehb/control/transmitValue_reg_17
                         LUT3 (Prop_lut3_I1_O)        0.047     4.489 f  control_merge1/tehb/control/transmitValue_i_2__82/O
                         net (fo=13, unplaced)        0.294     4.783    fork14/control/generateBlocks[2].regblock/dataReg_reg[23]
                         LUT2 (Prop_lut2_I1_O)        0.043     4.826 r  fork14/control/generateBlocks[2].regblock/dataReg[28]_i_4/O
                         net (fo=7, unplaced)         0.279     5.105    control_merge1/tehb/control/fork14_outs_2_valid
                         LUT6 (Prop_lut6_I1_O)        0.043     5.148 r  control_merge1/tehb/control/Compressor_23_3_Freq300_testDifferentiator_uid156_bh7_uid317_Out0_copy318_c1[2]_i_2/O
                         net (fo=65, unplaced)        0.333     5.481    control_merge1/tehb/control/outputValid_reg
                         LUT6 (Prop_lut6_I2_O)        0.043     5.524 r  control_merge1/tehb/control/level4_c1[24]_i_3/O
                         net (fo=7, unplaced)         0.740     6.264    control_merge1/tehb/control/buffer11_outs[21]
                         LUT5 (Prop_lut5_I0_O)        0.043     6.307 f  control_merge1/tehb/control/ltOp_carry__2_i_25/O
                         net (fo=1, unplaced)         0.705     7.012    control_merge1/tehb/control/ltOp_carry__2_i_25_n_0
                         LUT6 (Prop_lut6_I1_O)        0.043     7.055 r  control_merge1/tehb/control/ltOp_carry__2_i_11/O
                         net (fo=9, unplaced)         0.263     7.318    control_merge1/tehb/control/X[10]
                         LUT2 (Prop_lut2_I0_O)        0.043     7.361 r  control_merge1/tehb/control/ltOp_carry__2_i_23/O
                         net (fo=1, unplaced)         0.244     7.605    mulf0/operator/RoundingAdder/ltOp_carry__2
                         LUT6 (Prop_lut6_I5_O)        0.043     7.648 r  mulf0/operator/RoundingAdder/ltOp_carry__2_i_5/O
                         net (fo=1, unplaced)         0.000     7.648    addf0/operator/ltOp_carry__3_1[3]
                         CARRY4 (Prop_carry4_S[3]_CO[3])
                                                      0.173     7.821 r  addf0/operator/ltOp_carry__2/CO[3]
                         net (fo=1, unplaced)         0.000     7.821    addf0/operator/ltOp_carry__2_n_0
                         CARRY4 (Prop_carry4_CI_CO[0])
                                                      0.135     7.956 r  addf0/operator/ltOp_carry__3/CO[0]
                         net (fo=96, unplaced)        0.271     8.227    addf0/operator/CO[0]
                         LUT2 (Prop_lut2_I0_O)        0.127     8.354 r  addf0/operator/i__carry_i_3/O
                         net (fo=1, unplaced)         0.459     8.813    addf0/operator/p_1_in_1[1]
                         CARRY4 (Prop_carry4_DI[1]_O[3])
                                                      0.292     9.105 r  addf0/operator/_inferred__1/i__carry/O[3]
                         net (fo=2, unplaced)         0.515     9.620    addf0/operator/RightShifterComponent/O[3]
                         LUT6 (Prop_lut6_I0_O)        0.120     9.740 r  addf0/operator/RightShifterComponent/ps_c1[4]_i_2/O
                         net (fo=5, unplaced)         0.272    10.012    addf0/operator/RightShifterComponent/ps_c1[4]_i_2_n_0
                         LUT3 (Prop_lut3_I0_O)        0.047    10.059 r  addf0/operator/RightShifterComponent/ps_c1[4]_i_1/O
                         net (fo=21, unplaced)        0.305    10.364    addf0/operator/RightShifterComponent/_inferred__1/i__carry__0
                         LUT2 (Prop_lut2_I0_O)        0.043    10.407 r  addf0/operator/RightShifterComponent/level4_c1[24]_i_1/O
                         net (fo=7, unplaced)         0.580    10.987    addf0/operator/RightShifterComponent/level4_c1[24]_i_1_n_0
                         FDRE                                         r  addf0/operator/RightShifterComponent/level4_c1_reg[10]/R
  -------------------------------------------------------------------    -------------------

                         (clock clk rise edge)       11.200    11.200 r  
                                                      0.000    11.200 r  clk (IN)
                         net (fo=2871, unset)         0.483    11.683    addf0/operator/RightShifterComponent/clk
                         FDRE                                         r  addf0/operator/RightShifterComponent/level4_c1_reg[10]/C
                         clock pessimism              0.000    11.683    
                         clock uncertainty           -0.035    11.647    
                         FDRE (Setup_fdre_C_R)       -0.294    11.353    addf0/operator/RightShifterComponent/level4_c1_reg[10]
  -------------------------------------------------------------------
                         required time                         11.353    
                         arrival time                         -10.987    
  -------------------------------------------------------------------
                         slack                                  0.366    




