INFO: [Timing 38-91] UpdateTimingParams: Speed grade: -3, Delay Type: max.
INFO: [Timing 38-191] Multithreading enabled for timing update using a maximum of 8 CPUs
INFO: [Timing 38-35] Done setting XDC timing constraints.
WARNING: [Timing 38-242] The property HD.CLK_SRC of clock port "clk" is not set. In out-of-context mode, this prevents timing estimation for clock delay/skew
Resolution: Set the HD.CLK_SRC property of the out-of-context port to the location of the clock buffer instance in the top-level design
INFO: [Timing 38-78] ReportTimingParams: -max_paths 1 -nworst 1 -delay_type max -sort_by slack.
Copyright 1986-2022 Xilinx, Inc. All Rights Reserved. Copyright 2022-2024 Advanced Micro Devices, Inc. All Rights Reserved.
---------------------------------------------------------------------------------------------------------------------------------------------
| Tool Version : Vivado v.2024.2 (lin64) Build 5239630 Fri Nov 08 22:34:34 MST 2024
| Date         : Tue Dec 16 02:41:45 2025
| Host         : lap-inf133 running 64-bit Ubuntu 24.04.3 LTS
| Command      : report_timing
| Design       : histogram
| Device       : 7k160t-fbg484
| Speed File   : -3  PRODUCTION 1.12 2017-02-17
| Design State : Synthesized
---------------------------------------------------------------------------------------------------------------------------------------------

Timing Report

Slack (VIOLATED) :        -2.021ns  (required time - arrival time)
  Source:                 buffer11/outs_reg[2]/C
                            (rising edge-triggered cell FDRE clocked by clk  {rise@0.000ns fall@2.850ns period=5.700ns})
  Destination:            buffer12/dataReg_reg[0]/CE
                            (rising edge-triggered cell FDRE clocked by clk  {rise@0.000ns fall@2.850ns period=5.700ns})
  Path Group:             clk
  Path Type:              Setup (Max at Slow Process Corner)
  Requirement:            5.700ns  (clk rise@5.700ns - clk rise@0.000ns)
  Data Path Delay:        7.468ns  (logic 1.796ns (24.049%)  route 5.672ns (75.951%))
  Logic Levels:           21  (CARRY4=7 LUT3=3 LUT4=2 LUT5=1 LUT6=8)
  Clock Path Skew:        -0.025ns (DCD - SCD + CPR)
    Destination Clock Delay (DCD):    0.483ns = ( 6.183 - 5.700 ) 
    Source Clock Delay      (SCD):    0.508ns
    Clock Pessimism Removal (CPR):    0.000ns
  Clock Uncertainty:      0.035ns  ((TSJ^2 + TIJ^2)^1/2 + DJ) / 2 + PE
    Total System Jitter     (TSJ):    0.071ns
    Total Input Jitter      (TIJ):    0.000ns
    Discrete Jitter          (DJ):    0.000ns
    Phase Error              (PE):    0.000ns

    Location             Delay type                Incr(ns)  Path(ns)    Netlist Resource(s)
  -------------------------------------------------------------------    -------------------
                         (clock clk rise edge)        0.000     0.000 r  
                                                      0.000     0.000 r  clk (IN)
                         net (fo=1656, unset)         0.508     0.508    buffer11/clk
                         FDRE                                         r  buffer11/outs_reg[2]/C
  -------------------------------------------------------------------    -------------------
                         FDRE (Prop_fdre_C_Q)         0.226     0.734 f  buffer11/outs_reg[2]/Q
                         net (fo=6, unplaced)         0.420     1.154    buffer12/control/Q[2]
                         LUT3 (Prop_lut3_I0_O)        0.119     1.273 f  buffer12/control/weight_loadAddr[2]_INST_0_i_1/O
                         net (fo=5, unplaced)         0.405     1.678    cmpi0/buffer12_outs[2]
                         LUT6 (Prop_lut6_I3_O)        0.043     1.721 r  cmpi0/feature_loadEn_INST_0_i_65/O
                         net (fo=1, unplaced)         0.459     2.180    cmpi0/feature_loadEn_INST_0_i_65_n_0
                         CARRY4 (Prop_carry4_DI[1]_CO[3])
                                                      0.245     2.425 r  cmpi0/feature_loadEn_INST_0_i_38/CO[3]
                         net (fo=1, unplaced)         0.007     2.432    cmpi0/feature_loadEn_INST_0_i_38_n_0
                         CARRY4 (Prop_carry4_CI_CO[3])
                                                      0.050     2.482 r  cmpi0/feature_loadEn_INST_0_i_13/CO[3]
                         net (fo=1, unplaced)         0.000     2.482    cmpi0/feature_loadEn_INST_0_i_13_n_0
                         CARRY4 (Prop_carry4_CI_CO[3])
                                                      0.050     2.532 r  cmpi0/feature_loadEn_INST_0_i_4/CO[3]
                         net (fo=1, unplaced)         0.000     2.532    cmpi0/feature_loadEn_INST_0_i_4_n_0
                         CARRY4 (Prop_carry4_CI_CO[3])
                                                      0.050     2.582 f  cmpi0/feature_loadEn_INST_0_i_2/CO[3]
                         net (fo=96, unplaced)        0.687     3.269    init0/control/result[0]
                         LUT5 (Prop_lut5_I2_O)        0.043     3.312 f  init0/control/start_ready_INST_0_i_17/O
                         net (fo=73, unplaced)        0.336     3.648    init0/control/dataReg_reg[0]
                         LUT6 (Prop_lut6_I0_O)        0.043     3.691 f  init0/control/Memory[0][31]_i_3/O
                         net (fo=36, unplaced)        0.318     4.009    buffer9/fifo/p_2_in
                         LUT4 (Prop_lut4_I3_O)        0.043     4.052 r  buffer9/fifo/Memory[0][0]_i_42__0/O
                         net (fo=1, unplaced)         0.377     4.429    cmpi2/Memory_reg[0][0]_i_7_3
                         LUT6 (Prop_lut6_I1_O)        0.043     4.472 r  cmpi2/Memory[0][0]_i_22/O
                         net (fo=1, unplaced)         0.000     4.472    cmpi2/Memory[0][0]_i_22_n_0
                         CARRY4 (Prop_carry4_S[1]_CO[3])
                                                      0.246     4.718 r  cmpi2/Memory_reg[0][0]_i_7/CO[3]
                         net (fo=1, unplaced)         0.007     4.725    cmpi2/Memory_reg[0][0]_i_7_n_0
                         CARRY4 (Prop_carry4_CI_CO[3])
                                                      0.050     4.775 r  cmpi2/Memory_reg[0][0]_i_3/CO[3]
                         net (fo=1, unplaced)         0.000     4.775    cmpi2/Memory_reg[0][0]_i_3_n_0
                         CARRY4 (Prop_carry4_CI_CO[2])
                                                      0.122     4.897 f  cmpi2/Memory_reg[0][0]_i_2/CO[2]
                         net (fo=11, unplaced)        0.290     5.187    buffer67/fifo/result[0]
                         LUT3 (Prop_lut3_I0_O)        0.122     5.309 f  buffer67/fifo/Head[2]_i_6/O
                         net (fo=3, unplaced)         0.262     5.571    fork12/control/generateBlocks[0].regblock/buffer67_outs
                         LUT6 (Prop_lut6_I5_O)        0.043     5.614 f  fork12/control/generateBlocks[0].regblock/Head[2]_i_2__0/O
                         net (fo=10, unplaced)        0.287     5.901    fork12/control/generateBlocks[1].regblock/transmitValue_reg_6
                         LUT6 (Prop_lut6_I3_O)        0.043     5.944 r  fork12/control/generateBlocks[1].regblock/transmitValue_i_2__19/O
                         net (fo=2, unplaced)         0.388     6.332    fork11/control/generateBlocks[1].regblock/transmitValue_reg_14
                         LUT4 (Prop_lut4_I1_O)        0.043     6.375 r  fork11/control/generateBlocks[1].regblock/transmitValue_i_2__18/O
                         net (fo=9, unplaced)         0.285     6.660    fork0/generateBlocks[10].regblock/transmitValue_reg_5
                         LUT6 (Prop_lut6_I3_O)        0.043     6.703 f  fork0/generateBlocks[10].regblock/transmitValue_i_2__31/O
                         net (fo=5, unplaced)         0.272     6.975    fork6/control/generateBlocks[4].regblock/transmitValue_reg_1
                         LUT3 (Prop_lut3_I1_O)        0.043     7.018 r  fork6/control/generateBlocks[4].regblock/fullReg_i_9__0/O
                         net (fo=1, unplaced)         0.244     7.262    fork6/control/generateBlocks[0].regblock/transmitValue_reg_3
                         LUT6 (Prop_lut6_I4_O)        0.043     7.305 f  fork6/control/generateBlocks[0].regblock/fullReg_i_3/O
                         net (fo=27, unplaced)        0.311     7.616    fork3/control/generateBlocks[1].regblock/cmpi0_result_ready
                         LUT6 (Prop_lut6_I1_O)        0.043     7.659 r  fork3/control/generateBlocks[1].regblock/dataReg[31]_i_1__0/O
                         net (fo=32, unplaced)        0.317     7.976    buffer12/E[0]
                         FDRE                                         r  buffer12/dataReg_reg[0]/CE
  -------------------------------------------------------------------    -------------------

                         (clock clk rise edge)        5.700     5.700 r  
                                                      0.000     5.700 r  clk (IN)
                         net (fo=1656, unset)         0.483     6.183    buffer12/clk
                         FDRE                                         r  buffer12/dataReg_reg[0]/C
                         clock pessimism              0.000     6.183    
                         clock uncertainty           -0.035     6.147    
                         FDRE (Setup_fdre_C_CE)      -0.192     5.955    buffer12/dataReg_reg[0]
  -------------------------------------------------------------------
                         required time                          5.955    
                         arrival time                          -7.976    
  -------------------------------------------------------------------
                         slack                                 -2.021    




