INFO: [Timing 38-91] UpdateTimingParams: Speed grade: -3, Delay Type: max.
INFO: [Timing 38-191] Multithreading enabled for timing update using a maximum of 8 CPUs
INFO: [Timing 38-35] Done setting XDC timing constraints.
WARNING: [Timing 38-242] The property HD.CLK_SRC of clock port "clk" is not set. In out-of-context mode, this prevents timing estimation for clock delay/skew
Resolution: Set the HD.CLK_SRC property of the out-of-context port to the location of the clock buffer instance in the top-level design
INFO: [Timing 38-78] ReportTimingParams: -max_paths 1 -nworst 1 -delay_type max -sort_by slack.
Copyright 1986-2022 Xilinx, Inc. All Rights Reserved. Copyright 2022-2024 Advanced Micro Devices, Inc. All Rights Reserved.
---------------------------------------------------------------------------------------------------------------------------------------------
| Tool Version : Vivado v.2024.2 (lin64) Build 5239630 Fri Nov 08 22:34:34 MST 2024
| Date         : Tue Dec 16 16:05:57 2025
| Host         : lap-inf133 running 64-bit Ubuntu 24.04.3 LTS
| Command      : report_timing
| Design       : atax
| Device       : 7k160t-fbg484
| Speed File   : -3  PRODUCTION 1.12 2017-02-17
| Design State : Synthesized
---------------------------------------------------------------------------------------------------------------------------------------------

Timing Report

Slack (VIOLATED) :        -0.381ns  (required time - arrival time)
  Source:                 mulf1/operator/sigProdExt_c2_reg[20]/C
                            (rising edge-triggered cell FDRE clocked by clk  {rise@0.000ns fall@4.100ns period=8.200ns})
  Destination:            addf1/operator/RightShifterComponent/level4_c1_reg[10]/R
                            (rising edge-triggered cell FDRE clocked by clk  {rise@0.000ns fall@4.100ns period=8.200ns})
  Path Group:             clk
  Path Type:              Setup (Max at Slow Process Corner)
  Requirement:            8.200ns  (clk rise@8.200ns - clk rise@0.000ns)
  Data Path Delay:        8.226ns  (logic 2.384ns (28.981%)  route 5.842ns (71.019%))
  Logic Levels:           24  (CARRY4=10 LUT4=4 LUT5=3 LUT6=7)
  Clock Path Skew:        -0.025ns (DCD - SCD + CPR)
    Destination Clock Delay (DCD):    0.483ns = ( 8.683 - 8.200 ) 
    Source Clock Delay      (SCD):    0.508ns
    Clock Pessimism Removal (CPR):    0.000ns
  Clock Uncertainty:      0.035ns  ((TSJ^2 + TIJ^2)^1/2 + DJ) / 2 + PE
    Total System Jitter     (TSJ):    0.071ns
    Total Input Jitter      (TIJ):    0.000ns
    Discrete Jitter          (DJ):    0.000ns
    Phase Error              (PE):    0.000ns

    Location             Delay type                Incr(ns)  Path(ns)    Netlist Resource(s)
  -------------------------------------------------------------------    -------------------
                         (clock clk rise edge)        0.000     0.000 r  
                                                      0.000     0.000 r  clk (IN)
                         net (fo=2777, unset)         0.508     0.508    mulf1/operator/clk
                         FDRE                                         r  mulf1/operator/sigProdExt_c2_reg[20]/C
  -------------------------------------------------------------------    -------------------
                         FDRE (Prop_fdre_C_Q)         0.226     0.734 r  mulf1/operator/sigProdExt_c2_reg[20]/Q
                         net (fo=1, unplaced)         0.501     1.235    mulf1/operator/sigProdExt_c2[20]
                         LUT6 (Prop_lut6_I0_O)        0.119     1.354 r  mulf1/operator/level5_c1[6]_i_10__0/O
                         net (fo=1, unplaced)         0.244     1.598    mulf1/operator/level5_c1[6]_i_10__0_n_0
                         LUT6 (Prop_lut6_I3_O)        0.043     1.641 r  mulf1/operator/level5_c1[6]_i_6__0/O
                         net (fo=1, unplaced)         0.244     1.885    mulf1/operator/level5_c1[6]_i_6__0_n_0
                         LUT5 (Prop_lut5_I1_O)        0.043     1.928 r  mulf1/operator/level5_c1[6]_i_5__0/O
                         net (fo=1, unplaced)         0.000     1.928    mulf1/operator/RoundingAdder/S[0]
                         CARRY4 (Prop_carry4_S[0]_CO[3])
                                                      0.238     2.166 r  mulf1/operator/RoundingAdder/level5_c1_reg[6]_i_4__0/CO[3]
                         net (fo=1, unplaced)         0.007     2.173    mulf1/operator/RoundingAdder/level5_c1_reg[6]_i_4__0_n_0
                         CARRY4 (Prop_carry4_CI_CO[3])
                                                      0.050     2.223 r  mulf1/operator/RoundingAdder/level4_c1_reg[9]_i_7__0/CO[3]
                         net (fo=1, unplaced)         0.000     2.223    mulf1/operator/RoundingAdder/level4_c1_reg[9]_i_7__0_n_0
                         CARRY4 (Prop_carry4_CI_CO[3])
                                                      0.050     2.273 r  mulf1/operator/RoundingAdder/level4_c1_reg[9]_i_8/CO[3]
                         net (fo=1, unplaced)         0.000     2.273    mulf1/operator/RoundingAdder/level4_c1_reg[9]_i_8_n_0
                         CARRY4 (Prop_carry4_CI_CO[3])
                                                      0.050     2.323 r  mulf1/operator/RoundingAdder/level4_c1_reg[2]_i_4/CO[3]
                         net (fo=1, unplaced)         0.000     2.323    mulf1/operator/RoundingAdder/level4_c1_reg[2]_i_4_n_0
                         CARRY4 (Prop_carry4_CI_CO[3])
                                                      0.050     2.373 r  mulf1/operator/RoundingAdder/level4_c1_reg[6]_i_4__0/CO[3]
                         net (fo=1, unplaced)         0.000     2.373    mulf1/operator/RoundingAdder/level4_c1_reg[6]_i_4__0_n_0
                         CARRY4 (Prop_carry4_CI_CO[3])
                                                      0.050     2.423 r  mulf1/operator/RoundingAdder/i__carry_i_10/CO[3]
                         net (fo=1, unplaced)         0.000     2.423    mulf1/operator/RoundingAdder/i__carry_i_10_n_0
                         CARRY4 (Prop_carry4_CI_O[3])
                                                      0.154     2.577 r  mulf1/operator/RoundingAdder/ltOp_carry__2_i_17__0/O[3]
                         net (fo=5, unplaced)         0.443     3.020    mulf1/operator/RoundingAdder/ip_result__0[27]
                         LUT4 (Prop_lut4_I1_O)        0.120     3.140 r  mulf1/operator/RoundingAdder/level4_c1[9]_i_11__0/O
                         net (fo=1, unplaced)         0.244     3.384    mulf1/operator/RoundingAdder/level4_c1[9]_i_11__0_n_0
                         LUT5 (Prop_lut5_I4_O)        0.043     3.427 r  mulf1/operator/RoundingAdder/level4_c1[9]_i_10__0/O
                         net (fo=34, unplaced)        0.317     3.744    mulf1/operator/RoundingAdder/level4_c1[9]_i_10__0_n_0
                         LUT4 (Prop_lut4_I3_O)        0.043     3.787 r  mulf1/operator/RoundingAdder/ltOp_carry__2_i_41__0/O
                         net (fo=1, unplaced)         0.705     4.492    mulf1/operator/RoundingAdder/mulf1_result[1]
                         LUT6 (Prop_lut6_I1_O)        0.043     4.535 r  mulf1/operator/RoundingAdder/ltOp_carry__2_i_39__0/O
                         net (fo=1, unplaced)         0.244     4.779    mulf1/operator/RoundingAdder/ltOp_carry__2_i_39__0_n_0
                         LUT6 (Prop_lut6_I5_O)        0.043     4.822 f  mulf1/operator/RoundingAdder/ltOp_carry__2_i_27__0/O
                         net (fo=1, unplaced)         0.244     5.066    mulf1/operator/RoundingAdder/addf1/ieee2nfloat_1/eqOp__21
                         LUT6 (Prop_lut6_I5_O)        0.043     5.109 r  mulf1/operator/RoundingAdder/ltOp_carry__2_i_11__0/O
                         net (fo=9, unplaced)         0.285     5.394    load3/data_tehb/control/ltOp_carry__2_i_5__0[22]
                         LUT5 (Prop_lut5_I4_O)        0.043     5.437 r  load3/data_tehb/control/ltOp_carry__2_i_23__0/O
                         net (fo=1, unplaced)         0.244     5.681    mulf1/operator/RoundingAdder/ltOp_carry__2
                         LUT6 (Prop_lut6_I5_O)        0.043     5.724 r  mulf1/operator/RoundingAdder/ltOp_carry__2_i_5__0/O
                         net (fo=1, unplaced)         0.000     5.724    addf1/operator/ltOp_carry__3_1[3]
                         CARRY4 (Prop_carry4_S[3]_CO[3])
                                                      0.173     5.897 r  addf1/operator/ltOp_carry__2/CO[3]
                         net (fo=1, unplaced)         0.000     5.897    addf1/operator/ltOp_carry__2_n_0
                         CARRY4 (Prop_carry4_CI_CO[0])
                                                      0.135     6.032 r  addf1/operator/ltOp_carry__3/CO[0]
                         net (fo=92, unplaced)        0.269     6.301    load3/data_tehb/control/CO[0]
                         LUT4 (Prop_lut4_I3_O)        0.127     6.428 r  load3/data_tehb/control/i__carry_i_3__0/O
                         net (fo=1, unplaced)         0.459     6.887    addf1/operator/p_1_in[1]
                         CARRY4 (Prop_carry4_DI[1]_O[3])
                                                      0.292     7.179 r  addf1/operator/_inferred__1/i__carry/O[3]
                         net (fo=2, unplaced)         0.515     7.694    addf1/operator/RightShifterComponent/O[3]
                         LUT6 (Prop_lut6_I0_O)        0.120     7.814 r  addf1/operator/RightShifterComponent/level4_c1[25]_i_2__0/O
                         net (fo=7, unplaced)         0.279     8.093    mulf1/operator/RoundingAdder/ps_c1_reg[4]
                         LUT4 (Prop_lut4_I0_O)        0.043     8.136 r  mulf1/operator/RoundingAdder/level4_c1[24]_i_1__0/O
                         net (fo=15, unplaced)        0.598     8.734    addf1/operator/RightShifterComponent/level4_c1_reg[24]_0
                         FDRE                                         r  addf1/operator/RightShifterComponent/level4_c1_reg[10]/R
  -------------------------------------------------------------------    -------------------

                         (clock clk rise edge)        8.200     8.200 r  
                                                      0.000     8.200 r  clk (IN)
                         net (fo=2777, unset)         0.483     8.683    addf1/operator/RightShifterComponent/clk
                         FDRE                                         r  addf1/operator/RightShifterComponent/level4_c1_reg[10]/C
                         clock pessimism              0.000     8.683    
                         clock uncertainty           -0.035     8.647    
                         FDRE (Setup_fdre_C_R)       -0.294     8.353    addf1/operator/RightShifterComponent/level4_c1_reg[10]
  -------------------------------------------------------------------
                         required time                          8.353    
                         arrival time                          -8.734    
  -------------------------------------------------------------------
                         slack                                 -0.381    




