INFO: [Timing 38-91] UpdateTimingParams: Speed grade: -3, Delay Type: max.
INFO: [Timing 38-191] Multithreading enabled for timing update using a maximum of 8 CPUs
INFO: [Timing 38-35] Done setting XDC timing constraints.
WARNING: [Timing 38-242] The property HD.CLK_SRC of clock port "clk" is not set. In out-of-context mode, this prevents timing estimation for clock delay/skew
Resolution: Set the HD.CLK_SRC property of the out-of-context port to the location of the clock buffer instance in the top-level design
INFO: [Timing 38-78] ReportTimingParams: -max_paths 1 -nworst 1 -delay_type max -sort_by slack.
Copyright 1986-2022 Xilinx, Inc. All Rights Reserved. Copyright 2022-2024 Advanced Micro Devices, Inc. All Rights Reserved.
---------------------------------------------------------------------------------------------------------------------------------------------
| Tool Version : Vivado v.2024.2 (lin64) Build 5239630 Fri Nov 08 22:34:34 MST 2024
| Date         : Tue Dec 16 01:24:11 2025
| Host         : lap-inf133 running 64-bit Ubuntu 24.04.3 LTS
| Command      : report_timing
| Design       : bicg
| Device       : 7k160t-fbg484
| Speed File   : -3  PRODUCTION 1.12 2017-02-17
| Design State : Synthesized
---------------------------------------------------------------------------------------------------------------------------------------------

Timing Report

Slack (VIOLATED) :        -0.420ns  (required time - arrival time)
  Source:                 buffer21/outs_reg[6]_inv/C
                            (rising edge-triggered cell FDSE clocked by clk  {rise@0.000ns fall@2.100ns period=4.200ns})
  Destination:            buffer19/outs_reg[0]/CE
                            (rising edge-triggered cell FDRE clocked by clk  {rise@0.000ns fall@2.100ns period=4.200ns})
  Path Group:             clk
  Path Type:              Setup (Max at Slow Process Corner)
  Requirement:            4.200ns  (clk rise@4.200ns - clk rise@0.000ns)
  Data Path Delay:        4.367ns  (logic 0.819ns (18.754%)  route 3.548ns (81.246%))
  Logic Levels:           8  (CARRY4=1 LUT3=1 LUT5=1 LUT6=5)
  Clock Path Skew:        -0.025ns (DCD - SCD + CPR)
    Destination Clock Delay (DCD):    0.483ns = ( 4.683 - 4.200 ) 
    Source Clock Delay      (SCD):    0.508ns
    Clock Pessimism Removal (CPR):    0.000ns
  Clock Uncertainty:      0.035ns  ((TSJ^2 + TIJ^2)^1/2 + DJ) / 2 + PE
    Total System Jitter     (TSJ):    0.071ns
    Total Input Jitter      (TIJ):    0.000ns
    Discrete Jitter          (DJ):    0.000ns
    Phase Error              (PE):    0.000ns

    Location             Delay type                Incr(ns)  Path(ns)    Netlist Resource(s)
  -------------------------------------------------------------------    -------------------
                         (clock clk rise edge)        0.000     0.000 r  
                                                      0.000     0.000 r  clk (IN)
                         net (fo=863, unset)          0.508     0.508    buffer21/clk
                         FDSE                                         r  buffer21/outs_reg[6]_inv/C
  -------------------------------------------------------------------    -------------------
                         FDSE (Prop_fdse_C_Q)         0.226     0.734 r  buffer21/outs_reg[6]_inv/Q
                         net (fo=1, unplaced)         0.627     1.361    cmpi1/S[3]
                         CARRY4 (Prop_carry4_S[3]_CO[3])
                                                      0.292     1.653 r  cmpi1/result0_carry/CO[3]
                         net (fo=29, unplaced)        0.657     2.310    buffer21/control/CO[0]
                         LUT5 (Prop_lut5_I0_O)        0.043     2.353 f  buffer21/control/q_loadEn_INST_0_i_3/O
                         net (fo=1, unplaced)         0.377     2.730    buffer21/control/q_loadEn_INST_0_i_3_n_0
                         LUT6 (Prop_lut6_I0_O)        0.043     2.773 f  buffer21/control/q_loadEn_INST_0_i_2/O
                         net (fo=14, unplaced)        0.295     3.068    buffer21/control/transmitValue_reg
                         LUT6 (Prop_lut6_I2_O)        0.043     3.111 r  buffer21/control/outputValid_i_3__0/O
                         net (fo=5, unplaced)         0.405     3.516    buffer21/control/outputValid_i_3__0_n_0
                         LUT6 (Prop_lut6_I1_O)        0.043     3.559 r  buffer21/control/fullReg_i_12/O
                         net (fo=1, unplaced)         0.244     3.803    control_merge1/tehb/control/fullReg_i_5_1
                         LUT6 (Prop_lut6_I5_O)        0.043     3.846 f  control_merge1/tehb/control/fullReg_i_9/O
                         net (fo=1, unplaced)         0.377     4.223    control_merge1/tehb/control/fullReg_i_9_n_0
                         LUT6 (Prop_lut6_I1_O)        0.043     4.266 f  control_merge1/tehb/control/fullReg_i_5/O
                         net (fo=9, unplaced)         0.285     4.551    control_merge1/tehb/control/Empty_reg
                         LUT3 (Prop_lut3_I2_O)        0.043     4.594 r  control_merge1/tehb/control/outs[5]_i_1/O
                         net (fo=7, unplaced)         0.281     4.875    buffer19/E[0]
                         FDRE                                         r  buffer19/outs_reg[0]/CE
  -------------------------------------------------------------------    -------------------

                         (clock clk rise edge)        4.200     4.200 r  
                                                      0.000     4.200 r  clk (IN)
                         net (fo=863, unset)          0.483     4.683    buffer19/clk
                         FDRE                                         r  buffer19/outs_reg[0]/C
                         clock pessimism              0.000     4.683    
                         clock uncertainty           -0.035     4.647    
                         FDRE (Setup_fdre_C_CE)      -0.192     4.455    buffer19/outs_reg[0]
  -------------------------------------------------------------------
                         required time                          4.455    
                         arrival time                          -4.875    
  -------------------------------------------------------------------
                         slack                                 -0.420    




