INFO: [Timing 38-91] UpdateTimingParams: Speed grade: -3, Delay Type: max.
INFO: [Timing 38-191] Multithreading enabled for timing update using a maximum of 8 CPUs
INFO: [Timing 38-35] Done setting XDC timing constraints.
WARNING: [Timing 38-242] The property HD.CLK_SRC of clock port "clk" is not set. In out-of-context mode, this prevents timing estimation for clock delay/skew
Resolution: Set the HD.CLK_SRC property of the out-of-context port to the location of the clock buffer instance in the top-level design
INFO: [Timing 38-78] ReportTimingParams: -max_paths 1 -nworst 1 -delay_type max -sort_by slack.
Copyright 1986-2022 Xilinx, Inc. All Rights Reserved. Copyright 2022-2024 Advanced Micro Devices, Inc. All Rights Reserved.
---------------------------------------------------------------------------------------------------------------------------------------------
| Tool Version : Vivado v.2024.2 (lin64) Build 5239630 Fri Nov 08 22:34:34 MST 2024
| Date         : Wed Dec 17 01:28:06 2025
| Host         : lap-inf133 running 64-bit Ubuntu 24.04.3 LTS
| Command      : report_timing
| Design       : jacobi_1d_imper
| Device       : 7k160t-fbg484
| Speed File   : -3  PRODUCTION 1.12 2017-02-17
| Design State : Synthesized
---------------------------------------------------------------------------------------------------------------------------------------------

Timing Report

Slack (MET) :             0.880ns  (required time - arrival time)
  Source:                 buffer16/outs_reg[0]/C
                            (rising edge-triggered cell FDRE clocked by clk  {rise@0.000ns fall@2.350ns period=4.700ns})
  Destination:            buffer10/dataReg_reg[0]/CE
                            (rising edge-triggered cell FDRE clocked by clk  {rise@0.000ns fall@2.350ns period=4.700ns})
  Path Group:             clk
  Path Type:              Setup (Max at Slow Process Corner)
  Requirement:            4.700ns  (clk rise@4.700ns - clk rise@0.000ns)
  Data Path Delay:        3.567ns  (logic 1.113ns (31.203%)  route 2.454ns (68.797%))
  Logic Levels:           9  (CARRY4=2 LUT2=2 LUT4=1 LUT5=2 LUT6=2)
  Clock Path Skew:        -0.025ns (DCD - SCD + CPR)
    Destination Clock Delay (DCD):    0.483ns = ( 5.183 - 4.700 ) 
    Source Clock Delay      (SCD):    0.508ns
    Clock Pessimism Removal (CPR):    0.000ns
  Clock Uncertainty:      0.035ns  ((TSJ^2 + TIJ^2)^1/2 + DJ) / 2 + PE
    Total System Jitter     (TSJ):    0.071ns
    Total Input Jitter      (TIJ):    0.000ns
    Discrete Jitter          (DJ):    0.000ns
    Phase Error              (PE):    0.000ns

    Location             Delay type                Incr(ns)  Path(ns)    Netlist Resource(s)
  -------------------------------------------------------------------    -------------------
                         (clock clk rise edge)        0.000     0.000 r  
                                                      0.000     0.000 r  clk (IN)
                         net (fo=669, unset)          0.508     0.508    buffer16/clk
                         FDRE                                         r  buffer16/outs_reg[0]/C
  -------------------------------------------------------------------    -------------------
                         FDRE (Prop_fdre_C_Q)         0.226     0.734 f  buffer16/outs_reg[0]/Q
                         net (fo=7, unplaced)         0.274     1.008    buffer16/buffer16_outs[0]
                         LUT2 (Prop_lut2_I0_O)        0.126     1.134 r  buffer16/result0_carry_i_3/O
                         net (fo=1, unplaced)         0.000     1.134    cmpi0/DI[0]
                         CARRY4 (Prop_carry4_DI[0]_CO[3])
                                                      0.284     1.418 r  cmpi0/result0_carry/CO[3]
                         net (fo=1, unplaced)         0.007     1.425    cmpi0/result0_carry_n_0
                         CARRY4 (Prop_carry4_CI_CO[0])
                                                      0.135     1.560 r  cmpi0/result0_carry__0/CO[0]
                         net (fo=38, unplaced)        0.247     1.807    fork12/control/generateBlocks[1].regblock/CO[0]
                         LUT5 (Prop_lut5_I2_O)        0.127     1.934 f  fork12/control/generateBlocks[1].regblock/A_loadEn_INST_0_i_7/O
                         net (fo=3, unplaced)         0.395     2.329    control_merge1/tehb/control/transmitValue_reg_8
                         LUT6 (Prop_lut6_I1_O)        0.043     2.372 r  control_merge1/tehb/control/A_loadEn_INST_0_i_5/O
                         net (fo=15, unplaced)        0.297     2.669    fork3/control/generateBlocks[2].regblock/transmitValue_reg_9
                         LUT2 (Prop_lut2_I1_O)        0.043     2.712 f  fork3/control/generateBlocks[2].regblock/B_storeEn_INST_0_i_1/O
                         net (fo=11, unplaced)        0.290     3.002    load1/addr_tehb/control/transmitValue_reg
                         LUT6 (Prop_lut6_I2_O)        0.043     3.045 r  load1/addr_tehb/control/fullReg_i_6__0/O
                         net (fo=2, unplaced)         0.388     3.433    fork3/control/generateBlocks[2].regblock/transmitValue_reg_10
                         LUT4 (Prop_lut4_I1_O)        0.043     3.476 r  fork3/control/generateBlocks[2].regblock/fullReg_i_4/O
                         net (fo=5, unplaced)         0.272     3.748    fork3/control/generateBlocks[1].regblock/fullReg_reg_3
                         LUT5 (Prop_lut5_I4_O)        0.043     3.791 r  fork3/control/generateBlocks[1].regblock/dataReg[7]_i_1__0/O
                         net (fo=8, unplaced)         0.284     4.075    buffer10/E[0]
                         FDRE                                         r  buffer10/dataReg_reg[0]/CE
  -------------------------------------------------------------------    -------------------

                         (clock clk rise edge)        4.700     4.700 r  
                                                      0.000     4.700 r  clk (IN)
                         net (fo=669, unset)          0.483     5.183    buffer10/clk
                         FDRE                                         r  buffer10/dataReg_reg[0]/C
                         clock pessimism              0.000     5.183    
                         clock uncertainty           -0.035     5.147    
                         FDRE (Setup_fdre_C_CE)      -0.192     4.955    buffer10/dataReg_reg[0]
  -------------------------------------------------------------------
                         required time                          4.955    
                         arrival time                          -4.075    
  -------------------------------------------------------------------
                         slack                                  0.880    




