INFO: [Timing 38-91] UpdateTimingParams: Speed grade: -3, Delay Type: max.
INFO: [Timing 38-191] Multithreading enabled for timing update using a maximum of 8 CPUs
INFO: [Timing 38-35] Done setting XDC timing constraints.
WARNING: [Timing 38-242] The property HD.CLK_SRC of clock port "clk" is not set. In out-of-context mode, this prevents timing estimation for clock delay/skew
Resolution: Set the HD.CLK_SRC property of the out-of-context port to the location of the clock buffer instance in the top-level design
INFO: [Timing 38-78] ReportTimingParams: -max_paths 1 -nworst 1 -delay_type max -sort_by slack.
Copyright 1986-2022 Xilinx, Inc. All Rights Reserved. Copyright 2022-2024 Advanced Micro Devices, Inc. All Rights Reserved.
---------------------------------------------------------------------------------------------------------------------------------------------
| Tool Version : Vivado v.2024.2 (lin64) Build 5239630 Fri Nov 08 22:34:34 MST 2024
| Date         : Tue Dec 16 13:37:35 2025
| Host         : lap-inf133 running 64-bit Ubuntu 24.04.3 LTS
| Command      : report_timing
| Design       : histogram
| Device       : 7k160t-fbg484
| Speed File   : -3  PRODUCTION 1.12 2017-02-17
| Design State : Synthesized
---------------------------------------------------------------------------------------------------------------------------------------------

Timing Report

Slack (VIOLATED) :        -1.903ns  (required time - arrival time)
  Source:                 buffer10/outs_reg[2]/C
                            (rising edge-triggered cell FDRE clocked by clk  {rise@0.000ns fall@2.850ns period=5.700ns})
  Destination:            buffer11/dataReg_reg[0]/CE
                            (rising edge-triggered cell FDRE clocked by clk  {rise@0.000ns fall@2.850ns period=5.700ns})
  Path Group:             clk
  Path Type:              Setup (Max at Slow Process Corner)
  Requirement:            5.700ns  (clk rise@5.700ns - clk rise@0.000ns)
  Data Path Delay:        7.350ns  (logic 1.796ns (24.435%)  route 5.554ns (75.565%))
  Logic Levels:           21  (CARRY4=7 LUT3=1 LUT4=1 LUT5=3 LUT6=9)
  Clock Path Skew:        -0.025ns (DCD - SCD + CPR)
    Destination Clock Delay (DCD):    0.483ns = ( 6.183 - 5.700 ) 
    Source Clock Delay      (SCD):    0.508ns
    Clock Pessimism Removal (CPR):    0.000ns
  Clock Uncertainty:      0.035ns  ((TSJ^2 + TIJ^2)^1/2 + DJ) / 2 + PE
    Total System Jitter     (TSJ):    0.071ns
    Total Input Jitter      (TIJ):    0.000ns
    Discrete Jitter          (DJ):    0.000ns
    Phase Error              (PE):    0.000ns

    Location             Delay type                Incr(ns)  Path(ns)    Netlist Resource(s)
  -------------------------------------------------------------------    -------------------
                         (clock clk rise edge)        0.000     0.000 r  
                                                      0.000     0.000 r  clk (IN)
                         net (fo=1514, unset)         0.508     0.508    buffer10/clk
                         FDRE                                         r  buffer10/outs_reg[2]/C
  -------------------------------------------------------------------    -------------------
                         FDRE (Prop_fdre_C_Q)         0.226     0.734 f  buffer10/outs_reg[2]/Q
                         net (fo=6, unplaced)         0.420     1.154    buffer11/control/Q[2]
                         LUT3 (Prop_lut3_I0_O)        0.119     1.273 f  buffer11/control/weight_loadAddr[2]_INST_0_i_1/O
                         net (fo=5, unplaced)         0.405     1.678    cmpi0/buffer11_outs[2]
                         LUT6 (Prop_lut6_I3_O)        0.043     1.721 r  cmpi0/memEnd_valid_i_65/O
                         net (fo=1, unplaced)         0.459     2.180    cmpi0/memEnd_valid_i_65_n_0
                         CARRY4 (Prop_carry4_DI[1]_CO[3])
                                                      0.245     2.425 r  cmpi0/memEnd_valid_reg_i_38/CO[3]
                         net (fo=1, unplaced)         0.007     2.432    cmpi0/memEnd_valid_reg_i_38_n_0
                         CARRY4 (Prop_carry4_CI_CO[3])
                                                      0.050     2.482 r  cmpi0/memEnd_valid_reg_i_13/CO[3]
                         net (fo=1, unplaced)         0.000     2.482    cmpi0/memEnd_valid_reg_i_13_n_0
                         CARRY4 (Prop_carry4_CI_CO[3])
                                                      0.050     2.532 r  cmpi0/memEnd_valid_reg_i_4/CO[3]
                         net (fo=1, unplaced)         0.000     2.532    cmpi0/memEnd_valid_reg_i_4_n_0
                         CARRY4 (Prop_carry4_CI_CO[3])
                                                      0.050     2.582 f  cmpi0/memEnd_valid_reg_i_2/CO[3]
                         net (fo=78, unplaced)        0.681     3.263    init0/control/result[0]
                         LUT5 (Prop_lut5_I2_O)        0.043     3.306 f  init0/control/Memory[0][0]_i_2__12/O
                         net (fo=49, unplaced)        0.326     3.632    init0/control/dataReg_reg[0]
                         LUT6 (Prop_lut6_I0_O)        0.043     3.675 f  init0/control/Memory[0][31]_i_3/O
                         net (fo=39, unplaced)        0.320     3.995    buffer8/fifo/p_2_in
                         LUT4 (Prop_lut4_I3_O)        0.043     4.038 r  buffer8/fifo/Memory[0][0]_i_42__0/O
                         net (fo=1, unplaced)         0.377     4.415    cmpi2/Memory_reg[0][0]_i_7_3
                         LUT6 (Prop_lut6_I1_O)        0.043     4.458 r  cmpi2/Memory[0][0]_i_22/O
                         net (fo=1, unplaced)         0.000     4.458    cmpi2/Memory[0][0]_i_22_n_0
                         CARRY4 (Prop_carry4_S[1]_CO[3])
                                                      0.246     4.704 r  cmpi2/Memory_reg[0][0]_i_7/CO[3]
                         net (fo=1, unplaced)         0.007     4.711    cmpi2/Memory_reg[0][0]_i_7_n_0
                         CARRY4 (Prop_carry4_CI_CO[3])
                                                      0.050     4.761 r  cmpi2/Memory_reg[0][0]_i_3/CO[3]
                         net (fo=1, unplaced)         0.000     4.761    cmpi2/Memory_reg[0][0]_i_3_n_0
                         CARRY4 (Prop_carry4_CI_CO[2])
                                                      0.122     4.883 f  cmpi2/Memory_reg[0][0]_i_2/CO[2]
                         net (fo=12, unplaced)        0.292     5.175    buffer60/fifo/result[0]
                         LUT5 (Prop_lut5_I4_O)        0.122     5.297 f  buffer60/fifo/transmitValue_i_5__14/O
                         net (fo=2, unplaced)         0.255     5.552    buffer60/fifo/buffer60_outs
                         LUT6 (Prop_lut6_I5_O)        0.043     5.595 r  buffer60/fifo/Head[2]_i_4__0/O
                         net (fo=2, unplaced)         0.255     5.850    buffer4/Head_reg[0]_0
                         LUT6 (Prop_lut6_I2_O)        0.043     5.893 f  buffer4/Head[2]_i_2__1/O
                         net (fo=9, unplaced)         0.263     6.156    buffer4/buffer60_outs_ready
                         LUT6 (Prop_lut6_I2_O)        0.043     6.199 f  buffer4/transmitValue_i_5__19/O
                         net (fo=3, unplaced)         0.262     6.461    fork6/control/generateBlocks[12].regblock/fullReg_i_7_0
                         LUT5 (Prop_lut5_I2_O)        0.043     6.504 r  fork6/control/generateBlocks[12].regblock/fullReg_i_12/O
                         net (fo=1, unplaced)         0.222     6.726    fork6/control/generateBlocks[12].regblock/fullReg_i_12_n_0
                         LUT6 (Prop_lut6_I0_O)        0.043     6.769 r  fork6/control/generateBlocks[12].regblock/fullReg_i_7/O
                         net (fo=1, unplaced)         0.377     7.146    fork6/control/generateBlocks[12].regblock/fullReg_i_7_n_0
                         LUT6 (Prop_lut6_I0_O)        0.043     7.189 f  fork6/control/generateBlocks[12].regblock/fullReg_i_4/O
                         net (fo=25, unplaced)        0.309     7.498    buffer10/control/cmpi0_result_ready
                         LUT6 (Prop_lut6_I2_O)        0.043     7.541 r  buffer10/control/dataReg[31]_i_1__0/O
                         net (fo=32, unplaced)        0.317     7.858    buffer11/E[0]
                         FDRE                                         r  buffer11/dataReg_reg[0]/CE
  -------------------------------------------------------------------    -------------------

                         (clock clk rise edge)        5.700     5.700 r  
                                                      0.000     5.700 r  clk (IN)
                         net (fo=1514, unset)         0.483     6.183    buffer11/clk
                         FDRE                                         r  buffer11/dataReg_reg[0]/C
                         clock pessimism              0.000     6.183    
                         clock uncertainty           -0.035     6.147    
                         FDRE (Setup_fdre_C_CE)      -0.192     5.955    buffer11/dataReg_reg[0]
  -------------------------------------------------------------------
                         required time                          5.955    
                         arrival time                          -7.858    
  -------------------------------------------------------------------
                         slack                                 -1.903    




