INFO: [Timing 38-91] UpdateTimingParams: Speed grade: -3, Delay Type: max.
INFO: [Timing 38-191] Multithreading enabled for timing update using a maximum of 8 CPUs
INFO: [Timing 38-35] Done setting XDC timing constraints.
WARNING: [Timing 38-242] The property HD.CLK_SRC of clock port "clk" is not set. In out-of-context mode, this prevents timing estimation for clock delay/skew
Resolution: Set the HD.CLK_SRC property of the out-of-context port to the location of the clock buffer instance in the top-level design
INFO: [Timing 38-78] ReportTimingParams: -max_paths 1 -nworst 1 -delay_type max -sort_by slack.
Copyright 1986-2022 Xilinx, Inc. All Rights Reserved. Copyright 2022-2024 Advanced Micro Devices, Inc. All Rights Reserved.
---------------------------------------------------------------------------------------------------------------------------------------------
| Tool Version : Vivado v.2024.2 (lin64) Build 5239630 Fri Nov 08 22:34:34 MST 2024
| Date         : Tue Dec 16 21:11:21 2025
| Host         : lap-inf133 running 64-bit Ubuntu 24.04.3 LTS
| Command      : report_timing
| Design       : triangular
| Device       : 7k160t-fbg484
| Speed File   : -3  PRODUCTION 1.12 2017-02-17
| Design State : Synthesized
---------------------------------------------------------------------------------------------------------------------------------------------

Timing Report

Slack (MET) :             7.149ns  (required time - arrival time)
  Source:                 buffer13/outs_reg[0]/C
                            (rising edge-triggered cell FDRE clocked by clk  {rise@0.000ns fall@7.100ns period=14.200ns})
  Destination:            buffer11/dataReg_reg[0]/CE
                            (rising edge-triggered cell FDRE clocked by clk  {rise@0.000ns fall@7.100ns period=14.200ns})
  Path Group:             clk
  Path Type:              Setup (Max at Slow Process Corner)
  Requirement:            14.200ns  (clk rise@14.200ns - clk rise@0.000ns)
  Data Path Delay:        6.798ns  (logic 1.210ns (17.799%)  route 5.588ns (82.201%))
  Logic Levels:           16  (CARRY4=3 LUT3=4 LUT5=3 LUT6=6)
  Clock Path Skew:        -0.025ns (DCD - SCD + CPR)
    Destination Clock Delay (DCD):    0.483ns = ( 14.683 - 14.200 ) 
    Source Clock Delay      (SCD):    0.508ns
    Clock Pessimism Removal (CPR):    0.000ns
  Clock Uncertainty:      0.035ns  ((TSJ^2 + TIJ^2)^1/2 + DJ) / 2 + PE
    Total System Jitter     (TSJ):    0.071ns
    Total Input Jitter      (TIJ):    0.000ns
    Discrete Jitter          (DJ):    0.000ns
    Phase Error              (PE):    0.000ns

    Location             Delay type                Incr(ns)  Path(ns)    Netlist Resource(s)
  -------------------------------------------------------------------    -------------------
                         (clock clk rise edge)        0.000     0.000 r  
                                                      0.000     0.000 r  clk (IN)
                         net (fo=1467, unset)         0.508     0.508    buffer13/clk
                         FDRE                                         r  buffer13/outs_reg[0]/C
  -------------------------------------------------------------------    -------------------
                         FDRE (Prop_fdre_C_Q)         0.226     0.734 f  buffer13/outs_reg[0]/Q
                         net (fo=40, unplaced)        0.578     1.312    buffer13/control/dataReg_reg[0]
                         LUT6 (Prop_lut6_I0_O)        0.119     1.431 r  buffer13/control/n_ready_INST_0_i_4/O
                         net (fo=3, unplaced)         0.262     1.693    control_merge0/tehb/control/index_tehb
                         LUT3 (Prop_lut3_I2_O)        0.047     1.740 r  control_merge0/tehb/control/n_ready_INST_0_i_3/O
                         net (fo=4, unplaced)         0.246     1.986    buffer1/fifo/control_merge0_index
                         LUT5 (Prop_lut5_I1_O)        0.043     2.029 r  buffer1/fifo/fullReg_i_2__2/O
                         net (fo=48, unplaced)        0.325     2.354    buffer6/control/p_2_in
                         LUT6 (Prop_lut6_I4_O)        0.043     2.397 r  buffer6/control/dataReg[11]_i_1__0/O
                         net (fo=2, unplaced)         0.255     2.652    buffer2/control/D[4]
                         LUT3 (Prop_lut3_I0_O)        0.043     2.695 r  buffer2/control/outs[11]_i_2/O
                         net (fo=5, unplaced)         0.272     2.967    cmpi0/buffer2_outs[11]
                         LUT6 (Prop_lut6_I5_O)        0.043     3.010 r  cmpi0/i__i_47/O
                         net (fo=1, unplaced)         0.459     3.469    cmpi0/i__i_47_n_0
                         CARRY4 (Prop_carry4_DI[1]_CO[3])
                                                      0.245     3.714 r  cmpi0/i__i_27/CO[3]
                         net (fo=1, unplaced)         0.000     3.714    cmpi0/i__i_27_n_0
                         CARRY4 (Prop_carry4_CI_CO[3])
                                                      0.050     3.764 r  cmpi0/i__i_14/CO[3]
                         net (fo=1, unplaced)         0.000     3.764    cmpi0/i__i_14_n_0
                         CARRY4 (Prop_carry4_CI_CO[3])
                                                      0.050     3.814 f  cmpi0/i__i_11/CO[3]
                         net (fo=14, unplaced)        0.639     4.453    buffer8/fifo/result[0]
                         LUT3 (Prop_lut3_I0_O)        0.043     4.496 f  buffer8/fifo/ctrlEnd_ready_i_2/O
                         net (fo=12, unplaced)        0.292     4.788    control_merge2/tehb/control/transmitValue_reg_34
                         LUT6 (Prop_lut6_I2_O)        0.043     4.831 r  control_merge2/tehb/control/dataReg[31]_i_8/O
                         net (fo=19, unplaced)        0.303     5.134    control_merge2/tehb/control/dataReg_reg[0]
                         LUT5 (Prop_lut5_I4_O)        0.043     5.177 f  control_merge2/tehb/control/dataReg[31]_i_7__0/O
                         net (fo=90, unplaced)        0.341     5.518    control_merge2/tehb/control/transmitValue_reg_0
                         LUT3 (Prop_lut3_I1_O)        0.043     5.561 f  control_merge2/tehb/control/fullReg_i_2__3/O
                         net (fo=9, unplaced)         0.285     5.846    fork12/control/generateBlocks[1].regblock/buffer4_outs_valid
                         LUT5 (Prop_lut5_I3_O)        0.043     5.889 r  fork12/control/generateBlocks[1].regblock/transmitValue_i_2__6/O
                         net (fo=2, unplaced)         0.716     6.605    fork12/control/generateBlocks[1].regblock/transmitValue_i_2__6_n_0
                         LUT6 (Prop_lut6_I1_O)        0.043     6.648 f  fork12/control/generateBlocks[1].regblock/fullReg_i_4__5/O
                         net (fo=16, unplaced)        0.298     6.946    control_merge2/tehb/control/transmitValue_reg_23
                         LUT6 (Prop_lut6_I1_O)        0.043     6.989 r  control_merge2/tehb/control/dataReg[31]_i_1/O
                         net (fo=32, unplaced)        0.317     7.306    buffer11/E[0]
                         FDRE                                         r  buffer11/dataReg_reg[0]/CE
  -------------------------------------------------------------------    -------------------

                         (clock clk rise edge)       14.200    14.200 r  
                                                      0.000    14.200 r  clk (IN)
                         net (fo=1467, unset)         0.483    14.683    buffer11/clk
                         FDRE                                         r  buffer11/dataReg_reg[0]/C
                         clock pessimism              0.000    14.683    
                         clock uncertainty           -0.035    14.647    
                         FDRE (Setup_fdre_C_CE)      -0.192    14.455    buffer11/dataReg_reg[0]
  -------------------------------------------------------------------
                         required time                         14.455    
                         arrival time                          -7.306    
  -------------------------------------------------------------------
                         slack                                  7.149    




