INFO: [Timing 38-91] UpdateTimingParams: Speed grade: -3, Delay Type: max.
INFO: [Timing 38-191] Multithreading enabled for timing update using a maximum of 8 CPUs
INFO: [Timing 38-35] Done setting XDC timing constraints.
WARNING: [Timing 38-242] The property HD.CLK_SRC of clock port "clk" is not set. In out-of-context mode, this prevents timing estimation for clock delay/skew
Resolution: Set the HD.CLK_SRC property of the out-of-context port to the location of the clock buffer instance in the top-level design
INFO: [Timing 38-78] ReportTimingParams: -max_paths 1 -nworst 1 -delay_type max -sort_by slack.
Copyright 1986-2022 Xilinx, Inc. All Rights Reserved. Copyright 2022-2024 Advanced Micro Devices, Inc. All Rights Reserved.
---------------------------------------------------------------------------------------------------------------------------------------------
| Tool Version : Vivado v.2024.2 (lin64) Build 5239630 Fri Nov 08 22:34:34 MST 2024
| Date         : Tue Dec 16 00:53:18 2025
| Host         : lap-inf133 running 64-bit Ubuntu 24.04.3 LTS
| Command      : report_timing
| Design       : triangular
| Device       : 7k160t-fbg484
| Speed File   : -3  PRODUCTION 1.12 2017-02-17
| Design State : Synthesized
---------------------------------------------------------------------------------------------------------------------------------------------

Timing Report

Slack (MET) :             4.285ns  (required time - arrival time)
  Source:                 buffer24/fifo/Memory_reg[0][2]/C
                            (rising edge-triggered cell FDRE clocked by clk  {rise@0.000ns fall@6.850ns period=13.700ns})
  Destination:            buffer21/dataReg_reg[0]/CE
                            (rising edge-triggered cell FDRE clocked by clk  {rise@0.000ns fall@6.850ns period=13.700ns})
  Path Group:             clk
  Path Type:              Setup (Max at Slow Process Corner)
  Requirement:            13.700ns  (clk rise@13.700ns - clk rise@0.000ns)
  Data Path Delay:        9.162ns  (logic 1.730ns (18.882%)  route 7.432ns (81.118%))
  Logic Levels:           23  (CARRY4=7 LUT3=2 LUT4=1 LUT5=5 LUT6=8)
  Clock Path Skew:        -0.025ns (DCD - SCD + CPR)
    Destination Clock Delay (DCD):    0.483ns = ( 14.183 - 13.700 ) 
    Source Clock Delay      (SCD):    0.508ns
    Clock Pessimism Removal (CPR):    0.000ns
  Clock Uncertainty:      0.035ns  ((TSJ^2 + TIJ^2)^1/2 + DJ) / 2 + PE
    Total System Jitter     (TSJ):    0.071ns
    Total Input Jitter      (TIJ):    0.000ns
    Discrete Jitter          (DJ):    0.000ns
    Phase Error              (PE):    0.000ns

    Location             Delay type                Incr(ns)  Path(ns)    Netlist Resource(s)
  -------------------------------------------------------------------    -------------------
                         (clock clk rise edge)        0.000     0.000 r  
                                                      0.000     0.000 r  clk (IN)
                         net (fo=966, unset)          0.508     0.508    buffer24/fifo/clk
                         FDRE                                         r  buffer24/fifo/Memory_reg[0][2]/C
  -------------------------------------------------------------------    -------------------
                         FDRE (Prop_fdre_C_Q)         0.226     0.734 r  buffer24/fifo/Memory_reg[0][2]/Q
                         net (fo=1, unplaced)         0.416     1.150    buffer24/fifo/Memory_reg[0]_0[2]
                         LUT5 (Prop_lut5_I0_O)        0.119     1.269 r  buffer24/fifo/x_loadEn_INST_0_i_94/O
                         net (fo=2, unplaced)         0.388     1.657    cmpi1/buffer24_outs[2]
                         LUT6 (Prop_lut6_I0_O)        0.043     1.700 r  cmpi1/x_loadEn_INST_0_i_66/O
                         net (fo=1, unplaced)         0.459     2.159    cmpi1/x_loadEn_INST_0_i_66_n_0
                         CARRY4 (Prop_carry4_DI[1]_CO[3])
                                                      0.245     2.404 r  cmpi1/x_loadEn_INST_0_i_38/CO[3]
                         net (fo=1, unplaced)         0.007     2.411    cmpi1/x_loadEn_INST_0_i_38_n_0
                         CARRY4 (Prop_carry4_CI_CO[3])
                                                      0.050     2.461 r  cmpi1/x_loadEn_INST_0_i_13/CO[3]
                         net (fo=1, unplaced)         0.000     2.461    cmpi1/x_loadEn_INST_0_i_13_n_0
                         CARRY4 (Prop_carry4_CI_CO[3])
                                                      0.050     2.511 r  cmpi1/x_loadEn_INST_0_i_4/CO[3]
                         net (fo=1, unplaced)         0.000     2.511    cmpi1/x_loadEn_INST_0_i_4_n_0
                         CARRY4 (Prop_carry4_CI_CO[3])
                                                      0.050     2.561 f  cmpi1/x_loadEn_INST_0_i_3/CO[3]
                         net (fo=46, unplaced)        0.668     3.229    control_merge0/tehb/control/Memory_reg[0][0][0]
                         LUT6 (Prop_lut6_I2_O)        0.043     3.272 r  control_merge0/tehb/control/n_ready_INST_0_i_3/O
                         net (fo=8, unplaced)         0.415     3.687    buffer3/fifo/control_merge0_index
                         LUT5 (Prop_lut5_I1_O)        0.043     3.730 r  buffer3/fifo/fullReg_i_2__0/O
                         net (fo=49, unplaced)        0.326     4.056    buffer12/control/p_2_in
                         LUT6 (Prop_lut6_I4_O)        0.043     4.099 r  buffer12/control/dataReg[10]_i_1/O
                         net (fo=2, unplaced)         0.255     4.354    buffer6/control/D[3]
                         LUT3 (Prop_lut3_I0_O)        0.043     4.397 r  buffer6/control/outs[10]_i_2/O
                         net (fo=5, unplaced)         0.405     4.802    cmpi0/buffer6_outs[10]
                         LUT6 (Prop_lut6_I0_O)        0.043     4.845 r  cmpi0/i__i_57/O
                         net (fo=1, unplaced)         0.459     5.304    cmpi0/i__i_57_n_0
                         CARRY4 (Prop_carry4_DI[1]_CO[3])
                                                      0.245     5.549 r  cmpi0/i__i_35/CO[3]
                         net (fo=1, unplaced)         0.000     5.549    cmpi0/i__i_35_n_0
                         CARRY4 (Prop_carry4_CI_CO[3])
                                                      0.050     5.599 r  cmpi0/i__i_22/CO[3]
                         net (fo=1, unplaced)         0.000     5.599    cmpi0/i__i_22_n_0
                         CARRY4 (Prop_carry4_CI_CO[3])
                                                      0.050     5.649 f  cmpi0/i__i_12/CO[3]
                         net (fo=19, unplaced)        0.647     6.296    buffer10/fifo/result[0]
                         LUT3 (Prop_lut3_I0_O)        0.043     6.339 f  buffer10/fifo/ctrlEnd_ready_i_2/O
                         net (fo=7, unplaced)         0.279     6.618    buffer10/fifo/Empty_reg_2
                         LUT6 (Prop_lut6_I0_O)        0.043     6.661 r  buffer10/fifo/transmitValue_i_3__13/O
                         net (fo=10, unplaced)        0.287     6.948    control_merge2/tehb/control/Memory_reg[0][0]
                         LUT5 (Prop_lut5_I2_O)        0.043     6.991 r  control_merge2/tehb/control/i___6_i_5/O
                         net (fo=25, unplaced)        0.309     7.300    control_merge2/tehb/control/fullReg_reg_1
                         LUT5 (Prop_lut5_I2_O)        0.043     7.343 f  control_merge2/tehb/control/outputValid_i_2/O
                         net (fo=13, unplaced)        0.294     7.637    fork12/control/generateBlocks[4].regblock/p_2_in
                         LUT5 (Prop_lut5_I1_O)        0.043     7.680 f  fork12/control/generateBlocks[4].regblock/transmitValue_i_3__11/O
                         net (fo=2, unplaced)         0.255     7.935    fork12/control/generateBlocks[4].regblock/transmitValue_i_3__11_n_0
                         LUT6 (Prop_lut6_I3_O)        0.043     7.978 r  fork12/control/generateBlocks[4].regblock/fullReg_i_6/O
                         net (fo=1, unplaced)         0.705     8.683    fork12/control/generateBlocks[4].regblock/blockStopArray[4]
                         LUT6 (Prop_lut6_I1_O)        0.043     8.726 r  fork12/control/generateBlocks[4].regblock/fullReg_i_4/O
                         net (fo=3, unplaced)         0.262     8.988    buffer8/control/anyBlockStop
                         LUT4 (Prop_lut4_I3_O)        0.043     9.031 f  buffer8/control/fullReg_i_3__3/O
                         net (fo=7, unplaced)         0.279     9.310    buffer20/control/transmitValue_reg
                         LUT6 (Prop_lut6_I2_O)        0.043     9.353 r  buffer20/control/dataReg[31]_i_1/O
                         net (fo=32, unplaced)        0.317     9.670    buffer21/E[0]
                         FDRE                                         r  buffer21/dataReg_reg[0]/CE
  -------------------------------------------------------------------    -------------------

                         (clock clk rise edge)       13.700    13.700 r  
                                                      0.000    13.700 r  clk (IN)
                         net (fo=966, unset)          0.483    14.183    buffer21/clk
                         FDRE                                         r  buffer21/dataReg_reg[0]/C
                         clock pessimism              0.000    14.183    
                         clock uncertainty           -0.035    14.147    
                         FDRE (Setup_fdre_C_CE)      -0.192    13.955    buffer21/dataReg_reg[0]
  -------------------------------------------------------------------
                         required time                         13.955    
                         arrival time                          -9.670    
  -------------------------------------------------------------------
                         slack                                  4.285    




report_timing: Time (s): cpu = 00:00:05 ; elapsed = 00:00:05 . Memory (MB): peak = 2565.891 ; gain = 101.812 ; free physical = 40842 ; free virtual = 217292
