INFO: [Timing 38-91] UpdateTimingParams: Speed grade: -3, Delay Type: max.
INFO: [Timing 38-191] Multithreading enabled for timing update using a maximum of 8 CPUs
INFO: [Timing 38-35] Done setting XDC timing constraints.
WARNING: [Timing 38-242] The property HD.CLK_SRC of clock port "clk" is not set. In out-of-context mode, this prevents timing estimation for clock delay/skew
Resolution: Set the HD.CLK_SRC property of the out-of-context port to the location of the clock buffer instance in the top-level design
INFO: [Timing 38-78] ReportTimingParams: -max_paths 1 -nworst 1 -delay_type max -sort_by slack.
Copyright 1986-2022 Xilinx, Inc. All Rights Reserved. Copyright 2022-2024 Advanced Micro Devices, Inc. All Rights Reserved.
---------------------------------------------------------------------------------------------------------------------------------------------
| Tool Version : Vivado v.2024.2 (lin64) Build 5239630 Fri Nov 08 22:34:34 MST 2024
| Date         : Tue Dec 16 06:49:39 2025
| Host         : lap-inf133 running 64-bit Ubuntu 24.04.3 LTS
| Command      : report_timing
| Design       : atax
| Device       : 7k160t-fbg484
| Speed File   : -3  PRODUCTION 1.12 2017-02-17
| Design State : Synthesized
---------------------------------------------------------------------------------------------------------------------------------------------

Timing Report

Slack (VIOLATED) :        -4.373ns  (required time - arrival time)
  Source:                 mulf0/operator/sigProdExt_c2_reg[20]/C
                            (rising edge-triggered cell FDRE clocked by clk  {rise@0.000ns fall@2.100ns period=4.200ns})
  Destination:            addf0/operator/RightShifterComponent/level4_c1_reg[10]/R
                            (rising edge-triggered cell FDRE clocked by clk  {rise@0.000ns fall@2.100ns period=4.200ns})
  Path Group:             clk
  Path Type:              Setup (Max at Slow Process Corner)
  Requirement:            4.200ns  (clk rise@4.200ns - clk rise@0.000ns)
  Data Path Delay:        8.218ns  (logic 2.388ns (29.058%)  route 5.830ns (70.942%))
  Logic Levels:           24  (CARRY4=10 LUT4=5 LUT5=2 LUT6=7)
  Clock Path Skew:        -0.025ns (DCD - SCD + CPR)
    Destination Clock Delay (DCD):    0.483ns = ( 4.683 - 4.200 ) 
    Source Clock Delay      (SCD):    0.508ns
    Clock Pessimism Removal (CPR):    0.000ns
  Clock Uncertainty:      0.035ns  ((TSJ^2 + TIJ^2)^1/2 + DJ) / 2 + PE
    Total System Jitter     (TSJ):    0.071ns
    Total Input Jitter      (TIJ):    0.000ns
    Discrete Jitter          (DJ):    0.000ns
    Phase Error              (PE):    0.000ns

    Location             Delay type                Incr(ns)  Path(ns)    Netlist Resource(s)
  -------------------------------------------------------------------    -------------------
                         (clock clk rise edge)        0.000     0.000 r  
                                                      0.000     0.000 r  clk (IN)
                         net (fo=2905, unset)         0.508     0.508    mulf0/operator/clk
                         FDRE                                         r  mulf0/operator/sigProdExt_c2_reg[20]/C
  -------------------------------------------------------------------    -------------------
                         FDRE (Prop_fdre_C_Q)         0.226     0.734 r  mulf0/operator/sigProdExt_c2_reg[20]/Q
                         net (fo=1, unplaced)         0.501     1.235    mulf0/operator/sigProdExt_c2[20]
                         LUT6 (Prop_lut6_I0_O)        0.119     1.354 r  mulf0/operator/level5_c1[6]_i_10/O
                         net (fo=1, unplaced)         0.244     1.598    mulf0/operator/level5_c1[6]_i_10_n_0
                         LUT6 (Prop_lut6_I3_O)        0.043     1.641 r  mulf0/operator/level5_c1[6]_i_6/O
                         net (fo=1, unplaced)         0.244     1.885    mulf0/operator/level5_c1[6]_i_6_n_0
                         LUT5 (Prop_lut5_I1_O)        0.043     1.928 r  mulf0/operator/level5_c1[6]_i_5/O
                         net (fo=1, unplaced)         0.000     1.928    mulf0/operator/RoundingAdder/S[0]
                         CARRY4 (Prop_carry4_S[0]_CO[3])
                                                      0.238     2.166 r  mulf0/operator/RoundingAdder/level5_c1_reg[6]_i_4/CO[3]
                         net (fo=1, unplaced)         0.007     2.173    mulf0/operator/RoundingAdder/level5_c1_reg[6]_i_4_n_0
                         CARRY4 (Prop_carry4_CI_CO[3])
                                                      0.050     2.223 r  mulf0/operator/RoundingAdder/level4_c1_reg[9]_i_6/CO[3]
                         net (fo=1, unplaced)         0.000     2.223    mulf0/operator/RoundingAdder/level4_c1_reg[9]_i_6_n_0
                         CARRY4 (Prop_carry4_CI_CO[3])
                                                      0.050     2.273 r  mulf0/operator/RoundingAdder/level4_c1_reg[9]_i_7/CO[3]
                         net (fo=1, unplaced)         0.000     2.273    mulf0/operator/RoundingAdder/level4_c1_reg[9]_i_7_n_0
                         CARRY4 (Prop_carry4_CI_CO[3])
                                                      0.050     2.323 r  mulf0/operator/RoundingAdder/level4_c1_reg[2]_i_4/CO[3]
                         net (fo=1, unplaced)         0.000     2.323    mulf0/operator/RoundingAdder/level4_c1_reg[2]_i_4_n_0
                         CARRY4 (Prop_carry4_CI_CO[3])
                                                      0.050     2.373 r  mulf0/operator/RoundingAdder/level4_c1_reg[6]_i_4/CO[3]
                         net (fo=1, unplaced)         0.000     2.373    mulf0/operator/RoundingAdder/level4_c1_reg[6]_i_4_n_0
                         CARRY4 (Prop_carry4_CI_CO[3])
                                                      0.050     2.423 r  mulf0/operator/RoundingAdder/i__carry_i_10/CO[3]
                         net (fo=1, unplaced)         0.000     2.423    mulf0/operator/RoundingAdder/i__carry_i_10_n_0
                         CARRY4 (Prop_carry4_CI_O[3])
                                                      0.154     2.577 r  mulf0/operator/RoundingAdder/ltOp_carry__2_i_17/O[3]
                         net (fo=5, unplaced)         0.443     3.020    mulf0/operator/RoundingAdder/ip_result__0[27]
                         LUT4 (Prop_lut4_I1_O)        0.120     3.140 r  mulf0/operator/RoundingAdder/level4_c1[9]_i_10/O
                         net (fo=1, unplaced)         0.244     3.384    mulf0/operator/RoundingAdder/level4_c1[9]_i_10_n_0
                         LUT5 (Prop_lut5_I4_O)        0.043     3.427 r  mulf0/operator/RoundingAdder/level4_c1[9]_i_9/O
                         net (fo=33, unplaced)        0.316     3.743    mulf0/operator/RoundingAdder/level4_c1[9]_i_9_n_0
                         LUT4 (Prop_lut4_I3_O)        0.047     3.790 r  mulf0/operator/RoundingAdder/level4_c1[25]_i_22/O
                         net (fo=1, unplaced)         0.705     4.495    mulf0/operator/RoundingAdder/mulf0_result[1]
                         LUT6 (Prop_lut6_I1_O)        0.043     4.538 r  mulf0/operator/RoundingAdder/level4_c1[25]_i_20/O
                         net (fo=1, unplaced)         0.244     4.782    mulf0/operator/RoundingAdder/level4_c1[25]_i_20_n_0
                         LUT6 (Prop_lut6_I5_O)        0.043     4.825 f  mulf0/operator/RoundingAdder/level4_c1[25]_i_12/O
                         net (fo=1, unplaced)         0.244     5.069    mulf0/operator/RoundingAdder/addf0/ieee2nfloat_1/eqOp__21
                         LUT6 (Prop_lut6_I5_O)        0.043     5.112 r  mulf0/operator/RoundingAdder/level4_c1[25]_i_6/O
                         net (fo=6, unplaced)         0.276     5.388    buffer11/control/excExpFracY_c0[16]
                         LUT4 (Prop_lut4_I3_O)        0.043     5.431 r  buffer11/control/ltOp_carry__2_i_22/O
                         net (fo=1, unplaced)         0.244     5.675    mulf0/operator/RoundingAdder/ltOp_carry__2
                         LUT6 (Prop_lut6_I5_O)        0.043     5.718 r  mulf0/operator/RoundingAdder/ltOp_carry__2_i_5/O
                         net (fo=1, unplaced)         0.000     5.718    addf0/operator/ltOp_carry__3_1[3]
                         CARRY4 (Prop_carry4_S[3]_CO[3])
                                                      0.173     5.891 r  addf0/operator/ltOp_carry__2/CO[3]
                         net (fo=1, unplaced)         0.000     5.891    addf0/operator/ltOp_carry__2_n_0
                         CARRY4 (Prop_carry4_CI_CO[0])
                                                      0.135     6.026 r  addf0/operator/ltOp_carry__3/CO[0]
                         net (fo=91, unplaced)        0.269     6.295    buffer11/control/CO[0]
                         LUT4 (Prop_lut4_I3_O)        0.127     6.422 r  buffer11/control/i__carry_i_3__0/O
                         net (fo=1, unplaced)         0.459     6.881    addf0/operator/p_1_in[1]
                         CARRY4 (Prop_carry4_DI[1]_O[3])
                                                      0.292     7.173 r  addf0/operator/_inferred__1/i__carry/O[3]
                         net (fo=2, unplaced)         0.515     7.688    addf0/operator/RightShifterComponent/O[3]
                         LUT6 (Prop_lut6_I0_O)        0.120     7.808 r  addf0/operator/RightShifterComponent/level4_c1[25]_i_3/O
                         net (fo=6, unplaced)         0.276     8.084    mulf0/operator/RoundingAdder/ps_c1_reg[4]
                         LUT4 (Prop_lut4_I0_O)        0.043     8.127 r  mulf0/operator/RoundingAdder/level4_c1[25]_i_1/O
                         net (fo=16, unplaced)        0.599     8.726    addf0/operator/RightShifterComponent/level4_c1_reg[25]_0
                         FDRE                                         r  addf0/operator/RightShifterComponent/level4_c1_reg[10]/R
  -------------------------------------------------------------------    -------------------

                         (clock clk rise edge)        4.200     4.200 r  
                                                      0.000     4.200 r  clk (IN)
                         net (fo=2905, unset)         0.483     4.683    addf0/operator/RightShifterComponent/clk
                         FDRE                                         r  addf0/operator/RightShifterComponent/level4_c1_reg[10]/C
                         clock pessimism              0.000     4.683    
                         clock uncertainty           -0.035     4.647    
                         FDRE (Setup_fdre_C_R)       -0.294     4.353    addf0/operator/RightShifterComponent/level4_c1_reg[10]
  -------------------------------------------------------------------
                         required time                          4.353    
                         arrival time                          -8.726    
  -------------------------------------------------------------------
                         slack                                 -4.373    




