INFO: [Timing 38-91] UpdateTimingParams: Speed grade: -3, Delay Type: max.
INFO: [Timing 38-191] Multithreading enabled for timing update using a maximum of 8 CPUs
INFO: [Timing 38-35] Done setting XDC timing constraints.
WARNING: [Timing 38-242] The property HD.CLK_SRC of clock port "clk" is not set. In out-of-context mode, this prevents timing estimation for clock delay/skew
Resolution: Set the HD.CLK_SRC property of the out-of-context port to the location of the clock buffer instance in the top-level design
INFO: [Timing 38-78] ReportTimingParams: -max_paths 1 -nworst 1 -delay_type max -sort_by slack.
Copyright 1986-2022 Xilinx, Inc. All Rights Reserved. Copyright 2022-2024 Advanced Micro Devices, Inc. All Rights Reserved.
---------------------------------------------------------------------------------------------------------------------------------------------
| Tool Version : Vivado v.2024.2 (lin64) Build 5239630 Fri Nov 08 22:34:34 MST 2024
| Date         : Tue Dec 16 12:49:34 2025
| Host         : lap-inf133 running 64-bit Ubuntu 24.04.3 LTS
| Command      : report_timing
| Design       : histogram
| Device       : 7k160t-fbg484
| Speed File   : -3  PRODUCTION 1.12 2017-02-17
| Design State : Synthesized
---------------------------------------------------------------------------------------------------------------------------------------------

Timing Report

Slack (VIOLATED) :        -1.635ns  (required time - arrival time)
  Source:                 buffer7/outs_reg[2]/C
                            (rising edge-triggered cell FDRE clocked by clk  {rise@0.000ns fall@2.850ns period=5.700ns})
  Destination:            buffer10/dataReg_reg[0]/CE
                            (rising edge-triggered cell FDRE clocked by clk  {rise@0.000ns fall@2.850ns period=5.700ns})
  Path Group:             clk
  Path Type:              Setup (Max at Slow Process Corner)
  Requirement:            5.700ns  (clk rise@5.700ns - clk rise@0.000ns)
  Data Path Delay:        7.082ns  (logic 1.753ns (24.753%)  route 5.329ns (75.247%))
  Logic Levels:           20  (CARRY4=7 LUT3=2 LUT4=1 LUT5=1 LUT6=9)
  Clock Path Skew:        -0.025ns (DCD - SCD + CPR)
    Destination Clock Delay (DCD):    0.483ns = ( 6.183 - 5.700 ) 
    Source Clock Delay      (SCD):    0.508ns
    Clock Pessimism Removal (CPR):    0.000ns
  Clock Uncertainty:      0.035ns  ((TSJ^2 + TIJ^2)^1/2 + DJ) / 2 + PE
    Total System Jitter     (TSJ):    0.071ns
    Total Input Jitter      (TIJ):    0.000ns
    Discrete Jitter          (DJ):    0.000ns
    Phase Error              (PE):    0.000ns

    Location             Delay type                Incr(ns)  Path(ns)    Netlist Resource(s)
  -------------------------------------------------------------------    -------------------
                         (clock clk rise edge)        0.000     0.000 r  
                                                      0.000     0.000 r  clk (IN)
                         net (fo=1191, unset)         0.508     0.508    buffer7/clk
                         FDRE                                         r  buffer7/outs_reg[2]/C
  -------------------------------------------------------------------    -------------------
                         FDRE (Prop_fdre_C_Q)         0.226     0.734 f  buffer7/outs_reg[2]/Q
                         net (fo=6, unplaced)         0.420     1.154    buffer8/control/Q[2]
                         LUT3 (Prop_lut3_I0_O)        0.119     1.273 f  buffer8/control/dataReg[2]_i_1/O
                         net (fo=4, unplaced)         0.401     1.674    cmpi0/buffer8_outs[2]
                         LUT6 (Prop_lut6_I3_O)        0.043     1.717 r  cmpi0/feature_loadEn_INST_0_i_65/O
                         net (fo=1, unplaced)         0.459     2.176    cmpi0/feature_loadEn_INST_0_i_65_n_0
                         CARRY4 (Prop_carry4_DI[1]_CO[3])
                                                      0.245     2.421 r  cmpi0/feature_loadEn_INST_0_i_38/CO[3]
                         net (fo=1, unplaced)         0.007     2.428    cmpi0/feature_loadEn_INST_0_i_38_n_0
                         CARRY4 (Prop_carry4_CI_CO[3])
                                                      0.050     2.478 r  cmpi0/feature_loadEn_INST_0_i_13/CO[3]
                         net (fo=1, unplaced)         0.000     2.478    cmpi0/feature_loadEn_INST_0_i_13_n_0
                         CARRY4 (Prop_carry4_CI_CO[3])
                                                      0.050     2.528 r  cmpi0/feature_loadEn_INST_0_i_4/CO[3]
                         net (fo=1, unplaced)         0.000     2.528    cmpi0/feature_loadEn_INST_0_i_4_n_0
                         CARRY4 (Prop_carry4_CI_CO[3])
                                                      0.050     2.578 f  cmpi0/feature_loadEn_INST_0_i_2/CO[3]
                         net (fo=55, unplaced)        0.673     3.251    init0/control/result[0]
                         LUT5 (Prop_lut5_I2_O)        0.043     3.294 f  init0/control/Memory[1][0]_i_2__5/O
                         net (fo=32, unplaced)        0.315     3.609    init0/control/dataReg_reg[0]
                         LUT6 (Prop_lut6_I0_O)        0.043     3.652 f  init0/control/Memory[0][31]_i_4/O
                         net (fo=38, unplaced)        0.319     3.971    buffer11/fifo/p_2_in
                         LUT4 (Prop_lut4_I3_O)        0.043     4.014 r  buffer11/fifo/Memory[2][0]_i_43/O
                         net (fo=1, unplaced)         0.377     4.391    cmpi2/Memory_reg[2][0]_i_8_3
                         LUT6 (Prop_lut6_I1_O)        0.043     4.434 r  cmpi2/Memory[2][0]_i_23/O
                         net (fo=1, unplaced)         0.000     4.434    cmpi2/Memory[2][0]_i_23_n_0
                         CARRY4 (Prop_carry4_S[1]_CO[3])
                                                      0.246     4.680 r  cmpi2/Memory_reg[2][0]_i_8/CO[3]
                         net (fo=1, unplaced)         0.007     4.687    cmpi2/Memory_reg[2][0]_i_8_n_0
                         CARRY4 (Prop_carry4_CI_CO[3])
                                                      0.050     4.737 r  cmpi2/Memory_reg[2][0]_i_4/CO[3]
                         net (fo=1, unplaced)         0.000     4.737    cmpi2/Memory_reg[2][0]_i_4_n_0
                         CARRY4 (Prop_carry4_CI_CO[2])
                                                      0.122     4.859 f  cmpi2/Memory_reg[2][0]_i_2/CO[2]
                         net (fo=6, unplaced)         0.276     5.135    buffer46/fifo/result[0]
                         LUT3 (Prop_lut3_I0_O)        0.122     5.257 f  buffer46/fifo/Head[1]_i_5__2/O
                         net (fo=2, unplaced)         0.255     5.512    buffer46/fifo/buffer46_outs
                         LUT6 (Prop_lut6_I4_O)        0.043     5.555 f  buffer46/fifo/Head[1]_i_2/O
                         net (fo=13, unplaced)        0.294     5.849    buffer46/fifo/Empty_reg_0
                         LUT6 (Prop_lut6_I3_O)        0.043     5.892 r  buffer46/fifo/transmitValue_i_2__23/O
                         net (fo=5, unplaced)         0.272     6.164    buffer18/fifo/anyBlockStop_13
                         LUT6 (Prop_lut6_I4_O)        0.043     6.207 r  buffer18/fifo/transmitValue_i_3__9/O
                         net (fo=2, unplaced)         0.255     6.462    buffer29/fifo/fullReg_i_3__0_0
                         LUT6 (Prop_lut6_I2_O)        0.043     6.505 f  buffer29/fifo/fullReg_i_7__0/O
                         net (fo=1, unplaced)         0.377     6.882    fork6/control/generateBlocks[7].regblock/fork6_outs_7_ready
                         LUT6 (Prop_lut6_I2_O)        0.043     6.925 r  fork6/control/generateBlocks[7].regblock/fullReg_i_3__0/O
                         net (fo=21, unplaced)        0.305     7.230    buffer10/control/anyBlockStop
                         LUT6 (Prop_lut6_I2_O)        0.043     7.273 r  buffer10/control/dataReg[31]_i_1__0/O
                         net (fo=32, unplaced)        0.317     7.590    buffer10/control_n_9
                         FDRE                                         r  buffer10/dataReg_reg[0]/CE
  -------------------------------------------------------------------    -------------------

                         (clock clk rise edge)        5.700     5.700 r  
                                                      0.000     5.700 r  clk (IN)
                         net (fo=1191, unset)         0.483     6.183    buffer10/clk
                         FDRE                                         r  buffer10/dataReg_reg[0]/C
                         clock pessimism              0.000     6.183    
                         clock uncertainty           -0.035     6.147    
                         FDRE (Setup_fdre_C_CE)      -0.192     5.955    buffer10/dataReg_reg[0]
  -------------------------------------------------------------------
                         required time                          5.955    
                         arrival time                          -7.590    
  -------------------------------------------------------------------
                         slack                                 -1.635    




