INFO: [Timing 38-91] UpdateTimingParams: Speed grade: -3, Delay Type: max.
INFO: [Timing 38-191] Multithreading enabled for timing update using a maximum of 8 CPUs
INFO: [Timing 38-35] Done setting XDC timing constraints.
WARNING: [Timing 38-242] The property HD.CLK_SRC of clock port "clk" is not set. In out-of-context mode, this prevents timing estimation for clock delay/skew
Resolution: Set the HD.CLK_SRC property of the out-of-context port to the location of the clock buffer instance in the top-level design
INFO: [Timing 38-78] ReportTimingParams: -max_paths 1 -nworst 1 -delay_type max -sort_by slack.
Copyright 1986-2022 Xilinx, Inc. All Rights Reserved. Copyright 2022-2024 Advanced Micro Devices, Inc. All Rights Reserved.
---------------------------------------------------------------------------------------------------------------------------------------------
| Tool Version : Vivado v.2024.2 (lin64) Build 5239630 Fri Nov 08 22:34:34 MST 2024
| Date         : Tue Dec 16 00:43:04 2025
| Host         : lap-inf133 running 64-bit Ubuntu 24.04.3 LTS
| Command      : report_timing
| Design       : matrix_power
| Device       : 7k160t-fbg484
| Speed File   : -3  PRODUCTION 1.12 2017-02-17
| Design State : Synthesized
---------------------------------------------------------------------------------------------------------------------------------------------

Timing Report

Slack (VIOLATED) :        -0.260ns  (required time - arrival time)
  Source:                 fork1/control/generateBlocks[1].regblock/transmitValue_reg/C
                            (rising edge-triggered cell FDSE clocked by clk  {rise@0.000ns fall@1.600ns period=3.200ns})
  Destination:            buffer23/outs_reg[0]/CE
                            (rising edge-triggered cell FDRE clocked by clk  {rise@0.000ns fall@1.600ns period=3.200ns})
  Path Group:             clk
  Path Type:              Setup (Max at Slow Process Corner)
  Requirement:            3.200ns  (clk rise@3.200ns - clk rise@0.000ns)
  Data Path Delay:        3.207ns  (logic 0.603ns (18.803%)  route 2.604ns (81.197%))
  Logic Levels:           7  (LUT4=1 LUT5=1 LUT6=5)
  Clock Path Skew:        -0.025ns (DCD - SCD + CPR)
    Destination Clock Delay (DCD):    0.483ns = ( 3.683 - 3.200 ) 
    Source Clock Delay      (SCD):    0.508ns
    Clock Pessimism Removal (CPR):    0.000ns
  Clock Uncertainty:      0.035ns  ((TSJ^2 + TIJ^2)^1/2 + DJ) / 2 + PE
    Total System Jitter     (TSJ):    0.071ns
    Total Input Jitter      (TIJ):    0.000ns
    Discrete Jitter          (DJ):    0.000ns
    Phase Error              (PE):    0.000ns

    Location             Delay type                Incr(ns)  Path(ns)    Netlist Resource(s)
  -------------------------------------------------------------------    -------------------
                         (clock clk rise edge)        0.000     0.000 r  
                                                      0.000     0.000 r  clk (IN)
                         net (fo=581, unset)          0.508     0.508    fork1/control/generateBlocks[1].regblock/clk
                         FDSE                                         r  fork1/control/generateBlocks[1].regblock/transmitValue_reg/C
  -------------------------------------------------------------------    -------------------
                         FDSE (Prop_fdse_C_Q)         0.226     0.734 r  fork1/control/generateBlocks[1].regblock/transmitValue_reg/Q
                         net (fo=2, unplaced)         0.512     1.246    buffer26/control/transmitValue_16
                         LUT6 (Prop_lut6_I0_O)        0.119     1.365 f  buffer26/control/transmitValue_i_4__2/O
                         net (fo=1, unplaced)         0.377     1.742    buffer26/control/transmitValue_i_4__2_n_0
                         LUT6 (Prop_lut6_I1_O)        0.043     1.785 f  buffer26/control/transmitValue_i_2__18/O
                         net (fo=5, unplaced)         0.362     2.147    buffer26/control/fullReg_reg
                         LUT6 (Prop_lut6_I1_O)        0.043     2.190 f  buffer26/control/transmitValue_i_10/O
                         net (fo=2, unplaced)         0.255     2.445    buffer0/fifo/transmitValue_reg
                         LUT4 (Prop_lut4_I2_O)        0.043     2.488 f  buffer0/fifo/transmitValue_i_4__0/O
                         net (fo=2, unplaced)         0.255     2.743    control_merge1/tehb/control/transmitValue_reg_14
                         LUT6 (Prop_lut6_I5_O)        0.043     2.786 f  control_merge1/tehb/control/transmitValue_i_3__0/O
                         net (fo=4, unplaced)         0.268     3.054    buffer24/control/transmitValue_reg_9
                         LUT5 (Prop_lut5_I4_O)        0.043     3.097 r  buffer24/control/transmitValue_i_3/O
                         net (fo=13, unplaced)        0.294     3.391    control_merge1/fork_valid/generateBlocks[1].regblock/outputValid_reg_1
                         LUT6 (Prop_lut6_I2_O)        0.043     3.434 r  control_merge1/fork_valid/generateBlocks[1].regblock/outs[5]_i_1__0/O
                         net (fo=7, unplaced)         0.281     3.715    buffer23/E[0]
                         FDRE                                         r  buffer23/outs_reg[0]/CE
  -------------------------------------------------------------------    -------------------

                         (clock clk rise edge)        3.200     3.200 r  
                                                      0.000     3.200 r  clk (IN)
                         net (fo=581, unset)          0.483     3.683    buffer23/clk
                         FDRE                                         r  buffer23/outs_reg[0]/C
                         clock pessimism              0.000     3.683    
                         clock uncertainty           -0.035     3.647    
                         FDRE (Setup_fdre_C_CE)      -0.192     3.455    buffer23/outs_reg[0]
  -------------------------------------------------------------------
                         required time                          3.455    
                         arrival time                          -3.715    
  -------------------------------------------------------------------
                         slack                                 -0.260    




