INFO: [Timing 38-91] UpdateTimingParams: Speed grade: -3, Delay Type: max.
INFO: [Timing 38-191] Multithreading enabled for timing update using a maximum of 8 CPUs
INFO: [Timing 38-35] Done setting XDC timing constraints.
WARNING: [Timing 38-242] The property HD.CLK_SRC of clock port "clk" is not set. In out-of-context mode, this prevents timing estimation for clock delay/skew
Resolution: Set the HD.CLK_SRC property of the out-of-context port to the location of the clock buffer instance in the top-level design
INFO: [Timing 38-78] ReportTimingParams: -max_paths 1 -nworst 1 -delay_type max -sort_by slack.
Copyright 1986-2022 Xilinx, Inc. All Rights Reserved. Copyright 2022-2024 Advanced Micro Devices, Inc. All Rights Reserved.
---------------------------------------------------------------------------------------------------------------------------------------------
| Tool Version : Vivado v.2024.2 (lin64) Build 5239630 Fri Nov 08 22:34:34 MST 2024
| Date         : Tue Dec 16 16:32:07 2025
| Host         : lap-inf133 running 64-bit Ubuntu 24.04.3 LTS
| Command      : report_timing
| Design       : kernel_3mm
| Device       : 7k160t-fbg484
| Speed File   : -3  PRODUCTION 1.12 2017-02-17
| Design State : Synthesized
---------------------------------------------------------------------------------------------------------------------------------------------

Timing Report

Slack (VIOLATED) :        -0.919ns  (required time - arrival time)
  Source:                 lsq4/handshake_lsq_lsq4_core/ldq_alloc_1_q_reg/C
                            (rising edge-triggered cell FDCE clocked by clk  {rise@0.000ns fall@2.625ns period=5.250ns})
  Destination:            lsq4/handshake_lsq_lsq4_core/stq_data_7_q_reg[0]/R
                            (rising edge-triggered cell FDRE clocked by clk  {rise@0.000ns fall@2.625ns period=5.250ns})
  Path Group:             clk
  Path Type:              Setup (Max at Slow Process Corner)
  Requirement:            5.250ns  (clk rise@5.250ns - clk rise@0.000ns)
  Data Path Delay:        5.814ns  (logic 1.749ns (30.083%)  route 4.065ns (69.917%))
  Logic Levels:           15  (CARRY4=7 LUT2=2 LUT4=1 LUT5=1 LUT6=4)
  Clock Path Skew:        -0.025ns (DCD - SCD + CPR)
    Destination Clock Delay (DCD):    0.483ns = ( 5.733 - 5.250 ) 
    Source Clock Delay      (SCD):    0.508ns
    Clock Pessimism Removal (CPR):    0.000ns
  Clock Uncertainty:      0.035ns  ((TSJ^2 + TIJ^2)^1/2 + DJ) / 2 + PE
    Total System Jitter     (TSJ):    0.071ns
    Total Input Jitter      (TIJ):    0.000ns
    Discrete Jitter          (DJ):    0.000ns
    Phase Error              (PE):    0.000ns

    Location             Delay type                Incr(ns)  Path(ns)    Netlist Resource(s)
  -------------------------------------------------------------------    -------------------
                         (clock clk rise edge)        0.000     0.000 r  
                                                      0.000     0.000 r  clk (IN)
                         net (fo=3781, unset)         0.508     0.508    lsq4/handshake_lsq_lsq4_core/clk
                         FDCE                                         r  lsq4/handshake_lsq_lsq4_core/ldq_alloc_1_q_reg/C
  -------------------------------------------------------------------    -------------------
                         FDCE (Prop_fdce_C_Q)         0.226     0.734 r  lsq4/handshake_lsq_lsq4_core/ldq_alloc_1_q_reg/Q
                         net (fo=21, unplaced)        0.477     1.211    lsq4/handshake_lsq_lsq4_core/ldq_alloc_1_q
                         LUT5 (Prop_lut5_I0_O)        0.119     1.330 r  lsq4/handshake_lsq_lsq4_core/ldq_alloc_3_q_i_23/O
                         net (fo=1, unplaced)         0.000     1.330    lsq4/handshake_lsq_lsq4_core/ldq_alloc_3_q_i_23_n_0
                         CARRY4 (Prop_carry4_S[1]_CO[3])
                                                      0.246     1.576 r  lsq4/handshake_lsq_lsq4_core/ldq_alloc_3_q_reg_i_6/CO[3]
                         net (fo=1, unplaced)         0.007     1.583    lsq4/handshake_lsq_lsq4_core/ldq_alloc_3_q_reg_i_6_n_0
                         CARRY4 (Prop_carry4_CI_CO[3])
                                                      0.050     1.633 r  lsq4/handshake_lsq_lsq4_core/dataReg_reg[31]_i_7/CO[3]
                         net (fo=1, unplaced)         0.000     1.633    lsq4/handshake_lsq_lsq4_core/dataReg_reg[31]_i_7_n_0
                         CARRY4 (Prop_carry4_CI_O[3])
                                                      0.154     1.787 f  lsq4/handshake_lsq_lsq4_core/ldq_alloc_3_q_reg_i_5__0/O[3]
                         net (fo=1, unplaced)         0.456     2.243    lsq4/handshake_lsq_lsq4_core/handshake_lsq_lsq4_core_ldd_dispatcher/TEMP_1_double_out_01[11]
                         LUT4 (Prop_lut4_I0_O)        0.120     2.363 r  lsq4/handshake_lsq_lsq4_core/ldq_alloc_3_q_i_3__0/O
                         net (fo=35, unplaced)        0.450     2.813    lsq4/handshake_lsq_lsq4_core/ldq_alloc_3_q_i_3__0_n_0
                         LUT6 (Prop_lut6_I0_O)        0.043     2.856 r  lsq4/handshake_lsq_lsq4_core/i___0_i_3/O
                         net (fo=1, unplaced)         0.244     3.100    lsq4/handshake_lsq_lsq4_core/i___0_i_3_n_0
                         LUT6 (Prop_lut6_I5_O)        0.043     3.143 r  lsq4/handshake_lsq_lsq4_core/i___0_i_1/O
                         net (fo=2, unplaced)         0.255     3.398    lsq4/handshake_lsq_lsq4_core/lsq4_ldData_0_valid
                         LUT2 (Prop_lut2_I0_O)        0.043     3.441 r  lsq4/handshake_lsq_lsq4_core/i___0_i_2__0/O
                         net (fo=19, unplaced)        0.303     3.744    lsq4/handshake_lsq_lsq4_core/fullReg_reg
                         LUT6 (Prop_lut6_I4_O)        0.043     3.787 r  lsq4/handshake_lsq_lsq4_core/stq_data_1_q[31]_i_3__0/O
                         net (fo=3, unplaced)         0.477     4.264    lsq4/handshake_lsq_lsq4_core/handshake_lsq_lsq4_core_std_dispatcher/entry_port_options_1_1
                         CARRY4 (Prop_carry4_DI[1]_CO[3])
                                                      0.245     4.509 r  lsq4/handshake_lsq_lsq4_core/stq_data_0_q_reg[31]_i_4__0/CO[3]
                         net (fo=1, unplaced)         0.007     4.516    lsq4/handshake_lsq_lsq4_core/stq_data_0_q_reg[31]_i_4__0_n_0
                         CARRY4 (Prop_carry4_CI_CO[3])
                                                      0.050     4.566 r  lsq4/handshake_lsq_lsq4_core/stq_data_4_q_reg[31]_i_3__0/CO[3]
                         net (fo=1, unplaced)         0.000     4.566    lsq4/handshake_lsq_lsq4_core/stq_data_4_q_reg[31]_i_3__0_n_0
                         CARRY4 (Prop_carry4_CI_CO[3])
                                                      0.050     4.616 r  lsq4/handshake_lsq_lsq4_core/stq_data_0_q_reg[31]_i_7__0/CO[3]
                         net (fo=1, unplaced)         0.000     4.616    lsq4/handshake_lsq_lsq4_core/stq_data_0_q_reg[31]_i_7__0_n_0
                         CARRY4 (Prop_carry4_CI_O[3])
                                                      0.154     4.770 f  lsq4/handshake_lsq_lsq4_core/stq_data_4_q_reg[31]_i_6__0/O[3]
                         net (fo=1, unplaced)         0.456     5.226    lsq4/handshake_lsq_lsq4_core/handshake_lsq_lsq4_core_std_dispatcher/TEMP_11_double_out_110_out[15]
                         LUT6 (Prop_lut6_I3_O)        0.120     5.346 r  lsq4/handshake_lsq_lsq4_core/stq_data_7_q[31]_i_2__0/O
                         net (fo=34, unplaced)        0.317     5.663    lsq4/handshake_lsq_lsq4_core/stq_data_wen_7
                         LUT2 (Prop_lut2_I0_O)        0.043     5.706 r  lsq4/handshake_lsq_lsq4_core/stq_data_7_q[31]_i_1__0/O
                         net (fo=32, unplaced)        0.616     6.322    lsq4/handshake_lsq_lsq4_core/stq_data_7_q[31]_i_1__0_n_0
                         FDRE                                         r  lsq4/handshake_lsq_lsq4_core/stq_data_7_q_reg[0]/R
  -------------------------------------------------------------------    -------------------

                         (clock clk rise edge)        5.250     5.250 r  
                                                      0.000     5.250 r  clk (IN)
                         net (fo=3781, unset)         0.483     5.733    lsq4/handshake_lsq_lsq4_core/clk
                         FDRE                                         r  lsq4/handshake_lsq_lsq4_core/stq_data_7_q_reg[0]/C
                         clock pessimism              0.000     5.733    
                         clock uncertainty           -0.035     5.697    
                         FDRE (Setup_fdre_C_R)       -0.294     5.403    lsq4/handshake_lsq_lsq4_core/stq_data_7_q_reg[0]
  -------------------------------------------------------------------
                         required time                          5.403    
                         arrival time                          -6.322    
  -------------------------------------------------------------------
                         slack                                 -0.919    




