INFO: [Timing 38-91] UpdateTimingParams: Speed grade: -3, Delay Type: max.
INFO: [Timing 38-191] Multithreading enabled for timing update using a maximum of 8 CPUs
WARNING: [Timing 38-242] The property HD.CLK_SRC of clock port "clk" is not set. In out-of-context mode, this prevents timing estimation for clock delay/skew
Resolution: Set the HD.CLK_SRC property of the out-of-context port to the location of the clock buffer instance in the top-level design
INFO: [Timing 38-78] ReportTimingParams: -max_paths 1 -nworst 1 -delay_type max -sort_by slack.
Copyright 1986-2022 Xilinx, Inc. All Rights Reserved. Copyright 2022-2024 Advanced Micro Devices, Inc. All Rights Reserved.
---------------------------------------------------------------------------------------------------------------------------------------------
| Tool Version : Vivado v.2024.2 (lin64) Build 5239630 Fri Nov 08 22:34:34 MST 2024
| Date         : Tue Dec 16 01:50:30 2025
| Host         : lap-inf133 running 64-bit Ubuntu 24.04.3 LTS
| Command      : report_timing
| Design       : gaussian
| Device       : 7k160t-fbg484
| Speed File   : -3  PRODUCTION 1.12 2017-02-17
| Design State : Routed
---------------------------------------------------------------------------------------------------------------------------------------------

Timing Report

Slack (MET) :             0.123ns  (required time - arrival time)
  Source:                 fork24/control/generateBlocks[3].regblock/transmitValue_reg/C
                            (rising edge-triggered cell FDSE clocked by clk  {rise@0.000ns fall@1.775ns period=3.550ns})
  Destination:            buffer15/dataReg_reg[0]/CE
                            (rising edge-triggered cell FDRE clocked by clk  {rise@0.000ns fall@1.775ns period=3.550ns})
  Path Group:             clk
  Path Type:              Setup (Max at Slow Process Corner)
  Requirement:            3.550ns  (clk rise@3.550ns - clk rise@0.000ns)
  Data Path Delay:        3.173ns  (logic 0.517ns (16.295%)  route 2.656ns (83.705%))
  Logic Levels:           7  (LUT3=1 LUT5=1 LUT6=5)
  Clock Path Skew:        -0.025ns (DCD - SCD + CPR)
    Destination Clock Delay (DCD):    0.483ns = ( 4.033 - 3.550 ) 
    Source Clock Delay      (SCD):    0.508ns
    Clock Pessimism Removal (CPR):    0.000ns
  Clock Uncertainty:      0.035ns  ((TSJ^2 + TIJ^2)^1/2 + DJ) / 2 + PE
    Total System Jitter     (TSJ):    0.071ns
    Total Input Jitter      (TIJ):    0.000ns
    Discrete Jitter          (DJ):    0.000ns
    Phase Error              (PE):    0.000ns

    Location             Delay type                Incr(ns)  Path(ns)    Netlist Resource(s)
  -------------------------------------------------------------------    -------------------
                         (clock clk rise edge)        0.000     0.000 r  
                                                      0.000     0.000 r  clk (IN)
                         net (fo=934, unset)          0.508     0.508    fork24/control/generateBlocks[3].regblock/clk
    SLICE_X4Y141         FDSE                                         r  fork24/control/generateBlocks[3].regblock/transmitValue_reg/C
  -------------------------------------------------------------------    -------------------
    SLICE_X4Y141         FDSE (Prop_fdse_C_Q)         0.216     0.724 f  fork24/control/generateBlocks[3].regblock/transmitValue_reg/Q
                         net (fo=10, routed)          0.561     1.285    buffer28/fifo/transmitValue_4
    SLICE_X2Y141         LUT6 (Prop_lut6_I1_O)        0.043     1.328 r  buffer28/fifo/i___0_i_6/O
                         net (fo=4, routed)           0.403     1.732    buffer28/fifo/i___0_i_6_n_0
    SLICE_X4Y138         LUT5 (Prop_lut5_I4_O)        0.043     1.775 f  buffer28/fifo/i___0_i_4/O
                         net (fo=3, routed)           0.394     2.169    buffer13/Empty_reg_0
    SLICE_X6Y136         LUT6 (Prop_lut6_I3_O)        0.043     2.212 f  buffer13/Empty_i_2__2/O
                         net (fo=4, routed)           0.250     2.463    fork9/control/generateBlocks[5].regblock/transmitValue_reg_3
    SLICE_X4Y137         LUT3 (Prop_lut3_I2_O)        0.043     2.506 r  fork9/control/generateBlocks[5].regblock/transmitValue_i_2__4/O
                         net (fo=2, routed)           0.383     2.888    fork9/control/generateBlocks[3].regblock/transmitValue_i_3__28_2
    SLICE_X6Y138         LUT6 (Prop_lut6_I5_O)        0.043     2.931 r  fork9/control/generateBlocks[3].regblock/transmitValue_i_9/O
                         net (fo=2, routed)           0.292     3.223    fork9/control/generateBlocks[3].regblock/transmitValue_reg_0
    SLICE_X7Y137         LUT6 (Prop_lut6_I1_O)        0.043     3.266 f  fork9/control/generateBlocks[3].regblock/fullReg_i_3__10/O
                         net (fo=6, routed)           0.182     3.448    buffer15/control/outs_reg[0]_0
    SLICE_X4Y137         LUT6 (Prop_lut6_I5_O)        0.043     3.491 r  buffer15/control/dataReg[6]_i_1__0/O
                         net (fo=7, routed)           0.190     3.681    buffer15/regEnable
    SLICE_X7Y136         FDRE                                         r  buffer15/dataReg_reg[0]/CE
  -------------------------------------------------------------------    -------------------

                         (clock clk rise edge)        3.550     3.550 r  
                                                      0.000     3.550 r  clk (IN)
                         net (fo=934, unset)          0.483     4.033    buffer15/clk
    SLICE_X7Y136         FDRE                                         r  buffer15/dataReg_reg[0]/C
                         clock pessimism              0.000     4.033    
                         clock uncertainty           -0.035     3.997    
    SLICE_X7Y136         FDRE (Setup_fdre_C_CE)      -0.194     3.803    buffer15/dataReg_reg[0]
  -------------------------------------------------------------------
                         required time                          3.803    
                         arrival time                          -3.681    
  -------------------------------------------------------------------
                         slack                                  0.123    




