INFO: [Timing 38-91] UpdateTimingParams: Speed grade: -3, Delay Type: max.
INFO: [Timing 38-191] Multithreading enabled for timing update using a maximum of 8 CPUs
INFO: [Timing 38-35] Done setting XDC timing constraints.
WARNING: [Timing 38-242] The property HD.CLK_SRC of clock port "clk" is not set. In out-of-context mode, this prevents timing estimation for clock delay/skew
Resolution: Set the HD.CLK_SRC property of the out-of-context port to the location of the clock buffer instance in the top-level design
INFO: [Timing 38-78] ReportTimingParams: -max_paths 1 -nworst 1 -delay_type max -sort_by slack.
Copyright 1986-2022 Xilinx, Inc. All Rights Reserved. Copyright 2022-2024 Advanced Micro Devices, Inc. All Rights Reserved.
---------------------------------------------------------------------------------------------------------------------------------------------
| Tool Version : Vivado v.2024.2 (lin64) Build 5239630 Fri Nov 08 22:34:34 MST 2024
| Date         : Tue Dec 16 00:51:58 2025
| Host         : lap-inf133 running 64-bit Ubuntu 24.04.3 LTS
| Command      : report_timing
| Design       : triangular
| Device       : 7k160t-fbg484
| Speed File   : -3  PRODUCTION 1.12 2017-02-17
| Design State : Synthesized
---------------------------------------------------------------------------------------------------------------------------------------------

Timing Report

Slack (MET) :             4.964ns  (required time - arrival time)
  Source:                 buffer24/fifo/Memory_reg[0][2]/C
                            (rising edge-triggered cell FDRE clocked by clk  {rise@0.000ns fall@7.100ns period=14.200ns})
  Destination:            buffer20/dataReg_reg[0]/CE
                            (rising edge-triggered cell FDRE clocked by clk  {rise@0.000ns fall@7.100ns period=14.200ns})
  Path Group:             clk
  Path Type:              Setup (Max at Slow Process Corner)
  Requirement:            14.200ns  (clk rise@14.200ns - clk rise@0.000ns)
  Data Path Delay:        8.983ns  (logic 1.687ns (18.780%)  route 7.296ns (81.220%))
  Logic Levels:           22  (CARRY4=7 LUT3=2 LUT4=1 LUT5=3 LUT6=9)
  Clock Path Skew:        -0.025ns (DCD - SCD + CPR)
    Destination Clock Delay (DCD):    0.483ns = ( 14.683 - 14.200 ) 
    Source Clock Delay      (SCD):    0.508ns
    Clock Pessimism Removal (CPR):    0.000ns
  Clock Uncertainty:      0.035ns  ((TSJ^2 + TIJ^2)^1/2 + DJ) / 2 + PE
    Total System Jitter     (TSJ):    0.071ns
    Total Input Jitter      (TIJ):    0.000ns
    Discrete Jitter          (DJ):    0.000ns
    Phase Error              (PE):    0.000ns

    Location             Delay type                Incr(ns)  Path(ns)    Netlist Resource(s)
  -------------------------------------------------------------------    -------------------
                         (clock clk rise edge)        0.000     0.000 r  
                                                      0.000     0.000 r  clk (IN)
                         net (fo=966, unset)          0.508     0.508    buffer24/fifo/clk
                         FDRE                                         r  buffer24/fifo/Memory_reg[0][2]/C
  -------------------------------------------------------------------    -------------------
                         FDRE (Prop_fdre_C_Q)         0.226     0.734 r  buffer24/fifo/Memory_reg[0][2]/Q
                         net (fo=1, unplaced)         0.416     1.150    buffer24/fifo/Memory_reg[0]_0[2]
                         LUT5 (Prop_lut5_I0_O)        0.119     1.269 r  buffer24/fifo/minusOp_carry_i_99/O
                         net (fo=2, unplaced)         0.388     1.657    cmpi1/buffer24_outs[2]
                         LUT6 (Prop_lut6_I0_O)        0.043     1.700 r  cmpi1/minusOp_carry_i_71/O
                         net (fo=1, unplaced)         0.459     2.159    cmpi1/minusOp_carry_i_71_n_0
                         CARRY4 (Prop_carry4_DI[1]_CO[3])
                                                      0.245     2.404 r  cmpi1/minusOp_carry_i_43/CO[3]
                         net (fo=1, unplaced)         0.007     2.411    cmpi1/minusOp_carry_i_43_n_0
                         CARRY4 (Prop_carry4_CI_CO[3])
                                                      0.050     2.461 r  cmpi1/minusOp_carry_i_18/CO[3]
                         net (fo=1, unplaced)         0.000     2.461    cmpi1/minusOp_carry_i_18_n_0
                         CARRY4 (Prop_carry4_CI_CO[3])
                                                      0.050     2.511 r  cmpi1/minusOp_carry_i_9/CO[3]
                         net (fo=1, unplaced)         0.000     2.511    cmpi1/minusOp_carry_i_9_n_0
                         CARRY4 (Prop_carry4_CI_CO[3])
                                                      0.050     2.561 f  cmpi1/minusOp_carry_i_6/CO[3]
                         net (fo=51, unplaced)        0.671     3.232    control_merge0/tehb/control/Memory_reg[0][0][0]
                         LUT6 (Prop_lut6_I2_O)        0.043     3.275 r  control_merge0/tehb/control/n_ready_INST_0_i_3/O
                         net (fo=8, unplaced)         0.415     3.690    buffer3/fifo/control_merge0_index
                         LUT5 (Prop_lut5_I1_O)        0.043     3.733 r  buffer3/fifo/fullReg_i_2__0/O
                         net (fo=49, unplaced)        0.326     4.059    buffer12/control/p_2_in
                         LUT6 (Prop_lut6_I4_O)        0.043     4.102 r  buffer12/control/dataReg[10]_i_1/O
                         net (fo=2, unplaced)         0.255     4.357    buffer4/control/D[3]
                         LUT3 (Prop_lut3_I0_O)        0.043     4.400 r  buffer4/control/outs[10]_i_2/O
                         net (fo=5, unplaced)         0.405     4.805    cmpi0/buffer4_outs[10]
                         LUT6 (Prop_lut6_I0_O)        0.043     4.848 r  cmpi0/i__i_62/O
                         net (fo=1, unplaced)         0.459     5.307    cmpi0/i__i_62_n_0
                         CARRY4 (Prop_carry4_DI[1]_CO[3])
                                                      0.245     5.552 r  cmpi0/i__i_38/CO[3]
                         net (fo=1, unplaced)         0.000     5.552    cmpi0/i__i_38_n_0
                         CARRY4 (Prop_carry4_CI_CO[3])
                                                      0.050     5.602 r  cmpi0/i__i_21/CO[3]
                         net (fo=1, unplaced)         0.000     5.602    cmpi0/i__i_21_n_0
                         CARRY4 (Prop_carry4_CI_CO[3])
                                                      0.050     5.652 f  cmpi0/i__i_11/CO[3]
                         net (fo=20, unplaced)        0.648     6.300    buffer10/fifo/result[0]
                         LUT3 (Prop_lut3_I0_O)        0.043     6.343 f  buffer10/fifo/ctrlEnd_ready_i_2/O
                         net (fo=9, unplaced)         0.285     6.628    buffer10/fifo/Empty_reg_2
                         LUT6 (Prop_lut6_I0_O)        0.043     6.671 r  buffer10/fifo/transmitValue_i_3__13/O
                         net (fo=14, unplaced)        0.295     6.966    control_merge2/tehb/control/Memory_reg[0][0]_2
                         LUT5 (Prop_lut5_I2_O)        0.043     7.009 r  control_merge2/tehb/control/i___5_i_5/O
                         net (fo=22, unplaced)        0.439     7.448    control_merge2/tehb/control/fullReg_reg_1
                         LUT6 (Prop_lut6_I1_O)        0.043     7.491 f  control_merge2/tehb/control/Memory[0][6]_i_3/O
                         net (fo=10, unplaced)        0.265     7.756    control_merge2/tehb/control/transmitValue_reg_0
                         LUT6 (Prop_lut6_I2_O)        0.043     7.799 r  control_merge2/tehb/control/fullReg_i_8/O
                         net (fo=1, unplaced)         0.705     8.504    fork12/control/generateBlocks[6].regblock/fullReg_i_3__4[2]
                         LUT6 (Prop_lut6_I1_O)        0.043     8.547 r  fork12/control/generateBlocks[6].regblock/fullReg_i_5/O
                         net (fo=3, unplaced)         0.262     8.809    buffer8/control/anyBlockStop
                         LUT4 (Prop_lut4_I3_O)        0.043     8.852 f  buffer8/control/fullReg_i_3__4/O
                         net (fo=7, unplaced)         0.279     9.131    buffer17/control/transmitValue_reg
                         LUT6 (Prop_lut6_I2_O)        0.043     9.174 r  buffer17/control/dataReg[31]_i_1/O
                         net (fo=32, unplaced)        0.317     9.491    buffer20/E[0]
                         FDRE                                         r  buffer20/dataReg_reg[0]/CE
  -------------------------------------------------------------------    -------------------

                         (clock clk rise edge)       14.200    14.200 r  
                                                      0.000    14.200 r  clk (IN)
                         net (fo=966, unset)          0.483    14.683    buffer20/clk
                         FDRE                                         r  buffer20/dataReg_reg[0]/C
                         clock pessimism              0.000    14.683    
                         clock uncertainty           -0.035    14.647    
                         FDRE (Setup_fdre_C_CE)      -0.192    14.455    buffer20/dataReg_reg[0]
  -------------------------------------------------------------------
                         required time                         14.455    
                         arrival time                          -9.491    
  -------------------------------------------------------------------
                         slack                                  4.964    




report_timing: Time (s): cpu = 00:00:06 ; elapsed = 00:00:05 . Memory (MB): peak = 2569.254 ; gain = 104.812 ; free physical = 41182 ; free virtual = 217763
