INFO: [Timing 38-91] UpdateTimingParams: Speed grade: -3, Delay Type: max.
INFO: [Timing 38-191] Multithreading enabled for timing update using a maximum of 8 CPUs
WARNING: [Timing 38-242] The property HD.CLK_SRC of clock port "clk" is not set. In out-of-context mode, this prevents timing estimation for clock delay/skew
Resolution: Set the HD.CLK_SRC property of the out-of-context port to the location of the clock buffer instance in the top-level design
INFO: [Timing 38-78] ReportTimingParams: -max_paths 1 -nworst 1 -delay_type max -sort_by slack.
Copyright 1986-2022 Xilinx, Inc. All Rights Reserved. Copyright 2022-2024 Advanced Micro Devices, Inc. All Rights Reserved.
---------------------------------------------------------------------------------------------------------------------------------------------
| Tool Version : Vivado v.2024.2 (lin64) Build 5239630 Fri Nov 08 22:34:34 MST 2024
| Date         : Tue Dec 16 15:37:35 2025
| Host         : lap-inf133 running 64-bit Ubuntu 24.04.3 LTS
| Command      : report_timing
| Design       : bicg
| Device       : 7k160t-fbg484
| Speed File   : -3  PRODUCTION 1.12 2017-02-17
| Design State : Routed
---------------------------------------------------------------------------------------------------------------------------------------------

Timing Report

Slack (MET) :             3.904ns  (required time - arrival time)
  Source:                 buffer6/outs_reg[0]/C
                            (rising edge-triggered cell FDRE clocked by clk  {rise@0.000ns fall@5.600ns period=11.200ns})
  Destination:            lsq2/handshake_lsq_lsq2_core/ldq_addr_2_q_reg[0]/CE
                            (rising edge-triggered cell FDRE clocked by clk  {rise@0.000ns fall@5.600ns period=11.200ns})
  Path Group:             clk
  Path Type:              Setup (Max at Slow Process Corner)
  Requirement:            11.200ns  (clk rise@11.200ns - clk rise@0.000ns)
  Data Path Delay:        6.958ns  (logic 1.483ns (21.314%)  route 5.475ns (78.686%))
  Logic Levels:           13  (CARRY4=3 LUT3=3 LUT4=1 LUT5=2 LUT6=4)
  Clock Path Skew:        -0.025ns (DCD - SCD + CPR)
    Destination Clock Delay (DCD):    0.483ns = ( 11.683 - 11.200 ) 
    Source Clock Delay      (SCD):    0.508ns
    Clock Pessimism Removal (CPR):    0.000ns
  Clock Uncertainty:      0.035ns  ((TSJ^2 + TIJ^2)^1/2 + DJ) / 2 + PE
    Total System Jitter     (TSJ):    0.071ns
    Total Input Jitter      (TIJ):    0.000ns
    Discrete Jitter          (DJ):    0.000ns
    Phase Error              (PE):    0.000ns

    Location             Delay type                Incr(ns)  Path(ns)    Netlist Resource(s)
  -------------------------------------------------------------------    -------------------
                         (clock clk rise edge)        0.000     0.000 r  
                                                      0.000     0.000 r  clk (IN)
                         net (fo=1791, unset)         0.508     0.508    buffer6/clk
    SLICE_X25Y77         FDRE                                         r  buffer6/outs_reg[0]/C
  -------------------------------------------------------------------    -------------------
    SLICE_X25Y77         FDRE (Prop_fdre_C_Q)         0.216     0.724 r  buffer6/outs_reg[0]/Q
                         net (fo=7, routed)           0.724     1.448    buffer7/control/Q[0]
    SLICE_X23Y77         LUT3 (Prop_lut3_I2_O)        0.043     1.491 r  buffer7/control/Memory[1][0]_i_1/O
                         net (fo=14, routed)          0.468     1.959    buffer7/control/dataReg_reg[0]
    SLICE_X24Y79         LUT6 (Prop_lut6_I0_O)        0.043     2.002 f  buffer7/control/result0_carry_i_9/O
                         net (fo=1, routed)           0.254     2.256    buffer7/control/result0_carry_i_9_n_0
    SLICE_X25Y79         LUT6 (Prop_lut6_I3_O)        0.043     2.299 r  buffer7/control/result0_carry_i_2/O
                         net (fo=1, routed)           0.251     2.549    cmpi0/DI[1]
    SLICE_X25Y78         CARRY4 (Prop_carry4_DI[1]_CO[3])
                                                      0.242     2.791 r  cmpi0/result0_carry/CO[3]
                         net (fo=26, routed)          0.587     3.378    buffer29/fifo/CO[0]
    SLICE_X35Y82         LUT6 (Prop_lut6_I2_O)        0.043     3.421 r  buffer29/fifo/fullReg_i_4__4/O
                         net (fo=6, routed)           0.425     3.846    buffer29/fifo/Empty_reg_1
    SLICE_X36Y82         LUT5 (Prop_lut5_I2_O)        0.051     3.897 r  buffer29/fifo/start_ready_INST_0_i_3/O
                         net (fo=2, routed)           0.514     4.411    control_merge0/tehb/control/start_ready_INST_0_i_1
    SLICE_X36Y82         LUT6 (Prop_lut6_I2_O)        0.129     4.540 f  control_merge0/tehb/control/start_ready_INST_0_i_2/O
                         net (fo=3, routed)           0.219     4.759    control_merge0/tehb/control/dataReg_reg[0]_0
    SLICE_X37Y82         LUT3 (Prop_lut3_I1_O)        0.043     4.802 f  control_merge0/tehb/control/outs[5]_i_6/O
                         net (fo=15, routed)          0.351     5.153    fork1/control/generateBlocks[0].regblock/fullReg_reg
    SLICE_X38Y85         LUT4 (Prop_lut4_I1_O)        0.047     5.200 f  fork1/control/generateBlocks[0].regblock/ldq_addr_3_q[4]_i_3__0/O
                         net (fo=30, routed)          0.489     5.689    lsq2/handshake_lsq_lsq2_core/handshake_lsq_lsq2_core_lda_dispatcher/ldq_addr_valid_3_q_reg_0
    SLICE_X33Y89         LUT3 (Prop_lut3_I2_O)        0.127     5.816 r  lsq2/handshake_lsq_lsq2_core/handshake_lsq_lsq2_core_lda_dispatcher/TEMP_8_double_out_01_carry_i_1/O
                         net (fo=1, routed)           0.332     6.148    lsq2/handshake_lsq_lsq2_core/handshake_lsq_lsq2_core_lda_dispatcher/TEMP_8_double_out_01_carry_i_1_n_0
    SLICE_X32Y89         CARRY4 (Prop_carry4_DI[3]_CO[3])
                                                      0.184     6.332 r  lsq2/handshake_lsq_lsq2_core/handshake_lsq_lsq2_core_lda_dispatcher/TEMP_8_double_out_01_carry/CO[3]
                         net (fo=1, routed)           0.000     6.332    lsq2/handshake_lsq_lsq2_core/handshake_lsq_lsq2_core_lda_dispatcher/TEMP_8_double_out_01_carry_n_0
    SLICE_X32Y90         CARRY4 (Prop_carry4_CI_O[3])
                                                      0.145     6.477 f  lsq2/handshake_lsq_lsq2_core/handshake_lsq_lsq2_core_lda_dispatcher/TEMP_8_double_out_01_carry__0/O[3]
                         net (fo=2, routed)           0.352     6.829    lsq2/handshake_lsq_lsq2_core/handshake_lsq_lsq2_core_lda_dispatcher/TEMP_8_double_out_01_carry__0_n_4
    SLICE_X33Y89         LUT5 (Prop_lut5_I3_O)        0.127     6.956 r  lsq2/handshake_lsq_lsq2_core/handshake_lsq_lsq2_core_lda_dispatcher/ldq_addr_2_q[4]_i_1/O
                         net (fo=5, routed)           0.510     7.466    lsq2/handshake_lsq_lsq2_core/ldq_addr_wen_2
    SLICE_X39Y95         FDRE                                         r  lsq2/handshake_lsq_lsq2_core/ldq_addr_2_q_reg[0]/CE
  -------------------------------------------------------------------    -------------------

                         (clock clk rise edge)       11.200    11.200 r  
                                                      0.000    11.200 r  clk (IN)
                         net (fo=1791, unset)         0.483    11.683    lsq2/handshake_lsq_lsq2_core/clk
    SLICE_X39Y95         FDRE                                         r  lsq2/handshake_lsq_lsq2_core/ldq_addr_2_q_reg[0]/C
                         clock pessimism              0.000    11.683    
                         clock uncertainty           -0.035    11.647    
    SLICE_X39Y95         FDRE (Setup_fdre_C_CE)      -0.277    11.370    lsq2/handshake_lsq_lsq2_core/ldq_addr_2_q_reg[0]
  -------------------------------------------------------------------
                         required time                         11.370    
                         arrival time                          -7.466    
  -------------------------------------------------------------------
                         slack                                  3.904    




