INFO: [Timing 38-91] UpdateTimingParams: Speed grade: -3, Delay Type: max.
INFO: [Timing 38-191] Multithreading enabled for timing update using a maximum of 8 CPUs
INFO: [Timing 38-35] Done setting XDC timing constraints.
WARNING: [Timing 38-242] The property HD.CLK_SRC of clock port "clk" is not set. In out-of-context mode, this prevents timing estimation for clock delay/skew
Resolution: Set the HD.CLK_SRC property of the out-of-context port to the location of the clock buffer instance in the top-level design
INFO: [Timing 38-78] ReportTimingParams: -max_paths 1 -nworst 1 -delay_type max -sort_by slack.
Copyright 1986-2022 Xilinx, Inc. All Rights Reserved. Copyright 2022-2024 Advanced Micro Devices, Inc. All Rights Reserved.
---------------------------------------------------------------------------------------------------------------------------------------------
| Tool Version : Vivado v.2024.2 (lin64) Build 5239630 Fri Nov 08 22:34:34 MST 2024
| Date         : Tue Dec 16 16:56:41 2025
| Host         : lap-inf133 running 64-bit Ubuntu 24.04.3 LTS
| Command      : report_timing
| Design       : histogram
| Device       : 7k160t-fbg484
| Speed File   : -3  PRODUCTION 1.12 2017-02-17
| Design State : Synthesized
---------------------------------------------------------------------------------------------------------------------------------------------

Timing Report

Slack (VIOLATED) :        -2.679ns  (required time - arrival time)
  Source:                 lsq1/handshake_lsq_lsq1_core/ldq_alloc_1_q_reg/C
                            (rising edge-triggered cell FDCE clocked by clk  {rise@0.000ns fall@2.600ns period=5.200ns})
  Destination:            addf0/operator/RightShifterComponent/level4_c1_reg[10]/R
                            (rising edge-triggered cell FDRE clocked by clk  {rise@0.000ns fall@2.600ns period=5.200ns})
  Path Group:             clk
  Path Type:              Setup (Max at Slow Process Corner)
  Requirement:            5.200ns  (clk rise@5.200ns - clk rise@0.000ns)
  Data Path Delay:        7.524ns  (logic 2.433ns (32.337%)  route 5.091ns (67.663%))
  Logic Levels:           22  (CARRY4=11 LUT2=1 LUT3=3 LUT4=1 LUT5=2 LUT6=4)
  Clock Path Skew:        -0.025ns (DCD - SCD + CPR)
    Destination Clock Delay (DCD):    0.483ns = ( 5.683 - 5.200 ) 
    Source Clock Delay      (SCD):    0.508ns
    Clock Pessimism Removal (CPR):    0.000ns
  Clock Uncertainty:      0.035ns  ((TSJ^2 + TIJ^2)^1/2 + DJ) / 2 + PE
    Total System Jitter     (TSJ):    0.071ns
    Total Input Jitter      (TIJ):    0.000ns
    Discrete Jitter          (DJ):    0.000ns
    Phase Error              (PE):    0.000ns

    Location             Delay type                Incr(ns)  Path(ns)    Netlist Resource(s)
  -------------------------------------------------------------------    -------------------
                         (clock clk rise edge)        0.000     0.000 r  
                                                      0.000     0.000 r  clk (IN)
                         net (fo=2013, unset)         0.508     0.508    lsq1/handshake_lsq_lsq1_core/clk
                         FDCE                                         r  lsq1/handshake_lsq_lsq1_core/ldq_alloc_1_q_reg/C
  -------------------------------------------------------------------    -------------------
                         FDCE (Prop_fdce_C_Q)         0.226     0.734 r  lsq1/handshake_lsq_lsq1_core/ldq_alloc_1_q_reg/Q
                         net (fo=50, unplaced)        0.498     1.232    lsq1/handshake_lsq_lsq1_core/ldq_alloc_1_q
                         LUT5 (Prop_lut5_I0_O)        0.119     1.351 r  lsq1/handshake_lsq_lsq1_core/ldq_alloc_3_q_i_7/O
                         net (fo=1, unplaced)         0.000     1.351    lsq1/handshake_lsq_lsq1_core/ldq_alloc_3_q_i_7_n_0
                         CARRY4 (Prop_carry4_S[1]_CO[3])
                                                      0.246     1.597 r  lsq1/handshake_lsq_lsq1_core/ldq_alloc_3_q_reg_i_3/CO[3]
                         net (fo=1, unplaced)         0.007     1.604    lsq1/handshake_lsq_lsq1_core/ldq_alloc_3_q_reg_i_3_n_0
                         CARRY4 (Prop_carry4_CI_CO[3])
                                                      0.050     1.654 r  lsq1/handshake_lsq_lsq1_core/ldq_alloc_7_q_reg_i_3/CO[3]
                         net (fo=1, unplaced)         0.000     1.654    lsq1/handshake_lsq_lsq1_core/ldq_alloc_7_q_reg_i_3_n_0
                         CARRY4 (Prop_carry4_CI_CO[3])
                                                      0.050     1.704 r  lsq1/handshake_lsq_lsq1_core/ldq_alloc_11_q_reg_i_3/CO[3]
                         net (fo=1, unplaced)         0.000     1.704    lsq1/handshake_lsq_lsq1_core/ldq_alloc_11_q_reg_i_3_n_0
                         CARRY4 (Prop_carry4_CI_O[3])
                                                      0.154     1.858 r  lsq1/handshake_lsq_lsq1_core/ldq_alloc_3_q_reg_i_4/O[3]
                         net (fo=4, unplaced)         0.480     2.338    lsq1/handshake_lsq_lsq1_core/ldq_alloc_3_q_reg_i_4_n_4
                         LUT3 (Prop_lut3_I0_O)        0.120     2.458 f  lsq1/handshake_lsq_lsq1_core/dataReg[31]_i_9/O
                         net (fo=33, unplaced)        0.449     2.907    lsq1/handshake_lsq_lsq1_core/dataReg[31]_i_9_n_0
                         LUT6 (Prop_lut6_I5_O)        0.043     2.950 f  lsq1/handshake_lsq_lsq1_core/dataReg[24]_i_2/O
                         net (fo=2, unplaced)         0.388     3.338    lsq1/handshake_lsq_lsq1_core/dataReg[24]_i_2_n_0
                         LUT6 (Prop_lut6_I2_O)        0.043     3.381 f  lsq1/handshake_lsq_lsq1_core/ltOp_carry__2_i_24/O
                         net (fo=10, unplaced)        0.420     3.801    lsq1/handshake_lsq_lsq1_core/dataReg_reg[24]_0
                         LUT4 (Prop_lut4_I1_O)        0.043     3.844 f  lsq1/handshake_lsq_lsq1_core/level4_c1[24]_i_9/O
                         net (fo=12, unplaced)        0.292     4.136    lsq1/handshake_lsq_lsq1_core/level4_c1[24]_i_9_n_0
                         LUT6 (Prop_lut6_I0_O)        0.043     4.179 r  lsq1/handshake_lsq_lsq1_core/level4_c1[15]_i_3/O
                         net (fo=46, unplaced)        0.324     4.503    lsq1/handshake_lsq_lsq1_core/level4_c1[15]_i_3_n_0
                         LUT3 (Prop_lut3_I1_O)        0.043     4.546 f  lsq1/handshake_lsq_lsq1_core/level4_c1[9]_i_2/O
                         net (fo=4, unplaced)         0.268     4.814    load1/data_tehb/control/ltOp_carry
                         LUT6 (Prop_lut6_I4_O)        0.043     4.857 r  load1/data_tehb/control/ltOp_carry_i_1/O
                         net (fo=1, unplaced)         0.248     5.105    addf0/operator/DI[3]
                         CARRY4 (Prop_carry4_DI[3]_CO[3])
                                                      0.187     5.292 r  addf0/operator/ltOp_carry/CO[3]
                         net (fo=1, unplaced)         0.007     5.299    addf0/operator/ltOp_carry_n_0
                         CARRY4 (Prop_carry4_CI_CO[3])
                                                      0.050     5.349 r  addf0/operator/ltOp_carry__0/CO[3]
                         net (fo=1, unplaced)         0.000     5.349    addf0/operator/ltOp_carry__0_n_0
                         CARRY4 (Prop_carry4_CI_CO[3])
                                                      0.050     5.399 r  addf0/operator/ltOp_carry__1/CO[3]
                         net (fo=1, unplaced)         0.000     5.399    addf0/operator/ltOp_carry__1_n_0
                         CARRY4 (Prop_carry4_CI_CO[3])
                                                      0.050     5.449 r  addf0/operator/ltOp_carry__2/CO[3]
                         net (fo=1, unplaced)         0.000     5.449    addf0/operator/ltOp_carry__2_n_0
                         CARRY4 (Prop_carry4_CI_CO[0])
                                                      0.135     5.584 r  addf0/operator/ltOp_carry__3/CO[0]
                         net (fo=77, unplaced)        0.265     5.849    lsq1/handshake_lsq_lsq1_core/CO[0]
                         LUT2 (Prop_lut2_I0_O)        0.131     5.980 r  lsq1/handshake_lsq_lsq1_core/i__carry_i_4/O
                         net (fo=1, unplaced)         0.000     5.980    addf0/operator/p_1_in[0]
                         CARRY4 (Prop_carry4_DI[0]_CO[3])
                                                      0.284     6.264 r  addf0/operator/_inferred__1/i__carry/CO[3]
                         net (fo=1, unplaced)         0.007     6.271    addf0/operator/_inferred__1/i__carry_n_0
                         CARRY4 (Prop_carry4_CI_O[1])
                                                      0.159     6.430 r  addf0/operator/_inferred__1/i__carry__0/O[1]
                         net (fo=7, unplaced)         0.550     6.980    lsq1/handshake_lsq_lsq1_core/level4_c1_reg[25]_0[1]
                         LUT5 (Prop_lut5_I1_O)        0.121     7.101 f  lsq1/handshake_lsq_lsq1_core/level4_c1[24]_i_6/O
                         net (fo=12, unplaced)        0.292     7.393    lsq1/handshake_lsq_lsq1_core/level4_c1[24]_i_6_n_0
                         LUT3 (Prop_lut3_I1_O)        0.043     7.436 r  lsq1/handshake_lsq_lsq1_core/level4_c1[23]_i_1/O
                         net (fo=14, unplaced)        0.596     8.032    addf0/operator/RightShifterComponent/level4_c1_reg[23]_0
                         FDRE                                         r  addf0/operator/RightShifterComponent/level4_c1_reg[10]/R
  -------------------------------------------------------------------    -------------------

                         (clock clk rise edge)        5.200     5.200 r  
                                                      0.000     5.200 r  clk (IN)
                         net (fo=2013, unset)         0.483     5.683    addf0/operator/RightShifterComponent/clk
                         FDRE                                         r  addf0/operator/RightShifterComponent/level4_c1_reg[10]/C
                         clock pessimism              0.000     5.683    
                         clock uncertainty           -0.035     5.647    
                         FDRE (Setup_fdre_C_R)       -0.294     5.353    addf0/operator/RightShifterComponent/level4_c1_reg[10]
  -------------------------------------------------------------------
                         required time                          5.353    
                         arrival time                          -8.032    
  -------------------------------------------------------------------
                         slack                                 -2.679    




