[INFO] Compiled source to affine
[INFO] Ran memory analysis
[INFO] Compiled affine to scf
[INFO] Compiled scf to cf
[INFO] Applied standard transformations to cf
[INFO] Applied Dynamatic transformations to cf
[INFO] Marked memory accesses with the corresponding interfaces in cf
[INFO] Compiled cf to handshake
[INFO] Applied transformations to handshake
[INFO] Built kernel for profiling
[INFO] Ran kernel for profiling
[INFO] Profiled cf-level
[INFO] Running smart buffer placement with CP = 15.000 and algorithm = 'cpbuf'
[INFO] Placed smart buffers
[INFO] Canonicalized handshake
[INFO] Created triangular DOT
[INFO] Converted triangular DOT to PNG
[INFO] Created triangular_CFG DOT
[INFO] Converted triangular_CFG DOT to PNG
Error: dot: can't open /beta/rouzbeh/clean/dynamatic/skip2/runs/run_2025-12-16_21-04-46/triangular-6-6/out/comp/triangular_DEP_G.dot
[INFO] Lowered to HW
[INFO] Compilation succeeded
{"addrWidth":7,"bufferDepth":0,"dataWidth":32,"fifoDepth":16,"fifoDepth_L":16,"fifoDepth_S":16,"groupMulti":0,"headLagEn":0,"indexWidth":4,"ldOrder":[[0]],"ldPortIdx":[[0]],"loadOffsets":[[0,0,0,0,0,0,0,0,0,0,0,0,0,0,0,0]],"loadPorts":[[0,0,0,0,0,0,0,0,0,0,0,0,0,0,0,0]],"master":false,"name":"handshake_lsq_lsq1","numBBs":1,"numLdChannels":1,"numLoadPorts":1,"numLoads":[1],"numStChannels":1,"numStorePorts":1,"numStores":[1],"pipe0En":0,"pipe1En":0,"pipeCompEn":0,"stPortIdx":[[0]],"stResp":0,"storeOffsets":[[1,0,0,0,0,0,0,0,0,0,0,0,0,0,0,0]],"storePorts":[[0,0,0,0,0,0,0,0,0,0,0,0,0,0,0,0]]}
{'addrWidth': 7, 'bufferDepth': 0, 'dataWidth': 32, 'fifoDepth': 16, 'fifoDepth_L': 6, 'fifoDepth_S': 6, 'groupMulti': 0, 'headLagEn': 0, 'indexWidth': 4, 'ldOrder': [[0]], 'ldPortIdx': [[0]], 'loadOffsets': [[0, 0, 0, 0, 0, 0, 0, 0, 0, 0, 0, 0, 0, 0, 0, 0]], 'loadPorts': [[0, 0, 0, 0, 0, 0, 0, 0, 0, 0, 0, 0, 0, 0, 0, 0]], 'master': False, 'name': 'handshake_lsq_lsq1', 'numBBs': 1, 'numLdChannels': 1, 'numLoadPorts': 1, 'numLoads': [1], 'numStChannels': 1, 'numStorePorts': 1, 'numStores': [1], 'pipe0En': 0, 'pipe1En': 0, 'pipeCompEn': 0, 'stPortIdx': [[0]], 'stResp': 0, 'storeOffsets': [[1, 0, 0, 0, 0, 0, 0, 0, 0, 0, 0, 0, 0, 0, 0, 0]], 'storePorts': [[0, 0, 0, 0, 0, 0, 0, 0, 0, 0, 0, 0, 0, 0, 0, 0]]}
[INFO] Exported RTL (vhdl)
[INFO] HDL generation succeeded
================================================================================
============== Dynamatic | Dynamic High-Level Synthesis Compiler ===============
======================== EPFL-LAP - v2.0.0 | March 2024 ========================
================================================================================


dynamatic> set-src skip2/runs/run_2025-12-16_21-04-46/triangular-6-6/triangular.c
dynamatic> set-clock-period 15   
dynamatic> compile --buffer-algorithm cpbuf --fork-fifo-size 15
dynamatic> write-hdl --rtl-config-name rtl-config-vhdl-triangular-6-6.json
dynamatic> exit

Goodbye!
{"addrWidth":7,"bufferDepth":0,"dataWidth":32,"fifoDepth":16,"fifoDepth_L":16,"fifoDepth_S":16,"groupMulti":0,"headLagEn":0,"indexWidth":4,"ldOrder":[[0]],"ldPortIdx":[[0]],"loadOffsets":[[0,0,0,0,0,0,0,0,0,0,0,0,0,0,0,0]],"loadPorts":[[0,0,0,0,0,0,0,0,0,0,0,0,0,0,0,0]],"master":false,"name":"handshake_lsq_lsq1","numBBs":1,"numLdChannels":1,"numLoadPorts":1,"numLoads":[1],"numStChannels":1,"numStorePorts":1,"numStores":[1],"pipe0En":0,"pipe1En":0,"pipeCompEn":0,"stPortIdx":[[0]],"stResp":0,"storeOffsets":[[1,0,0,0,0,0,0,0,0,0,0,0,0,0,0,0]],"storePorts":[[0,0,0,0,0,0,0,0,0,0,0,0,0,0,0,0]]}
{'addrWidth': 7, 'bufferDepth': 0, 'dataWidth': 32, 'fifoDepth': 16, 'fifoDepth_L': 6, 'fifoDepth_S': 6, 'groupMulti': 0, 'headLagEn': 0, 'indexWidth': 4, 'ldOrder': [[0]], 'ldPortIdx': [[0]], 'loadOffsets': [[0, 0, 0, 0, 0, 0, 0, 0, 0, 0, 0, 0, 0, 0, 0, 0]], 'loadPorts': [[0, 0, 0, 0, 0, 0, 0, 0, 0, 0, 0, 0, 0, 0, 0, 0]], 'master': False, 'name': 'handshake_lsq_lsq1', 'numBBs': 1, 'numLdChannels': 1, 'numLoadPorts': 1, 'numLoads': [1], 'numStChannels': 1, 'numStorePorts': 1, 'numStores': [1], 'pipe0En': 0, 'pipe1En': 0, 'pipeCompEn': 0, 'stPortIdx': [[0]], 'stResp': 0, 'storeOffsets': [[1, 0, 0, 0, 0, 0, 0, 0, 0, 0, 0, 0, 0, 0, 0, 0]], 'storePorts': [[0, 0, 0, 0, 0, 0, 0, 0, 0, 0, 0, 0, 0, 0, 0, 0]]}
[INFO] Exported RTL (vhdl)
[INFO] HDL generation succeeded
[INFO] Built kernel for IO gen.
[INFO] Ran kernel for IO gen.
[INFO] Launching Modelsim simulation
[INFO] Simulation succeeded
================================================================================
============== Dynamatic | Dynamic High-Level Synthesis Compiler ===============
======================== EPFL-LAP - v2.0.0 | March 2024 ========================
================================================================================


dynamatic> set-src skip2/runs/run_2025-12-16_21-04-46/triangular-6-6/triangular.c
dynamatic> write-hdl --rtl-config-name rtl-config-vhdl-triangular-6-6.json
dynamatic> simulate
dynamatic> exit

Goodbye!
Initial BASELINE Cycles: None
buffer0 ----> 0
buffer0      max_len = 0
buffer1 ----> 1
buffer1      max_len = 1
buffer2 ----> 0
buffer2      max_len = 0
buffer3 ----> 1
buffer3      max_len = 1
buffer4 ----> 0
buffer4      max_len = 0
buffer5 ----> 0
buffer5      max_len = 0
buffer6 ----> 0
buffer6      max_len = 0
buffer7 ----> 1
buffer7      max_len = 1
buffer8 ----> 1
buffer8      max_len = 1
buffer9 ----> 0
buffer9      max_len = 0
buffer10 ----> 0
buffer10     max_len = 0
buffer11 ----> 0
buffer11     max_len = 0
buffer12 ----> 0
buffer12     max_len = 0
buffer13 ----> 0
buffer13     max_len = 0
buffer14 ----> 1
buffer14     max_len = 1
buffer15 ----> 6
buffer15     max_len = 6
buffer16 ----> 0
buffer16     max_len = 0
buffer17 ----> 6
buffer17     max_len = 6
buffer18 ----> 6
buffer18     max_len = 6
buffer19 ----> 0
buffer19     max_len = 0
buffer20 ----> 0
buffer20     max_len = 0
buffer21 ----> 1
buffer21     max_len = 1
buffer22 ----> 0
buffer22     max_len = 0
buffer23 ----> 0
buffer23     max_len = 0
buffer24 ----> 0
buffer24     max_len = 0
buffer25 ----> 0
buffer25     max_len = 0
buffer26 ----> 6
buffer26     max_len = 6
buffer27 ----> 0
buffer27     max_len = 0
buffer28 ----> 6
buffer28     max_len = 6
buffer29 ----> 0
buffer29     max_len = 0
buffer30 ----> 6
buffer30     max_len = 6
buffer31 ----> 6
buffer31     max_len = 6
buffer32 ----> 6
buffer32     max_len = 6
buffer33 ----> 0
buffer33     max_len = 0
buffer34 ----> 15
buffer34     max_len = 15
buffer35 ----> 15
buffer35     max_len = 15
buffer36 ----> 0
buffer36     max_len = 0
buffer37 ----> 0
buffer37     max_len = 0
buffer38 ----> 15
buffer38     max_len = 15
buffer39 ----> 15
buffer39     max_len = 15
buffer40 ----> 6
buffer40     max_len = 6
buffer41 ----> 15
buffer41     max_len = 15
buffer42 ----> 0
buffer42     max_len = 0
buffer43 ----> 15
buffer43     max_len = 15
buffer44 ----> 0
buffer44     max_len = 0
buffer45 ----> 15
buffer45     max_len = 15
buffer46 ----> 0
buffer46     max_len = 0
buffer47 ----> 0
buffer47     max_len = 0
buffer48 ----> 15
buffer48     max_len = 15
buffer49 ----> 15
buffer49     max_len = 15
buffer50 ----> 6
buffer50     max_len = 6
buffer51 ----> 15
buffer51     max_len = 15
buffer52 ----> 0
buffer52     max_len = 0
buffer53 ----> 15
buffer53     max_len = 15
buffer54 ----> 0
buffer54     max_len = 0
buffer55 ----> 15
buffer55     max_len = 15
buffer56 ----> 0
buffer56     max_len = 0
buffer57 ----> 0
buffer57     max_len = 0
buffer58 ----> 15
buffer58     max_len = 15
buffer59 ----> 15
buffer59     max_len = 15
buffer60 ----> 6
buffer60     max_len = 6
buffer61 ----> 15
buffer61     max_len = 15
buffer62 ----> 0
buffer62     max_len = 0
buffer63 ----> 15
buffer63     max_len = 15
buffer64 ----> 0
buffer64     max_len = 0
buffer65 ----> 15
buffer65     max_len = 15
buffer66 ----> 15
buffer66     max_len = 15
buffer67 ----> 0
buffer67     max_len = 0
buffer68 ----> 0
buffer68     max_len = 0
buffer69 ----> 0
buffer69     max_len = 0
buffer70 ----> 0
buffer70     max_len = 0

=== Applying MLIR modifications (remove) ===
[REMOVE] buffer0 (max_len=0)
[REMOVE] buffer10 (max_len=0)
[REMOVE] buffer11 (max_len=0)
[REMOVE] buffer12 (max_len=0)
[REMOVE] buffer13 (max_len=0)
[REMOVE] buffer16 (max_len=0)
[REMOVE] buffer19 (max_len=0)
[REMOVE] buffer2 (max_len=0)
[REMOVE] buffer20 (max_len=0)
[REMOVE] buffer22 (max_len=0)
[REMOVE] buffer23 (max_len=0)
[REMOVE] buffer24 (max_len=0)
[REMOVE] buffer25 (max_len=0)
[REMOVE] buffer27 (max_len=0)
[REMOVE] buffer29 (max_len=0)
[REMOVE] buffer33 (max_len=0)
[REMOVE] buffer36 (max_len=0)
[REMOVE] buffer37 (max_len=0)
[REMOVE] buffer4 (max_len=0)
[REMOVE] buffer42 (max_len=0)
[REMOVE] buffer44 (max_len=0)
[REMOVE] buffer46 (max_len=0)
[REMOVE] buffer47 (max_len=0)
[REMOVE] buffer5 (max_len=0)
[REMOVE] buffer52 (max_len=0)
[REMOVE] buffer54 (max_len=0)
[REMOVE] buffer56 (max_len=0)
[REMOVE] buffer57 (max_len=0)
[REMOVE] buffer6 (max_len=0)
[REMOVE] buffer62 (max_len=0)
[REMOVE] buffer64 (max_len=0)
[REMOVE] buffer67 (max_len=0)
[REMOVE] buffer68 (max_len=0)
[REMOVE] buffer69 (max_len=0)
[REMOVE] buffer70 (max_len=0)
[REMOVE] buffer9 (max_len=0)
Running Handshake canonicalization...
Canonicalized Handshake.
Lowering Handshake to HW...
Lowered Handshake to HW.

=== Running BASELINE simulation after initial resize ===
BASELINE Cycles: 113

=== Applying Buffer Removal Optimization ===
MLIR file backed up to: skip2/runs/run_2025-12-16_21-04-46/triangular-6-6/out/comp/handshake_transformed.mlir.bak

=== Applying Buffer Resize Optimization to size 0 ===
Processed 0/35 until now
[TRY REMOVE] buffer1
[TRY REMOVE] buffer3
[TRY REMOVE] buffer7
[TRY REMOVE] buffer8
[TRY REMOVE] buffer14
[TRY REMOVE] buffer15
[TRY REMOVE] buffer17
[TRY REMOVE] buffer18
[TRY REMOVE] buffer21
[TRY REMOVE] buffer26
[TRY REMOVE] buffer28
[TRY REMOVE] buffer30
[TRY REMOVE] buffer31
[TRY REMOVE] buffer32
[TRY REMOVE] buffer34
[TRY REMOVE] buffer35
[TRY REMOVE] buffer38
[TRY REMOVE] buffer39
[TRY REMOVE] buffer40
[TRY REMOVE] buffer41
[TRY REMOVE] buffer43
[TRY REMOVE] buffer45
[TRY REMOVE] buffer48
[TRY REMOVE] buffer49
[TRY REMOVE] buffer50
[TRY REMOVE] buffer51
[TRY REMOVE] buffer53
[TRY REMOVE] buffer55
[TRY REMOVE] buffer58
[TRY REMOVE] buffer59
[TRY REMOVE] buffer60
[TRY REMOVE] buffer61
[TRY REMOVE] buffer63
[TRY REMOVE] buffer65
[TRY REMOVE] buffer66
Running Handshake canonicalization...
Canonicalized Handshake.
Lowering Handshake to HW...
Lowered Handshake to HW.
[PERF FAIL] Cycles increased: 113 -> 122
[TRIAL FAILED] Performance hurt. Reverting and recursing on 35 buffers.
Processed 0/35 until now
[TRY REMOVE] buffer1
[TRY REMOVE] buffer3
[TRY REMOVE] buffer7
[TRY REMOVE] buffer8
[TRY REMOVE] buffer14
[TRY REMOVE] buffer15
[TRY REMOVE] buffer17
[TRY REMOVE] buffer18
[TRY REMOVE] buffer21
[TRY REMOVE] buffer26
[TRY REMOVE] buffer28
[TRY REMOVE] buffer30
[TRY REMOVE] buffer31
[TRY REMOVE] buffer32
[TRY REMOVE] buffer34
[TRY REMOVE] buffer35
[TRY REMOVE] buffer38
Running Handshake canonicalization...
Canonicalized Handshake.
Lowering Handshake to HW...
Lowered Handshake to HW.
[PERF FAIL] Cycles increased: 113 -> 122
[TRIAL FAILED] Performance hurt. Reverting and recursing on 17 buffers.
Processed 0/35 until now
[TRY REMOVE] buffer1
[TRY REMOVE] buffer3
[TRY REMOVE] buffer7
[TRY REMOVE] buffer8
[TRY REMOVE] buffer14
[TRY REMOVE] buffer15
[TRY REMOVE] buffer17
[TRY REMOVE] buffer18
Running Handshake canonicalization...
Canonicalized Handshake.
Lowering Handshake to HW...
Lowered Handshake to HW.
[PERF FAIL] Cycles increased: 113 -> 130
[TRIAL FAILED] Performance hurt. Reverting and recursing on 8 buffers.
Processed 0/35 until now
[TRY REMOVE] buffer1
[TRY REMOVE] buffer3
[TRY REMOVE] buffer7
[TRY REMOVE] buffer8
Running Handshake canonicalization...
Canonicalized Handshake.
Lowering Handshake to HW...
Lowered Handshake to HW.
[PERF FAIL] Cycles increased: 113 -> 130
[TRIAL FAILED] Performance hurt. Reverting and recursing on 4 buffers.
Processed 0/35 until now
[TRY REMOVE] buffer1
[TRY REMOVE] buffer3
Running Handshake canonicalization...
Canonicalized Handshake.
Lowering Handshake to HW...
Lowered Handshake to HW.
[PERF FAIL] Cycles increased: 113 -> 121
[TRIAL FAILED] Performance hurt. Reverting and recursing on 2 buffers.
Processed 0/35 until now
[TRY REMOVE] buffer1
Running Handshake canonicalization...
Canonicalized Handshake.
Lowering Handshake to HW...
Lowered Handshake to HW.
[PERF FAIL] Cycles increased: 113 -> 121
Processed 1/35 until now
[TRY REMOVE] buffer3
Running Handshake canonicalization...
Canonicalized Handshake.
Lowering Handshake to HW...
Lowered Handshake to HW.
[PERF FAIL] Cycles increased: 113 -> 121
Processed 2/35 until now
[TRY REMOVE] buffer7
[TRY REMOVE] buffer8
Running Handshake canonicalization...
Canonicalized Handshake.
Lowering Handshake to HW...
Lowered Handshake to HW.
[PERF FAIL] Cycles increased: 113 -> 130
[TRIAL FAILED] Performance hurt. Reverting and recursing on 2 buffers.
Processed 2/35 until now
[TRY REMOVE] buffer7
Running Handshake canonicalization...
Canonicalized Handshake.
Lowering Handshake to HW...
Lowered Handshake to HW.
[PERF FAIL] Cycles increased: 113 -> 121
Processed 3/35 until now
[TRY REMOVE] buffer8
Running Handshake canonicalization...
Canonicalized Handshake.
Lowering Handshake to HW...
Lowered Handshake to HW.
[PERF FAIL] Cycles increased: 113 -> 130
Processed 4/35 until now
[TRY REMOVE] buffer14
[TRY REMOVE] buffer15
[TRY REMOVE] buffer17
[TRY REMOVE] buffer18
Running Handshake canonicalization...
Canonicalized Handshake.
Lowering Handshake to HW...
Lowered Handshake to HW.
[PERF OK] Cycles: 113 (Baseline: 113)
[OPTIMIZE] Success: Resized 4 buffers to 0: ['buffer14', 'buffer15', 'buffer17', 'buffer18']
Processed 8/35 until now
[TRY REMOVE] buffer21
[TRY REMOVE] buffer26
[TRY REMOVE] buffer28
[TRY REMOVE] buffer30
[TRY REMOVE] buffer31
[TRY REMOVE] buffer32
[TRY REMOVE] buffer34
[TRY REMOVE] buffer35
[TRY REMOVE] buffer38
Running Handshake canonicalization...
Canonicalized Handshake.
Lowering Handshake to HW...
Lowered Handshake to HW.
[PERF OK] Cycles: 113 (Baseline: 113)
[OPTIMIZE] Success: Resized 9 buffers to 0: ['buffer21', 'buffer26', 'buffer28', 'buffer30', 'buffer31', 'buffer32', 'buffer34', 'buffer35', 'buffer38']
Processed 17/35 until now
[TRY REMOVE] buffer39
[TRY REMOVE] buffer40
[TRY REMOVE] buffer41
[TRY REMOVE] buffer43
[TRY REMOVE] buffer45
[TRY REMOVE] buffer48
[TRY REMOVE] buffer49
[TRY REMOVE] buffer50
[TRY REMOVE] buffer51
[TRY REMOVE] buffer53
[TRY REMOVE] buffer55
[TRY REMOVE] buffer58
[TRY REMOVE] buffer59
[TRY REMOVE] buffer60
[TRY REMOVE] buffer61
[TRY REMOVE] buffer63
[TRY REMOVE] buffer65
[TRY REMOVE] buffer66
Running Handshake canonicalization...
Canonicalized Handshake.
Lowering Handshake to HW...
Lowered Handshake to HW.
[PERF OK] Cycles: 113 (Baseline: 113)
[OPTIMIZE] Success: Resized 18 buffers to 0: ['buffer39', 'buffer40', 'buffer41', 'buffer43', 'buffer45', 'buffer48', 'buffer49', 'buffer50', 'buffer51', 'buffer53', 'buffer55', 'buffer58', 'buffer59', 'buffer60', 'buffer61', 'buffer63', 'buffer65', 'buffer66']

Optimization complete. Successfully resized 31 buffers to 0

=== Applying Buffer Resize Optimization to size 1 ===
Processed 0/4 until now
[TRY RESZIZE] buffer1 to 1
[TRY RESZIZE] buffer3 to 1
[TRY RESZIZE] buffer7 to 1
[TRY RESZIZE] buffer8 to 1
Running Handshake canonicalization...
Canonicalized Handshake.
Lowering Handshake to HW...
Lowered Handshake to HW.
[PERF OK] Cycles: 113 (Baseline: 113)
[OPTIMIZE] Success: Resized 4 buffers to 1: ['buffer1', 'buffer3', 'buffer7', 'buffer8']

Optimization complete. Successfully resized 4 buffers to 1

=== Applying Buffer Resize Optimization to size 2 ===

Optimization complete. Successfully resized 0 buffers to 2

=== Applying Buffer Resize Optimization to size 3 ===

Optimization complete. Successfully resized 0 buffers to 3

=== Applying Buffer Resize Optimization to size 4 ===

Optimization complete. Successfully resized 0 buffers to 4

=== Applying Buffer Resize Optimization to size 5 ===

Optimization complete. Successfully resized 0 buffers to 5

=== Applying Buffer Resize Optimization to size 6 ===

Optimization complete. Successfully resized 0 buffers to 6

=== Applying Buffer Resize Optimization to size 7 ===

Optimization complete. Successfully resized 0 buffers to 7

=== Applying Buffer Resize Optimization to size 8 ===

Optimization complete. Successfully resized 0 buffers to 8

=== Applying Buffer Resize Optimization to size 9 ===

Optimization complete. Successfully resized 0 buffers to 9

=== Applying Buffer Resize Optimization to size 10 ===

Optimization complete. Successfully resized 0 buffers to 10

=== Applying Buffer Resize Optimization to size 11 ===

Optimization complete. Successfully resized 0 buffers to 11

=== Applying Buffer Resize Optimization to size 12 ===

Optimization complete. Successfully resized 0 buffers to 12

=== Applying Buffer Resize Optimization to size 13 ===

Optimization complete. Successfully resized 0 buffers to 13
Running Handshake canonicalization...
Canonicalized Handshake.
Lowering Handshake to HW...
Lowered Handshake to HW.

=== After buffering ===
BASELINE Cycles: 113

===== Target CP tuning =====
{"addrWidth":7,"bufferDepth":0,"dataWidth":32,"fifoDepth":16,"fifoDepth_L":16,"fifoDepth_S":16,"groupMulti":0,"headLagEn":0,"indexWidth":4,"ldOrder":[[0]],"ldPortIdx":[[0]],"loadOffsets":[[0,0,0,0,0,0,0,0,0,0,0,0,0,0,0,0]],"loadPorts":[[0,0,0,0,0,0,0,0,0,0,0,0,0,0,0,0]],"master":false,"name":"handshake_lsq_lsq1","numBBs":1,"numLdChannels":1,"numLoadPorts":1,"numLoads":[1],"numStChannels":1,"numStorePorts":1,"numStores":[1],"pipe0En":0,"pipe1En":0,"pipeCompEn":0,"stPortIdx":[[0]],"stResp":0,"storeOffsets":[[1,0,0,0,0,0,0,0,0,0,0,0,0,0,0,0]],"storePorts":[[0,0,0,0,0,0,0,0,0,0,0,0,0,0,0,0]]}
{'addrWidth': 7, 'bufferDepth': 0, 'dataWidth': 32, 'fifoDepth': 16, 'fifoDepth_L': 6, 'fifoDepth_S': 6, 'groupMulti': 0, 'headLagEn': 0, 'indexWidth': 4, 'ldOrder': [[0]], 'ldPortIdx': [[0]], 'loadOffsets': [[0, 0, 0, 0, 0, 0, 0, 0, 0, 0, 0, 0, 0, 0, 0, 0]], 'loadPorts': [[0, 0, 0, 0, 0, 0, 0, 0, 0, 0, 0, 0, 0, 0, 0, 0]], 'master': False, 'name': 'handshake_lsq_lsq1', 'numBBs': 1, 'numLdChannels': 1, 'numLoadPorts': 1, 'numLoads': [1], 'numStChannels': 1, 'numStorePorts': 1, 'numStores': [1], 'pipe0En': 0, 'pipe1En': 0, 'pipeCompEn': 0, 'stPortIdx': [[0]], 'stResp': 0, 'storeOffsets': [[1, 0, 0, 0, 0, 0, 0, 0, 0, 0, 0, 0, 0, 0, 0, 0]], 'storePorts': [[0, 0, 0, 0, 0, 0, 0, 0, 0, 0, 0, 0, 0, 0, 0, 0]]}
[INFO] Exported RTL (vhdl)
[INFO] HDL generation succeeded
[INFO] Built kernel for IO gen.
[INFO] Ran kernel for IO gen.
[INFO] Launching Modelsim simulation
[INFO] Simulation succeeded
================================================================================
============== Dynamatic | Dynamic High-Level Synthesis Compiler ===============
======================== EPFL-LAP - v2.0.0 | March 2024 ========================
================================================================================


dynamatic> set-src skip2/runs/run_2025-12-16_21-04-46/triangular-6-6/triangular.c
dynamatic> write-hdl --rtl-config-name rtl-config-vhdl-triangular-6-6.json
dynamatic> simulate
dynamatic> exit

Goodbye!
Baseline latency = 113 cycles at 10.0 ns

--- Trying CP = 14.5 ns ---
Running Handshake canonicalization...
Canonicalized Handshake.
Lowering Handshake to HW...
Lowered Handshake to HW.
{"addrWidth":7,"bufferDepth":0,"dataWidth":32,"fifoDepth":16,"fifoDepth_L":16,"fifoDepth_S":16,"groupMulti":0,"headLagEn":0,"indexWidth":4,"ldOrder":[[0]],"ldPortIdx":[[0]],"loadOffsets":[[0,0,0,0,0,0,0,0,0,0,0,0,0,0,0,0]],"loadPorts":[[0,0,0,0,0,0,0,0,0,0,0,0,0,0,0,0]],"master":false,"name":"handshake_lsq_lsq1","numBBs":1,"numLdChannels":1,"numLoadPorts":1,"numLoads":[1],"numStChannels":1,"numStorePorts":1,"numStores":[1],"pipe0En":0,"pipe1En":0,"pipeCompEn":0,"stPortIdx":[[0]],"stResp":0,"storeOffsets":[[1,0,0,0,0,0,0,0,0,0,0,0,0,0,0,0]],"storePorts":[[0,0,0,0,0,0,0,0,0,0,0,0,0,0,0,0]]}
{'addrWidth': 7, 'bufferDepth': 0, 'dataWidth': 32, 'fifoDepth': 16, 'fifoDepth_L': 6, 'fifoDepth_S': 6, 'groupMulti': 0, 'headLagEn': 0, 'indexWidth': 4, 'ldOrder': [[0]], 'ldPortIdx': [[0]], 'loadOffsets': [[0, 0, 0, 0, 0, 0, 0, 0, 0, 0, 0, 0, 0, 0, 0, 0]], 'loadPorts': [[0, 0, 0, 0, 0, 0, 0, 0, 0, 0, 0, 0, 0, 0, 0, 0]], 'master': False, 'name': 'handshake_lsq_lsq1', 'numBBs': 1, 'numLdChannels': 1, 'numLoadPorts': 1, 'numLoads': [1], 'numStChannels': 1, 'numStorePorts': 1, 'numStores': [1], 'pipe0En': 0, 'pipe1En': 0, 'pipeCompEn': 0, 'stPortIdx': [[0]], 'stResp': 0, 'storeOffsets': [[1, 0, 0, 0, 0, 0, 0, 0, 0, 0, 0, 0, 0, 0, 0, 0]], 'storePorts': [[0, 0, 0, 0, 0, 0, 0, 0, 0, 0, 0, 0, 0, 0, 0, 0]]}
[INFO] Exported RTL (vhdl)
[INFO] HDL generation succeeded
[INFO] Built kernel for IO gen.
[INFO] Ran kernel for IO gen.
[INFO] Launching Modelsim simulation
[INFO] Simulation succeeded
================================================================================
============== Dynamatic | Dynamic High-Level Synthesis Compiler ===============
======================== EPFL-LAP - v2.0.0 | March 2024 ========================
================================================================================


dynamatic> set-src skip2/runs/run_2025-12-16_21-04-46/triangular-6-6/triangular.c
dynamatic> write-hdl --rtl-config-name rtl-config-vhdl-triangular-6-6.json
dynamatic> simulate
dynamatic> exit

Goodbye!
→ Latency = 121 cycles
Latency degraded, stopping search.

Best CP: 15 ns (latency = 113 cycles)
Starting from 15 ns

=== Testing target CP = 15 ns ===
Running Handshake canonicalization...
Canonicalized Handshake.
Lowering Handshake to HW...
Lowered Handshake to HW.
{"addrWidth":7,"bufferDepth":0,"dataWidth":32,"fifoDepth":16,"fifoDepth_L":16,"fifoDepth_S":16,"groupMulti":0,"headLagEn":0,"indexWidth":4,"ldOrder":[[0]],"ldPortIdx":[[0]],"loadOffsets":[[0,0,0,0,0,0,0,0,0,0,0,0,0,0,0,0]],"loadPorts":[[0,0,0,0,0,0,0,0,0,0,0,0,0,0,0,0]],"master":false,"name":"handshake_lsq_lsq1","numBBs":1,"numLdChannels":1,"numLoadPorts":1,"numLoads":[1],"numStChannels":1,"numStorePorts":1,"numStores":[1],"pipe0En":0,"pipe1En":0,"pipeCompEn":0,"stPortIdx":[[0]],"stResp":0,"storeOffsets":[[1,0,0,0,0,0,0,0,0,0,0,0,0,0,0,0]],"storePorts":[[0,0,0,0,0,0,0,0,0,0,0,0,0,0,0,0]]}
{'addrWidth': 7, 'bufferDepth': 0, 'dataWidth': 32, 'fifoDepth': 16, 'fifoDepth_L': 6, 'fifoDepth_S': 6, 'groupMulti': 0, 'headLagEn': 0, 'indexWidth': 4, 'ldOrder': [[0]], 'ldPortIdx': [[0]], 'loadOffsets': [[0, 0, 0, 0, 0, 0, 0, 0, 0, 0, 0, 0, 0, 0, 0, 0]], 'loadPorts': [[0, 0, 0, 0, 0, 0, 0, 0, 0, 0, 0, 0, 0, 0, 0, 0]], 'master': False, 'name': 'handshake_lsq_lsq1', 'numBBs': 1, 'numLdChannels': 1, 'numLoadPorts': 1, 'numLoads': [1], 'numStChannels': 1, 'numStorePorts': 1, 'numStores': [1], 'pipe0En': 0, 'pipe1En': 0, 'pipeCompEn': 0, 'stPortIdx': [[0]], 'stResp': 0, 'storeOffsets': [[1, 0, 0, 0, 0, 0, 0, 0, 0, 0, 0, 0, 0, 0, 0, 0]], 'storePorts': [[0, 0, 0, 0, 0, 0, 0, 0, 0, 0, 0, 0, 0, 0, 0, 0]]}
[INFO] Exported RTL (vhdl)
[INFO] HDL generation succeeded
[INFO] Built kernel for IO gen.
[INFO] Ran kernel for IO gen.
[INFO] Launching Modelsim simulation
[INFO] Simulation succeeded
================================================================================
============== Dynamatic | Dynamic High-Level Synthesis Compiler ===============
======================== EPFL-LAP - v2.0.0 | March 2024 ========================
================================================================================


dynamatic> set-src skip2/runs/run_2025-12-16_21-04-46/triangular-6-6/triangular.c
dynamatic> write-hdl --rtl-config-name rtl-config-vhdl-triangular-6-6.json
dynamatic> simulate
dynamatic> exit

Goodbye!
[Iteration 0] Slack = 2.825

Slack >= 0 (2.825)

$$$ Target CP: 15 ns
$$$ Cycles: 113
$$$ Real CP: 14.70 ns
$$$ Performance metric: 1661.10

=== Testing target CP = 14.5 ns ===
Running Handshake canonicalization...
Canonicalized Handshake.
Lowering Handshake to HW...
Lowered Handshake to HW.
{"addrWidth":7,"bufferDepth":0,"dataWidth":32,"fifoDepth":16,"fifoDepth_L":16,"fifoDepth_S":16,"groupMulti":0,"headLagEn":0,"indexWidth":4,"ldOrder":[[0]],"ldPortIdx":[[0]],"loadOffsets":[[0,0,0,0,0,0,0,0,0,0,0,0,0,0,0,0]],"loadPorts":[[0,0,0,0,0,0,0,0,0,0,0,0,0,0,0,0]],"master":false,"name":"handshake_lsq_lsq1","numBBs":1,"numLdChannels":1,"numLoadPorts":1,"numLoads":[1],"numStChannels":1,"numStorePorts":1,"numStores":[1],"pipe0En":0,"pipe1En":0,"pipeCompEn":0,"stPortIdx":[[0]],"stResp":0,"storeOffsets":[[1,0,0,0,0,0,0,0,0,0,0,0,0,0,0,0]],"storePorts":[[0,0,0,0,0,0,0,0,0,0,0,0,0,0,0,0]]}
{'addrWidth': 7, 'bufferDepth': 0, 'dataWidth': 32, 'fifoDepth': 16, 'fifoDepth_L': 6, 'fifoDepth_S': 6, 'groupMulti': 0, 'headLagEn': 0, 'indexWidth': 4, 'ldOrder': [[0]], 'ldPortIdx': [[0]], 'loadOffsets': [[0, 0, 0, 0, 0, 0, 0, 0, 0, 0, 0, 0, 0, 0, 0, 0]], 'loadPorts': [[0, 0, 0, 0, 0, 0, 0, 0, 0, 0, 0, 0, 0, 0, 0, 0]], 'master': False, 'name': 'handshake_lsq_lsq1', 'numBBs': 1, 'numLdChannels': 1, 'numLoadPorts': 1, 'numLoads': [1], 'numStChannels': 1, 'numStorePorts': 1, 'numStores': [1], 'pipe0En': 0, 'pipe1En': 0, 'pipeCompEn': 0, 'stPortIdx': [[0]], 'stResp': 0, 'storeOffsets': [[1, 0, 0, 0, 0, 0, 0, 0, 0, 0, 0, 0, 0, 0, 0, 0]], 'storePorts': [[0, 0, 0, 0, 0, 0, 0, 0, 0, 0, 0, 0, 0, 0, 0, 0]]}
[INFO] Exported RTL (vhdl)
[INFO] HDL generation succeeded
[INFO] Built kernel for IO gen.
[INFO] Ran kernel for IO gen.
[INFO] Launching Modelsim simulation
[INFO] Simulation succeeded
================================================================================
============== Dynamatic | Dynamic High-Level Synthesis Compiler ===============
======================== EPFL-LAP - v2.0.0 | March 2024 ========================
================================================================================


dynamatic> set-src skip2/runs/run_2025-12-16_21-04-46/triangular-6-6/triangular.c
dynamatic> write-hdl --rtl-config-name rtl-config-vhdl-triangular-6-6.json
dynamatic> simulate
dynamatic> exit

Goodbye!
[Iteration 0] Slack = 5.429

Slack >= 0 (5.429)

$$$ Target CP: 14.5 ns
$$$ Cycles: 121
$$$ Real CP: 14.20 ns
$$$ Performance metric: 1718.20

=== Testing target CP = 14.0 ns ===
Running Handshake canonicalization...
Canonicalized Handshake.
Lowering Handshake to HW...
Lowered Handshake to HW.
{"addrWidth":7,"bufferDepth":0,"dataWidth":32,"fifoDepth":16,"fifoDepth_L":16,"fifoDepth_S":16,"groupMulti":0,"headLagEn":0,"indexWidth":4,"ldOrder":[[0]],"ldPortIdx":[[0]],"loadOffsets":[[0,0,0,0,0,0,0,0,0,0,0,0,0,0,0,0]],"loadPorts":[[0,0,0,0,0,0,0,0,0,0,0,0,0,0,0,0]],"master":false,"name":"handshake_lsq_lsq1","numBBs":1,"numLdChannels":1,"numLoadPorts":1,"numLoads":[1],"numStChannels":1,"numStorePorts":1,"numStores":[1],"pipe0En":0,"pipe1En":0,"pipeCompEn":0,"stPortIdx":[[0]],"stResp":0,"storeOffsets":[[1,0,0,0,0,0,0,0,0,0,0,0,0,0,0,0]],"storePorts":[[0,0,0,0,0,0,0,0,0,0,0,0,0,0,0,0]]}
{'addrWidth': 7, 'bufferDepth': 0, 'dataWidth': 32, 'fifoDepth': 16, 'fifoDepth_L': 6, 'fifoDepth_S': 6, 'groupMulti': 0, 'headLagEn': 0, 'indexWidth': 4, 'ldOrder': [[0]], 'ldPortIdx': [[0]], 'loadOffsets': [[0, 0, 0, 0, 0, 0, 0, 0, 0, 0, 0, 0, 0, 0, 0, 0]], 'loadPorts': [[0, 0, 0, 0, 0, 0, 0, 0, 0, 0, 0, 0, 0, 0, 0, 0]], 'master': False, 'name': 'handshake_lsq_lsq1', 'numBBs': 1, 'numLdChannels': 1, 'numLoadPorts': 1, 'numLoads': [1], 'numStChannels': 1, 'numStorePorts': 1, 'numStores': [1], 'pipe0En': 0, 'pipe1En': 0, 'pipeCompEn': 0, 'stPortIdx': [[0]], 'stResp': 0, 'storeOffsets': [[1, 0, 0, 0, 0, 0, 0, 0, 0, 0, 0, 0, 0, 0, 0, 0]], 'storePorts': [[0, 0, 0, 0, 0, 0, 0, 0, 0, 0, 0, 0, 0, 0, 0, 0]]}
[INFO] Exported RTL (vhdl)
[INFO] HDL generation succeeded
[INFO] Built kernel for IO gen.
[INFO] Ran kernel for IO gen.
[INFO] Launching Modelsim simulation
[INFO] Simulation succeeded
================================================================================
============== Dynamatic | Dynamic High-Level Synthesis Compiler ===============
======================== EPFL-LAP - v2.0.0 | March 2024 ========================
================================================================================


dynamatic> set-src skip2/runs/run_2025-12-16_21-04-46/triangular-6-6/triangular.c
dynamatic> write-hdl --rtl-config-name rtl-config-vhdl-triangular-6-6.json
dynamatic> simulate
dynamatic> exit

Goodbye!
[Iteration 0] Slack = 2.632

Slack >= 0 (2.632)

$$$ Target CP: 14.0 ns
$$$ Cycles: 113
$$$ Real CP: 13.70 ns
$$$ Performance metric: 1548.10

=== Testing target CP = 13.5 ns ===
Running Handshake canonicalization...
Canonicalized Handshake.
Lowering Handshake to HW...
Lowered Handshake to HW.
{"addrWidth":7,"bufferDepth":0,"dataWidth":32,"fifoDepth":16,"fifoDepth_L":16,"fifoDepth_S":16,"groupMulti":0,"headLagEn":0,"indexWidth":4,"ldOrder":[[0]],"ldPortIdx":[[0]],"loadOffsets":[[0,0,0,0,0,0,0,0,0,0,0,0,0,0,0,0]],"loadPorts":[[0,0,0,0,0,0,0,0,0,0,0,0,0,0,0,0]],"master":false,"name":"handshake_lsq_lsq1","numBBs":1,"numLdChannels":1,"numLoadPorts":1,"numLoads":[1],"numStChannels":1,"numStorePorts":1,"numStores":[1],"pipe0En":0,"pipe1En":0,"pipeCompEn":0,"stPortIdx":[[0]],"stResp":0,"storeOffsets":[[1,0,0,0,0,0,0,0,0,0,0,0,0,0,0,0]],"storePorts":[[0,0,0,0,0,0,0,0,0,0,0,0,0,0,0,0]]}
{'addrWidth': 7, 'bufferDepth': 0, 'dataWidth': 32, 'fifoDepth': 16, 'fifoDepth_L': 6, 'fifoDepth_S': 6, 'groupMulti': 0, 'headLagEn': 0, 'indexWidth': 4, 'ldOrder': [[0]], 'ldPortIdx': [[0]], 'loadOffsets': [[0, 0, 0, 0, 0, 0, 0, 0, 0, 0, 0, 0, 0, 0, 0, 0]], 'loadPorts': [[0, 0, 0, 0, 0, 0, 0, 0, 0, 0, 0, 0, 0, 0, 0, 0]], 'master': False, 'name': 'handshake_lsq_lsq1', 'numBBs': 1, 'numLdChannels': 1, 'numLoadPorts': 1, 'numLoads': [1], 'numStChannels': 1, 'numStorePorts': 1, 'numStores': [1], 'pipe0En': 0, 'pipe1En': 0, 'pipeCompEn': 0, 'stPortIdx': [[0]], 'stResp': 0, 'storeOffsets': [[1, 0, 0, 0, 0, 0, 0, 0, 0, 0, 0, 0, 0, 0, 0, 0]], 'storePorts': [[0, 0, 0, 0, 0, 0, 0, 0, 0, 0, 0, 0, 0, 0, 0, 0]]}
[INFO] Exported RTL (vhdl)
[INFO] HDL generation succeeded
[INFO] Built kernel for IO gen.
[INFO] Ran kernel for IO gen.
[INFO] Launching Modelsim simulation
[INFO] Simulation succeeded
================================================================================
============== Dynamatic | Dynamic High-Level Synthesis Compiler ===============
======================== EPFL-LAP - v2.0.0 | March 2024 ========================
================================================================================


dynamatic> set-src skip2/runs/run_2025-12-16_21-04-46/triangular-6-6/triangular.c
dynamatic> write-hdl --rtl-config-name rtl-config-vhdl-triangular-6-6.json
dynamatic> simulate
dynamatic> exit

Goodbye!
[Iteration 0] Slack = 2.224

Slack >= 0 (2.224)

$$$ Target CP: 13.5 ns
$$$ Cycles: 113
$$$ Real CP: 13.20 ns
$$$ Performance metric: 1491.60

=== Testing target CP = 13.0 ns ===
Running Handshake canonicalization...
Canonicalized Handshake.
Lowering Handshake to HW...
Lowered Handshake to HW.
{"addrWidth":7,"bufferDepth":0,"dataWidth":32,"fifoDepth":16,"fifoDepth_L":16,"fifoDepth_S":16,"groupMulti":0,"headLagEn":0,"indexWidth":4,"ldOrder":[[0]],"ldPortIdx":[[0]],"loadOffsets":[[0,0,0,0,0,0,0,0,0,0,0,0,0,0,0,0]],"loadPorts":[[0,0,0,0,0,0,0,0,0,0,0,0,0,0,0,0]],"master":false,"name":"handshake_lsq_lsq1","numBBs":1,"numLdChannels":1,"numLoadPorts":1,"numLoads":[1],"numStChannels":1,"numStorePorts":1,"numStores":[1],"pipe0En":0,"pipe1En":0,"pipeCompEn":0,"stPortIdx":[[0]],"stResp":0,"storeOffsets":[[1,0,0,0,0,0,0,0,0,0,0,0,0,0,0,0]],"storePorts":[[0,0,0,0,0,0,0,0,0,0,0,0,0,0,0,0]]}
{'addrWidth': 7, 'bufferDepth': 0, 'dataWidth': 32, 'fifoDepth': 16, 'fifoDepth_L': 6, 'fifoDepth_S': 6, 'groupMulti': 0, 'headLagEn': 0, 'indexWidth': 4, 'ldOrder': [[0]], 'ldPortIdx': [[0]], 'loadOffsets': [[0, 0, 0, 0, 0, 0, 0, 0, 0, 0, 0, 0, 0, 0, 0, 0]], 'loadPorts': [[0, 0, 0, 0, 0, 0, 0, 0, 0, 0, 0, 0, 0, 0, 0, 0]], 'master': False, 'name': 'handshake_lsq_lsq1', 'numBBs': 1, 'numLdChannels': 1, 'numLoadPorts': 1, 'numLoads': [1], 'numStChannels': 1, 'numStorePorts': 1, 'numStores': [1], 'pipe0En': 0, 'pipe1En': 0, 'pipeCompEn': 0, 'stPortIdx': [[0]], 'stResp': 0, 'storeOffsets': [[1, 0, 0, 0, 0, 0, 0, 0, 0, 0, 0, 0, 0, 0, 0, 0]], 'storePorts': [[0, 0, 0, 0, 0, 0, 0, 0, 0, 0, 0, 0, 0, 0, 0, 0]]}
[INFO] Exported RTL (vhdl)
[INFO] HDL generation succeeded
[INFO] Built kernel for IO gen.
[INFO] Ran kernel for IO gen.
[INFO] Launching Modelsim simulation
[INFO] Simulation succeeded
================================================================================
============== Dynamatic | Dynamic High-Level Synthesis Compiler ===============
======================== EPFL-LAP - v2.0.0 | March 2024 ========================
================================================================================


dynamatic> set-src skip2/runs/run_2025-12-16_21-04-46/triangular-6-6/triangular.c
dynamatic> write-hdl --rtl-config-name rtl-config-vhdl-triangular-6-6.json
dynamatic> simulate
dynamatic> exit

Goodbye!
[Iteration 0] Slack = 2.82

Slack >= 0 (2.82)

$$$ Target CP: 13.0 ns
$$$ Cycles: 121
$$$ Real CP: 12.70 ns
$$$ Performance metric: 1536.70

=== Testing target CP = 12.5 ns ===
Running Handshake canonicalization...
Canonicalized Handshake.
Lowering Handshake to HW...
Lowered Handshake to HW.
{"addrWidth":7,"bufferDepth":0,"dataWidth":32,"fifoDepth":16,"fifoDepth_L":16,"fifoDepth_S":16,"groupMulti":0,"headLagEn":0,"indexWidth":4,"ldOrder":[[0]],"ldPortIdx":[[0]],"loadOffsets":[[0,0,0,0,0,0,0,0,0,0,0,0,0,0,0,0]],"loadPorts":[[0,0,0,0,0,0,0,0,0,0,0,0,0,0,0,0]],"master":false,"name":"handshake_lsq_lsq1","numBBs":1,"numLdChannels":1,"numLoadPorts":1,"numLoads":[1],"numStChannels":1,"numStorePorts":1,"numStores":[1],"pipe0En":0,"pipe1En":0,"pipeCompEn":0,"stPortIdx":[[0]],"stResp":0,"storeOffsets":[[1,0,0,0,0,0,0,0,0,0,0,0,0,0,0,0]],"storePorts":[[0,0,0,0,0,0,0,0,0,0,0,0,0,0,0,0]]}
{'addrWidth': 7, 'bufferDepth': 0, 'dataWidth': 32, 'fifoDepth': 16, 'fifoDepth_L': 6, 'fifoDepth_S': 6, 'groupMulti': 0, 'headLagEn': 0, 'indexWidth': 4, 'ldOrder': [[0]], 'ldPortIdx': [[0]], 'loadOffsets': [[0, 0, 0, 0, 0, 0, 0, 0, 0, 0, 0, 0, 0, 0, 0, 0]], 'loadPorts': [[0, 0, 0, 0, 0, 0, 0, 0, 0, 0, 0, 0, 0, 0, 0, 0]], 'master': False, 'name': 'handshake_lsq_lsq1', 'numBBs': 1, 'numLdChannels': 1, 'numLoadPorts': 1, 'numLoads': [1], 'numStChannels': 1, 'numStorePorts': 1, 'numStores': [1], 'pipe0En': 0, 'pipe1En': 0, 'pipeCompEn': 0, 'stPortIdx': [[0]], 'stResp': 0, 'storeOffsets': [[1, 0, 0, 0, 0, 0, 0, 0, 0, 0, 0, 0, 0, 0, 0, 0]], 'storePorts': [[0, 0, 0, 0, 0, 0, 0, 0, 0, 0, 0, 0, 0, 0, 0, 0]]}
[INFO] Exported RTL (vhdl)
[INFO] HDL generation succeeded
[INFO] Built kernel for IO gen.
[INFO] Ran kernel for IO gen.
[INFO] Launching Modelsim simulation
[INFO] Simulation succeeded
================================================================================
============== Dynamatic | Dynamic High-Level Synthesis Compiler ===============
======================== EPFL-LAP - v2.0.0 | March 2024 ========================
================================================================================


dynamatic> set-src skip2/runs/run_2025-12-16_21-04-46/triangular-6-6/triangular.c
dynamatic> write-hdl --rtl-config-name rtl-config-vhdl-triangular-6-6.json
dynamatic> simulate
dynamatic> exit

Goodbye!
[Iteration 0] Slack = 3.304

Slack >= 0 (3.304)

$$$ Target CP: 12.5 ns
$$$ Cycles: 122
$$$ Real CP: 12.20 ns
$$$ Performance metric: 1488.40

=== Testing target CP = 12.0 ns ===
Running Handshake canonicalization...
Canonicalized Handshake.
Lowering Handshake to HW...
Lowered Handshake to HW.
{"addrWidth":7,"bufferDepth":0,"dataWidth":32,"fifoDepth":16,"fifoDepth_L":16,"fifoDepth_S":16,"groupMulti":0,"headLagEn":0,"indexWidth":4,"ldOrder":[[0]],"ldPortIdx":[[0]],"loadOffsets":[[0,0,0,0,0,0,0,0,0,0,0,0,0,0,0,0]],"loadPorts":[[0,0,0,0,0,0,0,0,0,0,0,0,0,0,0,0]],"master":false,"name":"handshake_lsq_lsq1","numBBs":1,"numLdChannels":1,"numLoadPorts":1,"numLoads":[1],"numStChannels":1,"numStorePorts":1,"numStores":[1],"pipe0En":0,"pipe1En":0,"pipeCompEn":0,"stPortIdx":[[0]],"stResp":0,"storeOffsets":[[1,0,0,0,0,0,0,0,0,0,0,0,0,0,0,0]],"storePorts":[[0,0,0,0,0,0,0,0,0,0,0,0,0,0,0,0]]}
{'addrWidth': 7, 'bufferDepth': 0, 'dataWidth': 32, 'fifoDepth': 16, 'fifoDepth_L': 6, 'fifoDepth_S': 6, 'groupMulti': 0, 'headLagEn': 0, 'indexWidth': 4, 'ldOrder': [[0]], 'ldPortIdx': [[0]], 'loadOffsets': [[0, 0, 0, 0, 0, 0, 0, 0, 0, 0, 0, 0, 0, 0, 0, 0]], 'loadPorts': [[0, 0, 0, 0, 0, 0, 0, 0, 0, 0, 0, 0, 0, 0, 0, 0]], 'master': False, 'name': 'handshake_lsq_lsq1', 'numBBs': 1, 'numLdChannels': 1, 'numLoadPorts': 1, 'numLoads': [1], 'numStChannels': 1, 'numStorePorts': 1, 'numStores': [1], 'pipe0En': 0, 'pipe1En': 0, 'pipeCompEn': 0, 'stPortIdx': [[0]], 'stResp': 0, 'storeOffsets': [[1, 0, 0, 0, 0, 0, 0, 0, 0, 0, 0, 0, 0, 0, 0, 0]], 'storePorts': [[0, 0, 0, 0, 0, 0, 0, 0, 0, 0, 0, 0, 0, 0, 0, 0]]}
[INFO] Exported RTL (vhdl)
[INFO] HDL generation succeeded
[INFO] Built kernel for IO gen.
[INFO] Ran kernel for IO gen.
[INFO] Launching Modelsim simulation
[INFO] Simulation succeeded
================================================================================
============== Dynamatic | Dynamic High-Level Synthesis Compiler ===============
======================== EPFL-LAP - v2.0.0 | March 2024 ========================
================================================================================


dynamatic> set-src skip2/runs/run_2025-12-16_21-04-46/triangular-6-6/triangular.c
dynamatic> write-hdl --rtl-config-name rtl-config-vhdl-triangular-6-6.json
dynamatic> simulate
dynamatic> exit

Goodbye!
[Iteration 0] Slack = 2.986

Slack >= 0 (2.986)

$$$ Target CP: 12.0 ns
$$$ Cycles: 122
$$$ Real CP: 11.70 ns
$$$ Performance metric: 1427.40

=== Testing target CP = 11.5 ns ===
Running Handshake canonicalization...
Canonicalized Handshake.
Lowering Handshake to HW...
Lowered Handshake to HW.
{"addrWidth":7,"bufferDepth":0,"dataWidth":32,"fifoDepth":16,"fifoDepth_L":16,"fifoDepth_S":16,"groupMulti":0,"headLagEn":0,"indexWidth":4,"ldOrder":[[0]],"ldPortIdx":[[0]],"loadOffsets":[[0,0,0,0,0,0,0,0,0,0,0,0,0,0,0,0]],"loadPorts":[[0,0,0,0,0,0,0,0,0,0,0,0,0,0,0,0]],"master":false,"name":"handshake_lsq_lsq1","numBBs":1,"numLdChannels":1,"numLoadPorts":1,"numLoads":[1],"numStChannels":1,"numStorePorts":1,"numStores":[1],"pipe0En":0,"pipe1En":0,"pipeCompEn":0,"stPortIdx":[[0]],"stResp":0,"storeOffsets":[[1,0,0,0,0,0,0,0,0,0,0,0,0,0,0,0]],"storePorts":[[0,0,0,0,0,0,0,0,0,0,0,0,0,0,0,0]]}
{'addrWidth': 7, 'bufferDepth': 0, 'dataWidth': 32, 'fifoDepth': 16, 'fifoDepth_L': 6, 'fifoDepth_S': 6, 'groupMulti': 0, 'headLagEn': 0, 'indexWidth': 4, 'ldOrder': [[0]], 'ldPortIdx': [[0]], 'loadOffsets': [[0, 0, 0, 0, 0, 0, 0, 0, 0, 0, 0, 0, 0, 0, 0, 0]], 'loadPorts': [[0, 0, 0, 0, 0, 0, 0, 0, 0, 0, 0, 0, 0, 0, 0, 0]], 'master': False, 'name': 'handshake_lsq_lsq1', 'numBBs': 1, 'numLdChannels': 1, 'numLoadPorts': 1, 'numLoads': [1], 'numStChannels': 1, 'numStorePorts': 1, 'numStores': [1], 'pipe0En': 0, 'pipe1En': 0, 'pipeCompEn': 0, 'stPortIdx': [[0]], 'stResp': 0, 'storeOffsets': [[1, 0, 0, 0, 0, 0, 0, 0, 0, 0, 0, 0, 0, 0, 0, 0]], 'storePorts': [[0, 0, 0, 0, 0, 0, 0, 0, 0, 0, 0, 0, 0, 0, 0, 0]]}
[INFO] Exported RTL (vhdl)
[INFO] HDL generation succeeded
[INFO] Built kernel for IO gen.
[INFO] Ran kernel for IO gen.
[INFO] Launching Modelsim simulation
[INFO] Simulation succeeded
================================================================================
============== Dynamatic | Dynamic High-Level Synthesis Compiler ===============
======================== EPFL-LAP - v2.0.0 | March 2024 ========================
================================================================================


dynamatic> set-src skip2/runs/run_2025-12-16_21-04-46/triangular-6-6/triangular.c
dynamatic> write-hdl --rtl-config-name rtl-config-vhdl-triangular-6-6.json
dynamatic> simulate
dynamatic> exit

Goodbye!
[Iteration 0] Slack = 0.959

Slack >= 0 (0.959)

$$$ Target CP: 11.5 ns
$$$ Cycles: 121
$$$ Real CP: 11.20 ns
$$$ Performance metric: 1355.20

=== Testing target CP = 11.0 ns ===
Running Handshake canonicalization...
Canonicalized Handshake.
Lowering Handshake to HW...
Lowered Handshake to HW.
{"addrWidth":7,"bufferDepth":0,"dataWidth":32,"fifoDepth":16,"fifoDepth_L":16,"fifoDepth_S":16,"groupMulti":0,"headLagEn":0,"indexWidth":4,"ldOrder":[[0]],"ldPortIdx":[[0]],"loadOffsets":[[0,0,0,0,0,0,0,0,0,0,0,0,0,0,0,0]],"loadPorts":[[0,0,0,0,0,0,0,0,0,0,0,0,0,0,0,0]],"master":false,"name":"handshake_lsq_lsq1","numBBs":1,"numLdChannels":1,"numLoadPorts":1,"numLoads":[1],"numStChannels":1,"numStorePorts":1,"numStores":[1],"pipe0En":0,"pipe1En":0,"pipeCompEn":0,"stPortIdx":[[0]],"stResp":0,"storeOffsets":[[1,0,0,0,0,0,0,0,0,0,0,0,0,0,0,0]],"storePorts":[[0,0,0,0,0,0,0,0,0,0,0,0,0,0,0,0]]}
{'addrWidth': 7, 'bufferDepth': 0, 'dataWidth': 32, 'fifoDepth': 16, 'fifoDepth_L': 6, 'fifoDepth_S': 6, 'groupMulti': 0, 'headLagEn': 0, 'indexWidth': 4, 'ldOrder': [[0]], 'ldPortIdx': [[0]], 'loadOffsets': [[0, 0, 0, 0, 0, 0, 0, 0, 0, 0, 0, 0, 0, 0, 0, 0]], 'loadPorts': [[0, 0, 0, 0, 0, 0, 0, 0, 0, 0, 0, 0, 0, 0, 0, 0]], 'master': False, 'name': 'handshake_lsq_lsq1', 'numBBs': 1, 'numLdChannels': 1, 'numLoadPorts': 1, 'numLoads': [1], 'numStChannels': 1, 'numStorePorts': 1, 'numStores': [1], 'pipe0En': 0, 'pipe1En': 0, 'pipeCompEn': 0, 'stPortIdx': [[0]], 'stResp': 0, 'storeOffsets': [[1, 0, 0, 0, 0, 0, 0, 0, 0, 0, 0, 0, 0, 0, 0, 0]], 'storePorts': [[0, 0, 0, 0, 0, 0, 0, 0, 0, 0, 0, 0, 0, 0, 0, 0]]}
[INFO] Exported RTL (vhdl)
[INFO] HDL generation succeeded
[INFO] Built kernel for IO gen.
[INFO] Ran kernel for IO gen.
[INFO] Launching Modelsim simulation
[INFO] Simulation succeeded
================================================================================
============== Dynamatic | Dynamic High-Level Synthesis Compiler ===============
======================== EPFL-LAP - v2.0.0 | March 2024 ========================
================================================================================


dynamatic> set-src skip2/runs/run_2025-12-16_21-04-46/triangular-6-6/triangular.c
dynamatic> write-hdl --rtl-config-name rtl-config-vhdl-triangular-6-6.json
dynamatic> simulate
dynamatic> exit

Goodbye!
[Iteration 0] Slack = 0.96

Slack >= 0 (0.96)

$$$ Target CP: 11.0 ns
$$$ Cycles: 122
$$$ Real CP: 10.70 ns
$$$ Performance metric: 1305.40

=== Testing target CP = 10.5 ns ===
Running Handshake canonicalization...
Canonicalized Handshake.
Lowering Handshake to HW...
Lowered Handshake to HW.
{"addrWidth":7,"bufferDepth":0,"dataWidth":32,"fifoDepth":16,"fifoDepth_L":16,"fifoDepth_S":16,"groupMulti":0,"headLagEn":0,"indexWidth":4,"ldOrder":[[0]],"ldPortIdx":[[0]],"loadOffsets":[[0,0,0,0,0,0,0,0,0,0,0,0,0,0,0,0]],"loadPorts":[[0,0,0,0,0,0,0,0,0,0,0,0,0,0,0,0]],"master":false,"name":"handshake_lsq_lsq1","numBBs":1,"numLdChannels":1,"numLoadPorts":1,"numLoads":[1],"numStChannels":1,"numStorePorts":1,"numStores":[1],"pipe0En":0,"pipe1En":0,"pipeCompEn":0,"stPortIdx":[[0]],"stResp":0,"storeOffsets":[[1,0,0,0,0,0,0,0,0,0,0,0,0,0,0,0]],"storePorts":[[0,0,0,0,0,0,0,0,0,0,0,0,0,0,0,0]]}
{'addrWidth': 7, 'bufferDepth': 0, 'dataWidth': 32, 'fifoDepth': 16, 'fifoDepth_L': 6, 'fifoDepth_S': 6, 'groupMulti': 0, 'headLagEn': 0, 'indexWidth': 4, 'ldOrder': [[0]], 'ldPortIdx': [[0]], 'loadOffsets': [[0, 0, 0, 0, 0, 0, 0, 0, 0, 0, 0, 0, 0, 0, 0, 0]], 'loadPorts': [[0, 0, 0, 0, 0, 0, 0, 0, 0, 0, 0, 0, 0, 0, 0, 0]], 'master': False, 'name': 'handshake_lsq_lsq1', 'numBBs': 1, 'numLdChannels': 1, 'numLoadPorts': 1, 'numLoads': [1], 'numStChannels': 1, 'numStorePorts': 1, 'numStores': [1], 'pipe0En': 0, 'pipe1En': 0, 'pipeCompEn': 0, 'stPortIdx': [[0]], 'stResp': 0, 'storeOffsets': [[1, 0, 0, 0, 0, 0, 0, 0, 0, 0, 0, 0, 0, 0, 0, 0]], 'storePorts': [[0, 0, 0, 0, 0, 0, 0, 0, 0, 0, 0, 0, 0, 0, 0, 0]]}
[INFO] Exported RTL (vhdl)
[INFO] HDL generation succeeded
[INFO] Built kernel for IO gen.
[INFO] Ran kernel for IO gen.
[INFO] Launching Modelsim simulation
[INFO] Simulation succeeded
================================================================================
============== Dynamatic | Dynamic High-Level Synthesis Compiler ===============
======================== EPFL-LAP - v2.0.0 | March 2024 ========================
================================================================================


dynamatic> set-src skip2/runs/run_2025-12-16_21-04-46/triangular-6-6/triangular.c
dynamatic> write-hdl --rtl-config-name rtl-config-vhdl-triangular-6-6.json
dynamatic> simulate
dynamatic> exit

Goodbye!
[Iteration 0] Slack = 1.247

Slack >= 0 (1.247)

$$$ Target CP: 10.5 ns
$$$ Cycles: 122
$$$ Real CP: 10.20 ns
$$$ Performance metric: 1244.40

=== Testing target CP = 10.0 ns ===
Running Handshake canonicalization...
Canonicalized Handshake.
Lowering Handshake to HW...
Lowered Handshake to HW.
{"addrWidth":7,"bufferDepth":0,"dataWidth":32,"fifoDepth":16,"fifoDepth_L":16,"fifoDepth_S":16,"groupMulti":0,"headLagEn":0,"indexWidth":4,"ldOrder":[[0]],"ldPortIdx":[[0]],"loadOffsets":[[0,0,0,0,0,0,0,0,0,0,0,0,0,0,0,0]],"loadPorts":[[0,0,0,0,0,0,0,0,0,0,0,0,0,0,0,0]],"master":false,"name":"handshake_lsq_lsq1","numBBs":1,"numLdChannels":1,"numLoadPorts":1,"numLoads":[1],"numStChannels":1,"numStorePorts":1,"numStores":[1],"pipe0En":0,"pipe1En":0,"pipeCompEn":0,"stPortIdx":[[0]],"stResp":0,"storeOffsets":[[1,0,0,0,0,0,0,0,0,0,0,0,0,0,0,0]],"storePorts":[[0,0,0,0,0,0,0,0,0,0,0,0,0,0,0,0]]}
{'addrWidth': 7, 'bufferDepth': 0, 'dataWidth': 32, 'fifoDepth': 16, 'fifoDepth_L': 6, 'fifoDepth_S': 6, 'groupMulti': 0, 'headLagEn': 0, 'indexWidth': 4, 'ldOrder': [[0]], 'ldPortIdx': [[0]], 'loadOffsets': [[0, 0, 0, 0, 0, 0, 0, 0, 0, 0, 0, 0, 0, 0, 0, 0]], 'loadPorts': [[0, 0, 0, 0, 0, 0, 0, 0, 0, 0, 0, 0, 0, 0, 0, 0]], 'master': False, 'name': 'handshake_lsq_lsq1', 'numBBs': 1, 'numLdChannels': 1, 'numLoadPorts': 1, 'numLoads': [1], 'numStChannels': 1, 'numStorePorts': 1, 'numStores': [1], 'pipe0En': 0, 'pipe1En': 0, 'pipeCompEn': 0, 'stPortIdx': [[0]], 'stResp': 0, 'storeOffsets': [[1, 0, 0, 0, 0, 0, 0, 0, 0, 0, 0, 0, 0, 0, 0, 0]], 'storePorts': [[0, 0, 0, 0, 0, 0, 0, 0, 0, 0, 0, 0, 0, 0, 0, 0]]}
[INFO] Exported RTL (vhdl)
[INFO] HDL generation succeeded
[INFO] Built kernel for IO gen.
[INFO] Ran kernel for IO gen.
[INFO] Launching Modelsim simulation
[INFO] Simulation succeeded
================================================================================
============== Dynamatic | Dynamic High-Level Synthesis Compiler ===============
======================== EPFL-LAP - v2.0.0 | March 2024 ========================
================================================================================


dynamatic> set-src skip2/runs/run_2025-12-16_21-04-46/triangular-6-6/triangular.c
dynamatic> write-hdl --rtl-config-name rtl-config-vhdl-triangular-6-6.json
dynamatic> simulate
dynamatic> exit

Goodbye!
[Iteration 0] Slack = 2.172

Slack >= 0 (2.172)

$$$ Target CP: 10.0 ns
$$$ Cycles: 176
$$$ Real CP: 9.70 ns
$$$ Performance metric: 1707.20

=== Testing target CP = 9.5 ns ===
Running Handshake canonicalization...
Canonicalized Handshake.
Lowering Handshake to HW...
Lowered Handshake to HW.
{"addrWidth":7,"bufferDepth":0,"dataWidth":32,"fifoDepth":16,"fifoDepth_L":16,"fifoDepth_S":16,"groupMulti":0,"headLagEn":0,"indexWidth":4,"ldOrder":[[0]],"ldPortIdx":[[0]],"loadOffsets":[[0,0,0,0,0,0,0,0,0,0,0,0,0,0,0,0]],"loadPorts":[[0,0,0,0,0,0,0,0,0,0,0,0,0,0,0,0]],"master":false,"name":"handshake_lsq_lsq1","numBBs":1,"numLdChannels":1,"numLoadPorts":1,"numLoads":[1],"numStChannels":1,"numStorePorts":1,"numStores":[1],"pipe0En":0,"pipe1En":0,"pipeCompEn":0,"stPortIdx":[[0]],"stResp":0,"storeOffsets":[[1,0,0,0,0,0,0,0,0,0,0,0,0,0,0,0]],"storePorts":[[0,0,0,0,0,0,0,0,0,0,0,0,0,0,0,0]]}
{'addrWidth': 7, 'bufferDepth': 0, 'dataWidth': 32, 'fifoDepth': 16, 'fifoDepth_L': 6, 'fifoDepth_S': 6, 'groupMulti': 0, 'headLagEn': 0, 'indexWidth': 4, 'ldOrder': [[0]], 'ldPortIdx': [[0]], 'loadOffsets': [[0, 0, 0, 0, 0, 0, 0, 0, 0, 0, 0, 0, 0, 0, 0, 0]], 'loadPorts': [[0, 0, 0, 0, 0, 0, 0, 0, 0, 0, 0, 0, 0, 0, 0, 0]], 'master': False, 'name': 'handshake_lsq_lsq1', 'numBBs': 1, 'numLdChannels': 1, 'numLoadPorts': 1, 'numLoads': [1], 'numStChannels': 1, 'numStorePorts': 1, 'numStores': [1], 'pipe0En': 0, 'pipe1En': 0, 'pipeCompEn': 0, 'stPortIdx': [[0]], 'stResp': 0, 'storeOffsets': [[1, 0, 0, 0, 0, 0, 0, 0, 0, 0, 0, 0, 0, 0, 0, 0]], 'storePorts': [[0, 0, 0, 0, 0, 0, 0, 0, 0, 0, 0, 0, 0, 0, 0, 0]]}
[INFO] Exported RTL (vhdl)
[INFO] HDL generation succeeded
[INFO] Built kernel for IO gen.
[INFO] Ran kernel for IO gen.
[INFO] Launching Modelsim simulation
[INFO] Simulation succeeded
================================================================================
============== Dynamatic | Dynamic High-Level Synthesis Compiler ===============
======================== EPFL-LAP - v2.0.0 | March 2024 ========================
================================================================================


dynamatic> set-src skip2/runs/run_2025-12-16_21-04-46/triangular-6-6/triangular.c
dynamatic> write-hdl --rtl-config-name rtl-config-vhdl-triangular-6-6.json
dynamatic> simulate
dynamatic> exit

Goodbye!
[Iteration 0] Slack = 0.442

Slack >= 0 (0.442)

$$$ Target CP: 9.5 ns
$$$ Cycles: 130
$$$ Real CP: 9.20 ns
$$$ Performance metric: 1196.00

=== Testing target CP = 9.0 ns ===
Running Handshake canonicalization...
Canonicalized Handshake.
Lowering Handshake to HW...
Lowered Handshake to HW.
{"addrWidth":7,"bufferDepth":0,"dataWidth":32,"fifoDepth":16,"fifoDepth_L":16,"fifoDepth_S":16,"groupMulti":0,"headLagEn":0,"indexWidth":4,"ldOrder":[[0]],"ldPortIdx":[[0]],"loadOffsets":[[0,0,0,0,0,0,0,0,0,0,0,0,0,0,0,0]],"loadPorts":[[0,0,0,0,0,0,0,0,0,0,0,0,0,0,0,0]],"master":false,"name":"handshake_lsq_lsq1","numBBs":1,"numLdChannels":1,"numLoadPorts":1,"numLoads":[1],"numStChannels":1,"numStorePorts":1,"numStores":[1],"pipe0En":0,"pipe1En":0,"pipeCompEn":0,"stPortIdx":[[0]],"stResp":0,"storeOffsets":[[1,0,0,0,0,0,0,0,0,0,0,0,0,0,0,0]],"storePorts":[[0,0,0,0,0,0,0,0,0,0,0,0,0,0,0,0]]}
{'addrWidth': 7, 'bufferDepth': 0, 'dataWidth': 32, 'fifoDepth': 16, 'fifoDepth_L': 6, 'fifoDepth_S': 6, 'groupMulti': 0, 'headLagEn': 0, 'indexWidth': 4, 'ldOrder': [[0]], 'ldPortIdx': [[0]], 'loadOffsets': [[0, 0, 0, 0, 0, 0, 0, 0, 0, 0, 0, 0, 0, 0, 0, 0]], 'loadPorts': [[0, 0, 0, 0, 0, 0, 0, 0, 0, 0, 0, 0, 0, 0, 0, 0]], 'master': False, 'name': 'handshake_lsq_lsq1', 'numBBs': 1, 'numLdChannels': 1, 'numLoadPorts': 1, 'numLoads': [1], 'numStChannels': 1, 'numStorePorts': 1, 'numStores': [1], 'pipe0En': 0, 'pipe1En': 0, 'pipeCompEn': 0, 'stPortIdx': [[0]], 'stResp': 0, 'storeOffsets': [[1, 0, 0, 0, 0, 0, 0, 0, 0, 0, 0, 0, 0, 0, 0, 0]], 'storePorts': [[0, 0, 0, 0, 0, 0, 0, 0, 0, 0, 0, 0, 0, 0, 0, 0]]}
[INFO] Exported RTL (vhdl)
[INFO] HDL generation succeeded
[INFO] Built kernel for IO gen.
[INFO] Ran kernel for IO gen.
[INFO] Launching Modelsim simulation
[INFO] Simulation succeeded
================================================================================
============== Dynamatic | Dynamic High-Level Synthesis Compiler ===============
======================== EPFL-LAP - v2.0.0 | March 2024 ========================
================================================================================


dynamatic> set-src skip2/runs/run_2025-12-16_21-04-46/triangular-6-6/triangular.c
dynamatic> write-hdl --rtl-config-name rtl-config-vhdl-triangular-6-6.json
dynamatic> simulate
dynamatic> exit

Goodbye!
[Iteration 0] Slack = 0.873

Slack >= 0 (0.873)

$$$ Target CP: 9.0 ns
$$$ Cycles: 176
$$$ Real CP: 8.70 ns
$$$ Performance metric: 1531.20

=== Testing target CP = 8.5 ns ===
Running Handshake canonicalization...
Canonicalized Handshake.
Lowering Handshake to HW...
Lowered Handshake to HW.
{"addrWidth":7,"bufferDepth":0,"dataWidth":32,"fifoDepth":16,"fifoDepth_L":16,"fifoDepth_S":16,"groupMulti":0,"headLagEn":0,"indexWidth":4,"ldOrder":[[0]],"ldPortIdx":[[0]],"loadOffsets":[[0,0,0,0,0,0,0,0,0,0,0,0,0,0,0,0]],"loadPorts":[[0,0,0,0,0,0,0,0,0,0,0,0,0,0,0,0]],"master":false,"name":"handshake_lsq_lsq1","numBBs":1,"numLdChannels":1,"numLoadPorts":1,"numLoads":[1],"numStChannels":1,"numStorePorts":1,"numStores":[1],"pipe0En":0,"pipe1En":0,"pipeCompEn":0,"stPortIdx":[[0]],"stResp":0,"storeOffsets":[[1,0,0,0,0,0,0,0,0,0,0,0,0,0,0,0]],"storePorts":[[0,0,0,0,0,0,0,0,0,0,0,0,0,0,0,0]]}
{'addrWidth': 7, 'bufferDepth': 0, 'dataWidth': 32, 'fifoDepth': 16, 'fifoDepth_L': 6, 'fifoDepth_S': 6, 'groupMulti': 0, 'headLagEn': 0, 'indexWidth': 4, 'ldOrder': [[0]], 'ldPortIdx': [[0]], 'loadOffsets': [[0, 0, 0, 0, 0, 0, 0, 0, 0, 0, 0, 0, 0, 0, 0, 0]], 'loadPorts': [[0, 0, 0, 0, 0, 0, 0, 0, 0, 0, 0, 0, 0, 0, 0, 0]], 'master': False, 'name': 'handshake_lsq_lsq1', 'numBBs': 1, 'numLdChannels': 1, 'numLoadPorts': 1, 'numLoads': [1], 'numStChannels': 1, 'numStorePorts': 1, 'numStores': [1], 'pipe0En': 0, 'pipe1En': 0, 'pipeCompEn': 0, 'stPortIdx': [[0]], 'stResp': 0, 'storeOffsets': [[1, 0, 0, 0, 0, 0, 0, 0, 0, 0, 0, 0, 0, 0, 0, 0]], 'storePorts': [[0, 0, 0, 0, 0, 0, 0, 0, 0, 0, 0, 0, 0, 0, 0, 0]]}
[INFO] Exported RTL (vhdl)
[INFO] HDL generation succeeded
[INFO] Built kernel for IO gen.
[INFO] Ran kernel for IO gen.
[INFO] Launching Modelsim simulation
[INFO] Simulation succeeded
================================================================================
============== Dynamatic | Dynamic High-Level Synthesis Compiler ===============
======================== EPFL-LAP - v2.0.0 | March 2024 ========================
================================================================================


dynamatic> set-src skip2/runs/run_2025-12-16_21-04-46/triangular-6-6/triangular.c
dynamatic> write-hdl --rtl-config-name rtl-config-vhdl-triangular-6-6.json
dynamatic> simulate
dynamatic> exit

Goodbye!
[Iteration 0] Slack = 2.335

Slack >= 0 (2.335)

$$$ Target CP: 8.5 ns
$$$ Cycles: 184
$$$ Real CP: 8.20 ns
$$$ Performance metric: 1508.80

=== Testing target CP = 8.0 ns ===
Running Handshake canonicalization...
Canonicalized Handshake.
Lowering Handshake to HW...
Lowered Handshake to HW.
{"addrWidth":7,"bufferDepth":0,"dataWidth":32,"fifoDepth":16,"fifoDepth_L":16,"fifoDepth_S":16,"groupMulti":0,"headLagEn":0,"indexWidth":4,"ldOrder":[[0]],"ldPortIdx":[[0]],"loadOffsets":[[0,0,0,0,0,0,0,0,0,0,0,0,0,0,0,0]],"loadPorts":[[0,0,0,0,0,0,0,0,0,0,0,0,0,0,0,0]],"master":false,"name":"handshake_lsq_lsq1","numBBs":1,"numLdChannels":1,"numLoadPorts":1,"numLoads":[1],"numStChannels":1,"numStorePorts":1,"numStores":[1],"pipe0En":0,"pipe1En":0,"pipeCompEn":0,"stPortIdx":[[0]],"stResp":0,"storeOffsets":[[1,0,0,0,0,0,0,0,0,0,0,0,0,0,0,0]],"storePorts":[[0,0,0,0,0,0,0,0,0,0,0,0,0,0,0,0]]}
{'addrWidth': 7, 'bufferDepth': 0, 'dataWidth': 32, 'fifoDepth': 16, 'fifoDepth_L': 6, 'fifoDepth_S': 6, 'groupMulti': 0, 'headLagEn': 0, 'indexWidth': 4, 'ldOrder': [[0]], 'ldPortIdx': [[0]], 'loadOffsets': [[0, 0, 0, 0, 0, 0, 0, 0, 0, 0, 0, 0, 0, 0, 0, 0]], 'loadPorts': [[0, 0, 0, 0, 0, 0, 0, 0, 0, 0, 0, 0, 0, 0, 0, 0]], 'master': False, 'name': 'handshake_lsq_lsq1', 'numBBs': 1, 'numLdChannels': 1, 'numLoadPorts': 1, 'numLoads': [1], 'numStChannels': 1, 'numStorePorts': 1, 'numStores': [1], 'pipe0En': 0, 'pipe1En': 0, 'pipeCompEn': 0, 'stPortIdx': [[0]], 'stResp': 0, 'storeOffsets': [[1, 0, 0, 0, 0, 0, 0, 0, 0, 0, 0, 0, 0, 0, 0, 0]], 'storePorts': [[0, 0, 0, 0, 0, 0, 0, 0, 0, 0, 0, 0, 0, 0, 0, 0]]}
[INFO] Exported RTL (vhdl)
[INFO] HDL generation succeeded
[INFO] Built kernel for IO gen.
[INFO] Ran kernel for IO gen.
[INFO] Launching Modelsim simulation
[INFO] Simulation succeeded
================================================================================
============== Dynamatic | Dynamic High-Level Synthesis Compiler ===============
======================== EPFL-LAP - v2.0.0 | March 2024 ========================
================================================================================


dynamatic> set-src skip2/runs/run_2025-12-16_21-04-46/triangular-6-6/triangular.c
dynamatic> write-hdl --rtl-config-name rtl-config-vhdl-triangular-6-6.json
dynamatic> simulate
dynamatic> exit

Goodbye!
[Iteration 0] Slack = 0.837

Slack >= 0 (0.837)

$$$ Target CP: 8.0 ns
$$$ Cycles: 131
$$$ Real CP: 7.70 ns
$$$ Performance metric: 1008.70

=== Testing target CP = 7.5 ns ===
Running Handshake canonicalization...
Canonicalized Handshake.
Lowering Handshake to HW...
Lowered Handshake to HW.
{"addrWidth":7,"bufferDepth":0,"dataWidth":32,"fifoDepth":16,"fifoDepth_L":16,"fifoDepth_S":16,"groupMulti":0,"headLagEn":0,"indexWidth":4,"ldOrder":[[0]],"ldPortIdx":[[0]],"loadOffsets":[[0,0,0,0,0,0,0,0,0,0,0,0,0,0,0,0]],"loadPorts":[[0,0,0,0,0,0,0,0,0,0,0,0,0,0,0,0]],"master":false,"name":"handshake_lsq_lsq1","numBBs":1,"numLdChannels":1,"numLoadPorts":1,"numLoads":[1],"numStChannels":1,"numStorePorts":1,"numStores":[1],"pipe0En":0,"pipe1En":0,"pipeCompEn":0,"stPortIdx":[[0]],"stResp":0,"storeOffsets":[[1,0,0,0,0,0,0,0,0,0,0,0,0,0,0,0]],"storePorts":[[0,0,0,0,0,0,0,0,0,0,0,0,0,0,0,0]]}
{'addrWidth': 7, 'bufferDepth': 0, 'dataWidth': 32, 'fifoDepth': 16, 'fifoDepth_L': 6, 'fifoDepth_S': 6, 'groupMulti': 0, 'headLagEn': 0, 'indexWidth': 4, 'ldOrder': [[0]], 'ldPortIdx': [[0]], 'loadOffsets': [[0, 0, 0, 0, 0, 0, 0, 0, 0, 0, 0, 0, 0, 0, 0, 0]], 'loadPorts': [[0, 0, 0, 0, 0, 0, 0, 0, 0, 0, 0, 0, 0, 0, 0, 0]], 'master': False, 'name': 'handshake_lsq_lsq1', 'numBBs': 1, 'numLdChannels': 1, 'numLoadPorts': 1, 'numLoads': [1], 'numStChannels': 1, 'numStorePorts': 1, 'numStores': [1], 'pipe0En': 0, 'pipe1En': 0, 'pipeCompEn': 0, 'stPortIdx': [[0]], 'stResp': 0, 'storeOffsets': [[1, 0, 0, 0, 0, 0, 0, 0, 0, 0, 0, 0, 0, 0, 0, 0]], 'storePorts': [[0, 0, 0, 0, 0, 0, 0, 0, 0, 0, 0, 0, 0, 0, 0, 0]]}
[INFO] Exported RTL (vhdl)
[INFO] HDL generation succeeded
[INFO] Built kernel for IO gen.
[INFO] Ran kernel for IO gen.
[INFO] Launching Modelsim simulation
[INFO] Simulation succeeded
================================================================================
============== Dynamatic | Dynamic High-Level Synthesis Compiler ===============
======================== EPFL-LAP - v2.0.0 | March 2024 ========================
================================================================================


dynamatic> set-src skip2/runs/run_2025-12-16_21-04-46/triangular-6-6/triangular.c
dynamatic> write-hdl --rtl-config-name rtl-config-vhdl-triangular-6-6.json
dynamatic> simulate
dynamatic> exit

Goodbye!
[Iteration 0] Slack = 0.894

Slack >= 0 (0.894)

$$$ Target CP: 7.5 ns
$$$ Cycles: 176
$$$ Real CP: 7.20 ns
$$$ Performance metric: 1267.20

=== Testing target CP = 7.0 ns ===
Running Handshake canonicalization...
Canonicalized Handshake.
Lowering Handshake to HW...
Lowered Handshake to HW.
{"addrWidth":7,"bufferDepth":0,"dataWidth":32,"fifoDepth":16,"fifoDepth_L":16,"fifoDepth_S":16,"groupMulti":0,"headLagEn":0,"indexWidth":4,"ldOrder":[[0]],"ldPortIdx":[[0]],"loadOffsets":[[0,0,0,0,0,0,0,0,0,0,0,0,0,0,0,0]],"loadPorts":[[0,0,0,0,0,0,0,0,0,0,0,0,0,0,0,0]],"master":false,"name":"handshake_lsq_lsq1","numBBs":1,"numLdChannels":1,"numLoadPorts":1,"numLoads":[1],"numStChannels":1,"numStorePorts":1,"numStores":[1],"pipe0En":0,"pipe1En":0,"pipeCompEn":0,"stPortIdx":[[0]],"stResp":0,"storeOffsets":[[1,0,0,0,0,0,0,0,0,0,0,0,0,0,0,0]],"storePorts":[[0,0,0,0,0,0,0,0,0,0,0,0,0,0,0,0]]}
{'addrWidth': 7, 'bufferDepth': 0, 'dataWidth': 32, 'fifoDepth': 16, 'fifoDepth_L': 6, 'fifoDepth_S': 6, 'groupMulti': 0, 'headLagEn': 0, 'indexWidth': 4, 'ldOrder': [[0]], 'ldPortIdx': [[0]], 'loadOffsets': [[0, 0, 0, 0, 0, 0, 0, 0, 0, 0, 0, 0, 0, 0, 0, 0]], 'loadPorts': [[0, 0, 0, 0, 0, 0, 0, 0, 0, 0, 0, 0, 0, 0, 0, 0]], 'master': False, 'name': 'handshake_lsq_lsq1', 'numBBs': 1, 'numLdChannels': 1, 'numLoadPorts': 1, 'numLoads': [1], 'numStChannels': 1, 'numStorePorts': 1, 'numStores': [1], 'pipe0En': 0, 'pipe1En': 0, 'pipeCompEn': 0, 'stPortIdx': [[0]], 'stResp': 0, 'storeOffsets': [[1, 0, 0, 0, 0, 0, 0, 0, 0, 0, 0, 0, 0, 0, 0, 0]], 'storePorts': [[0, 0, 0, 0, 0, 0, 0, 0, 0, 0, 0, 0, 0, 0, 0, 0]]}
[INFO] Exported RTL (vhdl)
[INFO] HDL generation succeeded
[INFO] Built kernel for IO gen.
[INFO] Ran kernel for IO gen.
[INFO] Launching Modelsim simulation
[INFO] Simulation succeeded
================================================================================
============== Dynamatic | Dynamic High-Level Synthesis Compiler ===============
======================== EPFL-LAP - v2.0.0 | March 2024 ========================
================================================================================


dynamatic> set-src skip2/runs/run_2025-12-16_21-04-46/triangular-6-6/triangular.c
dynamatic> write-hdl --rtl-config-name rtl-config-vhdl-triangular-6-6.json
dynamatic> simulate
dynamatic> exit

Goodbye!
[Iteration 0] Slack = 0.643

Slack >= 0 (0.643)

$$$ Target CP: 7.0 ns
$$$ Cycles: 221
$$$ Real CP: 6.70 ns
$$$ Performance metric: 1480.70

=== Testing target CP = 6.5 ns ===
Running Handshake canonicalization...
Canonicalized Handshake.
Lowering Handshake to HW...
Lowered Handshake to HW.
{"addrWidth":7,"bufferDepth":0,"dataWidth":32,"fifoDepth":16,"fifoDepth_L":16,"fifoDepth_S":16,"groupMulti":0,"headLagEn":0,"indexWidth":4,"ldOrder":[[0]],"ldPortIdx":[[0]],"loadOffsets":[[0,0,0,0,0,0,0,0,0,0,0,0,0,0,0,0]],"loadPorts":[[0,0,0,0,0,0,0,0,0,0,0,0,0,0,0,0]],"master":false,"name":"handshake_lsq_lsq1","numBBs":1,"numLdChannels":1,"numLoadPorts":1,"numLoads":[1],"numStChannels":1,"numStorePorts":1,"numStores":[1],"pipe0En":0,"pipe1En":0,"pipeCompEn":0,"stPortIdx":[[0]],"stResp":0,"storeOffsets":[[1,0,0,0,0,0,0,0,0,0,0,0,0,0,0,0]],"storePorts":[[0,0,0,0,0,0,0,0,0,0,0,0,0,0,0,0]]}
{'addrWidth': 7, 'bufferDepth': 0, 'dataWidth': 32, 'fifoDepth': 16, 'fifoDepth_L': 6, 'fifoDepth_S': 6, 'groupMulti': 0, 'headLagEn': 0, 'indexWidth': 4, 'ldOrder': [[0]], 'ldPortIdx': [[0]], 'loadOffsets': [[0, 0, 0, 0, 0, 0, 0, 0, 0, 0, 0, 0, 0, 0, 0, 0]], 'loadPorts': [[0, 0, 0, 0, 0, 0, 0, 0, 0, 0, 0, 0, 0, 0, 0, 0]], 'master': False, 'name': 'handshake_lsq_lsq1', 'numBBs': 1, 'numLdChannels': 1, 'numLoadPorts': 1, 'numLoads': [1], 'numStChannels': 1, 'numStorePorts': 1, 'numStores': [1], 'pipe0En': 0, 'pipe1En': 0, 'pipeCompEn': 0, 'stPortIdx': [[0]], 'stResp': 0, 'storeOffsets': [[1, 0, 0, 0, 0, 0, 0, 0, 0, 0, 0, 0, 0, 0, 0, 0]], 'storePorts': [[0, 0, 0, 0, 0, 0, 0, 0, 0, 0, 0, 0, 0, 0, 0, 0]]}
[INFO] Exported RTL (vhdl)
[INFO] HDL generation succeeded
[INFO] Built kernel for IO gen.
[INFO] Ran kernel for IO gen.
[INFO] Launching Modelsim simulation
[INFO] Simulation succeeded
================================================================================
============== Dynamatic | Dynamic High-Level Synthesis Compiler ===============
======================== EPFL-LAP - v2.0.0 | March 2024 ========================
================================================================================


dynamatic> set-src skip2/runs/run_2025-12-16_21-04-46/triangular-6-6/triangular.c
dynamatic> write-hdl --rtl-config-name rtl-config-vhdl-triangular-6-6.json
dynamatic> simulate
dynamatic> exit

Goodbye!
[Iteration 0] Slack = 0.615

Slack >= 0 (0.615)

$$$ Target CP: 6.5 ns
$$$ Cycles: 176
$$$ Real CP: 6.20 ns
$$$ Performance metric: 1091.20

=== Testing target CP = 6.0 ns ===
Running Handshake canonicalization...
Canonicalized Handshake.
Lowering Handshake to HW...
Lowered Handshake to HW.
{"addrWidth":7,"bufferDepth":0,"dataWidth":32,"fifoDepth":16,"fifoDepth_L":16,"fifoDepth_S":16,"groupMulti":0,"headLagEn":0,"indexWidth":4,"ldOrder":[[0]],"ldPortIdx":[[0]],"loadOffsets":[[0,0,0,0,0,0,0,0,0,0,0,0,0,0,0,0]],"loadPorts":[[0,0,0,0,0,0,0,0,0,0,0,0,0,0,0,0]],"master":false,"name":"handshake_lsq_lsq1","numBBs":1,"numLdChannels":1,"numLoadPorts":1,"numLoads":[1],"numStChannels":1,"numStorePorts":1,"numStores":[1],"pipe0En":0,"pipe1En":0,"pipeCompEn":0,"stPortIdx":[[0]],"stResp":0,"storeOffsets":[[1,0,0,0,0,0,0,0,0,0,0,0,0,0,0,0]],"storePorts":[[0,0,0,0,0,0,0,0,0,0,0,0,0,0,0,0]]}
{'addrWidth': 7, 'bufferDepth': 0, 'dataWidth': 32, 'fifoDepth': 16, 'fifoDepth_L': 6, 'fifoDepth_S': 6, 'groupMulti': 0, 'headLagEn': 0, 'indexWidth': 4, 'ldOrder': [[0]], 'ldPortIdx': [[0]], 'loadOffsets': [[0, 0, 0, 0, 0, 0, 0, 0, 0, 0, 0, 0, 0, 0, 0, 0]], 'loadPorts': [[0, 0, 0, 0, 0, 0, 0, 0, 0, 0, 0, 0, 0, 0, 0, 0]], 'master': False, 'name': 'handshake_lsq_lsq1', 'numBBs': 1, 'numLdChannels': 1, 'numLoadPorts': 1, 'numLoads': [1], 'numStChannels': 1, 'numStorePorts': 1, 'numStores': [1], 'pipe0En': 0, 'pipe1En': 0, 'pipeCompEn': 0, 'stPortIdx': [[0]], 'stResp': 0, 'storeOffsets': [[1, 0, 0, 0, 0, 0, 0, 0, 0, 0, 0, 0, 0, 0, 0, 0]], 'storePorts': [[0, 0, 0, 0, 0, 0, 0, 0, 0, 0, 0, 0, 0, 0, 0, 0]]}
[INFO] Exported RTL (vhdl)
[INFO] HDL generation succeeded
[INFO] Built kernel for IO gen.
[INFO] Ran kernel for IO gen.
[INFO] Launching Modelsim simulation
[INFO] Simulation succeeded
================================================================================
============== Dynamatic | Dynamic High-Level Synthesis Compiler ===============
======================== EPFL-LAP - v2.0.0 | March 2024 ========================
================================================================================


dynamatic> set-src skip2/runs/run_2025-12-16_21-04-46/triangular-6-6/triangular.c
dynamatic> write-hdl --rtl-config-name rtl-config-vhdl-triangular-6-6.json
dynamatic> simulate
dynamatic> exit

Goodbye!
[Iteration 0] Slack = 0.199

Slack >= 0 (0.199)

$$$ Target CP: 6.0 ns
$$$ Cycles: 176
$$$ Real CP: 5.70 ns
$$$ Performance metric: 1003.20

=== Testing target CP = 5.5 ns ===
Running Handshake canonicalization...
Canonicalized Handshake.
Lowering Handshake to HW...
Lowered Handshake to HW.
{"addrWidth":7,"bufferDepth":0,"dataWidth":32,"fifoDepth":16,"fifoDepth_L":16,"fifoDepth_S":16,"groupMulti":0,"headLagEn":0,"indexWidth":4,"ldOrder":[[0]],"ldPortIdx":[[0]],"loadOffsets":[[0,0,0,0,0,0,0,0,0,0,0,0,0,0,0,0]],"loadPorts":[[0,0,0,0,0,0,0,0,0,0,0,0,0,0,0,0]],"master":false,"name":"handshake_lsq_lsq1","numBBs":1,"numLdChannels":1,"numLoadPorts":1,"numLoads":[1],"numStChannels":1,"numStorePorts":1,"numStores":[1],"pipe0En":0,"pipe1En":0,"pipeCompEn":0,"stPortIdx":[[0]],"stResp":0,"storeOffsets":[[1,0,0,0,0,0,0,0,0,0,0,0,0,0,0,0]],"storePorts":[[0,0,0,0,0,0,0,0,0,0,0,0,0,0,0,0]]}
{'addrWidth': 7, 'bufferDepth': 0, 'dataWidth': 32, 'fifoDepth': 16, 'fifoDepth_L': 6, 'fifoDepth_S': 6, 'groupMulti': 0, 'headLagEn': 0, 'indexWidth': 4, 'ldOrder': [[0]], 'ldPortIdx': [[0]], 'loadOffsets': [[0, 0, 0, 0, 0, 0, 0, 0, 0, 0, 0, 0, 0, 0, 0, 0]], 'loadPorts': [[0, 0, 0, 0, 0, 0, 0, 0, 0, 0, 0, 0, 0, 0, 0, 0]], 'master': False, 'name': 'handshake_lsq_lsq1', 'numBBs': 1, 'numLdChannels': 1, 'numLoadPorts': 1, 'numLoads': [1], 'numStChannels': 1, 'numStorePorts': 1, 'numStores': [1], 'pipe0En': 0, 'pipe1En': 0, 'pipeCompEn': 0, 'stPortIdx': [[0]], 'stResp': 0, 'storeOffsets': [[1, 0, 0, 0, 0, 0, 0, 0, 0, 0, 0, 0, 0, 0, 0, 0]], 'storePorts': [[0, 0, 0, 0, 0, 0, 0, 0, 0, 0, 0, 0, 0, 0, 0, 0]]}
[INFO] Exported RTL (vhdl)
[INFO] HDL generation succeeded
[INFO] Built kernel for IO gen.
[INFO] Ran kernel for IO gen.
[INFO] Launching Modelsim simulation
[INFO] Simulation succeeded
================================================================================
============== Dynamatic | Dynamic High-Level Synthesis Compiler ===============
======================== EPFL-LAP - v2.0.0 | March 2024 ========================
================================================================================


dynamatic> set-src skip2/runs/run_2025-12-16_21-04-46/triangular-6-6/triangular.c
dynamatic> write-hdl --rtl-config-name rtl-config-vhdl-triangular-6-6.json
dynamatic> simulate
dynamatic> exit

Goodbye!
[Iteration 0] Slack = 0.194

Slack >= 0 (0.194)

$$$ Target CP: 5.5 ns
$$$ Cycles: 274
$$$ Real CP: 5.20 ns
$$$ Performance metric: 1424.80

=== Testing target CP = 5.0 ns ===
Running Handshake canonicalization...
Canonicalized Handshake.
Lowering Handshake to HW...
Lowered Handshake to HW.
{"addrWidth":7,"bufferDepth":0,"dataWidth":32,"fifoDepth":16,"fifoDepth_L":16,"fifoDepth_S":16,"groupMulti":0,"headLagEn":0,"indexWidth":4,"ldOrder":[[0]],"ldPortIdx":[[0]],"loadOffsets":[[0,0,0,0,0,0,0,0,0,0,0,0,0,0,0,0]],"loadPorts":[[0,0,0,0,0,0,0,0,0,0,0,0,0,0,0,0]],"master":false,"name":"handshake_lsq_lsq1","numBBs":1,"numLdChannels":1,"numLoadPorts":1,"numLoads":[1],"numStChannels":1,"numStorePorts":1,"numStores":[1],"pipe0En":0,"pipe1En":0,"pipeCompEn":0,"stPortIdx":[[0]],"stResp":0,"storeOffsets":[[1,0,0,0,0,0,0,0,0,0,0,0,0,0,0,0]],"storePorts":[[0,0,0,0,0,0,0,0,0,0,0,0,0,0,0,0]]}
{'addrWidth': 7, 'bufferDepth': 0, 'dataWidth': 32, 'fifoDepth': 16, 'fifoDepth_L': 6, 'fifoDepth_S': 6, 'groupMulti': 0, 'headLagEn': 0, 'indexWidth': 4, 'ldOrder': [[0]], 'ldPortIdx': [[0]], 'loadOffsets': [[0, 0, 0, 0, 0, 0, 0, 0, 0, 0, 0, 0, 0, 0, 0, 0]], 'loadPorts': [[0, 0, 0, 0, 0, 0, 0, 0, 0, 0, 0, 0, 0, 0, 0, 0]], 'master': False, 'name': 'handshake_lsq_lsq1', 'numBBs': 1, 'numLdChannels': 1, 'numLoadPorts': 1, 'numLoads': [1], 'numStChannels': 1, 'numStorePorts': 1, 'numStores': [1], 'pipe0En': 0, 'pipe1En': 0, 'pipeCompEn': 0, 'stPortIdx': [[0]], 'stResp': 0, 'storeOffsets': [[1, 0, 0, 0, 0, 0, 0, 0, 0, 0, 0, 0, 0, 0, 0, 0]], 'storePorts': [[0, 0, 0, 0, 0, 0, 0, 0, 0, 0, 0, 0, 0, 0, 0, 0]]}
[INFO] Exported RTL (vhdl)
[INFO] HDL generation succeeded
[INFO] Built kernel for IO gen.
[INFO] Ran kernel for IO gen.
[INFO] Launching Modelsim simulation
[INFO] Simulation succeeded
================================================================================
============== Dynamatic | Dynamic High-Level Synthesis Compiler ===============
======================== EPFL-LAP - v2.0.0 | March 2024 ========================
================================================================================


dynamatic> set-src skip2/runs/run_2025-12-16_21-04-46/triangular-6-6/triangular.c
dynamatic> write-hdl --rtl-config-name rtl-config-vhdl-triangular-6-6.json
dynamatic> simulate
dynamatic> exit

Goodbye!
[Iteration 0] Slack = -0.446

Slack < 0 (-0.446), increasing CP to 5.15 and retrying.

[Iteration 1] Slack = -0.091

Slack < 0 (-0.091), increasing CP to 5.24 and retrying.

[Iteration 2] Slack = 0.303

Slack >= 0 (0.303)

$$$ Target CP: 5.0 ns
$$$ Cycles: 274
$$$ Real CP: 5.24 ns
$$$ Performance metric: 1435.76

=== Testing target CP = 4.5 ns ===
Running Handshake canonicalization...
Canonicalized Handshake.
Lowering Handshake to HW...
Lowered Handshake to HW.
{"addrWidth":7,"bufferDepth":0,"dataWidth":32,"fifoDepth":16,"fifoDepth_L":16,"fifoDepth_S":16,"groupMulti":0,"headLagEn":0,"indexWidth":4,"ldOrder":[[0]],"ldPortIdx":[[0]],"loadOffsets":[[0,0,0,0,0,0,0,0,0,0,0,0,0,0,0,0]],"loadPorts":[[0,0,0,0,0,0,0,0,0,0,0,0,0,0,0,0]],"master":false,"name":"handshake_lsq_lsq1","numBBs":1,"numLdChannels":1,"numLoadPorts":1,"numLoads":[1],"numStChannels":1,"numStorePorts":1,"numStores":[1],"pipe0En":0,"pipe1En":0,"pipeCompEn":0,"stPortIdx":[[0]],"stResp":0,"storeOffsets":[[1,0,0,0,0,0,0,0,0,0,0,0,0,0,0,0]],"storePorts":[[0,0,0,0,0,0,0,0,0,0,0,0,0,0,0,0]]}
{'addrWidth': 7, 'bufferDepth': 0, 'dataWidth': 32, 'fifoDepth': 16, 'fifoDepth_L': 6, 'fifoDepth_S': 6, 'groupMulti': 0, 'headLagEn': 0, 'indexWidth': 4, 'ldOrder': [[0]], 'ldPortIdx': [[0]], 'loadOffsets': [[0, 0, 0, 0, 0, 0, 0, 0, 0, 0, 0, 0, 0, 0, 0, 0]], 'loadPorts': [[0, 0, 0, 0, 0, 0, 0, 0, 0, 0, 0, 0, 0, 0, 0, 0]], 'master': False, 'name': 'handshake_lsq_lsq1', 'numBBs': 1, 'numLdChannels': 1, 'numLoadPorts': 1, 'numLoads': [1], 'numStChannels': 1, 'numStorePorts': 1, 'numStores': [1], 'pipe0En': 0, 'pipe1En': 0, 'pipeCompEn': 0, 'stPortIdx': [[0]], 'stResp': 0, 'storeOffsets': [[1, 0, 0, 0, 0, 0, 0, 0, 0, 0, 0, 0, 0, 0, 0, 0]], 'storePorts': [[0, 0, 0, 0, 0, 0, 0, 0, 0, 0, 0, 0, 0, 0, 0, 0]]}
[INFO] Exported RTL (vhdl)
[INFO] HDL generation succeeded
[INFO] Built kernel for IO gen.
[INFO] Ran kernel for IO gen.
[INFO] Launching Modelsim simulation
[INFO] Simulation succeeded
================================================================================
============== Dynamatic | Dynamic High-Level Synthesis Compiler ===============
======================== EPFL-LAP - v2.0.0 | March 2024 ========================
================================================================================


dynamatic> set-src skip2/runs/run_2025-12-16_21-04-46/triangular-6-6/triangular.c
dynamatic> write-hdl --rtl-config-name rtl-config-vhdl-triangular-6-6.json
dynamatic> simulate
dynamatic> exit

Goodbye!
[Iteration 0] Slack = 0.032

Slack >= 0 (0.032)

$$$ Target CP: 4.5 ns
$$$ Cycles: 285
$$$ Real CP: 4.20 ns
$$$ Performance metric: 1197.00

=== Testing target CP = 4.0 ns ===
Running Handshake canonicalization...
Canonicalized Handshake.
Lowering Handshake to HW...
Lowered Handshake to HW.
{"addrWidth":7,"bufferDepth":0,"dataWidth":32,"fifoDepth":16,"fifoDepth_L":16,"fifoDepth_S":16,"groupMulti":0,"headLagEn":0,"indexWidth":4,"ldOrder":[[0]],"ldPortIdx":[[0]],"loadOffsets":[[0,0,0,0,0,0,0,0,0,0,0,0,0,0,0,0]],"loadPorts":[[0,0,0,0,0,0,0,0,0,0,0,0,0,0,0,0]],"master":false,"name":"handshake_lsq_lsq1","numBBs":1,"numLdChannels":1,"numLoadPorts":1,"numLoads":[1],"numStChannels":1,"numStorePorts":1,"numStores":[1],"pipe0En":0,"pipe1En":0,"pipeCompEn":0,"stPortIdx":[[0]],"stResp":0,"storeOffsets":[[1,0,0,0,0,0,0,0,0,0,0,0,0,0,0,0]],"storePorts":[[0,0,0,0,0,0,0,0,0,0,0,0,0,0,0,0]]}
{'addrWidth': 7, 'bufferDepth': 0, 'dataWidth': 32, 'fifoDepth': 16, 'fifoDepth_L': 6, 'fifoDepth_S': 6, 'groupMulti': 0, 'headLagEn': 0, 'indexWidth': 4, 'ldOrder': [[0]], 'ldPortIdx': [[0]], 'loadOffsets': [[0, 0, 0, 0, 0, 0, 0, 0, 0, 0, 0, 0, 0, 0, 0, 0]], 'loadPorts': [[0, 0, 0, 0, 0, 0, 0, 0, 0, 0, 0, 0, 0, 0, 0, 0]], 'master': False, 'name': 'handshake_lsq_lsq1', 'numBBs': 1, 'numLdChannels': 1, 'numLoadPorts': 1, 'numLoads': [1], 'numStChannels': 1, 'numStorePorts': 1, 'numStores': [1], 'pipe0En': 0, 'pipe1En': 0, 'pipeCompEn': 0, 'stPortIdx': [[0]], 'stResp': 0, 'storeOffsets': [[1, 0, 0, 0, 0, 0, 0, 0, 0, 0, 0, 0, 0, 0, 0, 0]], 'storePorts': [[0, 0, 0, 0, 0, 0, 0, 0, 0, 0, 0, 0, 0, 0, 0, 0]]}
[INFO] Exported RTL (vhdl)
[INFO] HDL generation succeeded
[INFO] Built kernel for IO gen.
[INFO] Ran kernel for IO gen.
[INFO] Launching Modelsim simulation
[INFO] Simulation succeeded
================================================================================
============== Dynamatic | Dynamic High-Level Synthesis Compiler ===============
======================== EPFL-LAP - v2.0.0 | March 2024 ========================
================================================================================


dynamatic> set-src skip2/runs/run_2025-12-16_21-04-46/triangular-6-6/triangular.c
dynamatic> write-hdl --rtl-config-name rtl-config-vhdl-triangular-6-6.json
dynamatic> simulate
dynamatic> exit

Goodbye!
[Iteration 0] Slack = -0.721

Slack < 0 (-0.721), increasing CP to 4.42 and retrying.

[Iteration 1] Slack = -0.07

Slack < 0 (-0.07), increasing CP to 4.49 and retrying.

[Iteration 2] Slack = 0.063

Slack >= 0 (0.063)

$$$ Target CP: 4.0 ns
$$$ Cycles: 349
$$$ Real CP: 4.49 ns
$$$ Performance metric: 1567.01

=== Testing target CP = 3.5 ns ===
Running Handshake canonicalization...
Canonicalized Handshake.
Lowering Handshake to HW...
Lowered Handshake to HW.
{"addrWidth":7,"bufferDepth":0,"dataWidth":32,"fifoDepth":16,"fifoDepth_L":16,"fifoDepth_S":16,"groupMulti":0,"headLagEn":0,"indexWidth":4,"ldOrder":[[0]],"ldPortIdx":[[0]],"loadOffsets":[[0,0,0,0,0,0,0,0,0,0,0,0,0,0,0,0]],"loadPorts":[[0,0,0,0,0,0,0,0,0,0,0,0,0,0,0,0]],"master":false,"name":"handshake_lsq_lsq1","numBBs":1,"numLdChannels":1,"numLoadPorts":1,"numLoads":[1],"numStChannels":1,"numStorePorts":1,"numStores":[1],"pipe0En":0,"pipe1En":0,"pipeCompEn":0,"stPortIdx":[[0]],"stResp":0,"storeOffsets":[[1,0,0,0,0,0,0,0,0,0,0,0,0,0,0,0]],"storePorts":[[0,0,0,0,0,0,0,0,0,0,0,0,0,0,0,0]]}
{'addrWidth': 7, 'bufferDepth': 0, 'dataWidth': 32, 'fifoDepth': 16, 'fifoDepth_L': 6, 'fifoDepth_S': 6, 'groupMulti': 0, 'headLagEn': 0, 'indexWidth': 4, 'ldOrder': [[0]], 'ldPortIdx': [[0]], 'loadOffsets': [[0, 0, 0, 0, 0, 0, 0, 0, 0, 0, 0, 0, 0, 0, 0, 0]], 'loadPorts': [[0, 0, 0, 0, 0, 0, 0, 0, 0, 0, 0, 0, 0, 0, 0, 0]], 'master': False, 'name': 'handshake_lsq_lsq1', 'numBBs': 1, 'numLdChannels': 1, 'numLoadPorts': 1, 'numLoads': [1], 'numStChannels': 1, 'numStorePorts': 1, 'numStores': [1], 'pipe0En': 0, 'pipe1En': 0, 'pipeCompEn': 0, 'stPortIdx': [[0]], 'stResp': 0, 'storeOffsets': [[1, 0, 0, 0, 0, 0, 0, 0, 0, 0, 0, 0, 0, 0, 0, 0]], 'storePorts': [[0, 0, 0, 0, 0, 0, 0, 0, 0, 0, 0, 0, 0, 0, 0, 0]]}
[INFO] Exported RTL (vhdl)
[INFO] HDL generation succeeded
[INFO] Built kernel for IO gen.
[INFO] Ran kernel for IO gen.
[INFO] Launching Modelsim simulation
[INFO] Simulation succeeded
================================================================================
============== Dynamatic | Dynamic High-Level Synthesis Compiler ===============
======================== EPFL-LAP - v2.0.0 | March 2024 ========================
================================================================================


dynamatic> set-src skip2/runs/run_2025-12-16_21-04-46/triangular-6-6/triangular.c
dynamatic> write-hdl --rtl-config-name rtl-config-vhdl-triangular-6-6.json
dynamatic> simulate
dynamatic> exit

Goodbye!
[Iteration 0] Slack = -0.81

Slack < 0 (-0.81), increasing CP to 4.01 and retrying.

[Iteration 1] Slack = -0.17

Slack < 0 (-0.17), increasing CP to 4.18 and retrying.

[Iteration 2] Slack = 0.074

Slack >= 0 (0.074)

$$$ Target CP: 3.5 ns
$$$ Cycles: 340
$$$ Real CP: 4.18 ns
$$$ Performance metric: 1421.20

=== Testing target CP = 3.0 ns ===
Running Handshake canonicalization...
Canonicalized Handshake.
Lowering Handshake to HW...
Lowered Handshake to HW.
{"addrWidth":7,"bufferDepth":0,"dataWidth":32,"fifoDepth":16,"fifoDepth_L":16,"fifoDepth_S":16,"groupMulti":0,"headLagEn":0,"indexWidth":4,"ldOrder":[[0]],"ldPortIdx":[[0]],"loadOffsets":[[0,0,0,0,0,0,0,0,0,0,0,0,0,0,0,0]],"loadPorts":[[0,0,0,0,0,0,0,0,0,0,0,0,0,0,0,0]],"master":false,"name":"handshake_lsq_lsq1","numBBs":1,"numLdChannels":1,"numLoadPorts":1,"numLoads":[1],"numStChannels":1,"numStorePorts":1,"numStores":[1],"pipe0En":0,"pipe1En":0,"pipeCompEn":0,"stPortIdx":[[0]],"stResp":0,"storeOffsets":[[1,0,0,0,0,0,0,0,0,0,0,0,0,0,0,0]],"storePorts":[[0,0,0,0,0,0,0,0,0,0,0,0,0,0,0,0]]}
{'addrWidth': 7, 'bufferDepth': 0, 'dataWidth': 32, 'fifoDepth': 16, 'fifoDepth_L': 6, 'fifoDepth_S': 6, 'groupMulti': 0, 'headLagEn': 0, 'indexWidth': 4, 'ldOrder': [[0]], 'ldPortIdx': [[0]], 'loadOffsets': [[0, 0, 0, 0, 0, 0, 0, 0, 0, 0, 0, 0, 0, 0, 0, 0]], 'loadPorts': [[0, 0, 0, 0, 0, 0, 0, 0, 0, 0, 0, 0, 0, 0, 0, 0]], 'master': False, 'name': 'handshake_lsq_lsq1', 'numBBs': 1, 'numLdChannels': 1, 'numLoadPorts': 1, 'numLoads': [1], 'numStChannels': 1, 'numStorePorts': 1, 'numStores': [1], 'pipe0En': 0, 'pipe1En': 0, 'pipeCompEn': 0, 'stPortIdx': [[0]], 'stResp': 0, 'storeOffsets': [[1, 0, 0, 0, 0, 0, 0, 0, 0, 0, 0, 0, 0, 0, 0, 0]], 'storePorts': [[0, 0, 0, 0, 0, 0, 0, 0, 0, 0, 0, 0, 0, 0, 0, 0]]}
[INFO] Exported RTL (vhdl)
[INFO] HDL generation succeeded
[INFO] Built kernel for IO gen.
[INFO] Ran kernel for IO gen.
[INFO] Launching Modelsim simulation
[INFO] Simulation succeeded
================================================================================
============== Dynamatic | Dynamic High-Level Synthesis Compiler ===============
======================== EPFL-LAP - v2.0.0 | March 2024 ========================
================================================================================


dynamatic> set-src skip2/runs/run_2025-12-16_21-04-46/triangular-6-6/triangular.c
dynamatic> write-hdl --rtl-config-name rtl-config-vhdl-triangular-6-6.json
dynamatic> simulate
dynamatic> exit

Goodbye!
[Iteration 0] Slack = -1.408

Slack < 0 (-1.408), increasing CP to 4.11 and retrying.

[Iteration 1] Slack = -0.025

Slack < 0 (-0.025), increasing CP to 4.14 and retrying.

[Iteration 2] Slack = -0.082

Slack < 0 (-0.082), increasing CP to 4.22 and retrying.

[Iteration 3] Slack = -0.042

Slack < 0 (-0.042), increasing CP to 4.26 and retrying.

[Iteration 4] Slack = -0.012

Slack < 0 (-0.012), increasing CP to 4.27 and retrying.

[Iteration 5] Slack = 0.011

Slack >= 0 (0.011)

$$$ Target CP: 3.0 ns
$$$ Cycles: 385
$$$ Real CP: 4.27 ns
$$$ Performance metric: 1643.95

===  Best Configuration Found ===
Target CP : 6.00 ns
Real   CP : 5.70 ns
Cycles    : 176
Performance metric : 1003.20
