[INFO] Compiled source to affine
[INFO] Ran memory analysis
[INFO] Compiled affine to scf
[INFO] Compiled scf to cf
[INFO] Applied standard transformations to cf
[INFO] Applied Dynamatic transformations to cf
[INFO] Marked memory accesses with the corresponding interfaces in cf
[INFO] Compiled cf to handshake
[INFO][SKIP] Created Skip Conditions
[INFO][SKIP] Created Waiting Signals
[INFO][SKIP] Gated Successor Accesses
[INFO][SKIP] Dependency graph written to /beta/rouzbeh/hope/dynamatic/skip/runs/run_2025-12-16_00-21-42/matrix_power-0/out/comp/matrix_power_DEP_G.dot
[INFO][SKIP] Inserted Out with LSQs circuit successfully! 
[INFO] Applied transformations to handshake with skippable sequentializer
[INFO] Applied transformations to handshake
[INFO] Built kernel for profiling
[INFO] Ran kernel for profiling
[INFO] Profiled cf-level
[INFO] Running smart buffer placement with CP = 15.000 and algorithm = 'cpbuf'
[INFO] Placed smart buffers
[INFO] Canonicalized handshake
[INFO] Created matrix_power DOT
[INFO] Converted matrix_power DOT to PNG
[INFO] Created matrix_power_CFG DOT
[INFO] Converted matrix_power_CFG DOT to PNG
[INFO] Lowered to HW
[INFO] Compilation succeeded
[INFO] Exported RTL (vhdl)
[INFO] HDL generation succeeded
================================================================================
============== Dynamatic | Dynamic High-Level Synthesis Compiler ===============
======================== EPFL-LAP - v2.0.0 | March 2024 ========================
================================================================================


dynamatic> set-src skip/runs/run_2025-12-16_00-21-42/matrix_power-0/matrix_power.c
dynamatic> set-clock-period 15   
dynamatic> compile --skippable-seq-n 0 --buffer-algorithm cpbuf --fork-fifo-size 15
dynamatic> write-hdl
dynamatic> exit

Goodbye!
[INFO] Exported RTL (vhdl)
[INFO] HDL generation succeeded
[INFO] Built kernel for IO gen.
[INFO] Ran kernel for IO gen.
[INFO] Launching Modelsim simulation
[INFO] Simulation succeeded
================================================================================
============== Dynamatic | Dynamic High-Level Synthesis Compiler ===============
======================== EPFL-LAP - v2.0.0 | March 2024 ========================
================================================================================


dynamatic> set-src skip/runs/run_2025-12-16_00-21-42/matrix_power-0/matrix_power.c
dynamatic> write-hdl
dynamatic> simulate
dynamatic> exit

Goodbye!
Initial BASELINE Cycles: None
buffer1 ----> 6
buffer1      max_len = 6
buffer2 ----> 6
buffer2      max_len = 6
buffer3 ----> 0
buffer3      max_len = 0
buffer4 ----> 0
buffer4      max_len = 0
buffer5 ----> 0
buffer5      max_len = 0
buffer6 ----> 15
buffer6      max_len = 15
buffer7 ----> 15
buffer7      max_len = 15
buffer8 ----> 15
buffer8      max_len = 15
buffer9 ----> 0
buffer9      max_len = 0
buffer10 ----> 0
buffer10     max_len = 0
buffer11 ----> 0
buffer11     max_len = 0
buffer12 ----> 14
buffer12     max_len = 14
buffer13 ----> 14
buffer13     max_len = 14
buffer14 ----> 0
buffer14     max_len = 0
buffer15 ----> 0
buffer15     max_len = 0
buffer16 ----> 7
buffer16     max_len = 7
buffer17 ----> 0
buffer17     max_len = 0
buffer18 ----> 15
buffer18     max_len = 15
buffer19 ----> 15
buffer19     max_len = 15
buffer20 ----> 15
buffer20     max_len = 15
buffer21 ----> 15
buffer21     max_len = 15
buffer22 ----> 15
buffer22     max_len = 15
buffer23 ----> 15
buffer23     max_len = 15
buffer24 ----> 15
buffer24     max_len = 15
buffer25 ----> 15
buffer25     max_len = 15
buffer26 ----> 15
buffer26     max_len = 15
buffer27 ----> 15
buffer27     max_len = 15
buffer28 ----> 15
buffer28     max_len = 15
buffer29 ----> 15
buffer29     max_len = 15
buffer30 ----> 15
buffer30     max_len = 15
buffer31 ----> 15
buffer31     max_len = 15
buffer32 ----> 6
buffer32     max_len = 6
buffer33 ----> 7
buffer33     max_len = 7
buffer34 ----> 0
buffer34     max_len = 0
buffer35 ----> 0
buffer35     max_len = 0
buffer36 ----> 6
buffer36     max_len = 6
buffer37 ----> 0
buffer37     max_len = 0
buffer38 ----> 15
buffer38     max_len = 15
buffer39 ----> 1
buffer39     max_len = 1
buffer40 ----> 6
buffer40     max_len = 6
buffer41 ----> 0
buffer41     max_len = 0
buffer42 ----> 0
buffer42     max_len = 0
buffer43 ----> 0
buffer43     max_len = 0
buffer44 ----> 1
buffer44     max_len = 1

=== Applying MLIR modifications (remove) ===
[REMOVE] buffer10 (max_len=0)
[REMOVE] buffer11 (max_len=0)
[REMOVE] buffer14 (max_len=0)
[REMOVE] buffer15 (max_len=0)
[REMOVE] buffer17 (max_len=0)
[REMOVE] buffer3 (max_len=0)
[REMOVE] buffer34 (max_len=0)
[REMOVE] buffer35 (max_len=0)
[REMOVE] buffer37 (max_len=0)
[REMOVE] buffer4 (max_len=0)
[REMOVE] buffer41 (max_len=0)
[REMOVE] buffer42 (max_len=0)
[REMOVE] buffer43 (max_len=0)
[REMOVE] buffer5 (max_len=0)
[REMOVE] buffer9 (max_len=0)
Running Handshake canonicalization...
Canonicalized Handshake.
Lowering Handshake to HW...
Lowered Handshake to HW.

=== Running BASELINE simulation after initial resize ===
BASELINE Cycles: 2288

=== Applying Buffer Removal Optimization ===
MLIR file backed up to: skip/runs/run_2025-12-16_00-21-42/matrix_power-0/out/comp/handshake_transformed.mlir.bak

=== Applying Buffer Resize Optimization to size 0 ===
Processed 0/29 until now
[TRY REMOVE] buffer1
[TRY REMOVE] buffer2
[TRY REMOVE] buffer6
[TRY REMOVE] buffer7
[TRY REMOVE] buffer8
[TRY REMOVE] buffer12
[TRY REMOVE] buffer13
[TRY REMOVE] buffer16
[TRY REMOVE] buffer18
[TRY REMOVE] buffer19
[TRY REMOVE] buffer20
[TRY REMOVE] buffer21
[TRY REMOVE] buffer22
[TRY REMOVE] buffer23
[TRY REMOVE] buffer24
[TRY REMOVE] buffer25
[TRY REMOVE] buffer26
[TRY REMOVE] buffer27
[TRY REMOVE] buffer28
[TRY REMOVE] buffer29
[TRY REMOVE] buffer30
[TRY REMOVE] buffer31
[TRY REMOVE] buffer32
[TRY REMOVE] buffer33
[TRY REMOVE] buffer36
[TRY REMOVE] buffer38
[TRY REMOVE] buffer39
[TRY REMOVE] buffer40
[TRY REMOVE] buffer44
Running Handshake canonicalization...
Canonicalized Handshake.
Lowering Handshake to HW...
Lowered Handshake to HW.
[PERF OK] Cycles: 2288 (Baseline: 2288)
[OPTIMIZE] Success: Resized 29 buffers to 0: ['buffer1', 'buffer2', 'buffer6', 'buffer7', 'buffer8', 'buffer12', 'buffer13', 'buffer16', 'buffer18', 'buffer19', 'buffer20', 'buffer21', 'buffer22', 'buffer23', 'buffer24', 'buffer25', 'buffer26', 'buffer27', 'buffer28', 'buffer29', 'buffer30', 'buffer31', 'buffer32', 'buffer33', 'buffer36', 'buffer38', 'buffer39', 'buffer40', 'buffer44']

Optimization complete. Successfully resized 29 buffers to 0

=== Applying Buffer Resize Optimization to size 1 ===

Optimization complete. Successfully resized 0 buffers to 1

=== Applying Buffer Resize Optimization to size 2 ===

Optimization complete. Successfully resized 0 buffers to 2

=== Applying Buffer Resize Optimization to size 3 ===

Optimization complete. Successfully resized 0 buffers to 3

=== Applying Buffer Resize Optimization to size 4 ===

Optimization complete. Successfully resized 0 buffers to 4

=== Applying Buffer Resize Optimization to size 5 ===

Optimization complete. Successfully resized 0 buffers to 5

=== Applying Buffer Resize Optimization to size 6 ===

Optimization complete. Successfully resized 0 buffers to 6

=== Applying Buffer Resize Optimization to size 7 ===

Optimization complete. Successfully resized 0 buffers to 7

=== Applying Buffer Resize Optimization to size 8 ===

Optimization complete. Successfully resized 0 buffers to 8

=== Applying Buffer Resize Optimization to size 9 ===

Optimization complete. Successfully resized 0 buffers to 9

=== Applying Buffer Resize Optimization to size 10 ===

Optimization complete. Successfully resized 0 buffers to 10

=== Applying Buffer Resize Optimization to size 11 ===

Optimization complete. Successfully resized 0 buffers to 11

=== Applying Buffer Resize Optimization to size 12 ===

Optimization complete. Successfully resized 0 buffers to 12

=== Applying Buffer Resize Optimization to size 13 ===

Optimization complete. Successfully resized 0 buffers to 13
Running Handshake canonicalization...
Canonicalized Handshake.
Lowering Handshake to HW...
Lowered Handshake to HW.

=== After buffering ===
BASELINE Cycles: 2288

===== Target CP tuning =====
[INFO] Exported RTL (vhdl)
[INFO] HDL generation succeeded
[INFO] Built kernel for IO gen.
[INFO] Ran kernel for IO gen.
[INFO] Launching Modelsim simulation
[INFO] Simulation succeeded
================================================================================
============== Dynamatic | Dynamic High-Level Synthesis Compiler ===============
======================== EPFL-LAP - v2.0.0 | March 2024 ========================
================================================================================


dynamatic> set-src skip/runs/run_2025-12-16_00-21-42/matrix_power-0/matrix_power.c
dynamatic> write-hdl
dynamatic> simulate
dynamatic> exit

Goodbye!
Baseline latency = 2288 cycles at 15 ns

--- Trying CP = 14.5 ns ---
Running Handshake canonicalization...
Canonicalized Handshake.
Lowering Handshake to HW...
Lowered Handshake to HW.
[INFO] Exported RTL (vhdl)
[INFO] HDL generation succeeded
[INFO] Built kernel for IO gen.
[INFO] Ran kernel for IO gen.
[INFO] Launching Modelsim simulation
[INFO] Simulation succeeded
================================================================================
============== Dynamatic | Dynamic High-Level Synthesis Compiler ===============
======================== EPFL-LAP - v2.0.0 | March 2024 ========================
================================================================================


dynamatic> set-src skip/runs/run_2025-12-16_00-21-42/matrix_power-0/matrix_power.c
dynamatic> write-hdl
dynamatic> simulate
dynamatic> exit

Goodbye!
→ Latency = 2288 cycles

--- Trying CP = 14.0 ns ---
Running Handshake canonicalization...
Canonicalized Handshake.
Lowering Handshake to HW...
Lowered Handshake to HW.
[INFO] Exported RTL (vhdl)
[INFO] HDL generation succeeded
[INFO] Built kernel for IO gen.
[INFO] Ran kernel for IO gen.
[INFO] Launching Modelsim simulation
[INFO] Simulation succeeded
================================================================================
============== Dynamatic | Dynamic High-Level Synthesis Compiler ===============
======================== EPFL-LAP - v2.0.0 | March 2024 ========================
================================================================================


dynamatic> set-src skip/runs/run_2025-12-16_00-21-42/matrix_power-0/matrix_power.c
dynamatic> write-hdl
dynamatic> simulate
dynamatic> exit

Goodbye!
→ Latency = 2288 cycles

--- Trying CP = 13.5 ns ---
Running Handshake canonicalization...
Canonicalized Handshake.
Lowering Handshake to HW...
Lowered Handshake to HW.
[INFO] Exported RTL (vhdl)
[INFO] HDL generation succeeded
[INFO] Built kernel for IO gen.
[INFO] Ran kernel for IO gen.
[INFO] Launching Modelsim simulation
[INFO] Simulation succeeded
================================================================================
============== Dynamatic | Dynamic High-Level Synthesis Compiler ===============
======================== EPFL-LAP - v2.0.0 | March 2024 ========================
================================================================================


dynamatic> set-src skip/runs/run_2025-12-16_00-21-42/matrix_power-0/matrix_power.c
dynamatic> write-hdl
dynamatic> simulate
dynamatic> exit

Goodbye!
→ Latency = 2288 cycles

--- Trying CP = 13.0 ns ---
Running Handshake canonicalization...
Canonicalized Handshake.
Lowering Handshake to HW...
Lowered Handshake to HW.
[INFO] Exported RTL (vhdl)
[INFO] HDL generation succeeded
[INFO] Built kernel for IO gen.
[INFO] Ran kernel for IO gen.
[INFO] Launching Modelsim simulation
[INFO] Simulation succeeded
================================================================================
============== Dynamatic | Dynamic High-Level Synthesis Compiler ===============
======================== EPFL-LAP - v2.0.0 | March 2024 ========================
================================================================================


dynamatic> set-src skip/runs/run_2025-12-16_00-21-42/matrix_power-0/matrix_power.c
dynamatic> write-hdl
dynamatic> simulate
dynamatic> exit

Goodbye!
→ Latency = 2288 cycles

--- Trying CP = 12.5 ns ---
Running Handshake canonicalization...
Canonicalized Handshake.
Lowering Handshake to HW...
Lowered Handshake to HW.
[INFO] Exported RTL (vhdl)
[INFO] HDL generation succeeded
[INFO] Built kernel for IO gen.
[INFO] Ran kernel for IO gen.
[INFO] Launching Modelsim simulation
[INFO] Simulation succeeded
================================================================================
============== Dynamatic | Dynamic High-Level Synthesis Compiler ===============
======================== EPFL-LAP - v2.0.0 | March 2024 ========================
================================================================================


dynamatic> set-src skip/runs/run_2025-12-16_00-21-42/matrix_power-0/matrix_power.c
dynamatic> write-hdl
dynamatic> simulate
dynamatic> exit

Goodbye!
→ Latency = 2288 cycles

--- Trying CP = 12.0 ns ---
Running Handshake canonicalization...
Canonicalized Handshake.
Lowering Handshake to HW...
Lowered Handshake to HW.
[INFO] Exported RTL (vhdl)
[INFO] HDL generation succeeded
[INFO] Built kernel for IO gen.
[INFO] Ran kernel for IO gen.
[INFO] Launching Modelsim simulation
[INFO] Simulation succeeded
================================================================================
============== Dynamatic | Dynamic High-Level Synthesis Compiler ===============
======================== EPFL-LAP - v2.0.0 | March 2024 ========================
================================================================================


dynamatic> set-src skip/runs/run_2025-12-16_00-21-42/matrix_power-0/matrix_power.c
dynamatic> write-hdl
dynamatic> simulate
dynamatic> exit

Goodbye!
→ Latency = 2288 cycles

--- Trying CP = 11.5 ns ---
Running Handshake canonicalization...
Canonicalized Handshake.
Lowering Handshake to HW...
Lowered Handshake to HW.
[INFO] Exported RTL (vhdl)
[INFO] HDL generation succeeded
[INFO] Built kernel for IO gen.
[INFO] Ran kernel for IO gen.
[INFO] Launching Modelsim simulation
[INFO] Simulation succeeded
================================================================================
============== Dynamatic | Dynamic High-Level Synthesis Compiler ===============
======================== EPFL-LAP - v2.0.0 | March 2024 ========================
================================================================================


dynamatic> set-src skip/runs/run_2025-12-16_00-21-42/matrix_power-0/matrix_power.c
dynamatic> write-hdl
dynamatic> simulate
dynamatic> exit

Goodbye!
→ Latency = 2288 cycles

--- Trying CP = 11.0 ns ---
Running Handshake canonicalization...
Canonicalized Handshake.
Lowering Handshake to HW...
Lowered Handshake to HW.
[INFO] Exported RTL (vhdl)
[INFO] HDL generation succeeded
[INFO] Built kernel for IO gen.
[INFO] Ran kernel for IO gen.
[INFO] Launching Modelsim simulation
[INFO] Simulation succeeded
================================================================================
============== Dynamatic | Dynamic High-Level Synthesis Compiler ===============
======================== EPFL-LAP - v2.0.0 | March 2024 ========================
================================================================================


dynamatic> set-src skip/runs/run_2025-12-16_00-21-42/matrix_power-0/matrix_power.c
dynamatic> write-hdl
dynamatic> simulate
dynamatic> exit

Goodbye!
→ Latency = 2288 cycles

--- Trying CP = 10.5 ns ---
Running Handshake canonicalization...
Canonicalized Handshake.
Lowering Handshake to HW...
Lowered Handshake to HW.
[INFO] Exported RTL (vhdl)
[INFO] HDL generation succeeded
[INFO] Built kernel for IO gen.
[INFO] Ran kernel for IO gen.
[INFO] Launching Modelsim simulation
[INFO] Simulation succeeded
================================================================================
============== Dynamatic | Dynamic High-Level Synthesis Compiler ===============
======================== EPFL-LAP - v2.0.0 | March 2024 ========================
================================================================================


dynamatic> set-src skip/runs/run_2025-12-16_00-21-42/matrix_power-0/matrix_power.c
dynamatic> write-hdl
dynamatic> simulate
dynamatic> exit

Goodbye!
→ Latency = 2288 cycles

--- Trying CP = 10.0 ns ---
Running Handshake canonicalization...
Canonicalized Handshake.
Lowering Handshake to HW...
Lowered Handshake to HW.
[INFO] Exported RTL (vhdl)
[INFO] HDL generation succeeded
[INFO] Built kernel for IO gen.
[INFO] Ran kernel for IO gen.
[INFO] Launching Modelsim simulation
[INFO] Simulation succeeded
================================================================================
============== Dynamatic | Dynamic High-Level Synthesis Compiler ===============
======================== EPFL-LAP - v2.0.0 | March 2024 ========================
================================================================================


dynamatic> set-src skip/runs/run_2025-12-16_00-21-42/matrix_power-0/matrix_power.c
dynamatic> write-hdl
dynamatic> simulate
dynamatic> exit

Goodbye!
→ Latency = 2288 cycles

--- Trying CP = 9.5 ns ---
Running Handshake canonicalization...
Canonicalized Handshake.
Lowering Handshake to HW...
Lowered Handshake to HW.
[INFO] Exported RTL (vhdl)
[INFO] HDL generation succeeded
[INFO] Built kernel for IO gen.
[INFO] Ran kernel for IO gen.
[INFO] Launching Modelsim simulation
[INFO] Simulation succeeded
================================================================================
============== Dynamatic | Dynamic High-Level Synthesis Compiler ===============
======================== EPFL-LAP - v2.0.0 | March 2024 ========================
================================================================================


dynamatic> set-src skip/runs/run_2025-12-16_00-21-42/matrix_power-0/matrix_power.c
dynamatic> write-hdl
dynamatic> simulate
dynamatic> exit

Goodbye!
→ Latency = 2288 cycles

--- Trying CP = 9.0 ns ---
Running Handshake canonicalization...
Canonicalized Handshake.
Lowering Handshake to HW...
Lowered Handshake to HW.
[INFO] Exported RTL (vhdl)
[INFO] HDL generation succeeded
[INFO] Built kernel for IO gen.
[INFO] Ran kernel for IO gen.
[INFO] Launching Modelsim simulation
[INFO] Simulation succeeded
================================================================================
============== Dynamatic | Dynamic High-Level Synthesis Compiler ===============
======================== EPFL-LAP - v2.0.0 | March 2024 ========================
================================================================================


dynamatic> set-src skip/runs/run_2025-12-16_00-21-42/matrix_power-0/matrix_power.c
dynamatic> write-hdl
dynamatic> simulate
dynamatic> exit

Goodbye!
→ Latency = 2289 cycles

--- Trying CP = 8.5 ns ---
Running Handshake canonicalization...
Canonicalized Handshake.
Lowering Handshake to HW...
Lowered Handshake to HW.
[INFO] Exported RTL (vhdl)
[INFO] HDL generation succeeded
[INFO] Built kernel for IO gen.
[INFO] Ran kernel for IO gen.
[INFO] Launching Modelsim simulation
[INFO] Simulation succeeded
================================================================================
============== Dynamatic | Dynamic High-Level Synthesis Compiler ===============
======================== EPFL-LAP - v2.0.0 | March 2024 ========================
================================================================================


dynamatic> set-src skip/runs/run_2025-12-16_00-21-42/matrix_power-0/matrix_power.c
dynamatic> write-hdl
dynamatic> simulate
dynamatic> exit

Goodbye!
→ Latency = 2288 cycles

--- Trying CP = 8.0 ns ---
Running Handshake canonicalization...
Canonicalized Handshake.
Lowering Handshake to HW...
Lowered Handshake to HW.
[INFO] Exported RTL (vhdl)
[INFO] HDL generation succeeded
[INFO] Built kernel for IO gen.
[INFO] Ran kernel for IO gen.
[INFO] Launching Modelsim simulation
[INFO] Simulation succeeded
================================================================================
============== Dynamatic | Dynamic High-Level Synthesis Compiler ===============
======================== EPFL-LAP - v2.0.0 | March 2024 ========================
================================================================================


dynamatic> set-src skip/runs/run_2025-12-16_00-21-42/matrix_power-0/matrix_power.c
dynamatic> write-hdl
dynamatic> simulate
dynamatic> exit

Goodbye!
→ Latency = 2667 cycles
Latency degraded, stopping search.

 Best CP: 8.5 ns (latency = 2288 cycles)
Starting from 8.5 ns

=== Testing target CP = 8.5 ns ===
Running Handshake canonicalization...
Canonicalized Handshake.
Lowering Handshake to HW...
Lowered Handshake to HW.
[INFO] Exported RTL (vhdl)
[INFO] HDL generation succeeded
[INFO] Built kernel for IO gen.
[INFO] Ran kernel for IO gen.
[INFO] Launching Modelsim simulation
[INFO] Simulation succeeded
================================================================================
============== Dynamatic | Dynamic High-Level Synthesis Compiler ===============
======================== EPFL-LAP - v2.0.0 | March 2024 ========================
================================================================================


dynamatic> set-src skip/runs/run_2025-12-16_00-21-42/matrix_power-0/matrix_power.c
dynamatic> write-hdl
dynamatic> simulate
dynamatic> exit

Goodbye!
[Iteration 0] Slack = 3.48

Slack >= 0 (3.48)

$$$ Target CP: 8.5 ns
$$$ Cycles: 2288
$$$ Real CP: 8.20 ns
$$$ Performance metric: 18761.60

=== Testing target CP = 8.0 ns ===
Running Handshake canonicalization...
Canonicalized Handshake.
Lowering Handshake to HW...
Lowered Handshake to HW.
[INFO] Exported RTL (vhdl)
[INFO] HDL generation succeeded
[INFO] Built kernel for IO gen.
[INFO] Ran kernel for IO gen.
[INFO] Launching Modelsim simulation
[INFO] Simulation succeeded
================================================================================
============== Dynamatic | Dynamic High-Level Synthesis Compiler ===============
======================== EPFL-LAP - v2.0.0 | March 2024 ========================
================================================================================


dynamatic> set-src skip/runs/run_2025-12-16_00-21-42/matrix_power-0/matrix_power.c
dynamatic> write-hdl
dynamatic> simulate
dynamatic> exit

Goodbye!
[Iteration 0] Slack = 3.048

Slack >= 0 (3.048)

$$$ Target CP: 8.0 ns
$$$ Cycles: 2667
$$$ Real CP: 7.70 ns
$$$ Performance metric: 20535.90

=== Testing target CP = 7.5 ns ===
Running Handshake canonicalization...
Canonicalized Handshake.
Lowering Handshake to HW...
Lowered Handshake to HW.
[INFO] Exported RTL (vhdl)
[INFO] HDL generation succeeded
[INFO] Built kernel for IO gen.
[INFO] Ran kernel for IO gen.
[INFO] Launching Modelsim simulation
[INFO] Simulation succeeded
================================================================================
============== Dynamatic | Dynamic High-Level Synthesis Compiler ===============
======================== EPFL-LAP - v2.0.0 | March 2024 ========================
================================================================================


dynamatic> set-src skip/runs/run_2025-12-16_00-21-42/matrix_power-0/matrix_power.c
dynamatic> write-hdl
dynamatic> simulate
dynamatic> exit

Goodbye!
[Iteration 0] Slack = 2.571

Slack >= 0 (2.571)

$$$ Target CP: 7.5 ns
$$$ Cycles: 2667
$$$ Real CP: 7.20 ns
$$$ Performance metric: 19202.40

=== Testing target CP = 7.0 ns ===
Running Handshake canonicalization...
Canonicalized Handshake.
Lowering Handshake to HW...
Lowered Handshake to HW.
[INFO] Exported RTL (vhdl)
[INFO] HDL generation succeeded
[INFO] Built kernel for IO gen.
[INFO] Ran kernel for IO gen.
[INFO] Launching Modelsim simulation
[INFO] Simulation succeeded
================================================================================
============== Dynamatic | Dynamic High-Level Synthesis Compiler ===============
======================== EPFL-LAP - v2.0.0 | March 2024 ========================
================================================================================


dynamatic> set-src skip/runs/run_2025-12-16_00-21-42/matrix_power-0/matrix_power.c
dynamatic> write-hdl
dynamatic> simulate
dynamatic> exit

Goodbye!
[Iteration 0] Slack = 2.164

Slack >= 0 (2.164)

$$$ Target CP: 7.0 ns
$$$ Cycles: 2667
$$$ Real CP: 6.70 ns
$$$ Performance metric: 17868.90

=== Testing target CP = 6.5 ns ===
Running Handshake canonicalization...
Canonicalized Handshake.
Lowering Handshake to HW...
Lowered Handshake to HW.
[INFO] Exported RTL (vhdl)
[INFO] HDL generation succeeded
[INFO] Built kernel for IO gen.
[INFO] Ran kernel for IO gen.
[INFO] Launching Modelsim simulation
[INFO] Simulation succeeded
================================================================================
============== Dynamatic | Dynamic High-Level Synthesis Compiler ===============
======================== EPFL-LAP - v2.0.0 | March 2024 ========================
================================================================================


dynamatic> set-src skip/runs/run_2025-12-16_00-21-42/matrix_power-0/matrix_power.c
dynamatic> write-hdl
dynamatic> simulate
dynamatic> exit

Goodbye!
[Iteration 0] Slack = 1.855

Slack >= 0 (1.855)

$$$ Target CP: 6.5 ns
$$$ Cycles: 2288
$$$ Real CP: 6.20 ns
$$$ Performance metric: 14185.60

=== Testing target CP = 6.0 ns ===
Running Handshake canonicalization...
Canonicalized Handshake.
Lowering Handshake to HW...
Lowered Handshake to HW.
[INFO] Exported RTL (vhdl)
[INFO] HDL generation succeeded
[INFO] Built kernel for IO gen.
[INFO] Ran kernel for IO gen.
[INFO] Launching Modelsim simulation
[INFO] Simulation succeeded
================================================================================
============== Dynamatic | Dynamic High-Level Synthesis Compiler ===============
======================== EPFL-LAP - v2.0.0 | March 2024 ========================
================================================================================


dynamatic> set-src skip/runs/run_2025-12-16_00-21-42/matrix_power-0/matrix_power.c
dynamatic> write-hdl
dynamatic> simulate
dynamatic> exit

Goodbye!
[Iteration 0] Slack = 1.306

Slack >= 0 (1.306)

$$$ Target CP: 6.0 ns
$$$ Cycles: 2289
$$$ Real CP: 5.70 ns
$$$ Performance metric: 13047.30

=== Testing target CP = 5.5 ns ===
Running Handshake canonicalization...
Canonicalized Handshake.
Lowering Handshake to HW...
Lowered Handshake to HW.
[INFO] Exported RTL (vhdl)
[INFO] HDL generation succeeded
[INFO] Built kernel for IO gen.
[INFO] Ran kernel for IO gen.
[INFO] Launching Modelsim simulation
[INFO] Simulation succeeded
================================================================================
============== Dynamatic | Dynamic High-Level Synthesis Compiler ===============
======================== EPFL-LAP - v2.0.0 | March 2024 ========================
================================================================================


dynamatic> set-src skip/runs/run_2025-12-16_00-21-42/matrix_power-0/matrix_power.c
dynamatic> write-hdl
dynamatic> simulate
dynamatic> exit

Goodbye!
[Iteration 0] Slack = 1.058

Slack >= 0 (1.058)

$$$ Target CP: 5.5 ns
$$$ Cycles: 2290
$$$ Real CP: 5.20 ns
$$$ Performance metric: 11908.00

=== Testing target CP = 5.0 ns ===
Running Handshake canonicalization...
Canonicalized Handshake.
Lowering Handshake to HW...
Lowered Handshake to HW.
[INFO] Exported RTL (vhdl)
[INFO] HDL generation succeeded
[INFO] Built kernel for IO gen.
[INFO] Ran kernel for IO gen.
[INFO] Launching Modelsim simulation
[INFO] Simulation succeeded
================================================================================
============== Dynamatic | Dynamic High-Level Synthesis Compiler ===============
======================== EPFL-LAP - v2.0.0 | March 2024 ========================
================================================================================


dynamatic> set-src skip/runs/run_2025-12-16_00-21-42/matrix_power-0/matrix_power.c
dynamatic> write-hdl
dynamatic> simulate
dynamatic> exit

Goodbye!
[Iteration 0] Slack = 0.645

Slack >= 0 (0.645)

$$$ Target CP: 5.0 ns
$$$ Cycles: 2290
$$$ Real CP: 4.70 ns
$$$ Performance metric: 10763.00

=== Testing target CP = 4.5 ns ===
Running Handshake canonicalization...
Canonicalized Handshake.
Lowering Handshake to HW...
Lowered Handshake to HW.
[INFO] Exported RTL (vhdl)
[INFO] HDL generation succeeded
[INFO] Built kernel for IO gen.
[INFO] Ran kernel for IO gen.
[INFO] Launching Modelsim simulation
[INFO] Simulation succeeded
================================================================================
============== Dynamatic | Dynamic High-Level Synthesis Compiler ===============
======================== EPFL-LAP - v2.0.0 | March 2024 ========================
================================================================================


dynamatic> set-src skip/runs/run_2025-12-16_00-21-42/matrix_power-0/matrix_power.c
dynamatic> write-hdl
dynamatic> simulate
dynamatic> exit

Goodbye!
[Iteration 0] Slack = 0.567

Slack >= 0 (0.567)

$$$ Target CP: 4.5 ns
$$$ Cycles: 2308
$$$ Real CP: 4.20 ns
$$$ Performance metric: 9693.60

=== Testing target CP = 4.0 ns ===
Running Handshake canonicalization...
Canonicalized Handshake.
Lowering Handshake to HW...
Lowered Handshake to HW.
[INFO] Exported RTL (vhdl)
[INFO] HDL generation succeeded
[INFO] Built kernel for IO gen.
[INFO] Ran kernel for IO gen.
[INFO] Launching Modelsim simulation
[INFO] Simulation succeeded
================================================================================
============== Dynamatic | Dynamic High-Level Synthesis Compiler ===============
======================== EPFL-LAP - v2.0.0 | March 2024 ========================
================================================================================


dynamatic> set-src skip/runs/run_2025-12-16_00-21-42/matrix_power-0/matrix_power.c
dynamatic> write-hdl
dynamatic> simulate
dynamatic> exit

Goodbye!
[Iteration 0] Slack = 0.358

Slack >= 0 (0.358)

$$$ Target CP: 4.0 ns
$$$ Cycles: 2669
$$$ Real CP: 3.70 ns
$$$ Performance metric: 9875.30

=== Testing target CP = 3.5 ns ===
Running Handshake canonicalization...
Canonicalized Handshake.
Lowering Handshake to HW...
Lowered Handshake to HW.
[INFO] Exported RTL (vhdl)
[INFO] HDL generation succeeded
[INFO] Built kernel for IO gen.
[INFO] Ran kernel for IO gen.
[INFO] Launching Modelsim simulation
[INFO] Simulation succeeded
================================================================================
============== Dynamatic | Dynamic High-Level Synthesis Compiler ===============
======================== EPFL-LAP - v2.0.0 | March 2024 ========================
================================================================================


dynamatic> set-src skip/runs/run_2025-12-16_00-21-42/matrix_power-0/matrix_power.c
dynamatic> write-hdl
dynamatic> simulate
dynamatic> exit

Goodbye!
[Iteration 0] Slack = 0.312

Slack >= 0 (0.312)

$$$ Target CP: 3.5 ns
$$$ Cycles: 2670
$$$ Real CP: 3.20 ns
$$$ Performance metric: 8544.00

=== Testing target CP = 3.0 ns ===
Running Handshake canonicalization...
Canonicalized Handshake.
Lowering Handshake to HW...
Lowered Handshake to HW.
[INFO] Exported RTL (vhdl)
[INFO] HDL generation succeeded
[INFO] Built kernel for IO gen.
[INFO] Ran kernel for IO gen.
[INFO] Launching Modelsim simulation
[INFO] Simulation succeeded
================================================================================
============== Dynamatic | Dynamic High-Level Synthesis Compiler ===============
======================== EPFL-LAP - v2.0.0 | March 2024 ========================
================================================================================


dynamatic> set-src skip/runs/run_2025-12-16_00-21-42/matrix_power-0/matrix_power.c
dynamatic> write-hdl
dynamatic> simulate
dynamatic> exit

Goodbye!
[Iteration 0] Slack = -0.291

Slack < 0 (-0.291), increasing CP to 2.99 and retrying.

[Iteration 1] Slack = 0.041

Slack >= 0 (0.041)

$$$ Target CP: 3.0 ns
$$$ Cycles: 2670
$$$ Real CP: 2.99 ns
$$$ Performance metric: 7983.30

===  Best Configuration Found ===
Target CP : 3.00 ns
Real   CP : 2.99 ns
Cycles    : 2670
Performance metric : 7983.30
