INFO: [Timing 38-91] UpdateTimingParams: Speed grade: -3, Delay Type: max.
INFO: [Timing 38-191] Multithreading enabled for timing update using a maximum of 8 CPUs
INFO: [Timing 38-35] Done setting XDC timing constraints.
WARNING: [Timing 38-242] The property HD.CLK_SRC of clock port "clk" is not set. In out-of-context mode, this prevents timing estimation for clock delay/skew
Resolution: Set the HD.CLK_SRC property of the out-of-context port to the location of the clock buffer instance in the top-level design
INFO: [Timing 38-78] ReportTimingParams: -max_paths 1 -nworst 1 -delay_type max -sort_by slack.
Copyright 1986-2022 Xilinx, Inc. All Rights Reserved. Copyright 2022-2024 Advanced Micro Devices, Inc. All Rights Reserved.
---------------------------------------------------------------------------------------------------------------------------------------------
| Tool Version : Vivado v.2024.2 (lin64) Build 5239630 Fri Nov 08 22:34:34 MST 2024
| Date         : Tue Dec 16 00:48:57 2025
| Host         : lap-inf133 running 64-bit Ubuntu 24.04.3 LTS
| Command      : report_timing
| Design       : histogram
| Device       : 7k160t-fbg484
| Speed File   : -3  PRODUCTION 1.12 2017-02-17
| Design State : Synthesized
---------------------------------------------------------------------------------------------------------------------------------------------

Timing Report

Slack (VIOLATED) :        -0.751ns  (required time - arrival time)
  Source:                 load1/data_tehb/control/fullReg_reg/C
                            (rising edge-triggered cell FDRE clocked by clk  {rise@0.000ns fall@1.940ns period=3.880ns})
  Destination:            addf0/operator/expDiff_c1_reg[5]/D
                            (rising edge-triggered cell FDRE clocked by clk  {rise@0.000ns fall@1.940ns period=3.880ns})
  Path Group:             clk
  Path Type:              Setup (Max at Slow Process Corner)
  Requirement:            3.880ns  (clk rise@3.880ns - clk rise@0.000ns)
  Data Path Delay:        4.646ns  (logic 1.535ns (33.039%)  route 3.111ns (66.961%))
  Logic Levels:           12  (CARRY4=7 LUT5=2 LUT6=3)
  Clock Path Skew:        -0.025ns (DCD - SCD + CPR)
    Destination Clock Delay (DCD):    0.483ns = ( 4.363 - 3.880 ) 
    Source Clock Delay      (SCD):    0.508ns
    Clock Pessimism Removal (CPR):    0.000ns
  Clock Uncertainty:      0.035ns  ((TSJ^2 + TIJ^2)^1/2 + DJ) / 2 + PE
    Total System Jitter     (TSJ):    0.071ns
    Total Input Jitter      (TIJ):    0.000ns
    Discrete Jitter          (DJ):    0.000ns
    Phase Error              (PE):    0.000ns

    Location             Delay type                Incr(ns)  Path(ns)    Netlist Resource(s)
  -------------------------------------------------------------------    -------------------
                         (clock clk rise edge)        0.000     0.000 r  
                                                      0.000     0.000 r  clk (IN)
                         net (fo=861, unset)          0.508     0.508    load1/data_tehb/control/clk
                         FDRE                                         r  load1/data_tehb/control/fullReg_reg/C
  -------------------------------------------------------------------    -------------------
                         FDRE (Prop_fdre_C_Q)         0.226     0.734 r  load1/data_tehb/control/fullReg_reg/Q
                         net (fo=55, unplaced)        0.416     1.150    load1/data_tehb/control/fullReg_reg_0
                         LUT5 (Prop_lut5_I1_O)        0.119     1.269 f  load1/data_tehb/control/expX_c1[2]_i_2/O
                         net (fo=6, unplaced)         0.737     2.006    load1/data_tehb/control/dataReg_reg[25]
                         LUT5 (Prop_lut5_I0_O)        0.043     2.049 r  load1/data_tehb/control/newY_c1[21]_i_3/O
                         net (fo=44, unplaced)        0.323     2.372    load1/data_tehb/control/newY_c1[21]_i_3_n_0
                         LUT6 (Prop_lut6_I0_O)        0.043     2.415 r  load1/data_tehb/control/newY_c1[0]_i_4/O
                         net (fo=24, unplaced)        0.441     2.856    load1/data_tehb/control/out_reg_reg[0][22]
                         LUT6 (Prop_lut6_I1_O)        0.043     2.899 r  load1/data_tehb/control/ltOp_carry_i_3/O
                         net (fo=1, unplaced)         0.459     3.358    addf0/operator/DI[1]
                         CARRY4 (Prop_carry4_DI[1]_CO[3])
                                                      0.245     3.603 r  addf0/operator/ltOp_carry/CO[3]
                         net (fo=1, unplaced)         0.007     3.610    addf0/operator/ltOp_carry_n_0
                         CARRY4 (Prop_carry4_CI_CO[3])
                                                      0.050     3.660 r  addf0/operator/ltOp_carry__0/CO[3]
                         net (fo=1, unplaced)         0.000     3.660    addf0/operator/ltOp_carry__0_n_0
                         CARRY4 (Prop_carry4_CI_CO[3])
                                                      0.050     3.710 r  addf0/operator/ltOp_carry__1/CO[3]
                         net (fo=1, unplaced)         0.000     3.710    addf0/operator/ltOp_carry__1_n_0
                         CARRY4 (Prop_carry4_CI_CO[3])
                                                      0.050     3.760 r  addf0/operator/ltOp_carry__2/CO[3]
                         net (fo=1, unplaced)         0.000     3.760    addf0/operator/ltOp_carry__2_n_0
                         CARRY4 (Prop_carry4_CI_CO[0])
                                                      0.135     3.895 r  addf0/operator/ltOp_carry__3/CO[0]
                         net (fo=67, unplaced)        0.262     4.157    mem_controller2/read_arbiter/data/CO[0]
                         LUT6 (Prop_lut6_I0_O)        0.127     4.284 r  mem_controller2/read_arbiter/data/i__carry_i_3/O
                         net (fo=1, unplaced)         0.459     4.743    addf0/operator/expDiff_c1_reg[3]_0[1]
                         CARRY4 (Prop_carry4_DI[1]_CO[3])
                                                      0.245     4.988 r  addf0/operator/_inferred__1/i__carry/CO[3]
                         net (fo=1, unplaced)         0.007     4.995    addf0/operator/_inferred__1/i__carry_n_0
                         CARRY4 (Prop_carry4_CI_O[1])
                                                      0.159     5.154 r  addf0/operator/_inferred__1/i__carry__0/O[1]
                         net (fo=1, unplaced)         0.000     5.154    addf0/operator/expDiff_c0[5]
                         FDRE                                         r  addf0/operator/expDiff_c1_reg[5]/D
  -------------------------------------------------------------------    -------------------

                         (clock clk rise edge)        3.880     3.880 r  
                                                      0.000     3.880 r  clk (IN)
                         net (fo=861, unset)          0.483     4.363    addf0/operator/clk
                         FDRE                                         r  addf0/operator/expDiff_c1_reg[5]/C
                         clock pessimism              0.000     4.363    
                         clock uncertainty           -0.035     4.327    
                         FDRE (Setup_fdre_C_D)        0.076     4.403    addf0/operator/expDiff_c1_reg[5]
  -------------------------------------------------------------------
                         required time                          4.403    
                         arrival time                          -5.154    
  -------------------------------------------------------------------
                         slack                                 -0.751    




