INFO: [Timing 38-91] UpdateTimingParams: Speed grade: -3, Delay Type: max.
INFO: [Timing 38-191] Multithreading enabled for timing update using a maximum of 8 CPUs
INFO: [Timing 38-35] Done setting XDC timing constraints.
WARNING: [Timing 38-242] The property HD.CLK_SRC of clock port "clk" is not set. In out-of-context mode, this prevents timing estimation for clock delay/skew
Resolution: Set the HD.CLK_SRC property of the out-of-context port to the location of the clock buffer instance in the top-level design
INFO: [Timing 38-78] ReportTimingParams: -max_paths 1 -nworst 1 -delay_type max -sort_by slack.
Copyright 1986-2022 Xilinx, Inc. All Rights Reserved. Copyright 2022-2024 Advanced Micro Devices, Inc. All Rights Reserved.
---------------------------------------------------------------------------------------------------------------------------------------------
| Tool Version : Vivado v.2024.2 (lin64) Build 5239630 Fri Nov 08 22:34:34 MST 2024
| Date         : Tue Dec 16 16:23:14 2025
| Host         : lap-inf133 running 64-bit Ubuntu 24.04.3 LTS
| Command      : report_timing
| Design       : histogram
| Device       : 7k160t-fbg484
| Speed File   : -3  PRODUCTION 1.12 2017-02-17
| Design State : Synthesized
---------------------------------------------------------------------------------------------------------------------------------------------

Timing Report

Slack (MET) :             1.730ns  (required time - arrival time)
  Source:                 lsq1/handshake_lsq_lsq1_core/ldq_alloc_0_q_reg/C
                            (rising edge-triggered cell FDCE clocked by clk  {rise@0.000ns fall@4.850ns period=9.700ns})
  Destination:            addf0/operator/RightShifterComponent/level4_c1_reg[10]/R
                            (rising edge-triggered cell FDRE clocked by clk  {rise@0.000ns fall@4.850ns period=9.700ns})
  Path Group:             clk
  Path Type:              Setup (Max at Slow Process Corner)
  Requirement:            9.700ns  (clk rise@9.700ns - clk rise@0.000ns)
  Data Path Delay:        7.615ns  (logic 2.298ns (30.177%)  route 5.317ns (69.823%))
  Logic Levels:           20  (CARRY4=10 LUT2=1 LUT3=3 LUT5=2 LUT6=4)
  Clock Path Skew:        -0.025ns (DCD - SCD + CPR)
    Destination Clock Delay (DCD):    0.483ns = ( 10.183 - 9.700 ) 
    Source Clock Delay      (SCD):    0.508ns
    Clock Pessimism Removal (CPR):    0.000ns
  Clock Uncertainty:      0.035ns  ((TSJ^2 + TIJ^2)^1/2 + DJ) / 2 + PE
    Total System Jitter     (TSJ):    0.071ns
    Total Input Jitter      (TIJ):    0.000ns
    Discrete Jitter          (DJ):    0.000ns
    Phase Error              (PE):    0.000ns

    Location             Delay type                Incr(ns)  Path(ns)    Netlist Resource(s)
  -------------------------------------------------------------------    -------------------
                         (clock clk rise edge)        0.000     0.000 r  
                                                      0.000     0.000 r  clk (IN)
                         net (fo=1785, unset)         0.508     0.508    lsq1/handshake_lsq_lsq1_core/clk
                         FDCE                                         r  lsq1/handshake_lsq_lsq1_core/ldq_alloc_0_q_reg/C
  -------------------------------------------------------------------    -------------------
                         FDCE (Prop_fdce_C_Q)         0.226     0.734 r  lsq1/handshake_lsq_lsq1_core/ldq_alloc_0_q_reg/Q
                         net (fo=52, unplaced)        0.499     1.233    lsq1/handshake_lsq_lsq1_core/ldq_alloc_0_q
                         LUT5 (Prop_lut5_I0_O)        0.119     1.352 r  lsq1/handshake_lsq_lsq1_core/ldq_alloc_3_q_i_7/O
                         net (fo=1, unplaced)         0.000     1.352    lsq1/handshake_lsq_lsq1_core/ldq_alloc_3_q_i_7_n_0
                         CARRY4 (Prop_carry4_S[0]_CO[3])
                                                      0.238     1.590 r  lsq1/handshake_lsq_lsq1_core/ldq_alloc_3_q_reg_i_3/CO[3]
                         net (fo=1, unplaced)         0.007     1.597    lsq1/handshake_lsq_lsq1_core/ldq_alloc_3_q_reg_i_3_n_0
                         CARRY4 (Prop_carry4_CI_CO[3])
                                                      0.050     1.647 r  lsq1/handshake_lsq_lsq1_core/ldq_alloc_7_q_reg_i_3/CO[3]
                         net (fo=1, unplaced)         0.000     1.647    lsq1/handshake_lsq_lsq1_core/ldq_alloc_7_q_reg_i_3_n_0
                         CARRY4 (Prop_carry4_CI_O[3])
                                                      0.154     1.801 r  lsq1/handshake_lsq_lsq1_core/ldq_alloc_9_q_reg_i_3/O[3]
                         net (fo=4, unplaced)         0.480     2.281    lsq1/handshake_lsq_lsq1_core/ldq_alloc_9_q_reg_i_3_n_4
                         LUT3 (Prop_lut3_I0_O)        0.120     2.401 f  lsq1/handshake_lsq_lsq1_core/ldq_head_q[0]_i_6/O
                         net (fo=34, unplaced)        0.450     2.851    lsq1/handshake_lsq_lsq1_core/ldq_head_q[0]_i_6_n_0
                         LUT6 (Prop_lut6_I5_O)        0.043     2.894 f  lsq1/handshake_lsq_lsq1_core/dataReg[30]_i_2/O
                         net (fo=2, unplaced)         0.388     3.282    lsq1/handshake_lsq_lsq1_core/dataReg[30]_i_2_n_0
                         LUT6 (Prop_lut6_I2_O)        0.043     3.325 f  lsq1/handshake_lsq_lsq1_core/ltOp_carry__2_i_12/O
                         net (fo=10, unplaced)        0.748     4.073    lsq1/handshake_lsq_lsq1_core/dataReg_reg[30]_0
                         LUT6 (Prop_lut6_I2_O)        0.043     4.116 r  lsq1/handshake_lsq_lsq1_core/level4_c1[19]_i_3/O
                         net (fo=42, unplaced)        0.322     4.438    lsq1/handshake_lsq_lsq1_core/dataReg_reg[29]
                         LUT3 (Prop_lut3_I1_O)        0.047     4.485 f  lsq1/handshake_lsq_lsq1_core/level4_c1[9]_i_2/O
                         net (fo=5, unplaced)         0.272     4.757    lsq1/handshake_lsq_lsq1_core/dataReg_reg[6]
                         LUT6 (Prop_lut6_I1_O)        0.043     4.800 r  lsq1/handshake_lsq_lsq1_core/ltOp_carry_i_1/O
                         net (fo=1, unplaced)         0.248     5.048    addf0/operator/DI[3]
                         CARRY4 (Prop_carry4_DI[3]_CO[3])
                                                      0.187     5.235 r  addf0/operator/ltOp_carry/CO[3]
                         net (fo=1, unplaced)         0.007     5.242    addf0/operator/ltOp_carry_n_0
                         CARRY4 (Prop_carry4_CI_CO[3])
                                                      0.050     5.292 r  addf0/operator/ltOp_carry__0/CO[3]
                         net (fo=1, unplaced)         0.000     5.292    addf0/operator/ltOp_carry__0_n_0
                         CARRY4 (Prop_carry4_CI_CO[3])
                                                      0.050     5.342 r  addf0/operator/ltOp_carry__1/CO[3]
                         net (fo=1, unplaced)         0.000     5.342    addf0/operator/ltOp_carry__1_n_0
                         CARRY4 (Prop_carry4_CI_CO[3])
                                                      0.050     5.392 r  addf0/operator/ltOp_carry__2/CO[3]
                         net (fo=1, unplaced)         0.000     5.392    addf0/operator/ltOp_carry__2_n_0
                         CARRY4 (Prop_carry4_CI_CO[0])
                                                      0.135     5.527 r  addf0/operator/ltOp_carry__3/CO[0]
                         net (fo=77, unplaced)        0.265     5.792    addf0/operator/CO[0]
                         LUT2 (Prop_lut2_I0_O)        0.131     5.923 r  addf0/operator/i__carry_i_4/O
                         net (fo=1, unplaced)         0.000     5.923    addf0/operator/p_1_in[0]
                         CARRY4 (Prop_carry4_DI[0]_CO[3])
                                                      0.284     6.207 r  addf0/operator/_inferred__1/i__carry/CO[3]
                         net (fo=1, unplaced)         0.007     6.214    addf0/operator/_inferred__1/i__carry_n_0
                         CARRY4 (Prop_carry4_CI_O[2])
                                                      0.116     6.330 r  addf0/operator/_inferred__1/i__carry__0/O[2]
                         net (fo=5, unplaced)         0.733     7.063    addf0/operator/RightShifterComponent/ps_c1_reg[3]_0[2]
                         LUT5 (Prop_lut5_I1_O)        0.126     7.189 f  addf0/operator/RightShifterComponent/level4_c1[25]_i_2/O
                         net (fo=14, unplaced)        0.295     7.484    lsq1/handshake_lsq_lsq1_core/level4_c1_reg[1]
                         LUT3 (Prop_lut3_I1_O)        0.043     7.527 r  lsq1/handshake_lsq_lsq1_core/level4_c1[23]_i_1/O
                         net (fo=14, unplaced)        0.596     8.123    addf0/operator/RightShifterComponent/level4_c1_reg[23]_1
                         FDRE                                         r  addf0/operator/RightShifterComponent/level4_c1_reg[10]/R
  -------------------------------------------------------------------    -------------------

                         (clock clk rise edge)        9.700     9.700 r  
                                                      0.000     9.700 r  clk (IN)
                         net (fo=1785, unset)         0.483    10.183    addf0/operator/RightShifterComponent/clk
                         FDRE                                         r  addf0/operator/RightShifterComponent/level4_c1_reg[10]/C
                         clock pessimism              0.000    10.183    
                         clock uncertainty           -0.035    10.147    
                         FDRE (Setup_fdre_C_R)       -0.294     9.853    addf0/operator/RightShifterComponent/level4_c1_reg[10]
  -------------------------------------------------------------------
                         required time                          9.853    
                         arrival time                          -8.123    
  -------------------------------------------------------------------
                         slack                                  1.730    




