INFO: [Timing 38-91] UpdateTimingParams: Speed grade: -3, Delay Type: max.
INFO: [Timing 38-191] Multithreading enabled for timing update using a maximum of 8 CPUs
INFO: [Timing 38-35] Done setting XDC timing constraints.
WARNING: [Timing 38-242] The property HD.CLK_SRC of clock port "clk" is not set. In out-of-context mode, this prevents timing estimation for clock delay/skew
Resolution: Set the HD.CLK_SRC property of the out-of-context port to the location of the clock buffer instance in the top-level design
INFO: [Timing 38-78] ReportTimingParams: -max_paths 1 -nworst 1 -delay_type max -sort_by slack.
Copyright 1986-2022 Xilinx, Inc. All Rights Reserved. Copyright 2022-2024 Advanced Micro Devices, Inc. All Rights Reserved.
---------------------------------------------------------------------------------------------------------------------------------------------
| Tool Version : Vivado v.2024.2 (lin64) Build 5239630 Fri Nov 08 22:34:34 MST 2024
| Date         : Tue Dec 16 15:32:10 2025
| Host         : lap-inf133 running 64-bit Ubuntu 24.04.3 LTS
| Command      : report_timing
| Design       : bicg
| Device       : 7k160t-fbg484
| Speed File   : -3  PRODUCTION 1.12 2017-02-17
| Design State : Synthesized
---------------------------------------------------------------------------------------------------------------------------------------------

Timing Report

Slack (MET) :             5.986ns  (required time - arrival time)
  Source:                 buffer7/dataReg_reg[0]/C
                            (rising edge-triggered cell FDRE clocked by clk  {rise@0.000ns fall@6.350ns period=12.700ns})
  Destination:            lsq2/handshake_lsq_lsq2_core/ldq_addr_2_q_reg[0]/CE
                            (rising edge-triggered cell FDRE clocked by clk  {rise@0.000ns fall@6.350ns period=12.700ns})
  Path Group:             clk
  Path Type:              Setup (Max at Slow Process Corner)
  Requirement:            12.700ns  (clk rise@12.700ns - clk rise@0.000ns)
  Data Path Delay:        6.461ns  (logic 1.510ns (23.371%)  route 4.951ns (76.629%))
  Logic Levels:           14  (CARRY4=3 LUT2=1 LUT3=4 LUT4=1 LUT5=2 LUT6=3)
  Clock Path Skew:        -0.025ns (DCD - SCD + CPR)
    Destination Clock Delay (DCD):    0.483ns = ( 13.183 - 12.700 ) 
    Source Clock Delay      (SCD):    0.508ns
    Clock Pessimism Removal (CPR):    0.000ns
  Clock Uncertainty:      0.035ns  ((TSJ^2 + TIJ^2)^1/2 + DJ) / 2 + PE
    Total System Jitter     (TSJ):    0.071ns
    Total Input Jitter      (TIJ):    0.000ns
    Discrete Jitter          (DJ):    0.000ns
    Phase Error              (PE):    0.000ns

    Location             Delay type                Incr(ns)  Path(ns)    Netlist Resource(s)
  -------------------------------------------------------------------    -------------------
                         (clock clk rise edge)        0.000     0.000 r  
                                                      0.000     0.000 r  clk (IN)
                         net (fo=1791, unset)         0.508     0.508    buffer7/clk
                         FDRE                                         r  buffer7/dataReg_reg[0]/C
  -------------------------------------------------------------------    -------------------
                         FDRE (Prop_fdre_C_Q)         0.226     0.734 r  buffer7/dataReg_reg[0]/Q
                         net (fo=5, unplaced)         0.416     1.150    buffer7/control/Memory_reg[0][5][0]
                         LUT3 (Prop_lut3_I0_O)        0.125     1.275 r  buffer7/control/p_loadAddr[0]_INST_0_i_1/O
                         net (fo=16, unplaced)        0.298     1.573    buffer7/control/dataReg_reg[0]
                         LUT6 (Prop_lut6_I0_O)        0.043     1.616 f  buffer7/control/result0_carry_i_10/O
                         net (fo=1, unplaced)         0.244     1.860    buffer7/control/result0_carry_i_10_n_0
                         LUT6 (Prop_lut6_I3_O)        0.043     1.903 r  buffer7/control/result0_carry_i_2/O
                         net (fo=1, unplaced)         0.459     2.362    cmpi0/DI[1]
                         CARRY4 (Prop_carry4_DI[1]_CO[3])
                                                      0.245     2.607 f  cmpi0/result0_carry/CO[3]
                         net (fo=26, unplaced)        0.654     3.261    fork10/control/generateBlocks[1].regblock/CO[0]
                         LUT4 (Prop_lut4_I1_O)        0.047     3.308 f  fork10/control/generateBlocks[1].regblock/transmitValue_i_3__8/O
                         net (fo=10, unplaced)        0.287     3.595    buffer29/fifo/Empty_reg_3
                         LUT5 (Prop_lut5_I3_O)        0.043     3.638 f  buffer29/fifo/dataReg[0]_i_2__2/O
                         net (fo=2, unplaced)         0.255     3.893    control_merge0/tehb/control/dataReg_reg[0]_2
                         LUT6 (Prop_lut6_I4_O)        0.043     3.936 r  control_merge0/tehb/control/dataReg[5]_i_5/O
                         net (fo=14, unplaced)        0.273     4.209    control_merge0/tehb/control/dataReg_reg[0]_0
                         LUT3 (Prop_lut3_I1_O)        0.043     4.252 f  control_merge0/tehb/control/outs[5]_i_5/O
                         net (fo=3, unplaced)         0.262     4.514    control_merge0/tehb/control/fullReg_reg_5
                         LUT2 (Prop_lut2_I0_O)        0.043     4.557 f  control_merge0/tehb/control/fullReg_i_2__6/O
                         net (fo=8, unplaced)         0.282     4.839    buffer2/fifo/Full_reg_2
                         LUT3 (Prop_lut3_I2_O)        0.047     4.886 r  buffer2/fifo/ldq_addr_3_q[4]_i_3/O
                         net (fo=30, unplaced)        0.314     5.200    lsq2/handshake_lsq_lsq2_core/handshake_lsq_lsq2_core_lda_dispatcher/load0_addrOut_valid
                         LUT3 (Prop_lut3_I2_O)        0.043     5.243 r  lsq2/handshake_lsq_lsq2_core/handshake_lsq_lsq2_core_lda_dispatcher/TEMP_8_double_out_01_carry_i_3/O
                         net (fo=1, unplaced)         0.459     5.702    lsq2/handshake_lsq_lsq2_core/handshake_lsq_lsq2_core_lda_dispatcher/TEMP_8_double_out_01_carry_i_3_n_0
                         CARRY4 (Prop_carry4_DI[1]_CO[3])
                                                      0.245     5.947 r  lsq2/handshake_lsq_lsq2_core/handshake_lsq_lsq2_core_lda_dispatcher/TEMP_8_double_out_01_carry/CO[3]
                         net (fo=1, unplaced)         0.007     5.954    lsq2/handshake_lsq_lsq2_core/handshake_lsq_lsq2_core_lda_dispatcher/TEMP_8_double_out_01_carry_n_0
                         CARRY4 (Prop_carry4_CI_O[3])
                                                      0.154     6.108 f  lsq2/handshake_lsq_lsq2_core/handshake_lsq_lsq2_core_lda_dispatcher/TEMP_8_double_out_01_carry__0/O[3]
                         net (fo=2, unplaced)         0.467     6.575    lsq2/handshake_lsq_lsq2_core/handshake_lsq_lsq2_core_lda_dispatcher/TEMP_8_double_out_01_carry__0_n_4
                         LUT5 (Prop_lut5_I4_O)        0.120     6.695 r  lsq2/handshake_lsq_lsq2_core/handshake_lsq_lsq2_core_lda_dispatcher/ldq_addr_2_q[4]_i_1/O
                         net (fo=5, unplaced)         0.274     6.969    lsq2/handshake_lsq_lsq2_core/ldq_addr_wen_2
                         FDRE                                         r  lsq2/handshake_lsq_lsq2_core/ldq_addr_2_q_reg[0]/CE
  -------------------------------------------------------------------    -------------------

                         (clock clk rise edge)       12.700    12.700 r  
                                                      0.000    12.700 r  clk (IN)
                         net (fo=1791, unset)         0.483    13.183    lsq2/handshake_lsq_lsq2_core/clk
                         FDRE                                         r  lsq2/handshake_lsq_lsq2_core/ldq_addr_2_q_reg[0]/C
                         clock pessimism              0.000    13.183    
                         clock uncertainty           -0.035    13.147    
                         FDRE (Setup_fdre_C_CE)      -0.192    12.955    lsq2/handshake_lsq_lsq2_core/ldq_addr_2_q_reg[0]
  -------------------------------------------------------------------
                         required time                         12.955    
                         arrival time                          -6.969    
  -------------------------------------------------------------------
                         slack                                  5.986    




