INFO: [Timing 38-91] UpdateTimingParams: Speed grade: -3, Delay Type: max.
INFO: [Timing 38-191] Multithreading enabled for timing update using a maximum of 8 CPUs
INFO: [Timing 38-35] Done setting XDC timing constraints.
WARNING: [Timing 38-242] The property HD.CLK_SRC of clock port "clk" is not set. In out-of-context mode, this prevents timing estimation for clock delay/skew
Resolution: Set the HD.CLK_SRC property of the out-of-context port to the location of the clock buffer instance in the top-level design
INFO: [Timing 38-78] ReportTimingParams: -max_paths 1 -nworst 1 -delay_type max -sort_by slack.
Copyright 1986-2022 Xilinx, Inc. All Rights Reserved. Copyright 2022-2024 Advanced Micro Devices, Inc. All Rights Reserved.
---------------------------------------------------------------------------------------------------------------------------------------------
| Tool Version : Vivado v.2024.2 (lin64) Build 5239630 Fri Nov 08 22:34:34 MST 2024
| Date         : Tue Dec 16 21:28:20 2025
| Host         : lap-inf133 running 64-bit Ubuntu 24.04.3 LTS
| Command      : report_timing
| Design       : triangular
| Device       : 7k160t-fbg484
| Speed File   : -3  PRODUCTION 1.12 2017-02-17
| Design State : Synthesized
---------------------------------------------------------------------------------------------------------------------------------------------

Timing Report

Slack (MET) :             0.956ns  (required time - arrival time)
  Source:                 buffer9/outs_reg[2]/C
                            (rising edge-triggered cell FDRE clocked by clk  {rise@0.000ns fall@3.350ns period=6.700ns})
  Destination:            buffer16/dataReg_reg[0]/CE
                            (rising edge-triggered cell FDRE clocked by clk  {rise@0.000ns fall@3.350ns period=6.700ns})
  Path Group:             clk
  Path Type:              Setup (Max at Slow Process Corner)
  Requirement:            6.700ns  (clk rise@6.700ns - clk rise@0.000ns)
  Data Path Delay:        5.491ns  (logic 1.102ns (20.069%)  route 4.389ns (79.931%))
  Logic Levels:           13  (CARRY4=4 LUT3=2 LUT4=2 LUT5=1 LUT6=4)
  Clock Path Skew:        -0.025ns (DCD - SCD + CPR)
    Destination Clock Delay (DCD):    0.483ns = ( 7.183 - 6.700 ) 
    Source Clock Delay      (SCD):    0.508ns
    Clock Pessimism Removal (CPR):    0.000ns
  Clock Uncertainty:      0.035ns  ((TSJ^2 + TIJ^2)^1/2 + DJ) / 2 + PE
    Total System Jitter     (TSJ):    0.071ns
    Total Input Jitter      (TIJ):    0.000ns
    Discrete Jitter          (DJ):    0.000ns
    Phase Error              (PE):    0.000ns

    Location             Delay type                Incr(ns)  Path(ns)    Netlist Resource(s)
  -------------------------------------------------------------------    -------------------
                         (clock clk rise edge)        0.000     0.000 r  
                                                      0.000     0.000 r  clk (IN)
                         net (fo=1542, unset)         0.508     0.508    buffer9/clk
                         FDRE                                         r  buffer9/outs_reg[2]/C
  -------------------------------------------------------------------    -------------------
                         FDRE (Prop_fdre_C_Q)         0.226     0.734 f  buffer9/outs_reg[2]/Q
                         net (fo=7, unplaced)         0.423     1.157    buffer10/control/Q[2]
                         LUT3 (Prop_lut3_I0_O)        0.125     1.282 f  buffer10/control/minusOp_carry_i_99/O
                         net (fo=2, unplaced)         0.388     1.670    cmpi1/buffer10_outs[2]
                         LUT6 (Prop_lut6_I3_O)        0.043     1.713 r  cmpi1/minusOp_carry_i_71/O
                         net (fo=1, unplaced)         0.459     2.172    cmpi1/minusOp_carry_i_71_n_0
                         CARRY4 (Prop_carry4_DI[1]_CO[3])
                                                      0.245     2.417 r  cmpi1/minusOp_carry_i_44/CO[3]
                         net (fo=1, unplaced)         0.007     2.424    cmpi1/minusOp_carry_i_44_n_0
                         CARRY4 (Prop_carry4_CI_CO[3])
                                                      0.050     2.474 r  cmpi1/minusOp_carry_i_19/CO[3]
                         net (fo=1, unplaced)         0.000     2.474    cmpi1/minusOp_carry_i_19_n_0
                         CARRY4 (Prop_carry4_CI_CO[3])
                                                      0.050     2.524 r  cmpi1/minusOp_carry_i_10/CO[3]
                         net (fo=1, unplaced)         0.000     2.524    cmpi1/minusOp_carry_i_10_n_0
                         CARRY4 (Prop_carry4_CI_CO[3])
                                                      0.050     2.574 r  cmpi1/minusOp_carry_i_8/CO[3]
                         net (fo=42, unplaced)        0.666     3.240    buffer16/control/result[0]
                         LUT5 (Prop_lut5_I0_O)        0.047     3.287 r  buffer16/control/transmitValue_i_3__7/O
                         net (fo=22, unplaced)        0.284     3.571    fork13/control/generateBlocks[1].regblock/cond_br5_trueOut_valid
                         LUT3 (Prop_lut3_I1_O)        0.043     3.614 r  fork13/control/generateBlocks[1].regblock/transmitValue_i_2__6/O
                         net (fo=3, unplaced)         0.262     3.876    fork13/control/generateBlocks[0].regblock/transmitValue_i_4__4_0
                         LUT4 (Prop_lut4_I3_O)        0.047     3.923 r  fork13/control/generateBlocks[0].regblock/transmitValue_i_6/O
                         net (fo=1, unplaced)         0.705     4.628    fork13/control/generateBlocks[0].regblock/transmitValue_i_6_n_0
                         LUT6 (Prop_lut6_I0_O)        0.043     4.671 f  fork13/control/generateBlocks[0].regblock/transmitValue_i_4__4/O
                         net (fo=1, unplaced)         0.244     4.915    fork12/control/generateBlocks[5].regblock/transmitValue_reg_2
                         LUT4 (Prop_lut4_I1_O)        0.047     4.962 r  fork12/control/generateBlocks[5].regblock/transmitValue_i_2__4/O
                         net (fo=3, unplaced)         0.352     5.314    fork12/control/generateBlocks[5].regblock/transmitValue_reg_0
                         LUT6 (Prop_lut6_I0_O)        0.043     5.357 r  fork12/control/generateBlocks[5].regblock/fullReg_i_3__1/O
                         net (fo=8, unplaced)         0.282     5.639    buffer16/control/anyBlockStop
                         LUT6 (Prop_lut6_I1_O)        0.043     5.682 r  buffer16/control/dataReg[31]_i_1/O
                         net (fo=32, unplaced)        0.317     5.999    buffer16/control_n_10
                         FDRE                                         r  buffer16/dataReg_reg[0]/CE
  -------------------------------------------------------------------    -------------------

                         (clock clk rise edge)        6.700     6.700 r  
                                                      0.000     6.700 r  clk (IN)
                         net (fo=1542, unset)         0.483     7.183    buffer16/clk
                         FDRE                                         r  buffer16/dataReg_reg[0]/C
                         clock pessimism              0.000     7.183    
                         clock uncertainty           -0.035     7.147    
                         FDRE (Setup_fdre_C_CE)      -0.192     6.955    buffer16/dataReg_reg[0]
  -------------------------------------------------------------------
                         required time                          6.955    
                         arrival time                          -5.999    
  -------------------------------------------------------------------
                         slack                                  0.956    




