INFO: [Timing 38-91] UpdateTimingParams: Speed grade: -3, Delay Type: max.
INFO: [Timing 38-191] Multithreading enabled for timing update using a maximum of 8 CPUs
INFO: [Timing 38-35] Done setting XDC timing constraints.
WARNING: [Timing 38-242] The property HD.CLK_SRC of clock port "clk" is not set. In out-of-context mode, this prevents timing estimation for clock delay/skew
Resolution: Set the HD.CLK_SRC property of the out-of-context port to the location of the clock buffer instance in the top-level design
INFO: [Timing 38-78] ReportTimingParams: -max_paths 1 -nworst 1 -delay_type max -sort_by slack.
Copyright 1986-2022 Xilinx, Inc. All Rights Reserved. Copyright 2022-2024 Advanced Micro Devices, Inc. All Rights Reserved.
---------------------------------------------------------------------------------------------------------------------------------------------
| Tool Version : Vivado v.2024.2 (lin64) Build 5239630 Fri Nov 08 22:34:34 MST 2024
| Date         : Wed Dec 17 01:17:21 2025
| Host         : lap-inf133 running 64-bit Ubuntu 24.04.3 LTS
| Command      : report_timing
| Design       : jacobi_1d_imper
| Device       : 7k160t-fbg484
| Speed File   : -3  PRODUCTION 1.12 2017-02-17
| Design State : Synthesized
---------------------------------------------------------------------------------------------------------------------------------------------

Timing Report

Slack (MET) :             4.919ns  (required time - arrival time)
  Source:                 buffer28/outs_reg[0]/C
                            (rising edge-triggered cell FDRE clocked by clk  {rise@0.000ns fall@4.600ns period=9.200ns})
  Destination:            buffer28/outs_reg[0]/CE
                            (rising edge-triggered cell FDRE clocked by clk  {rise@0.000ns fall@4.600ns period=9.200ns})
  Path Group:             clk
  Path Type:              Setup (Max at Slow Process Corner)
  Requirement:            9.200ns  (clk rise@9.200ns - clk rise@0.000ns)
  Data Path Delay:        4.028ns  (logic 1.160ns (28.798%)  route 2.868ns (71.202%))
  Logic Levels:           10  (CARRY4=2 LUT2=2 LUT3=1 LUT4=1 LUT5=1 LUT6=3)
  Clock Path Skew:        -0.025ns (DCD - SCD + CPR)
    Destination Clock Delay (DCD):    0.483ns = ( 9.683 - 9.200 ) 
    Source Clock Delay      (SCD):    0.508ns
    Clock Pessimism Removal (CPR):    0.000ns
  Clock Uncertainty:      0.035ns  ((TSJ^2 + TIJ^2)^1/2 + DJ) / 2 + PE
    Total System Jitter     (TSJ):    0.071ns
    Total Input Jitter      (TIJ):    0.000ns
    Discrete Jitter          (DJ):    0.000ns
    Phase Error              (PE):    0.000ns

    Location             Delay type                Incr(ns)  Path(ns)    Netlist Resource(s)
  -------------------------------------------------------------------    -------------------
                         (clock clk rise edge)        0.000     0.000 r  
                                                      0.000     0.000 r  clk (IN)
                         net (fo=628, unset)          0.508     0.508    buffer28/clk
                         FDRE                                         r  buffer28/outs_reg[0]/C
  -------------------------------------------------------------------    -------------------
                         FDRE (Prop_fdre_C_Q)         0.226     0.734 f  buffer28/outs_reg[0]/Q
                         net (fo=5, unplaced)         0.267     1.001    buffer28/buffer28_outs[0]
                         LUT2 (Prop_lut2_I0_O)        0.126     1.127 r  buffer28/result0_carry_i_3__0/O
                         net (fo=1, unplaced)         0.000     1.127    cmpi1/DI[0]
                         CARRY4 (Prop_carry4_DI[0]_CO[3])
                                                      0.284     1.411 r  cmpi1/result0_carry/CO[3]
                         net (fo=1, unplaced)         0.007     1.418    cmpi1/result0_carry_n_0
                         CARRY4 (Prop_carry4_CI_CO[0])
                                                      0.135     1.553 r  cmpi1/result0_carry__0/CO[0]
                         net (fo=41, unplaced)        0.249     1.802    init16/control/CO[0]
                         LUT3 (Prop_lut3_I2_O)        0.127     1.929 r  init16/control/Memory[0][0]_i_2__3/O
                         net (fo=20, unplaced)        0.304     2.233    buffer46/fifo/init16_outs
                         LUT6 (Prop_lut6_I4_O)        0.043     2.276 r  buffer46/fifo/A_storeEn_INST_0_i_13/O
                         net (fo=2, unplaced)         0.255     2.531    buffer21/fullReg_reg_3
                         LUT2 (Prop_lut2_I1_O)        0.043     2.574 f  buffer21/A_storeEn_INST_0_i_8/O
                         net (fo=9, unplaced)         0.263     2.837    buffer41/fifo/Empty_reg_1
                         LUT5 (Prop_lut5_I1_O)        0.043     2.880 f  buffer41/fifo/transmitValue_i_12/O
                         net (fo=2, unplaced)         0.716     3.596    fork25/control/generateBlocks[7].regblock/transmitValue_i_3_0
                         LUT6 (Prop_lut6_I1_O)        0.043     3.639 f  fork25/control/generateBlocks[7].regblock/transmitValue_i_8/O
                         net (fo=1, unplaced)         0.222     3.861    fork25/control/generateBlocks[6].regblock/transmitValue_reg_12
                         LUT6 (Prop_lut6_I2_O)        0.043     3.904 r  fork25/control/generateBlocks[6].regblock/transmitValue_i_3/O
                         net (fo=16, unplaced)        0.298     4.202    fork24/control/generateBlocks[0].regblock/transmitValue_reg_5
                         LUT4 (Prop_lut4_I1_O)        0.047     4.249 r  fork24/control/generateBlocks[0].regblock/outs[7]_i_1/O
                         net (fo=9, unplaced)         0.287     4.536    buffer28/E[0]
                         FDRE                                         r  buffer28/outs_reg[0]/CE
  -------------------------------------------------------------------    -------------------

                         (clock clk rise edge)        9.200     9.200 r  
                                                      0.000     9.200 r  clk (IN)
                         net (fo=628, unset)          0.483     9.683    buffer28/clk
                         FDRE                                         r  buffer28/outs_reg[0]/C
                         clock pessimism              0.000     9.683    
                         clock uncertainty           -0.035     9.647    
                         FDRE (Setup_fdre_C_CE)      -0.192     9.455    buffer28/outs_reg[0]
  -------------------------------------------------------------------
                         required time                          9.455    
                         arrival time                          -4.536    
  -------------------------------------------------------------------
                         slack                                  4.919    




